[2024-10-30T04:23:27.150+0000] {local_task_job_runner.py:123} INFO - ::group::Pre task execution logs
[2024-10-30T04:23:27.165+0000] {taskinstance.py:2612} INFO - Dependencies all met for dep_context=non-requeueable deps ti=<TaskInstance: etl_update_stock_ferrimac.extract_data_sells_directory manual__2024-10-30T04:23:25.529801+00:00 [queued]>
[2024-10-30T04:23:27.173+0000] {taskinstance.py:2612} INFO - Dependencies all met for dep_context=requeueable deps ti=<TaskInstance: etl_update_stock_ferrimac.extract_data_sells_directory manual__2024-10-30T04:23:25.529801+00:00 [queued]>
[2024-10-30T04:23:27.174+0000] {taskinstance.py:2865} INFO - Starting attempt 1 of 2
[2024-10-30T04:23:27.387+0000] {taskinstance.py:2888} INFO - Executing <Task(PythonOperator): extract_data_sells_directory> on 2024-10-30 04:23:25.529801+00:00
[2024-10-30T04:23:27.394+0000] {warnings.py:112} WARNING - /home/***/.local/lib/python3.12/site-packages/***/task/task_runner/standard_task_runner.py:70: DeprecationWarning: This process (pid=499) is multi-threaded, use of fork() may lead to deadlocks in the child.
  pid = os.fork()

[2024-10-30T04:23:27.395+0000] {standard_task_runner.py:104} INFO - Running: ['***', 'tasks', 'run', 'etl_update_stock_ferrimac', 'extract_data_sells_directory', 'manual__2024-10-30T04:23:25.529801+00:00', '--job-id', '32', '--raw', '--subdir', 'DAGS_FOLDER/object_dag.py', '--cfg-path', '/tmp/tmpa4irb23x']
[2024-10-30T04:23:27.398+0000] {standard_task_runner.py:72} INFO - Started process 507 to run task
[2024-10-30T04:23:27.399+0000] {standard_task_runner.py:105} INFO - Job 32: Subtask extract_data_sells_directory
[2024-10-30T04:23:27.461+0000] {task_command.py:467} INFO - Running <TaskInstance: etl_update_stock_ferrimac.extract_data_sells_directory manual__2024-10-30T04:23:25.529801+00:00 [running]> on host 7dff020afbaf
[2024-10-30T04:23:27.570+0000] {taskinstance.py:3131} INFO - Exporting env vars: AIRFLOW_CTX_DAG_OWNER='***' AIRFLOW_CTX_DAG_ID='etl_update_stock_ferrimac' AIRFLOW_CTX_TASK_ID='extract_data_sells_directory' AIRFLOW_CTX_EXECUTION_DATE='2024-10-30T04:23:25.529801+00:00' AIRFLOW_CTX_TRY_NUMBER='1' AIRFLOW_CTX_DAG_RUN_ID='manual__2024-10-30T04:23:25.529801+00:00'
[2024-10-30T04:23:27.571+0000] {taskinstance.py:731} INFO - ::endgroup::
[2024-10-30T04:23:27.603+0000] {extract_file_sells_to_stock.py:54} INFO - File 'ventas_unidades.xlsx' moved to stock folder successfully.
[2024-10-30T04:23:27.604+0000] {python.py:240} INFO - Done. Returned value was: None
[2024-10-30T04:23:27.616+0000] {taskinstance.py:340} INFO - ::group::Post task execution logs
[2024-10-30T04:23:27.617+0000] {taskinstance.py:352} INFO - Marking task as SUCCESS. dag_id=etl_update_stock_ferrimac, task_id=extract_data_sells_directory, run_id=manual__2024-10-30T04:23:25.529801+00:00, execution_date=20241030T042325, start_date=20241030T042327, end_date=20241030T042327
[2024-10-30T04:23:27.654+0000] {local_task_job_runner.py:266} INFO - Task exited with return code 0
[2024-10-30T04:23:27.683+0000] {taskinstance.py:3900} INFO - 0 downstream tasks scheduled from follow-on schedule check
[2024-10-30T04:23:27.686+0000] {local_task_job_runner.py:245} INFO - ::endgroup::
