[2024-10-15T15:30:37.998+0000] {local_task_job_runner.py:123} INFO - ::group::Pre task execution logs
[2024-10-15T15:30:38.135+0000] {taskinstance.py:2612} INFO - Dependencies all met for dep_context=non-requeueable deps ti=<TaskInstance: etl_update_stock_ferrimac.extract_data_purchases_directory manual__2024-10-15T15:30:34.314227+00:00 [queued]>
[2024-10-15T15:30:38.170+0000] {taskinstance.py:2612} INFO - Dependencies all met for dep_context=requeueable deps ti=<TaskInstance: etl_update_stock_ferrimac.extract_data_purchases_directory manual__2024-10-15T15:30:34.314227+00:00 [queued]>
[2024-10-15T15:30:38.172+0000] {taskinstance.py:2865} INFO - Starting attempt 1 of 2
[2024-10-15T15:30:38.234+0000] {taskinstance.py:2888} INFO - Executing <Task(PythonOperator): extract_data_purchases_directory> on 2024-10-15 15:30:34.314227+00:00
[2024-10-15T15:30:38.271+0000] {warnings.py:112} WARNING - /home/***/.local/lib/python3.12/site-packages/***/task/task_runner/standard_task_runner.py:70: DeprecationWarning: This process (pid=86) is multi-threaded, use of fork() may lead to deadlocks in the child.
  pid = os.fork()

[2024-10-15T15:30:38.280+0000] {standard_task_runner.py:72} INFO - Started process 92 to run task
[2024-10-15T15:30:38.277+0000] {standard_task_runner.py:104} INFO - Running: ['***', 'tasks', 'run', 'etl_update_stock_ferrimac', 'extract_data_purchases_directory', 'manual__2024-10-15T15:30:34.314227+00:00', '--job-id', '18', '--raw', '--subdir', 'DAGS_FOLDER/object_dag.py', '--cfg-path', '/tmp/tmpillc_fbk']
[2024-10-15T15:30:38.285+0000] {standard_task_runner.py:105} INFO - Job 18: Subtask extract_data_purchases_directory
[2024-10-15T15:30:38.440+0000] {task_command.py:467} INFO - Running <TaskInstance: etl_update_stock_ferrimac.extract_data_purchases_directory manual__2024-10-15T15:30:34.314227+00:00 [running]> on host 2296928c39b5
[2024-10-15T15:30:39.748+0000] {taskinstance.py:3131} INFO - Exporting env vars: AIRFLOW_CTX_DAG_OWNER='***' AIRFLOW_CTX_DAG_ID='etl_update_stock_ferrimac' AIRFLOW_CTX_TASK_ID='extract_data_purchases_directory' AIRFLOW_CTX_EXECUTION_DATE='2024-10-15T15:30:34.314227+00:00' AIRFLOW_CTX_TRY_NUMBER='1' AIRFLOW_CTX_DAG_RUN_ID='manual__2024-10-15T15:30:34.314227+00:00'
[2024-10-15T15:30:39.751+0000] {taskinstance.py:731} INFO - ::endgroup::
[2024-10-15T15:30:39.784+0000] {logging_mixin.py:190} INFO - Directory  base_datos/compras not found.
[2024-10-15T15:30:39.786+0000] {python.py:240} INFO - Done. Returned value was: None
[2024-10-15T15:30:39.813+0000] {taskinstance.py:340} INFO - ::group::Post task execution logs
[2024-10-15T15:30:39.815+0000] {taskinstance.py:352} INFO - Marking task as SUCCESS. dag_id=etl_update_stock_ferrimac, task_id=extract_data_purchases_directory, run_id=manual__2024-10-15T15:30:34.314227+00:00, execution_date=20241015T153034, start_date=20241015T153038, end_date=20241015T153039
[2024-10-15T15:30:39.890+0000] {local_task_job_runner.py:266} INFO - Task exited with return code 0
[2024-10-15T15:30:39.943+0000] {taskinstance.py:3900} INFO - 0 downstream tasks scheduled from follow-on schedule check
[2024-10-15T15:30:39.948+0000] {local_task_job_runner.py:245} INFO - ::endgroup::
