[2024-10-15T01:49:59.755+0000] {local_task_job_runner.py:123} INFO - ::group::Pre task execution logs
[2024-10-15T01:49:59.798+0000] {taskinstance.py:2612} INFO - Dependencies all met for dep_context=non-requeueable deps ti=<TaskInstance: etl_update_stock_ferrimac.extract_data_purchases_directory manual__2024-10-15T01:49:55.813652+00:00 [queued]>
[2024-10-15T01:49:59.820+0000] {taskinstance.py:2612} INFO - Dependencies all met for dep_context=requeueable deps ti=<TaskInstance: etl_update_stock_ferrimac.extract_data_purchases_directory manual__2024-10-15T01:49:55.813652+00:00 [queued]>
[2024-10-15T01:49:59.822+0000] {taskinstance.py:2865} INFO - Starting attempt 1 of 2
[2024-10-15T01:49:59.874+0000] {taskinstance.py:2888} INFO - Executing <Task(PythonOperator): extract_data_purchases_directory> on 2024-10-15 01:49:55.813652+00:00
[2024-10-15T01:49:59.893+0000] {warnings.py:112} WARNING - /home/***/.local/lib/python3.12/site-packages/***/task/task_runner/standard_task_runner.py:70: DeprecationWarning: This process (pid=248) is multi-threaded, use of fork() may lead to deadlocks in the child.
  pid = os.fork()

[2024-10-15T01:49:59.899+0000] {standard_task_runner.py:72} INFO - Started process 253 to run task
[2024-10-15T01:49:59.900+0000] {standard_task_runner.py:104} INFO - Running: ['***', 'tasks', 'run', 'etl_update_stock_ferrimac', 'extract_data_purchases_directory', 'manual__2024-10-15T01:49:55.813652+00:00', '--job-id', '43', '--raw', '--subdir', 'DAGS_FOLDER/object_dag.py', '--cfg-path', '/tmp/tmpy7a4iexn']
[2024-10-15T01:49:59.912+0000] {standard_task_runner.py:105} INFO - Job 43: Subtask extract_data_purchases_directory
[2024-10-15T01:50:00.073+0000] {task_command.py:467} INFO - Running <TaskInstance: etl_update_stock_ferrimac.extract_data_purchases_directory manual__2024-10-15T01:49:55.813652+00:00 [running]> on host 038337c3b9ed
[2024-10-15T01:50:01.516+0000] {taskinstance.py:3131} INFO - Exporting env vars: AIRFLOW_CTX_DAG_OWNER='***' AIRFLOW_CTX_DAG_ID='etl_update_stock_ferrimac' AIRFLOW_CTX_TASK_ID='extract_data_purchases_directory' AIRFLOW_CTX_EXECUTION_DATE='2024-10-15T01:49:55.813652+00:00' AIRFLOW_CTX_TRY_NUMBER='1' AIRFLOW_CTX_DAG_RUN_ID='manual__2024-10-15T01:49:55.813652+00:00'
[2024-10-15T01:50:01.519+0000] {taskinstance.py:731} INFO - ::endgroup::
[2024-10-15T01:50:01.565+0000] {logging_mixin.py:190} INFO - Directory  base_datos/compras not found.
[2024-10-15T01:50:01.568+0000] {python.py:240} INFO - Done. Returned value was: None
[2024-10-15T01:50:01.608+0000] {taskinstance.py:340} INFO - ::group::Post task execution logs
[2024-10-15T01:50:01.610+0000] {taskinstance.py:352} INFO - Marking task as SUCCESS. dag_id=etl_update_stock_ferrimac, task_id=extract_data_purchases_directory, run_id=manual__2024-10-15T01:49:55.813652+00:00, execution_date=20241015T014955, start_date=20241015T014959, end_date=20241015T015001
[2024-10-15T01:50:01.706+0000] {local_task_job_runner.py:266} INFO - Task exited with return code 0
[2024-10-15T01:50:01.783+0000] {taskinstance.py:3900} INFO - 0 downstream tasks scheduled from follow-on schedule check
[2024-10-15T01:50:01.790+0000] {local_task_job_runner.py:245} INFO - ::endgroup::
