[2024-10-29T22:38:30.504+0000] {local_task_job_runner.py:123} INFO - ::group::Pre task execution logs
[2024-10-29T22:38:30.580+0000] {taskinstance.py:2612} INFO - Dependencies all met for dep_context=non-requeueable deps ti=<TaskInstance: etl_update_stock_ferrimac.stock_update scheduled__2024-10-28T22:00:00+00:00 [queued]>
[2024-10-29T22:38:30.611+0000] {taskinstance.py:2612} INFO - Dependencies all met for dep_context=requeueable deps ti=<TaskInstance: etl_update_stock_ferrimac.stock_update scheduled__2024-10-28T22:00:00+00:00 [queued]>
[2024-10-29T22:38:30.614+0000] {taskinstance.py:2865} INFO - Starting attempt 1 of 2
[2024-10-29T22:38:30.661+0000] {taskinstance.py:2888} INFO - Executing <Task(PythonOperator): stock_update> on 2024-10-28 22:00:00+00:00
[2024-10-29T22:38:30.682+0000] {warnings.py:112} WARNING - /home/***/.local/lib/python3.12/site-packages/***/task/task_runner/standard_task_runner.py:70: DeprecationWarning: This process (pid=129) is multi-threaded, use of fork() may lead to deadlocks in the child.
  pid = os.fork()

[2024-10-29T22:38:30.687+0000] {standard_task_runner.py:72} INFO - Started process 132 to run task
[2024-10-29T22:38:30.686+0000] {standard_task_runner.py:104} INFO - Running: ['***', 'tasks', 'run', 'etl_update_stock_ferrimac', 'stock_update', 'scheduled__2024-10-28T22:00:00+00:00', '--job-id', '9', '--raw', '--subdir', 'DAGS_FOLDER/object_dag.py', '--cfg-path', '/tmp/tmphy0gt4z9']
[2024-10-29T22:38:30.698+0000] {standard_task_runner.py:105} INFO - Job 9: Subtask stock_update
[2024-10-29T22:38:30.863+0000] {task_command.py:467} INFO - Running <TaskInstance: etl_update_stock_ferrimac.stock_update scheduled__2024-10-28T22:00:00+00:00 [running]> on host 94e12afb2788
[2024-10-29T22:38:31.305+0000] {taskinstance.py:3131} INFO - Exporting env vars: AIRFLOW_CTX_DAG_OWNER='***' AIRFLOW_CTX_DAG_ID='etl_update_stock_ferrimac' AIRFLOW_CTX_TASK_ID='stock_update' AIRFLOW_CTX_EXECUTION_DATE='2024-10-28T22:00:00+00:00' AIRFLOW_CTX_TRY_NUMBER='1' AIRFLOW_CTX_DAG_RUN_ID='scheduled__2024-10-28T22:00:00+00:00'
[2024-10-29T22:38:31.310+0000] {taskinstance.py:731} INFO - ::endgroup::
[2024-10-29T22:38:35.556+0000] {update_stock.py:72} INFO - Stock updated for date 2024-10-28 00:00:00.
[2024-10-29T22:38:38.043+0000] {update_stock.py:79} INFO - Stock file updated for date 2024-10-28 00:00:00 and saved to base_datos/inventario/stock_ferrimac.xlsx.
[2024-10-29T22:38:38.044+0000] {python.py:240} INFO - Done. Returned value was: None
[2024-10-29T22:38:38.068+0000] {taskinstance.py:340} INFO - ::group::Post task execution logs
[2024-10-29T22:38:38.072+0000] {taskinstance.py:352} INFO - Marking task as SUCCESS. dag_id=etl_update_stock_ferrimac, task_id=stock_update, run_id=scheduled__2024-10-28T22:00:00+00:00, execution_date=20241028T220000, start_date=20241029T223830, end_date=20241029T223838
[2024-10-29T22:38:38.171+0000] {local_task_job_runner.py:266} INFO - Task exited with return code 0
[2024-10-29T22:38:38.237+0000] {taskinstance.py:3900} INFO - 1 downstream tasks scheduled from follow-on schedule check
[2024-10-29T22:38:38.242+0000] {local_task_job_runner.py:245} INFO - ::endgroup::
[2024-10-30T04:02:55.319+0000] {local_task_job_runner.py:123} INFO - ::group::Pre task execution logs
[2024-10-30T04:02:55.336+0000] {taskinstance.py:2612} INFO - Dependencies all met for dep_context=non-requeueable deps ti=<TaskInstance: etl_update_stock_ferrimac.stock_update scheduled__2024-10-28T22:00:00+00:00 [queued]>
[2024-10-30T04:02:55.346+0000] {taskinstance.py:2612} INFO - Dependencies all met for dep_context=requeueable deps ti=<TaskInstance: etl_update_stock_ferrimac.stock_update scheduled__2024-10-28T22:00:00+00:00 [queued]>
[2024-10-30T04:02:55.346+0000] {taskinstance.py:2865} INFO - Starting attempt 1 of 2
[2024-10-30T04:02:55.364+0000] {taskinstance.py:2888} INFO - Executing <Task(PythonOperator): stock_update> on 2024-10-28 22:00:00+00:00
[2024-10-30T04:02:55.373+0000] {warnings.py:112} WARNING - /home/***/.local/lib/python3.12/site-packages/***/task/task_runner/standard_task_runner.py:70: DeprecationWarning: This process (pid=175) is multi-threaded, use of fork() may lead to deadlocks in the child.
  pid = os.fork()

[2024-10-30T04:02:55.375+0000] {standard_task_runner.py:72} INFO - Started process 179 to run task
[2024-10-30T04:02:55.375+0000] {standard_task_runner.py:104} INFO - Running: ['***', 'tasks', 'run', 'etl_update_stock_ferrimac', 'stock_update', 'scheduled__2024-10-28T22:00:00+00:00', '--job-id', '9', '--raw', '--subdir', 'DAGS_FOLDER/object_dag.py', '--cfg-path', '/tmp/tmpuiaphffk']
[2024-10-30T04:02:55.378+0000] {standard_task_runner.py:105} INFO - Job 9: Subtask stock_update
[2024-10-30T04:02:55.423+0000] {task_command.py:467} INFO - Running <TaskInstance: etl_update_stock_ferrimac.stock_update scheduled__2024-10-28T22:00:00+00:00 [running]> on host 7dff020afbaf
[2024-10-30T04:02:55.526+0000] {taskinstance.py:3131} INFO - Exporting env vars: AIRFLOW_CTX_DAG_OWNER='***' AIRFLOW_CTX_DAG_ID='etl_update_stock_ferrimac' AIRFLOW_CTX_TASK_ID='stock_update' AIRFLOW_CTX_EXECUTION_DATE='2024-10-28T22:00:00+00:00' AIRFLOW_CTX_TRY_NUMBER='1' AIRFLOW_CTX_DAG_RUN_ID='scheduled__2024-10-28T22:00:00+00:00'
[2024-10-30T04:02:55.527+0000] {taskinstance.py:731} INFO - ::endgroup::
[2024-10-30T04:02:59.380+0000] {update_stock.py:72} INFO - Stock updated for date 2024-10-28 00:00:00.
[2024-10-30T04:02:59.689+0000] {update_stock.py:79} INFO - Stock file updated for date 2024-10-28 00:00:00 and saved to base_datos/inventario/stock_ferrimac.xlsx.
[2024-10-30T04:02:59.691+0000] {python.py:240} INFO - Done. Returned value was: None
[2024-10-30T04:02:59.700+0000] {taskinstance.py:340} INFO - ::group::Post task execution logs
[2024-10-30T04:02:59.701+0000] {taskinstance.py:352} INFO - Marking task as SUCCESS. dag_id=etl_update_stock_ferrimac, task_id=stock_update, run_id=scheduled__2024-10-28T22:00:00+00:00, execution_date=20241028T220000, start_date=20241030T040255, end_date=20241030T040259
[2024-10-30T04:02:59.751+0000] {local_task_job_runner.py:266} INFO - Task exited with return code 0
[2024-10-30T04:02:59.773+0000] {taskinstance.py:3900} INFO - 1 downstream tasks scheduled from follow-on schedule check
[2024-10-30T04:02:59.776+0000] {local_task_job_runner.py:245} INFO - ::endgroup::
[2024-10-30T11:59:05.717+0000] {local_task_job_runner.py:123} INFO - ::group::Pre task execution logs
[2024-10-30T11:59:05.814+0000] {taskinstance.py:2612} INFO - Dependencies all met for dep_context=non-requeueable deps ti=<TaskInstance: etl_update_stock_ferrimac.stock_update scheduled__2024-10-28T22:00:00+00:00 [queued]>
[2024-10-30T11:59:05.863+0000] {taskinstance.py:2612} INFO - Dependencies all met for dep_context=requeueable deps ti=<TaskInstance: etl_update_stock_ferrimac.stock_update scheduled__2024-10-28T22:00:00+00:00 [queued]>
[2024-10-30T11:59:05.867+0000] {taskinstance.py:2865} INFO - Starting attempt 1 of 2
[2024-10-30T11:59:05.976+0000] {taskinstance.py:2888} INFO - Executing <Task(PythonOperator): stock_update> on 2024-10-28 22:00:00+00:00
[2024-10-30T11:59:06.013+0000] {warnings.py:112} WARNING - /home/***/.local/lib/python3.12/site-packages/***/task/task_runner/standard_task_runner.py:70: DeprecationWarning: This process (pid=158) is multi-threaded, use of fork() may lead to deadlocks in the child.
  pid = os.fork()

[2024-10-30T11:59:06.032+0000] {standard_task_runner.py:72} INFO - Started process 170 to run task
[2024-10-30T11:59:06.035+0000] {standard_task_runner.py:104} INFO - Running: ['***', 'tasks', 'run', 'etl_update_stock_ferrimac', 'stock_update', 'scheduled__2024-10-28T22:00:00+00:00', '--job-id', '10', '--raw', '--subdir', 'DAGS_FOLDER/object_dag.py', '--cfg-path', '/tmp/tmpysxe023z']
[2024-10-30T11:59:06.057+0000] {standard_task_runner.py:105} INFO - Job 10: Subtask stock_update
[2024-10-30T11:59:06.312+0000] {task_command.py:467} INFO - Running <TaskInstance: etl_update_stock_ferrimac.stock_update scheduled__2024-10-28T22:00:00+00:00 [running]> on host 0d5052666bc5
[2024-10-30T11:59:06.717+0000] {taskinstance.py:3131} INFO - Exporting env vars: AIRFLOW_CTX_DAG_OWNER='***' AIRFLOW_CTX_DAG_ID='etl_update_stock_ferrimac' AIRFLOW_CTX_TASK_ID='stock_update' AIRFLOW_CTX_EXECUTION_DATE='2024-10-28T22:00:00+00:00' AIRFLOW_CTX_TRY_NUMBER='1' AIRFLOW_CTX_DAG_RUN_ID='scheduled__2024-10-28T22:00:00+00:00'
[2024-10-30T11:59:06.720+0000] {taskinstance.py:731} INFO - ::endgroup::
[2024-10-30T11:59:12.175+0000] {update_stock.py:72} INFO - Stock updated for date 2024-10-28 00:00:00.
[2024-10-30T11:59:14.110+0000] {update_stock.py:79} INFO - Stock file updated for date 2024-10-28 00:00:00 and saved to base_datos/inventario/stock_ferrimac.xlsx.
[2024-10-30T11:59:14.112+0000] {python.py:240} INFO - Done. Returned value was: None
[2024-10-30T11:59:14.158+0000] {taskinstance.py:340} INFO - ::group::Post task execution logs
[2024-10-30T11:59:14.162+0000] {taskinstance.py:352} INFO - Marking task as SUCCESS. dag_id=etl_update_stock_ferrimac, task_id=stock_update, run_id=scheduled__2024-10-28T22:00:00+00:00, execution_date=20241028T220000, start_date=20241030T115905, end_date=20241030T115914
[2024-10-30T11:59:14.306+0000] {local_task_job_runner.py:266} INFO - Task exited with return code 0
[2024-10-30T11:59:14.348+0000] {local_task_job_runner.py:245} INFO - ::endgroup::
[2024-10-30T12:49:05.019+0000] {local_task_job_runner.py:123} INFO - ::group::Pre task execution logs
[2024-10-30T12:49:05.103+0000] {taskinstance.py:2612} INFO - Dependencies all met for dep_context=non-requeueable deps ti=<TaskInstance: etl_update_stock_ferrimac.stock_update scheduled__2024-10-28T22:00:00+00:00 [queued]>
[2024-10-30T12:49:05.143+0000] {taskinstance.py:2612} INFO - Dependencies all met for dep_context=requeueable deps ti=<TaskInstance: etl_update_stock_ferrimac.stock_update scheduled__2024-10-28T22:00:00+00:00 [queued]>
[2024-10-30T12:49:05.145+0000] {taskinstance.py:2865} INFO - Starting attempt 1 of 2
[2024-10-30T12:49:05.209+0000] {taskinstance.py:2888} INFO - Executing <Task(PythonOperator): stock_update> on 2024-10-28 22:00:00+00:00
[2024-10-30T12:49:05.237+0000] {warnings.py:112} WARNING - /home/***/.local/lib/python3.12/site-packages/***/task/task_runner/standard_task_runner.py:70: DeprecationWarning: This process (pid=159) is multi-threaded, use of fork() may lead to deadlocks in the child.
  pid = os.fork()

[2024-10-30T12:49:05.242+0000] {standard_task_runner.py:72} INFO - Started process 163 to run task
[2024-10-30T12:49:05.254+0000] {standard_task_runner.py:104} INFO - Running: ['***', 'tasks', 'run', 'etl_update_stock_ferrimac', 'stock_update', 'scheduled__2024-10-28T22:00:00+00:00', '--job-id', '10', '--raw', '--subdir', 'DAGS_FOLDER/object_dag.py', '--cfg-path', '/tmp/tmppcr_5d64']
[2024-10-30T12:49:05.310+0000] {standard_task_runner.py:105} INFO - Job 10: Subtask stock_update
[2024-10-30T12:49:05.610+0000] {task_command.py:467} INFO - Running <TaskInstance: etl_update_stock_ferrimac.stock_update scheduled__2024-10-28T22:00:00+00:00 [running]> on host 1e26175021c2
[2024-10-30T12:49:06.029+0000] {taskinstance.py:3131} INFO - Exporting env vars: AIRFLOW_CTX_DAG_OWNER='***' AIRFLOW_CTX_DAG_ID='etl_update_stock_ferrimac' AIRFLOW_CTX_TASK_ID='stock_update' AIRFLOW_CTX_EXECUTION_DATE='2024-10-28T22:00:00+00:00' AIRFLOW_CTX_TRY_NUMBER='1' AIRFLOW_CTX_DAG_RUN_ID='scheduled__2024-10-28T22:00:00+00:00'
[2024-10-30T12:49:06.031+0000] {taskinstance.py:731} INFO - ::endgroup::
[2024-10-30T12:49:09.732+0000] {update_stock.py:72} INFO - Stock updated for date 2024-10-28 00:00:00.
[2024-10-30T12:49:10.922+0000] {update_stock.py:79} INFO - Stock file updated for date 2024-10-28 00:00:00 and saved to base_datos/inventario/stock_ferrimac.xlsx.
[2024-10-30T12:49:10.925+0000] {python.py:240} INFO - Done. Returned value was: None
[2024-10-30T12:49:10.970+0000] {taskinstance.py:340} INFO - ::group::Post task execution logs
[2024-10-30T12:49:10.972+0000] {taskinstance.py:352} INFO - Marking task as SUCCESS. dag_id=etl_update_stock_ferrimac, task_id=stock_update, run_id=scheduled__2024-10-28T22:00:00+00:00, execution_date=20241028T220000, start_date=20241030T124905, end_date=20241030T124910
[2024-10-30T12:49:11.267+0000] {local_task_job_runner.py:266} INFO - Task exited with return code 0
[2024-10-30T12:49:11.385+0000] {taskinstance.py:3900} INFO - 1 downstream tasks scheduled from follow-on schedule check
[2024-10-30T12:49:11.405+0000] {local_task_job_runner.py:245} INFO - ::endgroup::
[2024-10-30T16:49:45.057+0000] {local_task_job_runner.py:123} INFO - ::group::Pre task execution logs
[2024-10-30T16:49:45.102+0000] {taskinstance.py:2612} INFO - Dependencies all met for dep_context=non-requeueable deps ti=<TaskInstance: etl_update_stock_ferrimac.stock_update scheduled__2024-10-28T22:00:00+00:00 [queued]>
[2024-10-30T16:49:45.124+0000] {taskinstance.py:2612} INFO - Dependencies all met for dep_context=requeueable deps ti=<TaskInstance: etl_update_stock_ferrimac.stock_update scheduled__2024-10-28T22:00:00+00:00 [queued]>
[2024-10-30T16:49:45.125+0000] {taskinstance.py:2865} INFO - Starting attempt 1 of 2
[2024-10-30T16:49:45.157+0000] {taskinstance.py:2888} INFO - Executing <Task(PythonOperator): stock_update> on 2024-10-28 22:00:00+00:00
[2024-10-30T16:49:45.172+0000] {warnings.py:112} WARNING - /home/***/.local/lib/python3.12/site-packages/***/task/task_runner/standard_task_runner.py:70: DeprecationWarning: This process (pid=201) is multi-threaded, use of fork() may lead to deadlocks in the child.
  pid = os.fork()

[2024-10-30T16:49:45.177+0000] {standard_task_runner.py:72} INFO - Started process 205 to run task
[2024-10-30T16:49:45.177+0000] {standard_task_runner.py:104} INFO - Running: ['***', 'tasks', 'run', 'etl_update_stock_ferrimac', 'stock_update', 'scheduled__2024-10-28T22:00:00+00:00', '--job-id', '12', '--raw', '--subdir', 'DAGS_FOLDER/object_dag.py', '--cfg-path', '/tmp/tmp3jyg2gea']
[2024-10-30T16:49:45.183+0000] {standard_task_runner.py:105} INFO - Job 12: Subtask stock_update
[2024-10-30T16:49:45.328+0000] {task_command.py:467} INFO - Running <TaskInstance: etl_update_stock_ferrimac.stock_update scheduled__2024-10-28T22:00:00+00:00 [running]> on host b789ae629a43
[2024-10-30T16:49:45.702+0000] {taskinstance.py:3131} INFO - Exporting env vars: AIRFLOW_CTX_DAG_OWNER='***' AIRFLOW_CTX_DAG_ID='etl_update_stock_ferrimac' AIRFLOW_CTX_TASK_ID='stock_update' AIRFLOW_CTX_EXECUTION_DATE='2024-10-28T22:00:00+00:00' AIRFLOW_CTX_TRY_NUMBER='1' AIRFLOW_CTX_DAG_RUN_ID='scheduled__2024-10-28T22:00:00+00:00'
[2024-10-30T16:49:45.704+0000] {taskinstance.py:731} INFO - ::endgroup::
[2024-10-30T16:49:46.061+0000] {update_stock.py:38} ERROR - One or more files do not exist. Please check the names and paths.
[2024-10-30T16:49:46.062+0000] {python.py:240} INFO - Done. Returned value was: None
[2024-10-30T16:49:46.088+0000] {taskinstance.py:340} INFO - ::group::Post task execution logs
[2024-10-30T16:49:46.089+0000] {taskinstance.py:352} INFO - Marking task as SUCCESS. dag_id=etl_update_stock_ferrimac, task_id=stock_update, run_id=scheduled__2024-10-28T22:00:00+00:00, execution_date=20241028T220000, start_date=20241030T164945, end_date=20241030T164946
[2024-10-30T16:49:46.171+0000] {local_task_job_runner.py:266} INFO - Task exited with return code 0
[2024-10-30T16:49:46.234+0000] {taskinstance.py:3900} INFO - 1 downstream tasks scheduled from follow-on schedule check
[2024-10-30T16:49:46.239+0000] {local_task_job_runner.py:245} INFO - ::endgroup::
