[2024-10-17T18:26:21.339+0000] {local_task_job_runner.py:123} INFO - ::group::Pre task execution logs
[2024-10-17T18:26:21.385+0000] {taskinstance.py:2612} INFO - Dependencies all met for dep_context=non-requeueable deps ti=<TaskInstance: etl_update_stock_ferrimac.monetized_stock manual__2024-10-17T18:20:23.196594+00:00 [queued]>
[2024-10-17T18:26:21.414+0000] {taskinstance.py:2612} INFO - Dependencies all met for dep_context=requeueable deps ti=<TaskInstance: etl_update_stock_ferrimac.monetized_stock manual__2024-10-17T18:20:23.196594+00:00 [queued]>
[2024-10-17T18:26:21.415+0000] {taskinstance.py:2865} INFO - Starting attempt 2 of 2
[2024-10-17T18:26:21.464+0000] {taskinstance.py:2888} INFO - Executing <Task(PythonOperator): monetized_stock> on 2024-10-17 18:20:23.196594+00:00
[2024-10-17T18:26:21.478+0000] {warnings.py:112} WARNING - /home/***/.local/lib/python3.12/site-packages/***/task/task_runner/standard_task_runner.py:70: DeprecationWarning: This process (pid=777) is multi-threaded, use of fork() may lead to deadlocks in the child.
  pid = os.fork()

[2024-10-17T18:26:21.482+0000] {standard_task_runner.py:72} INFO - Started process 779 to run task
[2024-10-17T18:26:21.484+0000] {standard_task_runner.py:104} INFO - Running: ['***', 'tasks', 'run', 'etl_update_stock_ferrimac', 'monetized_stock', 'manual__2024-10-17T18:20:23.196594+00:00', '--job-id', '41', '--raw', '--subdir', 'DAGS_FOLDER/object_dag.py', '--cfg-path', '/tmp/tmp_vnh6406']
[2024-10-17T18:26:21.491+0000] {standard_task_runner.py:105} INFO - Job 41: Subtask monetized_stock
[2024-10-17T18:26:21.592+0000] {task_command.py:467} INFO - Running <TaskInstance: etl_update_stock_ferrimac.monetized_stock manual__2024-10-17T18:20:23.196594+00:00 [running]> on host 1652cc614667
[2024-10-17T18:26:21.751+0000] {taskinstance.py:3131} INFO - Exporting env vars: AIRFLOW_CTX_DAG_OWNER='***' AIRFLOW_CTX_DAG_ID='etl_update_stock_ferrimac' AIRFLOW_CTX_TASK_ID='monetized_stock' AIRFLOW_CTX_EXECUTION_DATE='2024-10-17T18:20:23.196594+00:00' AIRFLOW_CTX_TRY_NUMBER='2' AIRFLOW_CTX_DAG_RUN_ID='manual__2024-10-17T18:20:23.196594+00:00'
[2024-10-17T18:26:21.753+0000] {taskinstance.py:731} INFO - ::endgroup::
[2024-10-17T18:26:24.388+0000] {warnings.py:112} WARNING - /opt/***/functions_etl/data_transform.py:31: UserWarning: Could not infer format, so each element will be parsed individually, falling back to `dateutil`. To ensure parsing is consistent and as-expected, please specify a format.
  df_stock.columns = pd.to_datetime(df_stock.columns, errors='ignore', dayfirst=True)

[2024-10-17T18:26:24.398+0000] {warnings.py:112} WARNING - /opt/***/functions_etl/data_transform.py:33: UserWarning: Could not infer format, so each element will be parsed individually, falling back to `dateutil`. To ensure parsing is consistent and as-expected, please specify a format.
  df_list_prices.columns = pd.to_datetime(df_list_prices.columns, errors='ignore', dayfirst=True)

[2024-10-17T18:26:46.847+0000] {logging_mixin.py:190} INFO - Stock file has been updated for date 2024-10-17 00:00:00.
[2024-10-17T18:26:46.852+0000] {python.py:240} INFO - Done. Returned value was: None
[2024-10-17T18:26:46.875+0000] {taskinstance.py:340} INFO - ::group::Post task execution logs
[2024-10-17T18:26:46.876+0000] {taskinstance.py:352} INFO - Marking task as SUCCESS. dag_id=etl_update_stock_ferrimac, task_id=monetized_stock, run_id=manual__2024-10-17T18:20:23.196594+00:00, execution_date=20241017T182023, start_date=20241017T182621, end_date=20241017T182646
[2024-10-17T18:26:46.942+0000] {local_task_job_runner.py:266} INFO - Task exited with return code 0
[2024-10-17T18:26:46.988+0000] {taskinstance.py:3900} INFO - 1 downstream tasks scheduled from follow-on schedule check
[2024-10-17T18:26:47.002+0000] {local_task_job_runner.py:245} INFO - ::endgroup::
