[2024-10-15T15:42:58.504+0000] {local_task_job_runner.py:123} INFO - ::group::Pre task execution logs
[2024-10-15T15:42:58.591+0000] {taskinstance.py:2612} INFO - Dependencies all met for dep_context=non-requeueable deps ti=<TaskInstance: etl_update_stock_ferrimac.extract_task_api manual__2024-10-15T15:42:55.332043+00:00 [queued]>
[2024-10-15T15:42:58.652+0000] {taskinstance.py:2612} INFO - Dependencies all met for dep_context=requeueable deps ti=<TaskInstance: etl_update_stock_ferrimac.extract_task_api manual__2024-10-15T15:42:55.332043+00:00 [queued]>
[2024-10-15T15:42:58.661+0000] {taskinstance.py:2865} INFO - Starting attempt 1 of 2
[2024-10-15T15:42:58.721+0000] {taskinstance.py:2888} INFO - Executing <Task(PythonOperator): extract_task_api> on 2024-10-15 15:42:55.332043+00:00
[2024-10-15T15:42:58.746+0000] {warnings.py:112} WARNING - /home/***/.local/lib/python3.12/site-packages/***/task/task_runner/standard_task_runner.py:70: DeprecationWarning: This process (pid=69) is multi-threaded, use of fork() may lead to deadlocks in the child.
  pid = os.fork()

[2024-10-15T15:42:58.760+0000] {standard_task_runner.py:72} INFO - Started process 75 to run task
[2024-10-15T15:42:58.772+0000] {standard_task_runner.py:104} INFO - Running: ['***', 'tasks', 'run', 'etl_update_stock_ferrimac', 'extract_task_api', 'manual__2024-10-15T15:42:55.332043+00:00', '--job-id', '25', '--raw', '--subdir', 'DAGS_FOLDER/object_dag.py', '--cfg-path', '/tmp/tmpafepfhxp']
[2024-10-15T15:42:58.789+0000] {standard_task_runner.py:105} INFO - Job 25: Subtask extract_task_api
[2024-10-15T15:42:58.998+0000] {task_command.py:467} INFO - Running <TaskInstance: etl_update_stock_ferrimac.extract_task_api manual__2024-10-15T15:42:55.332043+00:00 [running]> on host 2296928c39b5
[2024-10-15T15:42:59.960+0000] {taskinstance.py:3131} INFO - Exporting env vars: AIRFLOW_CTX_DAG_OWNER='***' AIRFLOW_CTX_DAG_ID='etl_update_stock_ferrimac' AIRFLOW_CTX_TASK_ID='extract_task_api' AIRFLOW_CTX_EXECUTION_DATE='2024-10-15T15:42:55.332043+00:00' AIRFLOW_CTX_TRY_NUMBER='1' AIRFLOW_CTX_DAG_RUN_ID='manual__2024-10-15T15:42:55.332043+00:00'
[2024-10-15T15:42:59.963+0000] {taskinstance.py:731} INFO - ::endgroup::
[2024-10-15T15:43:00.910+0000] {logging_mixin.py:190} INFO - Current dolar rates: 979.234297 ARS
[2024-10-15T15:43:00.914+0000] {logging_mixin.py:190} INFO - base_datos/inventario/data_price.csv
[2024-10-15T15:43:00.943+0000] {logging_mixin.py:190} INFO - Record of day 2024-10-15 just exist. Not add again.
[2024-10-15T15:43:00.945+0000] {python.py:240} INFO - Done. Returned value was:          date       price
0  2024-10-15  979.763503
[2024-10-15T15:43:01.034+0000] {taskinstance.py:340} INFO - ::group::Post task execution logs
[2024-10-15T15:43:01.036+0000] {taskinstance.py:352} INFO - Marking task as SUCCESS. dag_id=etl_update_stock_ferrimac, task_id=extract_task_api, run_id=manual__2024-10-15T15:42:55.332043+00:00, execution_date=20241015T154255, start_date=20241015T154258, end_date=20241015T154301
[2024-10-15T15:43:01.088+0000] {local_task_job_runner.py:266} INFO - Task exited with return code 0
[2024-10-15T15:43:01.130+0000] {taskinstance.py:3900} INFO - 1 downstream tasks scheduled from follow-on schedule check
[2024-10-15T15:43:01.135+0000] {local_task_job_runner.py:245} INFO - ::endgroup::
