[2024-10-28T03:07:55.945+0000] {local_task_job_runner.py:123} INFO - ::group::Pre task execution logs
[2024-10-28T03:07:55.973+0000] {taskinstance.py:2612} INFO - Dependencies all met for dep_context=non-requeueable deps ti=<TaskInstance: etl_update_stock_ferrimac.monetized_stock manual__2024-10-28T03:07:43.354275+00:00 [queued]>
[2024-10-28T03:07:55.986+0000] {taskinstance.py:2612} INFO - Dependencies all met for dep_context=requeueable deps ti=<TaskInstance: etl_update_stock_ferrimac.monetized_stock manual__2024-10-28T03:07:43.354275+00:00 [queued]>
[2024-10-28T03:07:55.987+0000] {taskinstance.py:2865} INFO - Starting attempt 1 of 2
[2024-10-28T03:07:56.018+0000] {taskinstance.py:2888} INFO - Executing <Task(PythonOperator): monetized_stock> on 2024-10-28 03:07:43.354275+00:00
[2024-10-28T03:07:56.027+0000] {warnings.py:112} WARNING - /home/***/.local/lib/python3.12/site-packages/***/task/task_runner/standard_task_runner.py:70: DeprecationWarning: This process (pid=349) is multi-threaded, use of fork() may lead to deadlocks in the child.
  pid = os.fork()

[2024-10-28T03:07:56.030+0000] {standard_task_runner.py:72} INFO - Started process 351 to run task
[2024-10-28T03:07:56.029+0000] {standard_task_runner.py:104} INFO - Running: ['***', 'tasks', 'run', 'etl_update_stock_ferrimac', 'monetized_stock', 'manual__2024-10-28T03:07:43.354275+00:00', '--job-id', '20', '--raw', '--subdir', 'DAGS_FOLDER/object_dag.py', '--cfg-path', '/tmp/tmpuuk3i9hb']
[2024-10-28T03:07:56.033+0000] {standard_task_runner.py:105} INFO - Job 20: Subtask monetized_stock
[2024-10-28T03:07:56.099+0000] {task_command.py:467} INFO - Running <TaskInstance: etl_update_stock_ferrimac.monetized_stock manual__2024-10-28T03:07:43.354275+00:00 [running]> on host 88a8f2cf215f
[2024-10-28T03:07:56.218+0000] {taskinstance.py:3131} INFO - Exporting env vars: AIRFLOW_CTX_DAG_OWNER='***' AIRFLOW_CTX_DAG_ID='etl_update_stock_ferrimac' AIRFLOW_CTX_TASK_ID='monetized_stock' AIRFLOW_CTX_EXECUTION_DATE='2024-10-28T03:07:43.354275+00:00' AIRFLOW_CTX_TRY_NUMBER='1' AIRFLOW_CTX_DAG_RUN_ID='manual__2024-10-28T03:07:43.354275+00:00'
[2024-10-28T03:07:56.220+0000] {taskinstance.py:731} INFO - ::endgroup::
[2024-10-28T03:07:58.275+0000] {warnings.py:112} WARNING - /opt/***/functions_etl/data_transform.py:35: UserWarning: Could not infer format, so each element will be parsed individually, falling back to `dateutil`. To ensure parsing is consistent and as-expected, please specify a format.
  df_stock.columns = pd.to_datetime(df_stock.columns, errors='ignore', dayfirst=True)

[2024-10-28T03:07:58.281+0000] {warnings.py:112} WARNING - /opt/***/functions_etl/data_transform.py:37: UserWarning: Could not infer format, so each element will be parsed individually, falling back to `dateutil`. To ensure parsing is consistent and as-expected, please specify a format.
  df_list_prices.columns = pd.to_datetime(df_list_prices.columns, errors='ignore', dayfirst=True)

[2024-10-28T03:07:58.920+0000] {logging_mixin.py:190} INFO - Stock file has been updated for date 2024-10-28 00:00:00.
[2024-10-28T03:07:58.922+0000] {python.py:240} INFO - Done. Returned value was: None
[2024-10-28T03:07:58.934+0000] {taskinstance.py:340} INFO - ::group::Post task execution logs
[2024-10-28T03:07:58.936+0000] {taskinstance.py:352} INFO - Marking task as SUCCESS. dag_id=etl_update_stock_ferrimac, task_id=monetized_stock, run_id=manual__2024-10-28T03:07:43.354275+00:00, execution_date=20241028T030743, start_date=20241028T030755, end_date=20241028T030758
[2024-10-28T03:07:58.984+0000] {local_task_job_runner.py:266} INFO - Task exited with return code 0
[2024-10-28T03:07:59.011+0000] {taskinstance.py:3900} INFO - 1 downstream tasks scheduled from follow-on schedule check
[2024-10-28T03:07:59.015+0000] {local_task_job_runner.py:245} INFO - ::endgroup::
