[2024-10-30T04:23:29.770+0000] {local_task_job_runner.py:123} INFO - ::group::Pre task execution logs
[2024-10-30T04:23:29.809+0000] {taskinstance.py:2612} INFO - Dependencies all met for dep_context=non-requeueable deps ti=<TaskInstance: etl_update_stock_ferrimac.stock_update manual__2024-10-30T04:23:25.529801+00:00 [queued]>
[2024-10-30T04:23:29.826+0000] {taskinstance.py:2612} INFO - Dependencies all met for dep_context=requeueable deps ti=<TaskInstance: etl_update_stock_ferrimac.stock_update manual__2024-10-30T04:23:25.529801+00:00 [queued]>
[2024-10-30T04:23:29.828+0000] {taskinstance.py:2865} INFO - Starting attempt 1 of 2
[2024-10-30T04:23:29.868+0000] {taskinstance.py:2888} INFO - Executing <Task(PythonOperator): stock_update> on 2024-10-30 04:23:25.529801+00:00
[2024-10-30T04:23:29.880+0000] {warnings.py:112} WARNING - /home/***/.local/lib/python3.12/site-packages/***/task/task_runner/standard_task_runner.py:70: DeprecationWarning: This process (pid=509) is multi-threaded, use of fork() may lead to deadlocks in the child.
  pid = os.fork()

[2024-10-30T04:23:29.884+0000] {standard_task_runner.py:72} INFO - Started process 511 to run task
[2024-10-30T04:23:29.884+0000] {standard_task_runner.py:104} INFO - Running: ['***', 'tasks', 'run', 'etl_update_stock_ferrimac', 'stock_update', 'manual__2024-10-30T04:23:25.529801+00:00', '--job-id', '33', '--raw', '--subdir', 'DAGS_FOLDER/object_dag.py', '--cfg-path', '/tmp/tmpjxwo0w_8']
[2024-10-30T04:23:29.889+0000] {standard_task_runner.py:105} INFO - Job 33: Subtask stock_update
[2024-10-30T04:23:29.989+0000] {task_command.py:467} INFO - Running <TaskInstance: etl_update_stock_ferrimac.stock_update manual__2024-10-30T04:23:25.529801+00:00 [running]> on host 7dff020afbaf
[2024-10-30T04:23:30.181+0000] {taskinstance.py:3131} INFO - Exporting env vars: AIRFLOW_CTX_DAG_OWNER='***' AIRFLOW_CTX_DAG_ID='etl_update_stock_ferrimac' AIRFLOW_CTX_TASK_ID='stock_update' AIRFLOW_CTX_EXECUTION_DATE='2024-10-30T04:23:25.529801+00:00' AIRFLOW_CTX_TRY_NUMBER='1' AIRFLOW_CTX_DAG_RUN_ID='manual__2024-10-30T04:23:25.529801+00:00'
[2024-10-30T04:23:30.183+0000] {taskinstance.py:731} INFO - ::endgroup::
[2024-10-30T04:23:31.829+0000] {update_stock.py:58} INFO - Column for date 2024-10-30 00:00:00 added with values from the last recorded stock.
[2024-10-30T04:23:31.835+0000] {update_stock.py:72} INFO - Stock updated for date 2024-10-30 00:00:00.
[2024-10-30T04:23:32.515+0000] {update_stock.py:79} INFO - Stock file updated for date 2024-10-30 00:00:00 and saved to base_datos/inventario/stock_ferrimac.xlsx.
[2024-10-30T04:23:32.516+0000] {update_stock.py:85} INFO -  Stock has been successfully updated for date 2024-10-30 00:00:00.
[2024-10-30T04:23:32.517+0000] {python.py:240} INFO - Done. Returned value was: None
[2024-10-30T04:23:32.534+0000] {taskinstance.py:340} INFO - ::group::Post task execution logs
[2024-10-30T04:23:32.536+0000] {taskinstance.py:352} INFO - Marking task as SUCCESS. dag_id=etl_update_stock_ferrimac, task_id=stock_update, run_id=manual__2024-10-30T04:23:25.529801+00:00, execution_date=20241030T042325, start_date=20241030T042329, end_date=20241030T042332
[2024-10-30T04:23:32.593+0000] {local_task_job_runner.py:266} INFO - Task exited with return code 0
[2024-10-30T04:23:32.639+0000] {taskinstance.py:3900} INFO - 1 downstream tasks scheduled from follow-on schedule check
[2024-10-30T04:23:32.642+0000] {local_task_job_runner.py:245} INFO - ::endgroup::
