[2024-10-30T22:12:26.569+0000] {local_task_job_runner.py:123} INFO - ::group::Pre task execution logs
[2024-10-30T22:12:26.605+0000] {taskinstance.py:2612} INFO - Dependencies all met for dep_context=non-requeueable deps ti=<TaskInstance: etl_update_stock_ferrimac.stock_update manual__2024-10-30T22:12:19.478537+00:00 [queued]>
[2024-10-30T22:12:26.623+0000] {taskinstance.py:2612} INFO - Dependencies all met for dep_context=requeueable deps ti=<TaskInstance: etl_update_stock_ferrimac.stock_update manual__2024-10-30T22:12:19.478537+00:00 [queued]>
[2024-10-30T22:12:26.625+0000] {taskinstance.py:2865} INFO - Starting attempt 1 of 2
[2024-10-30T22:12:26.650+0000] {taskinstance.py:2888} INFO - Executing <Task(PythonOperator): stock_update> on 2024-10-30 22:12:19.478537+00:00
[2024-10-30T22:12:26.661+0000] {warnings.py:112} WARNING - /home/***/.local/lib/python3.12/site-packages/***/task/task_runner/standard_task_runner.py:70: DeprecationWarning: This process (pid=381) is multi-threaded, use of fork() may lead to deadlocks in the child.
  pid = os.fork()

[2024-10-30T22:12:26.664+0000] {standard_task_runner.py:72} INFO - Started process 383 to run task
[2024-10-30T22:12:26.665+0000] {standard_task_runner.py:104} INFO - Running: ['***', 'tasks', 'run', 'etl_update_stock_ferrimac', 'stock_update', 'manual__2024-10-30T22:12:19.478537+00:00', '--job-id', '27', '--raw', '--subdir', 'DAGS_FOLDER/object_dag.py', '--cfg-path', '/tmp/tmp49_c7acn']
[2024-10-30T22:12:26.671+0000] {standard_task_runner.py:105} INFO - Job 27: Subtask stock_update
[2024-10-30T22:12:26.772+0000] {task_command.py:467} INFO - Running <TaskInstance: etl_update_stock_ferrimac.stock_update manual__2024-10-30T22:12:19.478537+00:00 [running]> on host be19b514443c
[2024-10-30T22:12:27.016+0000] {taskinstance.py:3131} INFO - Exporting env vars: AIRFLOW_CTX_DAG_OWNER='***' AIRFLOW_CTX_DAG_ID='etl_update_stock_ferrimac' AIRFLOW_CTX_TASK_ID='stock_update' AIRFLOW_CTX_EXECUTION_DATE='2024-10-30T22:12:19.478537+00:00' AIRFLOW_CTX_TRY_NUMBER='1' AIRFLOW_CTX_DAG_RUN_ID='manual__2024-10-30T22:12:19.478537+00:00'
[2024-10-30T22:12:27.018+0000] {taskinstance.py:731} INFO - ::endgroup::
[2024-10-30T22:12:28.951+0000] {update_stock.py:72} INFO - Stock updated for date 2024-10-30 00:00:00.
[2024-10-30T22:12:29.561+0000] {update_stock.py:79} INFO - Stock file updated for date 2024-10-30 00:00:00 and saved to base_datos/inventario/stock_ferrimac.xlsx.
[2024-10-30T22:12:29.563+0000] {python.py:240} INFO - Done. Returned value was: None
[2024-10-30T22:12:29.581+0000] {taskinstance.py:340} INFO - ::group::Post task execution logs
[2024-10-30T22:12:29.582+0000] {taskinstance.py:352} INFO - Marking task as SUCCESS. dag_id=etl_update_stock_ferrimac, task_id=stock_update, run_id=manual__2024-10-30T22:12:19.478537+00:00, execution_date=20241030T221219, start_date=20241030T221226, end_date=20241030T221229
[2024-10-30T22:12:29.654+0000] {local_task_job_runner.py:266} INFO - Task exited with return code 0
[2024-10-30T22:12:29.698+0000] {taskinstance.py:3900} INFO - 1 downstream tasks scheduled from follow-on schedule check
[2024-10-30T22:12:29.717+0000] {local_task_job_runner.py:245} INFO - ::endgroup::
