[2024-10-30T13:50:37.505+0000] {local_task_job_runner.py:123} INFO - ::group::Pre task execution logs
[2024-10-30T13:50:37.562+0000] {taskinstance.py:2612} INFO - Dependencies all met for dep_context=non-requeueable deps ti=<TaskInstance: etl_update_stock_ferrimac.stock_update manual__2024-10-30T13:50:15.836055+00:00 [queued]>
[2024-10-30T13:50:37.598+0000] {taskinstance.py:2612} INFO - Dependencies all met for dep_context=requeueable deps ti=<TaskInstance: etl_update_stock_ferrimac.stock_update manual__2024-10-30T13:50:15.836055+00:00 [queued]>
[2024-10-30T13:50:37.599+0000] {taskinstance.py:2865} INFO - Starting attempt 1 of 2
[2024-10-30T13:50:37.679+0000] {taskinstance.py:2888} INFO - Executing <Task(PythonOperator): stock_update> on 2024-10-30 13:50:15.836055+00:00
[2024-10-30T13:50:37.701+0000] {warnings.py:112} WARNING - /home/***/.local/lib/python3.12/site-packages/***/task/task_runner/standard_task_runner.py:70: DeprecationWarning: This process (pid=890) is multi-threaded, use of fork() may lead to deadlocks in the child.
  pid = os.fork()

[2024-10-30T13:50:37.715+0000] {standard_task_runner.py:72} INFO - Started process 892 to run task
[2024-10-30T13:50:37.715+0000] {standard_task_runner.py:104} INFO - Running: ['***', 'tasks', 'run', 'etl_update_stock_ferrimac', 'stock_update', 'manual__2024-10-30T13:50:15.836055+00:00', '--job-id', '33', '--raw', '--subdir', 'DAGS_FOLDER/object_dag.py', '--cfg-path', '/tmp/tmpru7atqhh']
[2024-10-30T13:50:37.726+0000] {standard_task_runner.py:105} INFO - Job 33: Subtask stock_update
[2024-10-30T13:50:37.912+0000] {task_command.py:467} INFO - Running <TaskInstance: etl_update_stock_ferrimac.stock_update manual__2024-10-30T13:50:15.836055+00:00 [running]> on host 1e26175021c2
[2024-10-30T13:50:38.933+0000] {taskinstance.py:3131} INFO - Exporting env vars: AIRFLOW_CTX_DAG_OWNER='***' AIRFLOW_CTX_DAG_ID='etl_update_stock_ferrimac' AIRFLOW_CTX_TASK_ID='stock_update' AIRFLOW_CTX_EXECUTION_DATE='2024-10-30T13:50:15.836055+00:00' AIRFLOW_CTX_TRY_NUMBER='1' AIRFLOW_CTX_DAG_RUN_ID='manual__2024-10-30T13:50:15.836055+00:00'
[2024-10-30T13:50:38.935+0000] {taskinstance.py:731} INFO - ::endgroup::
[2024-10-30T13:50:41.283+0000] {update_stock.py:72} INFO - Stock updated for date 2024-10-30 00:00:00.
[2024-10-30T13:50:42.542+0000] {update_stock.py:79} INFO - Stock file updated for date 2024-10-30 00:00:00 and saved to base_datos/inventario/stock_ferrimac.xlsx.
[2024-10-30T13:50:42.545+0000] {python.py:240} INFO - Done. Returned value was: None
[2024-10-30T13:50:42.580+0000] {taskinstance.py:340} INFO - ::group::Post task execution logs
[2024-10-30T13:50:42.585+0000] {taskinstance.py:352} INFO - Marking task as SUCCESS. dag_id=etl_update_stock_ferrimac, task_id=stock_update, run_id=manual__2024-10-30T13:50:15.836055+00:00, execution_date=20241030T135015, start_date=20241030T135037, end_date=20241030T135042
[2024-10-30T13:50:42.730+0000] {local_task_job_runner.py:266} INFO - Task exited with return code 0
[2024-10-30T13:50:42.840+0000] {taskinstance.py:3900} INFO - 1 downstream tasks scheduled from follow-on schedule check
[2024-10-30T13:50:42.857+0000] {local_task_job_runner.py:245} INFO - ::endgroup::
