[2024-10-28T03:07:50.875+0000] {local_task_job_runner.py:123} INFO - ::group::Pre task execution logs
[2024-10-28T03:07:50.911+0000] {taskinstance.py:2612} INFO - Dependencies all met for dep_context=non-requeueable deps ti=<TaskInstance: etl_update_stock_ferrimac.stock_update manual__2024-10-28T03:07:43.354275+00:00 [queued]>
[2024-10-28T03:07:50.929+0000] {taskinstance.py:2612} INFO - Dependencies all met for dep_context=requeueable deps ti=<TaskInstance: etl_update_stock_ferrimac.stock_update manual__2024-10-28T03:07:43.354275+00:00 [queued]>
[2024-10-28T03:07:50.931+0000] {taskinstance.py:2865} INFO - Starting attempt 1 of 2
[2024-10-28T03:07:50.968+0000] {taskinstance.py:2888} INFO - Executing <Task(PythonOperator): stock_update> on 2024-10-28 03:07:43.354275+00:00
[2024-10-28T03:07:50.979+0000] {warnings.py:112} WARNING - /home/***/.local/lib/python3.12/site-packages/***/task/task_runner/standard_task_runner.py:70: DeprecationWarning: This process (pid=345) is multi-threaded, use of fork() may lead to deadlocks in the child.
  pid = os.fork()

[2024-10-28T03:07:50.983+0000] {standard_task_runner.py:72} INFO - Started process 347 to run task
[2024-10-28T03:07:50.983+0000] {standard_task_runner.py:104} INFO - Running: ['***', 'tasks', 'run', 'etl_update_stock_ferrimac', 'stock_update', 'manual__2024-10-28T03:07:43.354275+00:00', '--job-id', '19', '--raw', '--subdir', 'DAGS_FOLDER/object_dag.py', '--cfg-path', '/tmp/tmpo2zzcc20']
[2024-10-28T03:07:50.988+0000] {standard_task_runner.py:105} INFO - Job 19: Subtask stock_update
[2024-10-28T03:07:51.104+0000] {task_command.py:467} INFO - Running <TaskInstance: etl_update_stock_ferrimac.stock_update manual__2024-10-28T03:07:43.354275+00:00 [running]> on host 88a8f2cf215f
[2024-10-28T03:07:51.272+0000] {taskinstance.py:3131} INFO - Exporting env vars: AIRFLOW_CTX_DAG_OWNER='***' AIRFLOW_CTX_DAG_ID='etl_update_stock_ferrimac' AIRFLOW_CTX_TASK_ID='stock_update' AIRFLOW_CTX_EXECUTION_DATE='2024-10-28T03:07:43.354275+00:00' AIRFLOW_CTX_TRY_NUMBER='1' AIRFLOW_CTX_DAG_RUN_ID='manual__2024-10-28T03:07:43.354275+00:00'
[2024-10-28T03:07:51.274+0000] {taskinstance.py:731} INFO - ::endgroup::
[2024-10-28T03:07:53.899+0000] {logging_mixin.py:190} INFO - Stock file has been updated for date 2024-10-28 00:00:00.
[2024-10-28T03:07:53.900+0000] {python.py:240} INFO - Done. Returned value was: None
[2024-10-28T03:07:53.915+0000] {taskinstance.py:340} INFO - ::group::Post task execution logs
[2024-10-28T03:07:53.917+0000] {taskinstance.py:352} INFO - Marking task as SUCCESS. dag_id=etl_update_stock_ferrimac, task_id=stock_update, run_id=manual__2024-10-28T03:07:43.354275+00:00, execution_date=20241028T030743, start_date=20241028T030750, end_date=20241028T030753
[2024-10-28T03:07:53.987+0000] {local_task_job_runner.py:266} INFO - Task exited with return code 0
[2024-10-28T03:07:54.028+0000] {taskinstance.py:3900} INFO - 1 downstream tasks scheduled from follow-on schedule check
[2024-10-28T03:07:54.042+0000] {local_task_job_runner.py:245} INFO - ::endgroup::
