[2024-10-15T14:05:58.580+0000] {local_task_job_runner.py:123} INFO - ::group::Pre task execution logs
[2024-10-15T14:05:58.814+0000] {taskinstance.py:2612} INFO - Dependencies all met for dep_context=non-requeueable deps ti=<TaskInstance: etl_update_stock_ferrimac.extract_task_api manual__2024-10-15T14:05:27.576750+00:00 [queued]>
[2024-10-15T14:05:59.064+0000] {taskinstance.py:2612} INFO - Dependencies all met for dep_context=requeueable deps ti=<TaskInstance: etl_update_stock_ferrimac.extract_task_api manual__2024-10-15T14:05:27.576750+00:00 [queued]>
[2024-10-15T14:05:59.086+0000] {taskinstance.py:2865} INFO - Starting attempt 1 of 2
[2024-10-15T14:05:59.402+0000] {taskinstance.py:2888} INFO - Executing <Task(PythonOperator): extract_task_api> on 2024-10-15 14:05:27.576750+00:00
[2024-10-15T14:05:59.542+0000] {warnings.py:112} WARNING - /home/***/.local/lib/python3.12/site-packages/***/task/task_runner/standard_task_runner.py:70: DeprecationWarning: This process (pid=157) is multi-threaded, use of fork() may lead to deadlocks in the child.
  pid = os.fork()

[2024-10-15T14:05:59.578+0000] {standard_task_runner.py:72} INFO - Started process 177 to run task
[2024-10-15T14:05:59.734+0000] {standard_task_runner.py:104} INFO - Running: ['***', 'tasks', 'run', 'etl_update_stock_ferrimac', 'extract_task_api', 'manual__2024-10-15T14:05:27.576750+00:00', '--job-id', '7', '--raw', '--subdir', 'DAGS_FOLDER/object_dag.py', '--cfg-path', '/tmp/tmpqq9ey1u9']
[2024-10-15T14:05:59.834+0000] {standard_task_runner.py:105} INFO - Job 7: Subtask extract_task_api
[2024-10-15T14:06:01.217+0000] {task_command.py:467} INFO - Running <TaskInstance: etl_update_stock_ferrimac.extract_task_api manual__2024-10-15T14:05:27.576750+00:00 [running]> on host 2296928c39b5
[2024-10-15T14:06:08.884+0000] {taskinstance.py:3131} INFO - Exporting env vars: AIRFLOW_CTX_DAG_OWNER='***' AIRFLOW_CTX_DAG_ID='etl_update_stock_ferrimac' AIRFLOW_CTX_TASK_ID='extract_task_api' AIRFLOW_CTX_EXECUTION_DATE='2024-10-15T14:05:27.576750+00:00' AIRFLOW_CTX_TRY_NUMBER='1' AIRFLOW_CTX_DAG_RUN_ID='manual__2024-10-15T14:05:27.576750+00:00'
[2024-10-15T14:06:08.888+0000] {taskinstance.py:731} INFO - ::endgroup::
[2024-10-15T14:06:10.439+0000] {logging_mixin.py:190} INFO - Current dolar rates: 979.763503 ARS
[2024-10-15T14:06:10.455+0000] {logging_mixin.py:190} INFO - base_datos/inventario/data_price.csv
[2024-10-15T14:06:10.586+0000] {logging_mixin.py:190} INFO - Record of day 2024-10-15 just exist. Not add again.
[2024-10-15T14:06:10.589+0000] {python.py:240} INFO - Done. Returned value was:          date       price
0  2024-10-15  979.763503
[2024-10-15T14:06:10.886+0000] {taskinstance.py:340} INFO - ::group::Post task execution logs
[2024-10-15T14:06:10.888+0000] {taskinstance.py:352} INFO - Marking task as SUCCESS. dag_id=etl_update_stock_ferrimac, task_id=extract_task_api, run_id=manual__2024-10-15T14:05:27.576750+00:00, execution_date=20241015T140527, start_date=20241015T140558, end_date=20241015T140610
[2024-10-15T14:06:11.038+0000] {local_task_job_runner.py:266} INFO - Task exited with return code 0
[2024-10-15T14:06:12.033+0000] {taskinstance.py:3900} INFO - 1 downstream tasks scheduled from follow-on schedule check
[2024-10-15T14:06:12.039+0000] {local_task_job_runner.py:245} INFO - ::endgroup::
