[2024-10-29T23:46:55.718+0000] {local_task_job_runner.py:123} INFO - ::group::Pre task execution logs
[2024-10-29T23:46:55.751+0000] {taskinstance.py:2612} INFO - Dependencies all met for dep_context=non-requeueable deps ti=<TaskInstance: etl_update_stock_ferrimac.monetized_stock manual__2024-10-29T23:46:38.412557+00:00 [queued]>
[2024-10-29T23:46:55.767+0000] {taskinstance.py:2612} INFO - Dependencies all met for dep_context=requeueable deps ti=<TaskInstance: etl_update_stock_ferrimac.monetized_stock manual__2024-10-29T23:46:38.412557+00:00 [queued]>
[2024-10-29T23:46:55.768+0000] {taskinstance.py:2865} INFO - Starting attempt 1 of 2
[2024-10-29T23:46:55.803+0000] {taskinstance.py:2888} INFO - Executing <Task(PythonOperator): monetized_stock> on 2024-10-29 23:46:38.412557+00:00
[2024-10-29T23:46:55.813+0000] {warnings.py:112} WARNING - /home/***/.local/lib/python3.12/site-packages/***/task/task_runner/standard_task_runner.py:70: DeprecationWarning: This process (pid=992) is multi-threaded, use of fork() may lead to deadlocks in the child.
  pid = os.fork()

[2024-10-29T23:46:55.816+0000] {standard_task_runner.py:72} INFO - Started process 994 to run task
[2024-10-29T23:46:55.817+0000] {standard_task_runner.py:104} INFO - Running: ['***', 'tasks', 'run', 'etl_update_stock_ferrimac', 'monetized_stock', 'manual__2024-10-29T23:46:38.412557+00:00', '--job-id', '32', '--raw', '--subdir', 'DAGS_FOLDER/object_dag.py', '--cfg-path', '/tmp/tmplwlip68z']
[2024-10-29T23:46:55.821+0000] {standard_task_runner.py:105} INFO - Job 32: Subtask monetized_stock
[2024-10-29T23:46:55.898+0000] {task_command.py:467} INFO - Running <TaskInstance: etl_update_stock_ferrimac.monetized_stock manual__2024-10-29T23:46:38.412557+00:00 [running]> on host 94e12afb2788
[2024-10-29T23:46:56.061+0000] {taskinstance.py:3131} INFO - Exporting env vars: AIRFLOW_CTX_DAG_OWNER='***' AIRFLOW_CTX_DAG_ID='etl_update_stock_ferrimac' AIRFLOW_CTX_TASK_ID='monetized_stock' AIRFLOW_CTX_EXECUTION_DATE='2024-10-29T23:46:38.412557+00:00' AIRFLOW_CTX_TRY_NUMBER='1' AIRFLOW_CTX_DAG_RUN_ID='manual__2024-10-29T23:46:38.412557+00:00'
[2024-10-29T23:46:56.065+0000] {taskinstance.py:731} INFO - ::endgroup::
[2024-10-29T23:46:57.001+0000] {warnings.py:112} WARNING - /opt/***/functions_etl/data_transform.py:52: UserWarning: Could not infer format, so each element will be parsed individually, falling back to `dateutil`. To ensure parsing is consistent and as-expected, please specify a format.
  df_stock.columns = pd.to_datetime(df_stock.columns, errors='ignore', dayfirst=True)

[2024-10-29T23:46:57.008+0000] {warnings.py:112} WARNING - /opt/***/functions_etl/data_transform.py:54: UserWarning: Could not infer format, so each element will be parsed individually, falling back to `dateutil`. To ensure parsing is consistent and as-expected, please specify a format.
  df_list_prices.columns = pd.to_datetime(df_list_prices.columns, errors='ignore', dayfirst=True)

[2024-10-29T23:46:57.982+0000] {data_transform.py:97} INFO - Monetized stock has been successfully updated for date 2024-10-29 00:00:00.
[2024-10-29T23:46:57.985+0000] {python.py:240} INFO - Done. Returned value was:       id_product     model  ... 2024-10-31 00:00:00 2024-11-01 00:00:00
0    ID-00000001     BSX17  ...                 NaN                 NaN
1    ID-00000002      TM12  ...                 NaN                 NaN
2    ID-00000003      TM13  ...                 NaN                 NaN
3    ID-00000004      TM14  ...                 NaN                 NaN
4    ID-00000005      TM15  ...                 NaN                 NaN
..           ...       ...  ...                 ...                 ...
435  ID-00000436  DPS31534  ...                 NaN                 NaN
436  ID-00000437  DPS31535  ...                 NaN                 NaN
437  ID-00000438  DPS31536  ...                 NaN                 NaN
438          NaN       NaN  ...                 NaN                 NaN
439        TOTAL       NaN  ...                 NaN                 NaN

[440 rows x 44 columns]
[2024-10-29T23:46:58.098+0000] {warnings.py:112} WARNING - /home/***/.local/lib/python3.12/site-packages/***/serialization/serializers/pandas.py:49: UserWarning: The DataFrame has column names of mixed type. They will be converted to strings and not roundtrip correctly.
  table = pa.Table.from_pandas(o)

[2024-10-29T23:46:58.161+0000] {taskinstance.py:340} INFO - ::group::Post task execution logs
[2024-10-29T23:46:58.163+0000] {taskinstance.py:352} INFO - Marking task as SUCCESS. dag_id=etl_update_stock_ferrimac, task_id=monetized_stock, run_id=manual__2024-10-29T23:46:38.412557+00:00, execution_date=20241029T234638, start_date=20241029T234655, end_date=20241029T234658
[2024-10-29T23:46:58.203+0000] {local_task_job_runner.py:266} INFO - Task exited with return code 0
[2024-10-29T23:46:58.240+0000] {taskinstance.py:3900} INFO - 1 downstream tasks scheduled from follow-on schedule check
[2024-10-29T23:46:58.245+0000] {local_task_job_runner.py:245} INFO - ::endgroup::
