[2024-10-30T20:22:15.111+0000] {local_task_job_runner.py:123} INFO - ::group::Pre task execution logs
[2024-10-30T20:22:15.390+0000] {taskinstance.py:2612} INFO - Dependencies all met for dep_context=non-requeueable deps ti=<TaskInstance: etl_update_stock_ferrimac.extract_data_sells_directory manual__2024-10-30T20:22:01.460489+00:00 [queued]>
[2024-10-30T20:22:15.516+0000] {taskinstance.py:2612} INFO - Dependencies all met for dep_context=requeueable deps ti=<TaskInstance: etl_update_stock_ferrimac.extract_data_sells_directory manual__2024-10-30T20:22:01.460489+00:00 [queued]>
[2024-10-30T20:22:15.530+0000] {taskinstance.py:2865} INFO - Starting attempt 1 of 2
[2024-10-30T20:22:15.695+0000] {taskinstance.py:2888} INFO - Executing <Task(PythonOperator): extract_data_sells_directory> on 2024-10-30 20:22:01.460489+00:00
[2024-10-30T20:22:15.942+0000] {warnings.py:112} WARNING - /home/***/.local/lib/python3.12/site-packages/***/task/task_runner/standard_task_runner.py:70: DeprecationWarning: This process (pid=81) is multi-threaded, use of fork() may lead to deadlocks in the child.
  pid = os.fork()

[2024-10-30T20:22:15.971+0000] {standard_task_runner.py:72} INFO - Started process 105 to run task
[2024-10-30T20:22:15.981+0000] {standard_task_runner.py:104} INFO - Running: ['***', 'tasks', 'run', 'etl_update_stock_ferrimac', 'extract_data_sells_directory', 'manual__2024-10-30T20:22:01.460489+00:00', '--job-id', '7', '--raw', '--subdir', 'DAGS_FOLDER/object_dag.py', '--cfg-path', '/tmp/tmp5tfvy1h4']
[2024-10-30T20:22:15.999+0000] {standard_task_runner.py:105} INFO - Job 7: Subtask extract_data_sells_directory
[2024-10-30T20:22:17.931+0000] {task_command.py:467} INFO - Running <TaskInstance: etl_update_stock_ferrimac.extract_data_sells_directory manual__2024-10-30T20:22:01.460489+00:00 [running]> on host 3d662aa9977b
[2024-10-30T20:22:21.188+0000] {taskinstance.py:3131} INFO - Exporting env vars: AIRFLOW_CTX_DAG_OWNER='***' AIRFLOW_CTX_DAG_ID='etl_update_stock_ferrimac' AIRFLOW_CTX_TASK_ID='extract_data_sells_directory' AIRFLOW_CTX_EXECUTION_DATE='2024-10-30T20:22:01.460489+00:00' AIRFLOW_CTX_TRY_NUMBER='1' AIRFLOW_CTX_DAG_RUN_ID='manual__2024-10-30T20:22:01.460489+00:00'
[2024-10-30T20:22:21.217+0000] {taskinstance.py:731} INFO - ::endgroup::
[2024-10-30T20:22:21.442+0000] {extract_file_sells_to_stock.py:29} INFO - Base directory set to './base_datos/'
[2024-10-30T20:22:21.552+0000] {extract_file_sells_to_stock.py:35} INFO - Origin directory: base_datos/ventas
[2024-10-30T20:22:21.635+0000] {extract_file_sells_to_stock.py:36} INFO - Destination directory: base_datos/inventario
[2024-10-30T20:22:21.689+0000] {extract_file_sells_to_stock.py:51} INFO - Origin file path set to 'base_datos/ventas/ventas_unidades.csv'
[2024-10-30T20:22:21.703+0000] {extract_file_sells_to_stock.py:56} INFO - Destination file path set to 'base_datos/inventario/ventas_unidades.csv'
[2024-10-30T20:22:21.705+0000] {extract_file_sells_to_stock.py:58} INFO - Attempting to copy 'base_datos/ventas/ventas_unidades.csv' to 'base_datos/inventario/ventas_unidades.csv'
[2024-10-30T20:22:21.886+0000] {extract_file_sells_to_stock.py:63} ERROR - PermissionError while copying file: [Errno 1] Operation not permitted: 'base_datos/inventario/ventas_unidades.csv'
[2024-10-30T20:22:21.905+0000] {python.py:240} INFO - Done. Returned value was: None
[2024-10-30T20:22:21.981+0000] {taskinstance.py:340} INFO - ::group::Post task execution logs
[2024-10-30T20:22:21.993+0000] {taskinstance.py:352} INFO - Marking task as SUCCESS. dag_id=etl_update_stock_ferrimac, task_id=extract_data_sells_directory, run_id=manual__2024-10-30T20:22:01.460489+00:00, execution_date=20241030T202201, start_date=20241030T202215, end_date=20241030T202221
[2024-10-30T20:22:22.209+0000] {local_task_job_runner.py:266} INFO - Task exited with return code 0
[2024-10-30T20:22:22.359+0000] {taskinstance.py:3900} INFO - 0 downstream tasks scheduled from follow-on schedule check
[2024-10-30T20:22:22.373+0000] {local_task_job_runner.py:245} INFO - ::endgroup::
