[2024-10-31T01:02:06.153+0000] {processor.py:186} INFO - Started process (PID=2577) to work on /opt/airflow/dags/object_dag.py
[2024-10-31T01:02:06.155+0000] {processor.py:914} INFO - Processing file /opt/airflow/dags/object_dag.py for tasks to queue
[2024-10-31T01:02:06.158+0000] {logging_mixin.py:190} INFO - [2024-10-31T01:02:06.157+0000] {dagbag.py:587} INFO - Filling up the DagBag from /opt/airflow/dags/object_dag.py
[2024-10-31T01:02:06.350+0000] {processor.py:925} INFO - DAG(s) 'etl_update_stock_ferrimac' retrieved from /opt/airflow/dags/object_dag.py
[2024-10-31T01:02:06.383+0000] {logging_mixin.py:190} INFO - [2024-10-31T01:02:06.382+0000] {dag.py:3229} INFO - Sync 1 DAGs
[2024-10-31T01:02:06.408+0000] {logging_mixin.py:190} INFO - [2024-10-31T01:02:06.408+0000] {dag.py:4156} INFO - Setting next_dagrun for etl_update_stock_ferrimac to 2024-10-30 22:00:00+00:00, run_after=2024-10-31 22:00:00+00:00
[2024-10-31T01:02:06.438+0000] {processor.py:208} INFO - Processing /opt/airflow/dags/object_dag.py took 0.290 seconds
[2024-10-31T01:02:36.734+0000] {processor.py:186} INFO - Started process (PID=2584) to work on /opt/airflow/dags/object_dag.py
[2024-10-31T01:02:36.737+0000] {processor.py:914} INFO - Processing file /opt/airflow/dags/object_dag.py for tasks to queue
[2024-10-31T01:02:36.740+0000] {logging_mixin.py:190} INFO - [2024-10-31T01:02:36.740+0000] {dagbag.py:587} INFO - Filling up the DagBag from /opt/airflow/dags/object_dag.py
[2024-10-31T01:02:36.963+0000] {processor.py:925} INFO - DAG(s) 'etl_update_stock_ferrimac' retrieved from /opt/airflow/dags/object_dag.py
[2024-10-31T01:02:36.993+0000] {logging_mixin.py:190} INFO - [2024-10-31T01:02:36.992+0000] {dag.py:3229} INFO - Sync 1 DAGs
[2024-10-31T01:02:37.019+0000] {logging_mixin.py:190} INFO - [2024-10-31T01:02:37.019+0000] {dag.py:4156} INFO - Setting next_dagrun for etl_update_stock_ferrimac to 2024-10-30 22:00:00+00:00, run_after=2024-10-31 22:00:00+00:00
[2024-10-31T01:02:37.047+0000] {processor.py:208} INFO - Processing /opt/airflow/dags/object_dag.py took 0.318 seconds
[2024-10-31T01:03:07.319+0000] {processor.py:186} INFO - Started process (PID=2591) to work on /opt/airflow/dags/object_dag.py
[2024-10-31T01:03:07.322+0000] {processor.py:914} INFO - Processing file /opt/airflow/dags/object_dag.py for tasks to queue
[2024-10-31T01:03:07.326+0000] {logging_mixin.py:190} INFO - [2024-10-31T01:03:07.325+0000] {dagbag.py:587} INFO - Filling up the DagBag from /opt/airflow/dags/object_dag.py
[2024-10-31T01:03:07.518+0000] {processor.py:925} INFO - DAG(s) 'etl_update_stock_ferrimac' retrieved from /opt/airflow/dags/object_dag.py
[2024-10-31T01:03:07.556+0000] {logging_mixin.py:190} INFO - [2024-10-31T01:03:07.556+0000] {dag.py:3229} INFO - Sync 1 DAGs
[2024-10-31T01:03:07.582+0000] {logging_mixin.py:190} INFO - [2024-10-31T01:03:07.582+0000] {dag.py:4156} INFO - Setting next_dagrun for etl_update_stock_ferrimac to 2024-10-30 22:00:00+00:00, run_after=2024-10-31 22:00:00+00:00
[2024-10-31T01:03:07.613+0000] {processor.py:208} INFO - Processing /opt/airflow/dags/object_dag.py took 0.299 seconds
[2024-10-31T01:03:37.915+0000] {processor.py:186} INFO - Started process (PID=2598) to work on /opt/airflow/dags/object_dag.py
[2024-10-31T01:03:37.918+0000] {processor.py:914} INFO - Processing file /opt/airflow/dags/object_dag.py for tasks to queue
[2024-10-31T01:03:37.921+0000] {logging_mixin.py:190} INFO - [2024-10-31T01:03:37.921+0000] {dagbag.py:587} INFO - Filling up the DagBag from /opt/airflow/dags/object_dag.py
[2024-10-31T01:03:38.120+0000] {processor.py:925} INFO - DAG(s) 'etl_update_stock_ferrimac' retrieved from /opt/airflow/dags/object_dag.py
[2024-10-31T01:03:38.150+0000] {logging_mixin.py:190} INFO - [2024-10-31T01:03:38.150+0000] {dag.py:3229} INFO - Sync 1 DAGs
[2024-10-31T01:03:38.175+0000] {logging_mixin.py:190} INFO - [2024-10-31T01:03:38.174+0000] {dag.py:4156} INFO - Setting next_dagrun for etl_update_stock_ferrimac to 2024-10-30 22:00:00+00:00, run_after=2024-10-31 22:00:00+00:00
[2024-10-31T01:03:38.201+0000] {processor.py:208} INFO - Processing /opt/airflow/dags/object_dag.py took 0.295 seconds
[2024-10-31T01:04:08.416+0000] {processor.py:186} INFO - Started process (PID=2605) to work on /opt/airflow/dags/object_dag.py
[2024-10-31T01:04:08.418+0000] {processor.py:914} INFO - Processing file /opt/airflow/dags/object_dag.py for tasks to queue
[2024-10-31T01:04:08.422+0000] {logging_mixin.py:190} INFO - [2024-10-31T01:04:08.422+0000] {dagbag.py:587} INFO - Filling up the DagBag from /opt/airflow/dags/object_dag.py
[2024-10-31T01:04:08.622+0000] {processor.py:925} INFO - DAG(s) 'etl_update_stock_ferrimac' retrieved from /opt/airflow/dags/object_dag.py
[2024-10-31T01:04:08.670+0000] {logging_mixin.py:190} INFO - [2024-10-31T01:04:08.669+0000] {dag.py:3229} INFO - Sync 1 DAGs
[2024-10-31T01:04:08.710+0000] {logging_mixin.py:190} INFO - [2024-10-31T01:04:08.710+0000] {dag.py:4156} INFO - Setting next_dagrun for etl_update_stock_ferrimac to 2024-10-30 22:00:00+00:00, run_after=2024-10-31 22:00:00+00:00
[2024-10-31T01:04:08.756+0000] {processor.py:208} INFO - Processing /opt/airflow/dags/object_dag.py took 0.348 seconds
[2024-10-31T01:04:39.096+0000] {processor.py:186} INFO - Started process (PID=2612) to work on /opt/airflow/dags/object_dag.py
[2024-10-31T01:04:39.102+0000] {processor.py:914} INFO - Processing file /opt/airflow/dags/object_dag.py for tasks to queue
[2024-10-31T01:04:39.106+0000] {logging_mixin.py:190} INFO - [2024-10-31T01:04:39.105+0000] {dagbag.py:587} INFO - Filling up the DagBag from /opt/airflow/dags/object_dag.py
[2024-10-31T01:04:39.313+0000] {processor.py:925} INFO - DAG(s) 'etl_update_stock_ferrimac' retrieved from /opt/airflow/dags/object_dag.py
[2024-10-31T01:04:39.348+0000] {logging_mixin.py:190} INFO - [2024-10-31T01:04:39.348+0000] {dag.py:3229} INFO - Sync 1 DAGs
[2024-10-31T01:04:39.379+0000] {logging_mixin.py:190} INFO - [2024-10-31T01:04:39.378+0000] {dag.py:4156} INFO - Setting next_dagrun for etl_update_stock_ferrimac to 2024-10-30 22:00:00+00:00, run_after=2024-10-31 22:00:00+00:00
[2024-10-31T01:04:39.419+0000] {processor.py:208} INFO - Processing /opt/airflow/dags/object_dag.py took 0.339 seconds
[2024-10-31T01:05:09.515+0000] {processor.py:186} INFO - Started process (PID=2619) to work on /opt/airflow/dags/object_dag.py
[2024-10-31T01:05:09.517+0000] {processor.py:914} INFO - Processing file /opt/airflow/dags/object_dag.py for tasks to queue
[2024-10-31T01:05:09.520+0000] {logging_mixin.py:190} INFO - [2024-10-31T01:05:09.520+0000] {dagbag.py:587} INFO - Filling up the DagBag from /opt/airflow/dags/object_dag.py
[2024-10-31T01:05:09.718+0000] {processor.py:925} INFO - DAG(s) 'etl_update_stock_ferrimac' retrieved from /opt/airflow/dags/object_dag.py
[2024-10-31T01:05:09.753+0000] {logging_mixin.py:190} INFO - [2024-10-31T01:05:09.753+0000] {dag.py:3229} INFO - Sync 1 DAGs
[2024-10-31T01:05:09.779+0000] {logging_mixin.py:190} INFO - [2024-10-31T01:05:09.779+0000] {dag.py:4156} INFO - Setting next_dagrun for etl_update_stock_ferrimac to 2024-10-30 22:00:00+00:00, run_after=2024-10-31 22:00:00+00:00
[2024-10-31T01:05:09.807+0000] {processor.py:208} INFO - Processing /opt/airflow/dags/object_dag.py took 0.297 seconds
