[2024-10-17T17:20:24.721+0000] {local_task_job_runner.py:123} INFO - ::group::Pre task execution logs
[2024-10-17T17:20:24.748+0000] {taskinstance.py:2612} INFO - Dependencies all met for dep_context=non-requeueable deps ti=<TaskInstance: etl_update_stock_ferrimac.stock_update scheduled__2024-10-16T00:00:00+00:00 [queued]>
[2024-10-17T17:20:24.762+0000] {taskinstance.py:2612} INFO - Dependencies all met for dep_context=requeueable deps ti=<TaskInstance: etl_update_stock_ferrimac.stock_update scheduled__2024-10-16T00:00:00+00:00 [queued]>
[2024-10-17T17:20:24.763+0000] {taskinstance.py:2865} INFO - Starting attempt 1 of 2
[2024-10-17T17:20:24.791+0000] {taskinstance.py:2888} INFO - Executing <Task(PythonOperator): stock_update> on 2024-10-16 00:00:00+00:00
[2024-10-17T17:20:24.800+0000] {warnings.py:112} WARNING - /home/***/.local/lib/python3.12/site-packages/***/task/task_runner/standard_task_runner.py:70: DeprecationWarning: This process (pid=139) is multi-threaded, use of fork() may lead to deadlocks in the child.
  pid = os.fork()

[2024-10-17T17:20:24.803+0000] {standard_task_runner.py:72} INFO - Started process 142 to run task
[2024-10-17T17:20:24.803+0000] {standard_task_runner.py:104} INFO - Running: ['***', 'tasks', 'run', 'etl_update_stock_ferrimac', 'stock_update', 'scheduled__2024-10-16T00:00:00+00:00', '--job-id', '10', '--raw', '--subdir', 'DAGS_FOLDER/object_dag.py', '--cfg-path', '/tmp/tmpymakqgv7']
[2024-10-17T17:20:24.807+0000] {standard_task_runner.py:105} INFO - Job 10: Subtask stock_update
[2024-10-17T17:20:24.884+0000] {task_command.py:467} INFO - Running <TaskInstance: etl_update_stock_ferrimac.stock_update scheduled__2024-10-16T00:00:00+00:00 [running]> on host 1652cc614667
[2024-10-17T17:20:25.017+0000] {taskinstance.py:3131} INFO - Exporting env vars: AIRFLOW_CTX_DAG_OWNER='***' AIRFLOW_CTX_DAG_ID='etl_update_stock_ferrimac' AIRFLOW_CTX_TASK_ID='stock_update' AIRFLOW_CTX_EXECUTION_DATE='2024-10-16T00:00:00+00:00' AIRFLOW_CTX_TRY_NUMBER='1' AIRFLOW_CTX_DAG_RUN_ID='scheduled__2024-10-16T00:00:00+00:00'
[2024-10-17T17:20:25.018+0000] {taskinstance.py:731} INFO - ::endgroup::
[2024-10-17T17:20:41.955+0000] {warnings.py:112} WARNING - /opt/***/functions_etl/update_stock.py:24: UserWarning: Could not infer format, so each element will be parsed individually, falling back to `dateutil`. To ensure parsing is consistent and as-expected, please specify a format.
  df_stock.columns = pd.to_datetime(df_stock.columns, errors='ignore', dayfirst=True)

[2024-10-17T17:20:41.961+0000] {warnings.py:112} WARNING - /opt/***/functions_etl/update_stock.py:25: UserWarning: Could not infer format, so each element will be parsed individually, falling back to `dateutil`. To ensure parsing is consistent and as-expected, please specify a format.
  df_compras.columns = pd.to_datetime(df_compras.columns, errors='ignore', dayfirst=True)

[2024-10-17T17:20:41.963+0000] {warnings.py:112} WARNING - /opt/***/functions_etl/update_stock.py:26: UserWarning: Could not infer format, so each element will be parsed individually, falling back to `dateutil`. To ensure parsing is consistent and as-expected, please specify a format.
  df_ventas.columns = pd.to_datetime(df_ventas.columns, errors='ignore', dayfirst=True)

[2024-10-17T17:20:41.972+0000] {logging_mixin.py:190} INFO - Date 2024-10-16 00:00:00 not found in purchases or sales files.
[2024-10-17T17:20:41.976+0000] {python.py:240} INFO - Done. Returned value was: None
[2024-10-17T17:20:41.991+0000] {taskinstance.py:340} INFO - ::group::Post task execution logs
[2024-10-17T17:20:41.992+0000] {taskinstance.py:352} INFO - Marking task as SUCCESS. dag_id=etl_update_stock_ferrimac, task_id=stock_update, run_id=scheduled__2024-10-16T00:00:00+00:00, execution_date=20241016T000000, start_date=20241017T172024, end_date=20241017T172041
[2024-10-17T17:20:42.074+0000] {local_task_job_runner.py:266} INFO - Task exited with return code 0
[2024-10-17T17:20:42.117+0000] {taskinstance.py:3900} INFO - 1 downstream tasks scheduled from follow-on schedule check
[2024-10-17T17:20:42.121+0000] {local_task_job_runner.py:245} INFO - ::endgroup::
[2024-10-17T22:09:11.735+0000] {local_task_job_runner.py:123} INFO - ::group::Pre task execution logs
[2024-10-17T22:09:11.885+0000] {taskinstance.py:2612} INFO - Dependencies all met for dep_context=non-requeueable deps ti=<TaskInstance: etl_update_stock_ferrimac.stock_update scheduled__2024-10-16T00:00:00+00:00 [queued]>
[2024-10-17T22:09:11.954+0000] {taskinstance.py:2612} INFO - Dependencies all met for dep_context=requeueable deps ti=<TaskInstance: etl_update_stock_ferrimac.stock_update scheduled__2024-10-16T00:00:00+00:00 [queued]>
[2024-10-17T22:09:11.958+0000] {taskinstance.py:2865} INFO - Starting attempt 1 of 2
[2024-10-17T22:09:12.023+0000] {taskinstance.py:2888} INFO - Executing <Task(PythonOperator): stock_update> on 2024-10-16 00:00:00+00:00
[2024-10-17T22:09:12.052+0000] {warnings.py:112} WARNING - /home/***/.local/lib/python3.12/site-packages/***/task/task_runner/standard_task_runner.py:70: DeprecationWarning: This process (pid=167) is multi-threaded, use of fork() may lead to deadlocks in the child.
  pid = os.fork()

[2024-10-17T22:09:12.061+0000] {standard_task_runner.py:72} INFO - Started process 170 to run task
[2024-10-17T22:09:12.061+0000] {standard_task_runner.py:104} INFO - Running: ['***', 'tasks', 'run', 'etl_update_stock_ferrimac', 'stock_update', 'scheduled__2024-10-16T00:00:00+00:00', '--job-id', '9', '--raw', '--subdir', 'DAGS_FOLDER/object_dag.py', '--cfg-path', '/tmp/tmpc12kllax']
[2024-10-17T22:09:12.070+0000] {standard_task_runner.py:105} INFO - Job 9: Subtask stock_update
[2024-10-17T22:09:12.241+0000] {task_command.py:467} INFO - Running <TaskInstance: etl_update_stock_ferrimac.stock_update scheduled__2024-10-16T00:00:00+00:00 [running]> on host d95e36bcd28a
[2024-10-17T22:09:12.531+0000] {taskinstance.py:3131} INFO - Exporting env vars: AIRFLOW_CTX_DAG_OWNER='***' AIRFLOW_CTX_DAG_ID='etl_update_stock_ferrimac' AIRFLOW_CTX_TASK_ID='stock_update' AIRFLOW_CTX_EXECUTION_DATE='2024-10-16T00:00:00+00:00' AIRFLOW_CTX_TRY_NUMBER='1' AIRFLOW_CTX_DAG_RUN_ID='scheduled__2024-10-16T00:00:00+00:00'
[2024-10-17T22:09:12.535+0000] {taskinstance.py:731} INFO - ::endgroup::
[2024-10-17T22:09:30.523+0000] {warnings.py:112} WARNING - /opt/***/functions_etl/update_stock.py:24: UserWarning: Could not infer format, so each element will be parsed individually, falling back to `dateutil`. To ensure parsing is consistent and as-expected, please specify a format.
  df_stock.columns = pd.to_datetime(df_stock.columns, errors='ignore', dayfirst=True)

[2024-10-17T22:09:30.530+0000] {warnings.py:112} WARNING - /opt/***/functions_etl/update_stock.py:25: UserWarning: Could not infer format, so each element will be parsed individually, falling back to `dateutil`. To ensure parsing is consistent and as-expected, please specify a format.
  df_compras.columns = pd.to_datetime(df_compras.columns, errors='ignore', dayfirst=True)

[2024-10-17T22:09:30.532+0000] {warnings.py:112} WARNING - /opt/***/functions_etl/update_stock.py:26: UserWarning: Could not infer format, so each element will be parsed individually, falling back to `dateutil`. To ensure parsing is consistent and as-expected, please specify a format.
  df_ventas.columns = pd.to_datetime(df_ventas.columns, errors='ignore', dayfirst=True)

[2024-10-17T22:09:30.538+0000] {logging_mixin.py:190} INFO - Date 2024-10-16 00:00:00 not found in purchases or sales files.
[2024-10-17T22:09:30.543+0000] {python.py:240} INFO - Done. Returned value was: None
[2024-10-17T22:09:30.565+0000] {taskinstance.py:340} INFO - ::group::Post task execution logs
[2024-10-17T22:09:30.567+0000] {taskinstance.py:352} INFO - Marking task as SUCCESS. dag_id=etl_update_stock_ferrimac, task_id=stock_update, run_id=scheduled__2024-10-16T00:00:00+00:00, execution_date=20241016T000000, start_date=20241017T220911, end_date=20241017T220930
[2024-10-17T22:09:30.614+0000] {local_task_job_runner.py:266} INFO - Task exited with return code 0
[2024-10-17T22:09:30.658+0000] {taskinstance.py:3900} INFO - 1 downstream tasks scheduled from follow-on schedule check
[2024-10-17T22:09:30.662+0000] {local_task_job_runner.py:245} INFO - ::endgroup::
