[2024-10-30T13:21:22.081+0000] {local_task_job_runner.py:123} INFO - ::group::Pre task execution logs
[2024-10-30T13:21:22.219+0000] {taskinstance.py:2612} INFO - Dependencies all met for dep_context=non-requeueable deps ti=<TaskInstance: etl_update_stock_ferrimac.extract_data_purchases_directory manual__2024-10-30T13:21:09.496383+00:00 [queued]>
[2024-10-30T13:21:22.269+0000] {taskinstance.py:2612} INFO - Dependencies all met for dep_context=requeueable deps ti=<TaskInstance: etl_update_stock_ferrimac.extract_data_purchases_directory manual__2024-10-30T13:21:09.496383+00:00 [queued]>
[2024-10-30T13:21:22.272+0000] {taskinstance.py:2865} INFO - Starting attempt 1 of 2
[2024-10-30T13:21:22.396+0000] {taskinstance.py:2888} INFO - Executing <Task(PythonOperator): extract_data_purchases_directory> on 2024-10-30 13:21:09.496383+00:00
[2024-10-30T13:21:22.450+0000] {warnings.py:112} WARNING - /home/***/.local/lib/python3.12/site-packages/***/task/task_runner/standard_task_runner.py:70: DeprecationWarning: This process (pid=560) is multi-threaded, use of fork() may lead to deadlocks in the child.
  pid = os.fork()

[2024-10-30T13:21:22.459+0000] {standard_task_runner.py:72} INFO - Started process 569 to run task
[2024-10-30T13:21:22.458+0000] {standard_task_runner.py:104} INFO - Running: ['***', 'tasks', 'run', 'etl_update_stock_ferrimac', 'extract_data_purchases_directory', 'manual__2024-10-30T13:21:09.496383+00:00', '--job-id', '25', '--raw', '--subdir', 'DAGS_FOLDER/object_dag.py', '--cfg-path', '/tmp/tmpvjw0phhq']
[2024-10-30T13:21:22.475+0000] {standard_task_runner.py:105} INFO - Job 25: Subtask extract_data_purchases_directory
[2024-10-30T13:21:22.767+0000] {task_command.py:467} INFO - Running <TaskInstance: etl_update_stock_ferrimac.extract_data_purchases_directory manual__2024-10-30T13:21:09.496383+00:00 [running]> on host 1e26175021c2
[2024-10-30T13:21:23.198+0000] {taskinstance.py:3131} INFO - Exporting env vars: AIRFLOW_CTX_DAG_OWNER='***' AIRFLOW_CTX_DAG_ID='etl_update_stock_ferrimac' AIRFLOW_CTX_TASK_ID='extract_data_purchases_directory' AIRFLOW_CTX_EXECUTION_DATE='2024-10-30T13:21:09.496383+00:00' AIRFLOW_CTX_TRY_NUMBER='1' AIRFLOW_CTX_DAG_RUN_ID='manual__2024-10-30T13:21:09.496383+00:00'
[2024-10-30T13:21:23.203+0000] {taskinstance.py:731} INFO - ::endgroup::
[2024-10-30T13:21:24.867+0000] {extract_file_purchases_to_stock.py:56} INFO - File 'compras_stock.xlsx' moved to stock folder successfully.
[2024-10-30T13:21:24.869+0000] {python.py:240} INFO - Done. Returned value was: None
[2024-10-30T13:21:24.897+0000] {taskinstance.py:340} INFO - ::group::Post task execution logs
[2024-10-30T13:21:24.898+0000] {taskinstance.py:352} INFO - Marking task as SUCCESS. dag_id=etl_update_stock_ferrimac, task_id=extract_data_purchases_directory, run_id=manual__2024-10-30T13:21:09.496383+00:00, execution_date=20241030T132109, start_date=20241030T132122, end_date=20241030T132124
[2024-10-30T13:21:25.001+0000] {local_task_job_runner.py:266} INFO - Task exited with return code 0
[2024-10-30T13:21:25.131+0000] {taskinstance.py:3900} INFO - 1 downstream tasks scheduled from follow-on schedule check
[2024-10-30T13:21:25.242+0000] {local_task_job_runner.py:245} INFO - ::endgroup::
