[2024-10-17T18:26:50.209+0000] {local_task_job_runner.py:123} INFO - ::group::Pre task execution logs
[2024-10-17T18:26:50.260+0000] {taskinstance.py:2612} INFO - Dependencies all met for dep_context=non-requeueable deps ti=<TaskInstance: etl_update_stock_ferrimac.load_data_into_Redshif manual__2024-10-17T18:20:23.196594+00:00 [queued]>
[2024-10-17T18:26:50.285+0000] {taskinstance.py:2612} INFO - Dependencies all met for dep_context=requeueable deps ti=<TaskInstance: etl_update_stock_ferrimac.load_data_into_Redshif manual__2024-10-17T18:20:23.196594+00:00 [queued]>
[2024-10-17T18:26:50.287+0000] {taskinstance.py:2865} INFO - Starting attempt 1 of 2
[2024-10-17T18:26:50.337+0000] {taskinstance.py:2888} INFO - Executing <Task(PythonOperator): load_data_into_Redshif> on 2024-10-17 18:20:23.196594+00:00
[2024-10-17T18:26:50.354+0000] {warnings.py:112} WARNING - /home/***/.local/lib/python3.12/site-packages/***/task/task_runner/standard_task_runner.py:70: DeprecationWarning: This process (pid=781) is multi-threaded, use of fork() may lead to deadlocks in the child.
  pid = os.fork()

[2024-10-17T18:26:50.360+0000] {standard_task_runner.py:72} INFO - Started process 790 to run task
[2024-10-17T18:26:50.357+0000] {standard_task_runner.py:104} INFO - Running: ['***', 'tasks', 'run', 'etl_update_stock_ferrimac', 'load_data_into_Redshif', 'manual__2024-10-17T18:20:23.196594+00:00', '--job-id', '42', '--raw', '--subdir', 'DAGS_FOLDER/object_dag.py', '--cfg-path', '/tmp/tmpe2ynwkxp']
[2024-10-17T18:26:50.367+0000] {standard_task_runner.py:105} INFO - Job 42: Subtask load_data_into_Redshif
[2024-10-17T18:26:50.536+0000] {task_command.py:467} INFO - Running <TaskInstance: etl_update_stock_ferrimac.load_data_into_Redshif manual__2024-10-17T18:20:23.196594+00:00 [running]> on host 1652cc614667
[2024-10-17T18:26:50.768+0000] {taskinstance.py:3131} INFO - Exporting env vars: AIRFLOW_CTX_DAG_OWNER='***' AIRFLOW_CTX_DAG_ID='etl_update_stock_ferrimac' AIRFLOW_CTX_TASK_ID='load_data_into_Redshif' AIRFLOW_CTX_EXECUTION_DATE='2024-10-17T18:20:23.196594+00:00' AIRFLOW_CTX_TRY_NUMBER='1' AIRFLOW_CTX_DAG_RUN_ID='manual__2024-10-17T18:20:23.196594+00:00'
[2024-10-17T18:26:50.771+0000] {taskinstance.py:731} INFO - ::endgroup::
[2024-10-17T18:26:53.846+0000] {logging_mixin.py:190} INFO - Connection to Redshift successful!
[2024-10-17T18:26:54.170+0000] {logging_mixin.py:190} INFO - update from Redshift: 2024-10-17
[2024-10-17T18:27:01.310+0000] {warnings.py:112} WARNING - /home/***/.local/lib/python3.12/site-packages/pandas/io/parquet.py:189: UserWarning: The DataFrame has column names of mixed type. They will be converted to strings and not roundtrip correctly.
  table = self.api.Table.from_pandas(df, **from_pandas_kwargs)

[2024-10-17T18:27:01.472+0000] {logging_mixin.py:190} INFO - File read as parquet
[2024-10-17T19:27:09.574+0000] {logging_mixin.py:190} INFO - File loaded into Redshift table stock_monetized
[2024-10-17T19:27:09.589+0000] {python.py:240} INFO - Done. Returned value was: None
[2024-10-17T19:27:09.629+0000] {taskinstance.py:340} INFO - ::group::Post task execution logs
[2024-10-17T19:27:09.631+0000] {taskinstance.py:352} INFO - Marking task as SUCCESS. dag_id=etl_update_stock_ferrimac, task_id=load_data_into_Redshif, run_id=manual__2024-10-17T18:20:23.196594+00:00, execution_date=20241017T182023, start_date=20241017T182650, end_date=20241017T192709
[2024-10-17T19:27:09.689+0000] {local_task_job_runner.py:266} INFO - Task exited with return code 0
[2024-10-17T19:27:09.741+0000] {taskinstance.py:3900} INFO - 0 downstream tasks scheduled from follow-on schedule check
[2024-10-17T19:27:09.744+0000] {local_task_job_runner.py:245} INFO - ::endgroup::
