[2024-10-16T02:21:51.152+0000] {local_task_job_runner.py:123} INFO - ::group::Pre task execution logs
[2024-10-16T02:21:51.357+0000] {taskinstance.py:2612} INFO - Dependencies all met for dep_context=non-requeueable deps ti=<TaskInstance: etl_update_stock_ferrimac.extract_data_purchases_directory manual__2024-10-16T02:21:41.973104+00:00 [queued]>
[2024-10-16T02:21:51.412+0000] {taskinstance.py:2612} INFO - Dependencies all met for dep_context=requeueable deps ti=<TaskInstance: etl_update_stock_ferrimac.extract_data_purchases_directory manual__2024-10-16T02:21:41.973104+00:00 [queued]>
[2024-10-16T02:21:51.422+0000] {taskinstance.py:2865} INFO - Starting attempt 1 of 2
[2024-10-16T02:21:51.935+0000] {taskinstance.py:2888} INFO - Executing <Task(PythonOperator): extract_data_purchases_directory> on 2024-10-16 02:21:41.973104+00:00
[2024-10-16T02:21:52.170+0000] {warnings.py:112} WARNING - /home/***/.local/lib/python3.12/site-packages/***/task/task_runner/standard_task_runner.py:70: DeprecationWarning: This process (pid=75) is multi-threaded, use of fork() may lead to deadlocks in the child.
  pid = os.fork()

[2024-10-16T02:21:52.231+0000] {standard_task_runner.py:72} INFO - Started process 97 to run task
[2024-10-16T02:21:52.352+0000] {standard_task_runner.py:104} INFO - Running: ['***', 'tasks', 'run', 'etl_update_stock_ferrimac', 'extract_data_purchases_directory', 'manual__2024-10-16T02:21:41.973104+00:00', '--job-id', '50', '--raw', '--subdir', 'DAGS_FOLDER/object_dag.py', '--cfg-path', '/tmp/tmpo20xebi8']
[2024-10-16T02:21:52.394+0000] {standard_task_runner.py:105} INFO - Job 50: Subtask extract_data_purchases_directory
[2024-10-16T02:21:53.261+0000] {task_command.py:467} INFO - Running <TaskInstance: etl_update_stock_ferrimac.extract_data_purchases_directory manual__2024-10-16T02:21:41.973104+00:00 [running]> on host 2296928c39b5
[2024-10-16T02:22:18.851+0000] {taskinstance.py:3131} INFO - Exporting env vars: AIRFLOW_CTX_DAG_OWNER='***' AIRFLOW_CTX_DAG_ID='etl_update_stock_ferrimac' AIRFLOW_CTX_TASK_ID='extract_data_purchases_directory' AIRFLOW_CTX_EXECUTION_DATE='2024-10-16T02:21:41.973104+00:00' AIRFLOW_CTX_TRY_NUMBER='1' AIRFLOW_CTX_DAG_RUN_ID='manual__2024-10-16T02:21:41.973104+00:00'
[2024-10-16T02:22:18.889+0000] {taskinstance.py:731} INFO - ::endgroup::
[2024-10-16T02:22:19.068+0000] {logging_mixin.py:190} INFO - Directory  base_datos/compras not found.
[2024-10-16T02:22:19.083+0000] {python.py:240} INFO - Done. Returned value was: None
[2024-10-16T02:22:19.180+0000] {taskinstance.py:340} INFO - ::group::Post task execution logs
[2024-10-16T02:22:19.195+0000] {taskinstance.py:352} INFO - Marking task as SUCCESS. dag_id=etl_update_stock_ferrimac, task_id=extract_data_purchases_directory, run_id=manual__2024-10-16T02:21:41.973104+00:00, execution_date=20241016T022141, start_date=20241016T022151, end_date=20241016T022219
[2024-10-16T02:22:19.526+0000] {standard_task_runner.py:217} INFO - Process not found (most likely exited), stop collecting metrics
[2024-10-16T02:22:19.499+0000] {local_task_job_runner.py:266} INFO - Task exited with return code 0
[2024-10-16T02:22:19.866+0000] {taskinstance.py:3900} INFO - 0 downstream tasks scheduled from follow-on schedule check
[2024-10-16T02:22:19.913+0000] {local_task_job_runner.py:245} INFO - ::endgroup::
