[2024-10-28T02:55:03.403+0000] {local_task_job_runner.py:123} INFO - ::group::Pre task execution logs
[2024-10-28T02:55:03.465+0000] {taskinstance.py:2612} INFO - Dependencies all met for dep_context=non-requeueable deps ti=<TaskInstance: etl_update_stock_ferrimac.monetized_stock scheduled__2024-10-25T22:00:00+00:00 [queued]>
[2024-10-28T02:55:03.492+0000] {taskinstance.py:2612} INFO - Dependencies all met for dep_context=requeueable deps ti=<TaskInstance: etl_update_stock_ferrimac.monetized_stock scheduled__2024-10-25T22:00:00+00:00 [queued]>
[2024-10-28T02:55:03.494+0000] {taskinstance.py:2865} INFO - Starting attempt 1 of 2
[2024-10-28T02:55:03.546+0000] {taskinstance.py:2888} INFO - Executing <Task(PythonOperator): monetized_stock> on 2024-10-25 22:00:00+00:00
[2024-10-28T02:55:03.559+0000] {warnings.py:112} WARNING - /home/***/.local/lib/python3.12/site-packages/***/task/task_runner/standard_task_runner.py:70: DeprecationWarning: This process (pid=152) is multi-threaded, use of fork() may lead to deadlocks in the child.
  pid = os.fork()

[2024-10-28T02:55:03.563+0000] {standard_task_runner.py:72} INFO - Started process 158 to run task
[2024-10-28T02:55:03.567+0000] {standard_task_runner.py:104} INFO - Running: ['***', 'tasks', 'run', 'etl_update_stock_ferrimac', 'monetized_stock', 'scheduled__2024-10-25T22:00:00+00:00', '--job-id', '12', '--raw', '--subdir', 'DAGS_FOLDER/object_dag.py', '--cfg-path', '/tmp/tmpq9f2ex63']
[2024-10-28T02:55:03.573+0000] {standard_task_runner.py:105} INFO - Job 12: Subtask monetized_stock
[2024-10-28T02:55:03.693+0000] {task_command.py:467} INFO - Running <TaskInstance: etl_update_stock_ferrimac.monetized_stock scheduled__2024-10-25T22:00:00+00:00 [running]> on host 88a8f2cf215f
[2024-10-28T02:55:03.948+0000] {taskinstance.py:3131} INFO - Exporting env vars: AIRFLOW_CTX_DAG_OWNER='***' AIRFLOW_CTX_DAG_ID='etl_update_stock_ferrimac' AIRFLOW_CTX_TASK_ID='monetized_stock' AIRFLOW_CTX_EXECUTION_DATE='2024-10-25T22:00:00+00:00' AIRFLOW_CTX_TRY_NUMBER='1' AIRFLOW_CTX_DAG_RUN_ID='scheduled__2024-10-25T22:00:00+00:00'
[2024-10-28T02:55:03.951+0000] {taskinstance.py:731} INFO - ::endgroup::
[2024-10-28T02:55:07.790+0000] {warnings.py:112} WARNING - /opt/***/functions_etl/data_transform.py:35: UserWarning: Could not infer format, so each element will be parsed individually, falling back to `dateutil`. To ensure parsing is consistent and as-expected, please specify a format.
  df_stock.columns = pd.to_datetime(df_stock.columns, errors='ignore', dayfirst=True)

[2024-10-28T02:55:07.799+0000] {warnings.py:112} WARNING - /opt/***/functions_etl/data_transform.py:37: UserWarning: Could not infer format, so each element will be parsed individually, falling back to `dateutil`. To ensure parsing is consistent and as-expected, please specify a format.
  df_list_prices.columns = pd.to_datetime(df_list_prices.columns, errors='ignore', dayfirst=True)

[2024-10-28T02:55:07.802+0000] {logging_mixin.py:190} INFO - Date 2024-10-25 00:00:00 not found in df_quotes['date'].
[2024-10-28T02:55:07.804+0000] {python.py:240} INFO - Done. Returned value was: None
[2024-10-28T02:55:07.825+0000] {taskinstance.py:340} INFO - ::group::Post task execution logs
[2024-10-28T02:55:07.827+0000] {taskinstance.py:352} INFO - Marking task as SUCCESS. dag_id=etl_update_stock_ferrimac, task_id=monetized_stock, run_id=scheduled__2024-10-25T22:00:00+00:00, execution_date=20241025T220000, start_date=20241028T025503, end_date=20241028T025507
[2024-10-28T02:55:07.885+0000] {local_task_job_runner.py:266} INFO - Task exited with return code 0
[2024-10-28T02:55:07.932+0000] {taskinstance.py:3900} INFO - 1 downstream tasks scheduled from follow-on schedule check
[2024-10-28T02:55:07.937+0000] {local_task_job_runner.py:245} INFO - ::endgroup::
