[2024-10-14T15:28:11.432+0000] {local_task_job_runner.py:123} INFO - ::group::Pre task execution logs
[2024-10-14T15:28:11.486+0000] {taskinstance.py:2612} INFO - Dependencies all met for dep_context=non-requeueable deps ti=<TaskInstance: etl_update_stock_ferrimac.extract_data_purchases_directory scheduled__2024-10-13T00:00:00+00:00 [queued]>
[2024-10-14T15:28:11.514+0000] {taskinstance.py:2612} INFO - Dependencies all met for dep_context=requeueable deps ti=<TaskInstance: etl_update_stock_ferrimac.extract_data_purchases_directory scheduled__2024-10-13T00:00:00+00:00 [queued]>
[2024-10-14T15:28:11.515+0000] {taskinstance.py:2865} INFO - Starting attempt 1 of 2
[2024-10-14T15:28:11.562+0000] {taskinstance.py:2888} INFO - Executing <Task(PythonOperator): extract_data_purchases_directory> on 2024-10-13 00:00:00+00:00
[2024-10-14T15:28:11.579+0000] {warnings.py:112} WARNING - /home/***/.local/lib/python3.12/site-packages/***/task/task_runner/standard_task_runner.py:70: DeprecationWarning: This process (pid=501) is multi-threaded, use of fork() may lead to deadlocks in the child.
  pid = os.fork()

[2024-10-14T15:28:11.583+0000] {standard_task_runner.py:72} INFO - Started process 513 to run task
[2024-10-14T15:28:11.586+0000] {standard_task_runner.py:104} INFO - Running: ['***', 'tasks', 'run', 'etl_update_stock_ferrimac', 'extract_data_purchases_directory', 'scheduled__2024-10-13T00:00:00+00:00', '--job-id', '5', '--raw', '--subdir', 'DAGS_FOLDER/object_dag.py', '--cfg-path', '/tmp/tmpvicoluxt']
[2024-10-14T15:28:11.595+0000] {standard_task_runner.py:105} INFO - Job 5: Subtask extract_data_purchases_directory
[2024-10-14T15:28:11.737+0000] {task_command.py:467} INFO - Running <TaskInstance: etl_update_stock_ferrimac.extract_data_purchases_directory scheduled__2024-10-13T00:00:00+00:00 [running]> on host 980b178b5945
[2024-10-14T15:28:15.306+0000] {taskinstance.py:3131} INFO - Exporting env vars: AIRFLOW_CTX_DAG_OWNER='***' AIRFLOW_CTX_DAG_ID='etl_update_stock_ferrimac' AIRFLOW_CTX_TASK_ID='extract_data_purchases_directory' AIRFLOW_CTX_EXECUTION_DATE='2024-10-13T00:00:00+00:00' AIRFLOW_CTX_TRY_NUMBER='1' AIRFLOW_CTX_DAG_RUN_ID='scheduled__2024-10-13T00:00:00+00:00'
[2024-10-14T15:28:15.309+0000] {taskinstance.py:731} INFO - ::endgroup::
[2024-10-14T15:28:15.360+0000] {logging_mixin.py:190} INFO - Directory  base_datos/compras not found.
[2024-10-14T15:28:15.363+0000] {python.py:240} INFO - Done. Returned value was: None
[2024-10-14T15:28:15.390+0000] {taskinstance.py:340} INFO - ::group::Post task execution logs
[2024-10-14T15:28:15.392+0000] {taskinstance.py:352} INFO - Marking task as SUCCESS. dag_id=etl_update_stock_ferrimac, task_id=extract_data_purchases_directory, run_id=scheduled__2024-10-13T00:00:00+00:00, execution_date=20241013T000000, start_date=20241014T152811, end_date=20241014T152815
[2024-10-14T15:28:15.500+0000] {local_task_job_runner.py:266} INFO - Task exited with return code 0
[2024-10-14T15:28:15.630+0000] {taskinstance.py:3900} INFO - 0 downstream tasks scheduled from follow-on schedule check
[2024-10-14T15:28:15.637+0000] {local_task_job_runner.py:245} INFO - ::endgroup::
[2024-10-14T19:23:43.159+0000] {local_task_job_runner.py:123} INFO - ::group::Pre task execution logs
[2024-10-14T19:23:43.193+0000] {taskinstance.py:2612} INFO - Dependencies all met for dep_context=non-requeueable deps ti=<TaskInstance: etl_update_stock_ferrimac.extract_data_purchases_directory scheduled__2024-10-13T00:00:00+00:00 [queued]>
[2024-10-14T19:23:43.211+0000] {taskinstance.py:2612} INFO - Dependencies all met for dep_context=requeueable deps ti=<TaskInstance: etl_update_stock_ferrimac.extract_data_purchases_directory scheduled__2024-10-13T00:00:00+00:00 [queued]>
[2024-10-14T19:23:43.212+0000] {taskinstance.py:2865} INFO - Starting attempt 1 of 2
[2024-10-14T19:23:43.241+0000] {taskinstance.py:2888} INFO - Executing <Task(PythonOperator): extract_data_purchases_directory> on 2024-10-13 00:00:00+00:00
[2024-10-14T19:23:43.261+0000] {warnings.py:112} WARNING - /home/***/.local/lib/python3.12/site-packages/***/task/task_runner/standard_task_runner.py:70: DeprecationWarning: This process (pid=262) is multi-threaded, use of fork() may lead to deadlocks in the child.
  pid = os.fork()

[2024-10-14T19:23:43.263+0000] {standard_task_runner.py:72} INFO - Started process 277 to run task
[2024-10-14T19:23:43.266+0000] {standard_task_runner.py:104} INFO - Running: ['***', 'tasks', 'run', 'etl_update_stock_ferrimac', 'extract_data_purchases_directory', 'scheduled__2024-10-13T00:00:00+00:00', '--job-id', '6', '--raw', '--subdir', 'DAGS_FOLDER/object_dag.py', '--cfg-path', '/tmp/tmp77fvc1hp']
[2024-10-14T19:23:43.297+0000] {standard_task_runner.py:105} INFO - Job 6: Subtask extract_data_purchases_directory
[2024-10-14T19:23:43.522+0000] {task_command.py:467} INFO - Running <TaskInstance: etl_update_stock_ferrimac.extract_data_purchases_directory scheduled__2024-10-13T00:00:00+00:00 [running]> on host db7b86ef1031
[2024-10-14T19:23:45.515+0000] {taskinstance.py:3131} INFO - Exporting env vars: AIRFLOW_CTX_DAG_OWNER='***' AIRFLOW_CTX_DAG_ID='etl_update_stock_ferrimac' AIRFLOW_CTX_TASK_ID='extract_data_purchases_directory' AIRFLOW_CTX_EXECUTION_DATE='2024-10-13T00:00:00+00:00' AIRFLOW_CTX_TRY_NUMBER='1' AIRFLOW_CTX_DAG_RUN_ID='scheduled__2024-10-13T00:00:00+00:00'
[2024-10-14T19:23:45.528+0000] {taskinstance.py:731} INFO - ::endgroup::
[2024-10-14T19:23:45.560+0000] {logging_mixin.py:190} INFO - Directory  base_datos/compras not found.
[2024-10-14T19:23:45.561+0000] {python.py:240} INFO - Done. Returned value was: None
[2024-10-14T19:23:45.585+0000] {taskinstance.py:340} INFO - ::group::Post task execution logs
[2024-10-14T19:23:45.585+0000] {taskinstance.py:352} INFO - Marking task as SUCCESS. dag_id=etl_update_stock_ferrimac, task_id=extract_data_purchases_directory, run_id=scheduled__2024-10-13T00:00:00+00:00, execution_date=20241013T000000, start_date=20241014T192343, end_date=20241014T192345
[2024-10-14T19:23:45.655+0000] {local_task_job_runner.py:266} INFO - Task exited with return code 0
[2024-10-14T19:23:45.690+0000] {taskinstance.py:3900} INFO - 0 downstream tasks scheduled from follow-on schedule check
[2024-10-14T19:23:45.693+0000] {local_task_job_runner.py:245} INFO - ::endgroup::
[2024-10-14T23:55:29.561+0000] {local_task_job_runner.py:123} INFO - ::group::Pre task execution logs
[2024-10-14T23:55:29.587+0000] {taskinstance.py:2612} INFO - Dependencies all met for dep_context=non-requeueable deps ti=<TaskInstance: etl_update_stock_ferrimac.extract_data_purchases_directory scheduled__2024-10-13T00:00:00+00:00 [queued]>
[2024-10-14T23:55:29.602+0000] {taskinstance.py:2612} INFO - Dependencies all met for dep_context=requeueable deps ti=<TaskInstance: etl_update_stock_ferrimac.extract_data_purchases_directory scheduled__2024-10-13T00:00:00+00:00 [queued]>
[2024-10-14T23:55:29.602+0000] {taskinstance.py:2865} INFO - Starting attempt 1 of 2
[2024-10-14T23:55:29.621+0000] {taskinstance.py:2888} INFO - Executing <Task(PythonOperator): extract_data_purchases_directory> on 2024-10-13 00:00:00+00:00
[2024-10-14T23:55:29.634+0000] {warnings.py:112} WARNING - /home/***/.local/lib/python3.12/site-packages/***/task/task_runner/standard_task_runner.py:70: DeprecationWarning: This process (pid=121) is multi-threaded, use of fork() may lead to deadlocks in the child.
  pid = os.fork()

[2024-10-14T23:55:29.637+0000] {standard_task_runner.py:72} INFO - Started process 132 to run task
[2024-10-14T23:55:29.637+0000] {standard_task_runner.py:104} INFO - Running: ['***', 'tasks', 'run', 'etl_update_stock_ferrimac', 'extract_data_purchases_directory', 'scheduled__2024-10-13T00:00:00+00:00', '--job-id', '5', '--raw', '--subdir', 'DAGS_FOLDER/object_dag.py', '--cfg-path', '/tmp/tmpphr1u2o3']
[2024-10-14T23:55:29.649+0000] {standard_task_runner.py:105} INFO - Job 5: Subtask extract_data_purchases_directory
[2024-10-14T23:55:29.746+0000] {task_command.py:467} INFO - Running <TaskInstance: etl_update_stock_ferrimac.extract_data_purchases_directory scheduled__2024-10-13T00:00:00+00:00 [running]> on host 038337c3b9ed
[2024-10-14T23:55:30.551+0000] {taskinstance.py:3131} INFO - Exporting env vars: AIRFLOW_CTX_DAG_OWNER='***' AIRFLOW_CTX_DAG_ID='etl_update_stock_ferrimac' AIRFLOW_CTX_TASK_ID='extract_data_purchases_directory' AIRFLOW_CTX_EXECUTION_DATE='2024-10-13T00:00:00+00:00' AIRFLOW_CTX_TRY_NUMBER='1' AIRFLOW_CTX_DAG_RUN_ID='scheduled__2024-10-13T00:00:00+00:00'
[2024-10-14T23:55:30.553+0000] {taskinstance.py:731} INFO - ::endgroup::
[2024-10-14T23:55:30.569+0000] {logging_mixin.py:190} INFO - Directory  base_datos/compras not found.
[2024-10-14T23:55:30.570+0000] {python.py:240} INFO - Done. Returned value was: None
[2024-10-14T23:55:30.588+0000] {taskinstance.py:340} INFO - ::group::Post task execution logs
[2024-10-14T23:55:30.590+0000] {taskinstance.py:352} INFO - Marking task as SUCCESS. dag_id=etl_update_stock_ferrimac, task_id=extract_data_purchases_directory, run_id=scheduled__2024-10-13T00:00:00+00:00, execution_date=20241013T000000, start_date=20241014T235529, end_date=20241014T235530
[2024-10-14T23:55:30.683+0000] {local_task_job_runner.py:266} INFO - Task exited with return code 0
[2024-10-14T23:55:30.696+0000] {local_task_job_runner.py:245} INFO - ::endgroup::
