[2024-10-17T16:53:54.190+0000] {local_task_job_runner.py:123} INFO - ::group::Pre task execution logs
[2024-10-17T16:53:54.224+0000] {taskinstance.py:2612} INFO - Dependencies all met for dep_context=non-requeueable deps ti=<TaskInstance: etl_update_stock_ferrimac.extract_task_api manual__2024-10-17T16:47:04.432785+00:00 [queued]>
[2024-10-17T16:53:54.240+0000] {taskinstance.py:2612} INFO - Dependencies all met for dep_context=requeueable deps ti=<TaskInstance: etl_update_stock_ferrimac.extract_task_api manual__2024-10-17T16:47:04.432785+00:00 [queued]>
[2024-10-17T16:53:54.241+0000] {taskinstance.py:2865} INFO - Starting attempt 2 of 2
[2024-10-17T16:53:54.279+0000] {taskinstance.py:2888} INFO - Executing <Task(PythonOperator): extract_task_api> on 2024-10-17 16:47:04.432785+00:00
[2024-10-17T16:53:54.290+0000] {warnings.py:112} WARNING - /home/***/.local/lib/python3.12/site-packages/***/task/task_runner/standard_task_runner.py:70: DeprecationWarning: This process (pid=165) is multi-threaded, use of fork() may lead to deadlocks in the child.
  pid = os.fork()

[2024-10-17T16:53:54.296+0000] {standard_task_runner.py:72} INFO - Started process 167 to run task
[2024-10-17T16:53:54.296+0000] {standard_task_runner.py:104} INFO - Running: ['***', 'tasks', 'run', 'etl_update_stock_ferrimac', 'extract_task_api', 'manual__2024-10-17T16:47:04.432785+00:00', '--job-id', '38', '--raw', '--subdir', 'DAGS_FOLDER/object_dag.py', '--cfg-path', '/tmp/tmpghyu20t2']
[2024-10-17T16:53:54.301+0000] {standard_task_runner.py:105} INFO - Job 38: Subtask extract_task_api
[2024-10-17T16:53:54.396+0000] {task_command.py:467} INFO - Running <TaskInstance: etl_update_stock_ferrimac.extract_task_api manual__2024-10-17T16:47:04.432785+00:00 [running]> on host 1ab1bf654054
[2024-10-17T16:53:54.591+0000] {taskinstance.py:3131} INFO - Exporting env vars: AIRFLOW_CTX_DAG_OWNER='***' AIRFLOW_CTX_DAG_ID='etl_update_stock_ferrimac' AIRFLOW_CTX_TASK_ID='extract_task_api' AIRFLOW_CTX_EXECUTION_DATE='2024-10-17T16:47:04.432785+00:00' AIRFLOW_CTX_TRY_NUMBER='2' AIRFLOW_CTX_DAG_RUN_ID='manual__2024-10-17T16:47:04.432785+00:00'
[2024-10-17T16:53:54.594+0000] {taskinstance.py:731} INFO - ::endgroup::
[2024-10-17T16:54:47.905+0000] {logging_mixin.py:190} INFO - Current dolar rates: 980.582402 ARS
[2024-10-17T16:54:47.910+0000] {logging_mixin.py:190} INFO - {'date': '2024-10-17', 'price': 980.582402}
[2024-10-17T16:54:47.937+0000] {logging_mixin.py:190} INFO - Record of day 2024-10-17 just exist. Not add again.
[2024-10-17T16:54:47.938+0000] {python.py:240} INFO - Done. Returned value was:           date       price
0   2024-09-09  957.763020
1   2024-09-10  957.430504
2   2024-09-11  957.741278
3   2024-09-12  959.995667
4   2024-09-13  958.043112
5   2024-09-14  959.250402
6   2024-09-15  959.249945
7   2024-09-16  960.448297
8   2024-09-17  961.241401
9   2024-09-18  962.250058
10  2024-09-19  962.754297
11  2024-09-20  961.531104
12  2024-09-21  961.359012
13  2024-09-22  962.642198
14  2024-09-23  965.232700
15  2024-09-24  965.262902
16  2024-09-25  968.500099
17  2024-09-26  967.232698
18  2024-09-27  965.466231
19  2024-09-28  965.466231
20  2024-09-29  965.617504
21  2024-09-30  968.767443
22  2024-10-01  969.592296
23  2024-10-02  970.245698
24  2024-10-03  971.736897
25  2024-10-04  975.742773
26  2024-10-05  975.742773
27  2024-10-06  976.734404
28  2024-10-07  974.829898
29  2024-10-08  974.254402
30  2024-10-09  974.741097
31  2024-10-11  973.490388
32  2024-10-16  980.718400
33  2024-10-17  980.227502
[2024-10-17T16:54:48.030+0000] {taskinstance.py:340} INFO - ::group::Post task execution logs
[2024-10-17T16:54:48.031+0000] {taskinstance.py:352} INFO - Marking task as SUCCESS. dag_id=etl_update_stock_ferrimac, task_id=extract_task_api, run_id=manual__2024-10-17T16:47:04.432785+00:00, execution_date=20241017T164704, start_date=20241017T165354, end_date=20241017T165448
[2024-10-17T16:54:48.083+0000] {local_task_job_runner.py:266} INFO - Task exited with return code 0
[2024-10-17T16:54:48.121+0000] {taskinstance.py:3900} INFO - 1 downstream tasks scheduled from follow-on schedule check
[2024-10-17T16:54:48.125+0000] {local_task_job_runner.py:245} INFO - ::endgroup::
