[2024-10-28T03:07:46.171+0000] {local_task_job_runner.py:123} INFO - ::group::Pre task execution logs
[2024-10-28T03:07:46.217+0000] {taskinstance.py:2612} INFO - Dependencies all met for dep_context=non-requeueable deps ti=<TaskInstance: etl_update_stock_ferrimac.extract_data_sells_directory manual__2024-10-28T03:07:43.354275+00:00 [queued]>
[2024-10-28T03:07:46.237+0000] {taskinstance.py:2612} INFO - Dependencies all met for dep_context=requeueable deps ti=<TaskInstance: etl_update_stock_ferrimac.extract_data_sells_directory manual__2024-10-28T03:07:43.354275+00:00 [queued]>
[2024-10-28T03:07:46.238+0000] {taskinstance.py:2865} INFO - Starting attempt 1 of 2
[2024-10-28T03:07:46.268+0000] {taskinstance.py:2888} INFO - Executing <Task(PythonOperator): extract_data_sells_directory> on 2024-10-28 03:07:43.354275+00:00
[2024-10-28T03:07:46.282+0000] {warnings.py:112} WARNING - /home/***/.local/lib/python3.12/site-packages/***/task/task_runner/standard_task_runner.py:70: DeprecationWarning: This process (pid=333) is multi-threaded, use of fork() may lead to deadlocks in the child.
  pid = os.fork()

[2024-10-28T03:07:46.287+0000] {standard_task_runner.py:72} INFO - Started process 339 to run task
[2024-10-28T03:07:46.289+0000] {standard_task_runner.py:104} INFO - Running: ['***', 'tasks', 'run', 'etl_update_stock_ferrimac', 'extract_data_sells_directory', 'manual__2024-10-28T03:07:43.354275+00:00', '--job-id', '16', '--raw', '--subdir', 'DAGS_FOLDER/object_dag.py', '--cfg-path', '/tmp/tmpzaot22j_']
[2024-10-28T03:07:46.300+0000] {standard_task_runner.py:105} INFO - Job 16: Subtask extract_data_sells_directory
[2024-10-28T03:07:46.441+0000] {task_command.py:467} INFO - Running <TaskInstance: etl_update_stock_ferrimac.extract_data_sells_directory manual__2024-10-28T03:07:43.354275+00:00 [running]> on host 88a8f2cf215f
[2024-10-28T03:07:46.687+0000] {taskinstance.py:3131} INFO - Exporting env vars: AIRFLOW_CTX_DAG_OWNER='***' AIRFLOW_CTX_DAG_ID='etl_update_stock_ferrimac' AIRFLOW_CTX_TASK_ID='extract_data_sells_directory' AIRFLOW_CTX_EXECUTION_DATE='2024-10-28T03:07:43.354275+00:00' AIRFLOW_CTX_TRY_NUMBER='1' AIRFLOW_CTX_DAG_RUN_ID='manual__2024-10-28T03:07:43.354275+00:00'
[2024-10-28T03:07:46.690+0000] {taskinstance.py:731} INFO - ::endgroup::
[2024-10-28T03:07:47.372+0000] {logging_mixin.py:190} INFO - File 'ventas_unidades.xlsx' moved to stock folder correctly.
[2024-10-28T03:07:47.374+0000] {python.py:240} INFO - Done. Returned value was: None
[2024-10-28T03:07:47.403+0000] {taskinstance.py:340} INFO - ::group::Post task execution logs
[2024-10-28T03:07:47.405+0000] {taskinstance.py:352} INFO - Marking task as SUCCESS. dag_id=etl_update_stock_ferrimac, task_id=extract_data_sells_directory, run_id=manual__2024-10-28T03:07:43.354275+00:00, execution_date=20241028T030743, start_date=20241028T030746, end_date=20241028T030747
[2024-10-28T03:07:47.478+0000] {local_task_job_runner.py:266} INFO - Task exited with return code 0
[2024-10-28T03:07:47.548+0000] {taskinstance.py:3900} INFO - 0 downstream tasks scheduled from follow-on schedule check
[2024-10-28T03:07:47.553+0000] {local_task_job_runner.py:245} INFO - ::endgroup::
