[2024-10-16T05:02:34.408+0000] {local_task_job_runner.py:123} INFO - ::group::Pre task execution logs
[2024-10-16T05:02:34.496+0000] {taskinstance.py:2612} INFO - Dependencies all met for dep_context=non-requeueable deps ti=<TaskInstance: etl_update_stock_ferrimac.extract_data_purchases_directory manual__2024-10-16T05:02:30.869902+00:00 [queued]>
[2024-10-16T05:02:34.557+0000] {taskinstance.py:2612} INFO - Dependencies all met for dep_context=requeueable deps ti=<TaskInstance: etl_update_stock_ferrimac.extract_data_purchases_directory manual__2024-10-16T05:02:30.869902+00:00 [queued]>
[2024-10-16T05:02:34.561+0000] {taskinstance.py:2865} INFO - Starting attempt 1 of 2
[2024-10-16T05:02:34.625+0000] {taskinstance.py:2888} INFO - Executing <Task(PythonOperator): extract_data_purchases_directory> on 2024-10-16 05:02:30.869902+00:00
[2024-10-16T05:02:34.650+0000] {warnings.py:112} WARNING - /home/***/.local/lib/python3.12/site-packages/***/task/task_runner/standard_task_runner.py:70: DeprecationWarning: This process (pid=336) is multi-threaded, use of fork() may lead to deadlocks in the child.
  pid = os.fork()

[2024-10-16T05:02:34.663+0000] {standard_task_runner.py:72} INFO - Started process 344 to run task
[2024-10-16T05:02:34.666+0000] {standard_task_runner.py:104} INFO - Running: ['***', 'tasks', 'run', 'etl_update_stock_ferrimac', 'extract_data_purchases_directory', 'manual__2024-10-16T05:02:30.869902+00:00', '--job-id', '15', '--raw', '--subdir', 'DAGS_FOLDER/object_dag.py', '--cfg-path', '/tmp/tmp5k2554_r']
[2024-10-16T05:02:34.684+0000] {standard_task_runner.py:105} INFO - Job 15: Subtask extract_data_purchases_directory
[2024-10-16T05:02:34.886+0000] {task_command.py:467} INFO - Running <TaskInstance: etl_update_stock_ferrimac.extract_data_purchases_directory manual__2024-10-16T05:02:30.869902+00:00 [running]> on host 5eb5ec31bb35
[2024-10-16T05:02:35.536+0000] {taskinstance.py:3131} INFO - Exporting env vars: AIRFLOW_CTX_DAG_OWNER='***' AIRFLOW_CTX_DAG_ID='etl_update_stock_ferrimac' AIRFLOW_CTX_TASK_ID='extract_data_purchases_directory' AIRFLOW_CTX_EXECUTION_DATE='2024-10-16T05:02:30.869902+00:00' AIRFLOW_CTX_TRY_NUMBER='1' AIRFLOW_CTX_DAG_RUN_ID='manual__2024-10-16T05:02:30.869902+00:00'
[2024-10-16T05:02:35.540+0000] {taskinstance.py:731} INFO - ::endgroup::
[2024-10-16T05:02:35.592+0000] {logging_mixin.py:190} INFO - Directory  base_datos/compras not found.
[2024-10-16T05:02:35.601+0000] {python.py:240} INFO - Done. Returned value was: None
[2024-10-16T05:02:35.640+0000] {taskinstance.py:340} INFO - ::group::Post task execution logs
[2024-10-16T05:02:35.642+0000] {taskinstance.py:352} INFO - Marking task as SUCCESS. dag_id=etl_update_stock_ferrimac, task_id=extract_data_purchases_directory, run_id=manual__2024-10-16T05:02:30.869902+00:00, execution_date=20241016T050230, start_date=20241016T050234, end_date=20241016T050235
[2024-10-16T05:02:35.734+0000] {local_task_job_runner.py:266} INFO - Task exited with return code 0
[2024-10-16T05:02:35.789+0000] {taskinstance.py:3900} INFO - 0 downstream tasks scheduled from follow-on schedule check
[2024-10-16T05:02:35.804+0000] {local_task_job_runner.py:245} INFO - ::endgroup::
