[2024-10-30T22:12:21.000+0000] {local_task_job_runner.py:123} INFO - ::group::Pre task execution logs
[2024-10-30T22:12:21.020+0000] {taskinstance.py:2612} INFO - Dependencies all met for dep_context=non-requeueable deps ti=<TaskInstance: etl_update_stock_ferrimac.extract_data_sells_directory manual__2024-10-30T22:12:19.478537+00:00 [queued]>
[2024-10-30T22:12:21.032+0000] {taskinstance.py:2612} INFO - Dependencies all met for dep_context=requeueable deps ti=<TaskInstance: etl_update_stock_ferrimac.extract_data_sells_directory manual__2024-10-30T22:12:19.478537+00:00 [queued]>
[2024-10-30T22:12:21.032+0000] {taskinstance.py:2865} INFO - Starting attempt 1 of 2
[2024-10-30T22:12:21.062+0000] {taskinstance.py:2888} INFO - Executing <Task(PythonOperator): extract_data_sells_directory> on 2024-10-30 22:12:19.478537+00:00
[2024-10-30T22:12:21.072+0000] {warnings.py:112} WARNING - /home/***/.local/lib/python3.12/site-packages/***/task/task_runner/standard_task_runner.py:70: DeprecationWarning: This process (pid=369) is multi-threaded, use of fork() may lead to deadlocks in the child.
  pid = os.fork()

[2024-10-30T22:12:21.075+0000] {standard_task_runner.py:72} INFO - Started process 376 to run task
[2024-10-30T22:12:21.074+0000] {standard_task_runner.py:104} INFO - Running: ['***', 'tasks', 'run', 'etl_update_stock_ferrimac', 'extract_data_sells_directory', 'manual__2024-10-30T22:12:19.478537+00:00', '--job-id', '25', '--raw', '--subdir', 'DAGS_FOLDER/object_dag.py', '--cfg-path', '/tmp/tmp8y5ermqs']
[2024-10-30T22:12:21.079+0000] {standard_task_runner.py:105} INFO - Job 25: Subtask extract_data_sells_directory
[2024-10-30T22:12:21.146+0000] {task_command.py:467} INFO - Running <TaskInstance: etl_update_stock_ferrimac.extract_data_sells_directory manual__2024-10-30T22:12:19.478537+00:00 [running]> on host be19b514443c
[2024-10-30T22:12:21.270+0000] {taskinstance.py:3131} INFO - Exporting env vars: AIRFLOW_CTX_DAG_OWNER='***' AIRFLOW_CTX_DAG_ID='etl_update_stock_ferrimac' AIRFLOW_CTX_TASK_ID='extract_data_sells_directory' AIRFLOW_CTX_EXECUTION_DATE='2024-10-30T22:12:19.478537+00:00' AIRFLOW_CTX_TRY_NUMBER='1' AIRFLOW_CTX_DAG_RUN_ID='manual__2024-10-30T22:12:19.478537+00:00'
[2024-10-30T22:12:21.272+0000] {taskinstance.py:731} INFO - ::endgroup::
[2024-10-30T22:12:22.157+0000] {extract_file_sells_to_stock.py:29} INFO - Base directory set to './base_datos/'
[2024-10-30T22:12:22.159+0000] {extract_file_sells_to_stock.py:35} INFO - Origin directory: base_datos/ventas
[2024-10-30T22:12:22.161+0000] {extract_file_sells_to_stock.py:36} INFO - Destination directory: base_datos/inventario
[2024-10-30T22:12:22.165+0000] {extract_file_sells_to_stock.py:51} INFO - Origin file path set to 'base_datos/ventas/ventas_unidades.xlsx'
[2024-10-30T22:12:22.172+0000] {extract_file_sells_to_stock.py:56} INFO - Destination file path set to 'base_datos/inventario/ventas_unidades.xlsx'
[2024-10-30T22:12:22.173+0000] {extract_file_sells_to_stock.py:58} INFO - Attempting to copy 'base_datos/ventas/ventas_unidades.xlsx' to 'base_datos/inventario/ventas_unidades.xlsx'
[2024-10-30T22:12:22.234+0000] {extract_file_sells_to_stock.py:61} INFO - File 'ventas_unidades.xlsx' moved to stock folder successfully.
[2024-10-30T22:12:22.235+0000] {python.py:240} INFO - Done. Returned value was: None
[2024-10-30T22:12:22.262+0000] {taskinstance.py:340} INFO - ::group::Post task execution logs
[2024-10-30T22:12:22.264+0000] {taskinstance.py:352} INFO - Marking task as SUCCESS. dag_id=etl_update_stock_ferrimac, task_id=extract_data_sells_directory, run_id=manual__2024-10-30T22:12:19.478537+00:00, execution_date=20241030T221219, start_date=20241030T221221, end_date=20241030T221222
[2024-10-30T22:12:22.352+0000] {local_task_job_runner.py:266} INFO - Task exited with return code 0
[2024-10-30T22:12:22.424+0000] {taskinstance.py:3900} INFO - 0 downstream tasks scheduled from follow-on schedule check
[2024-10-30T22:12:22.431+0000] {local_task_job_runner.py:245} INFO - ::endgroup::
