[2024-10-15T17:42:33.653+0000] {local_task_job_runner.py:123} INFO - ::group::Pre task execution logs
[2024-10-15T17:42:33.796+0000] {taskinstance.py:2612} INFO - Dependencies all met for dep_context=non-requeueable deps ti=<TaskInstance: etl_update_stock_ferrimac.extract_task_api manual__2024-10-15T17:42:16.022255+00:00 [queued]>
[2024-10-15T17:42:33.862+0000] {taskinstance.py:2612} INFO - Dependencies all met for dep_context=requeueable deps ti=<TaskInstance: etl_update_stock_ferrimac.extract_task_api manual__2024-10-15T17:42:16.022255+00:00 [queued]>
[2024-10-15T17:42:33.864+0000] {taskinstance.py:2865} INFO - Starting attempt 1 of 2
[2024-10-15T17:42:33.959+0000] {taskinstance.py:2888} INFO - Executing <Task(PythonOperator): extract_task_api> on 2024-10-15 17:42:16.022255+00:00
[2024-10-15T17:42:34.049+0000] {warnings.py:112} WARNING - /home/***/.local/lib/python3.12/site-packages/***/task/task_runner/standard_task_runner.py:70: DeprecationWarning: This process (pid=610) is multi-threaded, use of fork() may lead to deadlocks in the child.
  pid = os.fork()

[2024-10-15T17:42:34.065+0000] {standard_task_runner.py:72} INFO - Started process 616 to run task
[2024-10-15T17:42:34.061+0000] {standard_task_runner.py:104} INFO - Running: ['***', 'tasks', 'run', 'etl_update_stock_ferrimac', 'extract_task_api', 'manual__2024-10-15T17:42:16.022255+00:00', '--job-id', '33', '--raw', '--subdir', 'DAGS_FOLDER/object_dag.py', '--cfg-path', '/tmp/tmpzfanzzok']
[2024-10-15T17:42:34.094+0000] {standard_task_runner.py:105} INFO - Job 33: Subtask extract_task_api
[2024-10-15T17:42:34.440+0000] {task_command.py:467} INFO - Running <TaskInstance: etl_update_stock_ferrimac.extract_task_api manual__2024-10-15T17:42:16.022255+00:00 [running]> on host 2296928c39b5
[2024-10-15T17:42:38.918+0000] {taskinstance.py:3131} INFO - Exporting env vars: AIRFLOW_CTX_DAG_OWNER='***' AIRFLOW_CTX_DAG_ID='etl_update_stock_ferrimac' AIRFLOW_CTX_TASK_ID='extract_task_api' AIRFLOW_CTX_EXECUTION_DATE='2024-10-15T17:42:16.022255+00:00' AIRFLOW_CTX_TRY_NUMBER='1' AIRFLOW_CTX_DAG_RUN_ID='manual__2024-10-15T17:42:16.022255+00:00'
[2024-10-15T17:42:38.921+0000] {taskinstance.py:731} INFO - ::endgroup::
[2024-10-15T17:42:40.790+0000] {logging_mixin.py:190} INFO - Current dolar rates: 979.25452 ARS
[2024-10-15T17:42:40.796+0000] {logging_mixin.py:190} INFO - base_datos/inventario/data_price.csv
[2024-10-15T17:42:40.872+0000] {logging_mixin.py:190} INFO - Record of day 2024-10-15 just exist. Not add again.
[2024-10-15T17:42:40.874+0000] {python.py:240} INFO - Done. Returned value was:          date       price
0  2024-10-15  979.763503
[2024-10-15T17:42:41.213+0000] {taskinstance.py:340} INFO - ::group::Post task execution logs
[2024-10-15T17:42:41.219+0000] {taskinstance.py:352} INFO - Marking task as SUCCESS. dag_id=etl_update_stock_ferrimac, task_id=extract_task_api, run_id=manual__2024-10-15T17:42:16.022255+00:00, execution_date=20241015T174216, start_date=20241015T174233, end_date=20241015T174241
[2024-10-15T17:42:41.363+0000] {local_task_job_runner.py:266} INFO - Task exited with return code 0
[2024-10-15T17:42:41.461+0000] {taskinstance.py:3900} INFO - 0 downstream tasks scheduled from follow-on schedule check
[2024-10-15T17:42:41.468+0000] {local_task_job_runner.py:245} INFO - ::endgroup::
