[2024-10-30T11:59:05.681+0000] {local_task_job_runner.py:123} INFO - ::group::Pre task execution logs
[2024-10-30T11:59:05.780+0000] {taskinstance.py:2612} INFO - Dependencies all met for dep_context=non-requeueable deps ti=<TaskInstance: etl_update_stock_ferrimac.stock_update manual__2024-10-30T11:58:39.907397+00:00 [queued]>
[2024-10-30T11:59:05.839+0000] {taskinstance.py:2612} INFO - Dependencies all met for dep_context=requeueable deps ti=<TaskInstance: etl_update_stock_ferrimac.stock_update manual__2024-10-30T11:58:39.907397+00:00 [queued]>
[2024-10-30T11:59:05.840+0000] {taskinstance.py:2865} INFO - Starting attempt 1 of 2
[2024-10-30T11:59:05.919+0000] {taskinstance.py:2888} INFO - Executing <Task(PythonOperator): stock_update> on 2024-10-30 11:58:39.907397+00:00
[2024-10-30T11:59:05.992+0000] {warnings.py:112} WARNING - /home/***/.local/lib/python3.12/site-packages/***/task/task_runner/standard_task_runner.py:70: DeprecationWarning: This process (pid=159) is multi-threaded, use of fork() may lead to deadlocks in the child.
  pid = os.fork()

[2024-10-30T11:59:06.009+0000] {standard_task_runner.py:72} INFO - Started process 169 to run task
[2024-10-30T11:59:06.017+0000] {standard_task_runner.py:104} INFO - Running: ['***', 'tasks', 'run', 'etl_update_stock_ferrimac', 'stock_update', 'manual__2024-10-30T11:58:39.907397+00:00', '--job-id', '9', '--raw', '--subdir', 'DAGS_FOLDER/object_dag.py', '--cfg-path', '/tmp/tmp__nvtbfk']
[2024-10-30T11:59:06.037+0000] {standard_task_runner.py:105} INFO - Job 9: Subtask stock_update
[2024-10-30T11:59:06.314+0000] {task_command.py:467} INFO - Running <TaskInstance: etl_update_stock_ferrimac.stock_update manual__2024-10-30T11:58:39.907397+00:00 [running]> on host 0d5052666bc5
[2024-10-30T11:59:06.722+0000] {taskinstance.py:3131} INFO - Exporting env vars: AIRFLOW_CTX_DAG_OWNER='***' AIRFLOW_CTX_DAG_ID='etl_update_stock_ferrimac' AIRFLOW_CTX_TASK_ID='stock_update' AIRFLOW_CTX_EXECUTION_DATE='2024-10-30T11:58:39.907397+00:00' AIRFLOW_CTX_TRY_NUMBER='1' AIRFLOW_CTX_DAG_RUN_ID='manual__2024-10-30T11:58:39.907397+00:00'
[2024-10-30T11:59:06.725+0000] {taskinstance.py:731} INFO - ::endgroup::
[2024-10-30T11:59:12.164+0000] {update_stock.py:72} INFO - Stock updated for date 2024-10-30 00:00:00.
[2024-10-30T11:59:14.066+0000] {update_stock.py:79} INFO - Stock file updated for date 2024-10-30 00:00:00 and saved to base_datos/inventario/stock_ferrimac.xlsx.
[2024-10-30T11:59:14.072+0000] {python.py:240} INFO - Done. Returned value was: None
[2024-10-30T11:59:14.119+0000] {taskinstance.py:340} INFO - ::group::Post task execution logs
[2024-10-30T11:59:14.122+0000] {taskinstance.py:352} INFO - Marking task as SUCCESS. dag_id=etl_update_stock_ferrimac, task_id=stock_update, run_id=manual__2024-10-30T11:58:39.907397+00:00, execution_date=20241030T115839, start_date=20241030T115905, end_date=20241030T115914
[2024-10-30T11:59:14.274+0000] {local_task_job_runner.py:266} INFO - Task exited with return code 0
[2024-10-30T11:59:14.308+0000] {local_task_job_runner.py:245} INFO - ::endgroup::
