[2024-10-30T20:31:51.219+0000] {local_task_job_runner.py:123} INFO - ::group::Pre task execution logs
[2024-10-30T20:31:51.259+0000] {taskinstance.py:2612} INFO - Dependencies all met for dep_context=non-requeueable deps ti=<TaskInstance: etl_update_stock_ferrimac.extract_data_sells_directory manual__2024-10-30T20:31:43.010860+00:00 [queued]>
[2024-10-30T20:31:51.276+0000] {taskinstance.py:2612} INFO - Dependencies all met for dep_context=requeueable deps ti=<TaskInstance: etl_update_stock_ferrimac.extract_data_sells_directory manual__2024-10-30T20:31:43.010860+00:00 [queued]>
[2024-10-30T20:31:51.277+0000] {taskinstance.py:2865} INFO - Starting attempt 1 of 2
[2024-10-30T20:31:51.317+0000] {taskinstance.py:2888} INFO - Executing <Task(PythonOperator): extract_data_sells_directory> on 2024-10-30 20:31:43.010860+00:00
[2024-10-30T20:31:51.332+0000] {warnings.py:112} WARNING - /home/***/.local/lib/python3.12/site-packages/***/task/task_runner/standard_task_runner.py:70: DeprecationWarning: This process (pid=83) is multi-threaded, use of fork() may lead to deadlocks in the child.
  pid = os.fork()

[2024-10-30T20:31:51.338+0000] {standard_task_runner.py:72} INFO - Started process 89 to run task
[2024-10-30T20:31:51.341+0000] {standard_task_runner.py:104} INFO - Running: ['***', 'tasks', 'run', 'etl_update_stock_ferrimac', 'extract_data_sells_directory', 'manual__2024-10-30T20:31:43.010860+00:00', '--job-id', '13', '--raw', '--subdir', 'DAGS_FOLDER/object_dag.py', '--cfg-path', '/tmp/tmpcywi5ndk']
[2024-10-30T20:31:51.348+0000] {standard_task_runner.py:105} INFO - Job 13: Subtask extract_data_sells_directory
[2024-10-30T20:31:51.482+0000] {task_command.py:467} INFO - Running <TaskInstance: etl_update_stock_ferrimac.extract_data_sells_directory manual__2024-10-30T20:31:43.010860+00:00 [running]> on host ca8401d5a1de
[2024-10-30T20:31:51.658+0000] {taskinstance.py:3131} INFO - Exporting env vars: AIRFLOW_CTX_DAG_OWNER='***' AIRFLOW_CTX_DAG_ID='etl_update_stock_ferrimac' AIRFLOW_CTX_TASK_ID='extract_data_sells_directory' AIRFLOW_CTX_EXECUTION_DATE='2024-10-30T20:31:43.010860+00:00' AIRFLOW_CTX_TRY_NUMBER='1' AIRFLOW_CTX_DAG_RUN_ID='manual__2024-10-30T20:31:43.010860+00:00'
[2024-10-30T20:31:51.660+0000] {taskinstance.py:731} INFO - ::endgroup::
[2024-10-30T20:31:51.712+0000] {extract_file_sells_to_stock.py:29} INFO - Base directory set to './base_datos/'
[2024-10-30T20:31:51.713+0000] {extract_file_sells_to_stock.py:35} INFO - Origin directory: base_datos/ventas
[2024-10-30T20:31:51.714+0000] {extract_file_sells_to_stock.py:36} INFO - Destination directory: base_datos/inventario
[2024-10-30T20:31:51.717+0000] {extract_file_sells_to_stock.py:51} INFO - Origin file path set to 'base_datos/ventas/ventas_unidades.csv'
[2024-10-30T20:31:51.720+0000] {extract_file_sells_to_stock.py:56} INFO - Destination file path set to 'base_datos/inventario/ventas_unidades.csv'
[2024-10-30T20:31:51.721+0000] {extract_file_sells_to_stock.py:58} INFO - Attempting to copy 'base_datos/ventas/ventas_unidades.csv' to 'base_datos/inventario/ventas_unidades.csv'
[2024-10-30T20:31:51.749+0000] {extract_file_sells_to_stock.py:63} ERROR - PermissionError while copying file: [Errno 1] Operation not permitted: 'base_datos/inventario/ventas_unidades.csv'
[2024-10-30T20:31:51.750+0000] {python.py:240} INFO - Done. Returned value was: None
[2024-10-30T20:31:51.773+0000] {taskinstance.py:340} INFO - ::group::Post task execution logs
[2024-10-30T20:31:51.774+0000] {taskinstance.py:352} INFO - Marking task as SUCCESS. dag_id=etl_update_stock_ferrimac, task_id=extract_data_sells_directory, run_id=manual__2024-10-30T20:31:43.010860+00:00, execution_date=20241030T203143, start_date=20241030T203151, end_date=20241030T203151
[2024-10-30T20:31:51.839+0000] {local_task_job_runner.py:266} INFO - Task exited with return code 0
[2024-10-30T20:31:51.894+0000] {taskinstance.py:3900} INFO - 0 downstream tasks scheduled from follow-on schedule check
[2024-10-30T20:31:51.904+0000] {local_task_job_runner.py:245} INFO - ::endgroup::
