[2024-10-14T19:35:40.750+0000] {local_task_job_runner.py:123} INFO - ::group::Pre task execution logs
[2024-10-14T19:35:40.771+0000] {taskinstance.py:2612} INFO - Dependencies all met for dep_context=non-requeueable deps ti=<TaskInstance: etl_update_stock_ferrimac.extract_data_purchases_directory manual__2024-10-14T19:35:39.157355+00:00 [queued]>
[2024-10-14T19:35:40.780+0000] {taskinstance.py:2612} INFO - Dependencies all met for dep_context=requeueable deps ti=<TaskInstance: etl_update_stock_ferrimac.extract_data_purchases_directory manual__2024-10-14T19:35:39.157355+00:00 [queued]>
[2024-10-14T19:35:40.781+0000] {taskinstance.py:2865} INFO - Starting attempt 1 of 2
[2024-10-14T19:35:41.062+0000] {taskinstance.py:2888} INFO - Executing <Task(PythonOperator): extract_data_purchases_directory> on 2024-10-14 19:35:39.157355+00:00
[2024-10-14T19:35:41.071+0000] {warnings.py:112} WARNING - /home/***/.local/lib/python3.12/site-packages/***/task/task_runner/standard_task_runner.py:70: DeprecationWarning: This process (pid=443) is multi-threaded, use of fork() may lead to deadlocks in the child.
  pid = os.fork()

[2024-10-14T19:35:41.073+0000] {standard_task_runner.py:72} INFO - Started process 451 to run task
[2024-10-14T19:35:41.073+0000] {standard_task_runner.py:104} INFO - Running: ['***', 'tasks', 'run', 'etl_update_stock_ferrimac', 'extract_data_purchases_directory', 'manual__2024-10-14T19:35:39.157355+00:00', '--job-id', '13', '--raw', '--subdir', 'DAGS_FOLDER/object_dag.py', '--cfg-path', '/tmp/tmpaq1oqvaz']
[2024-10-14T19:35:41.077+0000] {standard_task_runner.py:105} INFO - Job 13: Subtask extract_data_purchases_directory
[2024-10-14T19:35:41.130+0000] {task_command.py:467} INFO - Running <TaskInstance: etl_update_stock_ferrimac.extract_data_purchases_directory manual__2024-10-14T19:35:39.157355+00:00 [running]> on host db7b86ef1031
[2024-10-14T19:35:41.255+0000] {taskinstance.py:3131} INFO - Exporting env vars: AIRFLOW_CTX_DAG_OWNER='***' AIRFLOW_CTX_DAG_ID='etl_update_stock_ferrimac' AIRFLOW_CTX_TASK_ID='extract_data_purchases_directory' AIRFLOW_CTX_EXECUTION_DATE='2024-10-14T19:35:39.157355+00:00' AIRFLOW_CTX_TRY_NUMBER='1' AIRFLOW_CTX_DAG_RUN_ID='manual__2024-10-14T19:35:39.157355+00:00'
[2024-10-14T19:35:41.257+0000] {taskinstance.py:731} INFO - ::endgroup::
[2024-10-14T19:35:41.283+0000] {logging_mixin.py:190} INFO - Directory  base_datos/compras not found.
[2024-10-14T19:35:41.284+0000] {python.py:240} INFO - Done. Returned value was: None
[2024-10-14T19:35:41.298+0000] {taskinstance.py:340} INFO - ::group::Post task execution logs
[2024-10-14T19:35:41.299+0000] {taskinstance.py:352} INFO - Marking task as SUCCESS. dag_id=etl_update_stock_ferrimac, task_id=extract_data_purchases_directory, run_id=manual__2024-10-14T19:35:39.157355+00:00, execution_date=20241014T193539, start_date=20241014T193540, end_date=20241014T193541
[2024-10-14T19:35:41.328+0000] {local_task_job_runner.py:266} INFO - Task exited with return code 0
[2024-10-14T19:35:41.356+0000] {taskinstance.py:3900} INFO - 0 downstream tasks scheduled from follow-on schedule check
[2024-10-14T19:35:41.359+0000] {local_task_job_runner.py:245} INFO - ::endgroup::
