[2024-10-30T21:02:01.095+0000] {local_task_job_runner.py:123} INFO - ::group::Pre task execution logs
[2024-10-30T21:02:01.136+0000] {taskinstance.py:2612} INFO - Dependencies all met for dep_context=non-requeueable deps ti=<TaskInstance: etl_update_stock_ferrimac.extract_data_sells_directory manual__2024-10-30T21:01:58.200641+00:00 [queued]>
[2024-10-30T21:02:01.155+0000] {taskinstance.py:2612} INFO - Dependencies all met for dep_context=requeueable deps ti=<TaskInstance: etl_update_stock_ferrimac.extract_data_sells_directory manual__2024-10-30T21:01:58.200641+00:00 [queued]>
[2024-10-30T21:02:01.157+0000] {taskinstance.py:2865} INFO - Starting attempt 1 of 2
[2024-10-30T21:02:01.195+0000] {taskinstance.py:2888} INFO - Executing <Task(PythonOperator): extract_data_sells_directory> on 2024-10-30 21:01:58.200641+00:00
[2024-10-30T21:02:01.208+0000] {warnings.py:112} WARNING - /home/***/.local/lib/python3.12/site-packages/***/task/task_runner/standard_task_runner.py:70: DeprecationWarning: This process (pid=166) is multi-threaded, use of fork() may lead to deadlocks in the child.
  pid = os.fork()

[2024-10-30T21:02:01.212+0000] {standard_task_runner.py:72} INFO - Started process 173 to run task
[2024-10-30T21:02:01.213+0000] {standard_task_runner.py:104} INFO - Running: ['***', 'tasks', 'run', 'etl_update_stock_ferrimac', 'extract_data_sells_directory', 'manual__2024-10-30T21:01:58.200641+00:00', '--job-id', '24', '--raw', '--subdir', 'DAGS_FOLDER/object_dag.py', '--cfg-path', '/tmp/tmpe2w1c32m']
[2024-10-30T21:02:01.222+0000] {standard_task_runner.py:105} INFO - Job 24: Subtask extract_data_sells_directory
[2024-10-30T21:02:01.334+0000] {task_command.py:467} INFO - Running <TaskInstance: etl_update_stock_ferrimac.extract_data_sells_directory manual__2024-10-30T21:01:58.200641+00:00 [running]> on host c7c3cbcf326f
[2024-10-30T21:02:02.251+0000] {taskinstance.py:3131} INFO - Exporting env vars: AIRFLOW_CTX_DAG_OWNER='***' AIRFLOW_CTX_DAG_ID='etl_update_stock_ferrimac' AIRFLOW_CTX_TASK_ID='extract_data_sells_directory' AIRFLOW_CTX_EXECUTION_DATE='2024-10-30T21:01:58.200641+00:00' AIRFLOW_CTX_TRY_NUMBER='1' AIRFLOW_CTX_DAG_RUN_ID='manual__2024-10-30T21:01:58.200641+00:00'
[2024-10-30T21:02:02.254+0000] {taskinstance.py:731} INFO - ::endgroup::
[2024-10-30T21:02:02.307+0000] {extract_file_sells_to_stock.py:29} INFO - Base directory set to './base_datos/'
[2024-10-30T21:02:02.308+0000] {extract_file_sells_to_stock.py:35} INFO - Origin directory: base_datos/ventas
[2024-10-30T21:02:02.310+0000] {extract_file_sells_to_stock.py:36} INFO - Destination directory: base_datos/inventario
[2024-10-30T21:02:02.321+0000] {extract_file_sells_to_stock.py:51} INFO - Origin file path set to 'base_datos/ventas/ventas_unidades.csv'
[2024-10-30T21:02:02.329+0000] {extract_file_sells_to_stock.py:56} INFO - Destination file path set to 'base_datos/inventario/ventas_unidades.csv'
[2024-10-30T21:02:02.331+0000] {extract_file_sells_to_stock.py:58} INFO - Attempting to copy 'base_datos/ventas/ventas_unidades.csv' to 'base_datos/inventario/ventas_unidades.csv'
[2024-10-30T21:02:02.369+0000] {extract_file_sells_to_stock.py:63} ERROR - PermissionError while copying file: [Errno 1] Operation not permitted: 'base_datos/inventario/ventas_unidades.csv'
[2024-10-30T21:02:02.373+0000] {python.py:240} INFO - Done. Returned value was: None
[2024-10-30T21:02:02.417+0000] {taskinstance.py:340} INFO - ::group::Post task execution logs
[2024-10-30T21:02:02.419+0000] {taskinstance.py:352} INFO - Marking task as SUCCESS. dag_id=etl_update_stock_ferrimac, task_id=extract_data_sells_directory, run_id=manual__2024-10-30T21:01:58.200641+00:00, execution_date=20241030T210158, start_date=20241030T210201, end_date=20241030T210202
[2024-10-30T21:02:02.523+0000] {local_task_job_runner.py:266} INFO - Task exited with return code 0
[2024-10-30T21:02:02.586+0000] {local_task_job_runner.py:245} INFO - ::endgroup::
