[2024-10-17T04:09:56.621+0000] {local_task_job_runner.py:123} INFO - ::group::Pre task execution logs
[2024-10-17T04:09:56.676+0000] {taskinstance.py:2612} INFO - Dependencies all met for dep_context=non-requeueable deps ti=<TaskInstance: etl_update_stock_ferrimac.extract_data_sells_directory scheduled__2024-10-16T00:00:00+00:00 [queued]>
[2024-10-17T04:09:56.703+0000] {taskinstance.py:2612} INFO - Dependencies all met for dep_context=requeueable deps ti=<TaskInstance: etl_update_stock_ferrimac.extract_data_sells_directory scheduled__2024-10-16T00:00:00+00:00 [queued]>
[2024-10-17T04:09:56.707+0000] {taskinstance.py:2865} INFO - Starting attempt 1 of 2
[2024-10-17T04:09:56.783+0000] {taskinstance.py:2888} INFO - Executing <Task(PythonOperator): extract_data_sells_directory> on 2024-10-16 00:00:00+00:00
[2024-10-17T04:09:56.827+0000] {warnings.py:112} WARNING - /home/***/.local/lib/python3.12/site-packages/***/task/task_runner/standard_task_runner.py:70: DeprecationWarning: This process (pid=504) is multi-threaded, use of fork() may lead to deadlocks in the child.
  pid = os.fork()

[2024-10-17T04:09:56.854+0000] {standard_task_runner.py:72} INFO - Started process 516 to run task
[2024-10-17T04:09:56.841+0000] {standard_task_runner.py:104} INFO - Running: ['***', 'tasks', 'run', 'etl_update_stock_ferrimac', 'extract_data_sells_directory', 'scheduled__2024-10-16T00:00:00+00:00', '--job-id', '4', '--raw', '--subdir', 'DAGS_FOLDER/object_dag.py', '--cfg-path', '/tmp/tmpp8ft3a70']
[2024-10-17T04:09:56.888+0000] {standard_task_runner.py:105} INFO - Job 4: Subtask extract_data_sells_directory
[2024-10-17T04:09:57.561+0000] {task_command.py:467} INFO - Running <TaskInstance: etl_update_stock_ferrimac.extract_data_sells_directory scheduled__2024-10-16T00:00:00+00:00 [running]> on host 17ff951a544b
[2024-10-17T04:09:58.544+0000] {taskinstance.py:3131} INFO - Exporting env vars: AIRFLOW_CTX_DAG_OWNER='***' AIRFLOW_CTX_DAG_ID='etl_update_stock_ferrimac' AIRFLOW_CTX_TASK_ID='extract_data_sells_directory' AIRFLOW_CTX_EXECUTION_DATE='2024-10-16T00:00:00+00:00' AIRFLOW_CTX_TRY_NUMBER='1' AIRFLOW_CTX_DAG_RUN_ID='scheduled__2024-10-16T00:00:00+00:00'
[2024-10-17T04:09:58.565+0000] {taskinstance.py:731} INFO - ::endgroup::
[2024-10-17T04:09:58.688+0000] {logging_mixin.py:190} INFO - Directory base_datos/ventas not exist.
[2024-10-17T04:09:58.695+0000] {python.py:240} INFO - Done. Returned value was: None
[2024-10-17T04:09:58.789+0000] {taskinstance.py:340} INFO - ::group::Post task execution logs
[2024-10-17T04:09:58.791+0000] {taskinstance.py:352} INFO - Marking task as SUCCESS. dag_id=etl_update_stock_ferrimac, task_id=extract_data_sells_directory, run_id=scheduled__2024-10-16T00:00:00+00:00, execution_date=20241016T000000, start_date=20241017T040956, end_date=20241017T040958
[2024-10-17T04:09:58.860+0000] {local_task_job_runner.py:266} INFO - Task exited with return code 0
[2024-10-17T04:09:58.893+0000] {local_task_job_runner.py:245} INFO - ::endgroup::
[2024-10-17T15:08:08.403+0000] {local_task_job_runner.py:123} INFO - ::group::Pre task execution logs
[2024-10-17T15:08:08.529+0000] {taskinstance.py:2612} INFO - Dependencies all met for dep_context=non-requeueable deps ti=<TaskInstance: etl_update_stock_ferrimac.extract_data_sells_directory scheduled__2024-10-16T00:00:00+00:00 [queued]>
[2024-10-17T15:08:08.704+0000] {taskinstance.py:2612} INFO - Dependencies all met for dep_context=requeueable deps ti=<TaskInstance: etl_update_stock_ferrimac.extract_data_sells_directory scheduled__2024-10-16T00:00:00+00:00 [queued]>
[2024-10-17T15:08:08.723+0000] {taskinstance.py:2865} INFO - Starting attempt 1 of 2
[2024-10-17T15:08:08.843+0000] {taskinstance.py:2888} INFO - Executing <Task(PythonOperator): extract_data_sells_directory> on 2024-10-16 00:00:00+00:00
[2024-10-17T15:08:08.889+0000] {warnings.py:112} WARNING - /home/***/.local/lib/python3.12/site-packages/***/task/task_runner/standard_task_runner.py:70: DeprecationWarning: This process (pid=167) is multi-threaded, use of fork() may lead to deadlocks in the child.
  pid = os.fork()

[2024-10-17T15:08:08.964+0000] {standard_task_runner.py:72} INFO - Started process 187 to run task
[2024-10-17T15:08:08.969+0000] {standard_task_runner.py:104} INFO - Running: ['***', 'tasks', 'run', 'etl_update_stock_ferrimac', 'extract_data_sells_directory', 'scheduled__2024-10-16T00:00:00+00:00', '--job-id', '6', '--raw', '--subdir', 'DAGS_FOLDER/object_dag.py', '--cfg-path', '/tmp/tmpeablfcer']
[2024-10-17T15:08:09.006+0000] {standard_task_runner.py:105} INFO - Job 6: Subtask extract_data_sells_directory
[2024-10-17T15:08:09.384+0000] {task_command.py:467} INFO - Running <TaskInstance: etl_update_stock_ferrimac.extract_data_sells_directory scheduled__2024-10-16T00:00:00+00:00 [running]> on host df4e8ab00e1c
[2024-10-17T15:08:09.767+0000] {taskinstance.py:3131} INFO - Exporting env vars: AIRFLOW_CTX_DAG_OWNER='***' AIRFLOW_CTX_DAG_ID='etl_update_stock_ferrimac' AIRFLOW_CTX_TASK_ID='extract_data_sells_directory' AIRFLOW_CTX_EXECUTION_DATE='2024-10-16T00:00:00+00:00' AIRFLOW_CTX_TRY_NUMBER='1' AIRFLOW_CTX_DAG_RUN_ID='scheduled__2024-10-16T00:00:00+00:00'
[2024-10-17T15:08:09.776+0000] {taskinstance.py:731} INFO - ::endgroup::
[2024-10-17T15:08:09.917+0000] {logging_mixin.py:190} INFO - Directory base_datos/ventas not exist.
[2024-10-17T15:08:09.919+0000] {python.py:240} INFO - Done. Returned value was: None
[2024-10-17T15:08:09.967+0000] {taskinstance.py:340} INFO - ::group::Post task execution logs
[2024-10-17T15:08:09.968+0000] {taskinstance.py:352} INFO - Marking task as SUCCESS. dag_id=etl_update_stock_ferrimac, task_id=extract_data_sells_directory, run_id=scheduled__2024-10-16T00:00:00+00:00, execution_date=20241016T000000, start_date=20241017T150808, end_date=20241017T150809
[2024-10-17T15:08:10.077+0000] {local_task_job_runner.py:266} INFO - Task exited with return code 0
[2024-10-17T15:08:10.108+0000] {local_task_job_runner.py:245} INFO - ::endgroup::
[2024-10-17T16:07:17.118+0000] {local_task_job_runner.py:123} INFO - ::group::Pre task execution logs
[2024-10-17T16:07:17.225+0000] {taskinstance.py:2612} INFO - Dependencies all met for dep_context=non-requeueable deps ti=<TaskInstance: etl_update_stock_ferrimac.extract_data_sells_directory scheduled__2024-10-16T00:00:00+00:00 [queued]>
[2024-10-17T16:07:17.275+0000] {taskinstance.py:2612} INFO - Dependencies all met for dep_context=requeueable deps ti=<TaskInstance: etl_update_stock_ferrimac.extract_data_sells_directory scheduled__2024-10-16T00:00:00+00:00 [queued]>
[2024-10-17T16:07:17.281+0000] {taskinstance.py:2865} INFO - Starting attempt 1 of 2
[2024-10-17T16:07:17.353+0000] {taskinstance.py:2888} INFO - Executing <Task(PythonOperator): extract_data_sells_directory> on 2024-10-16 00:00:00+00:00
[2024-10-17T16:07:17.446+0000] {warnings.py:112} WARNING - /home/***/.local/lib/python3.12/site-packages/***/task/task_runner/standard_task_runner.py:70: DeprecationWarning: This process (pid=99) is multi-threaded, use of fork() may lead to deadlocks in the child.
  pid = os.fork()

[2024-10-17T16:07:17.454+0000] {standard_task_runner.py:72} INFO - Started process 120 to run task
[2024-10-17T16:07:17.429+0000] {standard_task_runner.py:104} INFO - Running: ['***', 'tasks', 'run', 'etl_update_stock_ferrimac', 'extract_data_sells_directory', 'scheduled__2024-10-16T00:00:00+00:00', '--job-id', '5', '--raw', '--subdir', 'DAGS_FOLDER/object_dag.py', '--cfg-path', '/tmp/tmp7k5cu87c']
[2024-10-17T16:07:17.470+0000] {standard_task_runner.py:105} INFO - Job 5: Subtask extract_data_sells_directory
[2024-10-17T16:07:18.050+0000] {task_command.py:467} INFO - Running <TaskInstance: etl_update_stock_ferrimac.extract_data_sells_directory scheduled__2024-10-16T00:00:00+00:00 [running]> on host 29817b8f615d
[2024-10-17T16:07:18.798+0000] {taskinstance.py:3131} INFO - Exporting env vars: AIRFLOW_CTX_DAG_OWNER='***' AIRFLOW_CTX_DAG_ID='etl_update_stock_ferrimac' AIRFLOW_CTX_TASK_ID='extract_data_sells_directory' AIRFLOW_CTX_EXECUTION_DATE='2024-10-16T00:00:00+00:00' AIRFLOW_CTX_TRY_NUMBER='1' AIRFLOW_CTX_DAG_RUN_ID='scheduled__2024-10-16T00:00:00+00:00'
[2024-10-17T16:07:18.814+0000] {taskinstance.py:731} INFO - ::endgroup::
[2024-10-17T16:07:19.086+0000] {logging_mixin.py:190} INFO - Directory base_datos/ventas not exist.
[2024-10-17T16:07:19.099+0000] {python.py:240} INFO - Done. Returned value was: None
[2024-10-17T16:07:19.341+0000] {taskinstance.py:340} INFO - ::group::Post task execution logs
[2024-10-17T16:07:19.344+0000] {taskinstance.py:352} INFO - Marking task as SUCCESS. dag_id=etl_update_stock_ferrimac, task_id=extract_data_sells_directory, run_id=scheduled__2024-10-16T00:00:00+00:00, execution_date=20241016T000000, start_date=20241017T160717, end_date=20241017T160719
[2024-10-17T16:07:19.500+0000] {local_task_job_runner.py:266} INFO - Task exited with return code 0
[2024-10-17T16:07:19.580+0000] {local_task_job_runner.py:245} INFO - ::endgroup::
[2024-10-17T16:14:28.673+0000] {local_task_job_runner.py:123} INFO - ::group::Pre task execution logs
[2024-10-17T16:14:28.758+0000] {taskinstance.py:2612} INFO - Dependencies all met for dep_context=non-requeueable deps ti=<TaskInstance: etl_update_stock_ferrimac.extract_data_sells_directory scheduled__2024-10-16T00:00:00+00:00 [queued]>
[2024-10-17T16:14:28.801+0000] {taskinstance.py:2612} INFO - Dependencies all met for dep_context=requeueable deps ti=<TaskInstance: etl_update_stock_ferrimac.extract_data_sells_directory scheduled__2024-10-16T00:00:00+00:00 [queued]>
[2024-10-17T16:14:28.803+0000] {taskinstance.py:2865} INFO - Starting attempt 1 of 2
[2024-10-17T16:14:28.875+0000] {taskinstance.py:2888} INFO - Executing <Task(PythonOperator): extract_data_sells_directory> on 2024-10-16 00:00:00+00:00
[2024-10-17T16:14:28.914+0000] {warnings.py:112} WARNING - /home/***/.local/lib/python3.12/site-packages/***/task/task_runner/standard_task_runner.py:70: DeprecationWarning: This process (pid=83) is multi-threaded, use of fork() may lead to deadlocks in the child.
  pid = os.fork()

[2024-10-17T16:14:28.934+0000] {standard_task_runner.py:72} INFO - Started process 95 to run task
[2024-10-17T16:14:28.938+0000] {standard_task_runner.py:104} INFO - Running: ['***', 'tasks', 'run', 'etl_update_stock_ferrimac', 'extract_data_sells_directory', 'scheduled__2024-10-16T00:00:00+00:00', '--job-id', '5', '--raw', '--subdir', 'DAGS_FOLDER/object_dag.py', '--cfg-path', '/tmp/tmp9rao5k8n']
[2024-10-17T16:14:28.949+0000] {standard_task_runner.py:105} INFO - Job 5: Subtask extract_data_sells_directory
[2024-10-17T16:14:29.202+0000] {task_command.py:467} INFO - Running <TaskInstance: etl_update_stock_ferrimac.extract_data_sells_directory scheduled__2024-10-16T00:00:00+00:00 [running]> on host 1ab1bf654054
[2024-10-17T16:14:29.743+0000] {taskinstance.py:3131} INFO - Exporting env vars: AIRFLOW_CTX_DAG_OWNER='***' AIRFLOW_CTX_DAG_ID='etl_update_stock_ferrimac' AIRFLOW_CTX_TASK_ID='extract_data_sells_directory' AIRFLOW_CTX_EXECUTION_DATE='2024-10-16T00:00:00+00:00' AIRFLOW_CTX_TRY_NUMBER='1' AIRFLOW_CTX_DAG_RUN_ID='scheduled__2024-10-16T00:00:00+00:00'
[2024-10-17T16:14:29.746+0000] {taskinstance.py:731} INFO - ::endgroup::
[2024-10-17T16:14:29.809+0000] {taskinstance.py:3310} ERROR - Task failed with exception
Traceback (most recent call last):
  File "/home/airflow/.local/lib/python3.12/site-packages/airflow/models/taskinstance.py", line 767, in _execute_task
    result = _execute_callable(context=context, **execute_callable_kwargs)
             ^^^^^^^^^^^^^^^^^^^^^^^^^^^^^^^^^^^^^^^^^^^^^^^^^^^^^^^^^^^^^
  File "/home/airflow/.local/lib/python3.12/site-packages/airflow/models/taskinstance.py", line 733, in _execute_callable
    return ExecutionCallableRunner(
           ^^^^^^^^^^^^^^^^^^^^^^^^
  File "/home/airflow/.local/lib/python3.12/site-packages/airflow/utils/operator_helpers.py", line 252, in run
    return self.func(*args, **kwargs)
           ^^^^^^^^^^^^^^^^^^^^^^^^^^
  File "/home/airflow/.local/lib/python3.12/site-packages/airflow/models/baseoperator.py", line 406, in wrapper
    return func(self, *args, **kwargs)
           ^^^^^^^^^^^^^^^^^^^^^^^^^^^
  File "/home/airflow/.local/lib/python3.12/site-packages/airflow/operators/python.py", line 238, in execute
    return_value = self.execute_callable()
                   ^^^^^^^^^^^^^^^^^^^^^^^
  File "/home/airflow/.local/lib/python3.12/site-packages/airflow/operators/python.py", line 256, in execute_callable
    return runner.run(*self.op_args, **self.op_kwargs)
           ^^^^^^^^^^^^^^^^^^^^^^^^^^^^^^^^^^^^^^^^^^^
  File "/home/airflow/.local/lib/python3.12/site-packages/airflow/utils/operator_helpers.py", line 252, in run
    return self.func(*args, **kwargs)
           ^^^^^^^^^^^^^^^^^^^^^^^^^^
  File "/opt/airflow/functions_etl/extract_file_sells_to_stock.py", line 28, in extract_file_sells_to_stock
    archivo_origen = origin_path.joinpath(ventas_file)
                     ^^^^^^^^^^^^^^^^^^^^^^^^^^^^^^^^^
  File "/usr/local/lib/python3.12/pathlib.py", line 717, in joinpath
    return self.with_segments(self, *pathsegments)
           ^^^^^^^^^^^^^^^^^^^^^^^^^^^^^^^^^^^^^^^
  File "/usr/local/lib/python3.12/pathlib.py", line 385, in with_segments
    return type(self)(*pathsegments)
           ^^^^^^^^^^^^^^^^^^^^^^^^^
  File "/usr/local/lib/python3.12/pathlib.py", line 1162, in __init__
    super().__init__(*args)
  File "/usr/local/lib/python3.12/pathlib.py", line 373, in __init__
    raise TypeError(
TypeError: argument should be a str or an os.PathLike object where __fspath__ returns a str, not 'NoneType'
[2024-10-17T16:14:29.860+0000] {taskinstance.py:1225} INFO - Marking task as UP_FOR_RETRY. dag_id=etl_update_stock_ferrimac, task_id=extract_data_sells_directory, run_id=scheduled__2024-10-16T00:00:00+00:00, execution_date=20241016T000000, start_date=20241017T161428, end_date=20241017T161429
[2024-10-17T16:14:29.912+0000] {taskinstance.py:340} INFO - ::group::Post task execution logs
[2024-10-17T16:14:29.915+0000] {standard_task_runner.py:124} ERROR - Failed to execute job 5 for task extract_data_sells_directory (argument should be a str or an os.PathLike object where __fspath__ returns a str, not 'NoneType'; 95)
Traceback (most recent call last):
  File "/home/airflow/.local/lib/python3.12/site-packages/airflow/task/task_runner/standard_task_runner.py", line 117, in _start_by_fork
    ret = args.func(args, dag=self.dag)
          ^^^^^^^^^^^^^^^^^^^^^^^^^^^^^
  File "/home/airflow/.local/lib/python3.12/site-packages/airflow/cli/cli_config.py", line 49, in command
    return func(*args, **kwargs)
           ^^^^^^^^^^^^^^^^^^^^^
  File "/home/airflow/.local/lib/python3.12/site-packages/airflow/utils/cli.py", line 115, in wrapper
    return f(*args, **kwargs)
           ^^^^^^^^^^^^^^^^^^
  File "/home/airflow/.local/lib/python3.12/site-packages/airflow/cli/commands/task_command.py", line 483, in task_run
    task_return_code = _run_task_by_selected_method(args, _dag, ti)
                       ^^^^^^^^^^^^^^^^^^^^^^^^^^^^^^^^^^^^^^^^^^^^
  File "/home/airflow/.local/lib/python3.12/site-packages/airflow/cli/commands/task_command.py", line 256, in _run_task_by_selected_method
    return _run_raw_task(args, ti)
           ^^^^^^^^^^^^^^^^^^^^^^^
  File "/home/airflow/.local/lib/python3.12/site-packages/airflow/cli/commands/task_command.py", line 341, in _run_raw_task
    return ti._run_raw_task(
           ^^^^^^^^^^^^^^^^^
  File "/home/airflow/.local/lib/python3.12/site-packages/airflow/utils/session.py", line 97, in wrapper
    return func(*args, session=session, **kwargs)
           ^^^^^^^^^^^^^^^^^^^^^^^^^^^^^^^^^^^^^^
  File "/home/airflow/.local/lib/python3.12/site-packages/airflow/models/taskinstance.py", line 3004, in _run_raw_task
    return _run_raw_task(
           ^^^^^^^^^^^^^^
  File "/home/airflow/.local/lib/python3.12/site-packages/airflow/models/taskinstance.py", line 273, in _run_raw_task
    TaskInstance._execute_task_with_callbacks(
  File "/home/airflow/.local/lib/python3.12/site-packages/airflow/models/taskinstance.py", line 3158, in _execute_task_with_callbacks
    result = self._execute_task(context, task_orig)
             ^^^^^^^^^^^^^^^^^^^^^^^^^^^^^^^^^^^^^^
  File "/home/airflow/.local/lib/python3.12/site-packages/airflow/models/taskinstance.py", line 3182, in _execute_task
    return _execute_task(self, context, task_orig)
           ^^^^^^^^^^^^^^^^^^^^^^^^^^^^^^^^^^^^^^^
  File "/home/airflow/.local/lib/python3.12/site-packages/airflow/models/taskinstance.py", line 767, in _execute_task
    result = _execute_callable(context=context, **execute_callable_kwargs)
             ^^^^^^^^^^^^^^^^^^^^^^^^^^^^^^^^^^^^^^^^^^^^^^^^^^^^^^^^^^^^^
  File "/home/airflow/.local/lib/python3.12/site-packages/airflow/models/taskinstance.py", line 733, in _execute_callable
    return ExecutionCallableRunner(
           ^^^^^^^^^^^^^^^^^^^^^^^^
  File "/home/airflow/.local/lib/python3.12/site-packages/airflow/utils/operator_helpers.py", line 252, in run
    return self.func(*args, **kwargs)
           ^^^^^^^^^^^^^^^^^^^^^^^^^^
  File "/home/airflow/.local/lib/python3.12/site-packages/airflow/models/baseoperator.py", line 406, in wrapper
    return func(self, *args, **kwargs)
           ^^^^^^^^^^^^^^^^^^^^^^^^^^^
  File "/home/airflow/.local/lib/python3.12/site-packages/airflow/operators/python.py", line 238, in execute
    return_value = self.execute_callable()
                   ^^^^^^^^^^^^^^^^^^^^^^^
  File "/home/airflow/.local/lib/python3.12/site-packages/airflow/operators/python.py", line 256, in execute_callable
    return runner.run(*self.op_args, **self.op_kwargs)
           ^^^^^^^^^^^^^^^^^^^^^^^^^^^^^^^^^^^^^^^^^^^
  File "/home/airflow/.local/lib/python3.12/site-packages/airflow/utils/operator_helpers.py", line 252, in run
    return self.func(*args, **kwargs)
           ^^^^^^^^^^^^^^^^^^^^^^^^^^
  File "/opt/airflow/functions_etl/extract_file_sells_to_stock.py", line 28, in extract_file_sells_to_stock
    archivo_origen = origin_path.joinpath(ventas_file)
                     ^^^^^^^^^^^^^^^^^^^^^^^^^^^^^^^^^
  File "/usr/local/lib/python3.12/pathlib.py", line 717, in joinpath
    return self.with_segments(self, *pathsegments)
           ^^^^^^^^^^^^^^^^^^^^^^^^^^^^^^^^^^^^^^^
  File "/usr/local/lib/python3.12/pathlib.py", line 385, in with_segments
    return type(self)(*pathsegments)
           ^^^^^^^^^^^^^^^^^^^^^^^^^
  File "/usr/local/lib/python3.12/pathlib.py", line 1162, in __init__
    super().__init__(*args)
  File "/usr/local/lib/python3.12/pathlib.py", line 373, in __init__
    raise TypeError(
TypeError: argument should be a str or an os.PathLike object where __fspath__ returns a str, not 'NoneType'
[2024-10-17T16:14:30.007+0000] {local_task_job_runner.py:266} INFO - Task exited with return code 1
[2024-10-17T16:14:30.043+0000] {local_task_job_runner.py:245} INFO - ::endgroup::
[2024-10-17T17:20:12.454+0000] {local_task_job_runner.py:123} INFO - ::group::Pre task execution logs
[2024-10-17T17:20:12.704+0000] {taskinstance.py:2612} INFO - Dependencies all met for dep_context=non-requeueable deps ti=<TaskInstance: etl_update_stock_ferrimac.extract_data_sells_directory scheduled__2024-10-16T00:00:00+00:00 [queued]>
[2024-10-17T17:20:12.845+0000] {taskinstance.py:2612} INFO - Dependencies all met for dep_context=requeueable deps ti=<TaskInstance: etl_update_stock_ferrimac.extract_data_sells_directory scheduled__2024-10-16T00:00:00+00:00 [queued]>
[2024-10-17T17:20:13.037+0000] {taskinstance.py:2865} INFO - Starting attempt 1 of 2
[2024-10-17T17:20:13.326+0000] {taskinstance.py:2888} INFO - Executing <Task(PythonOperator): extract_data_sells_directory> on 2024-10-16 00:00:00+00:00
[2024-10-17T17:20:13.379+0000] {warnings.py:112} WARNING - /home/***/.local/lib/python3.12/site-packages/***/task/task_runner/standard_task_runner.py:70: DeprecationWarning: This process (pid=110) is multi-threaded, use of fork() may lead to deadlocks in the child.
  pid = os.fork()

[2024-10-17T17:20:13.411+0000] {standard_task_runner.py:72} INFO - Started process 136 to run task
[2024-10-17T17:20:13.416+0000] {standard_task_runner.py:104} INFO - Running: ['***', 'tasks', 'run', 'etl_update_stock_ferrimac', 'extract_data_sells_directory', 'scheduled__2024-10-16T00:00:00+00:00', '--job-id', '7', '--raw', '--subdir', 'DAGS_FOLDER/object_dag.py', '--cfg-path', '/tmp/tmpdug_d4cc']
[2024-10-17T17:20:13.479+0000] {standard_task_runner.py:105} INFO - Job 7: Subtask extract_data_sells_directory
[2024-10-17T17:20:13.962+0000] {task_command.py:467} INFO - Running <TaskInstance: etl_update_stock_ferrimac.extract_data_sells_directory scheduled__2024-10-16T00:00:00+00:00 [running]> on host 1652cc614667
[2024-10-17T17:20:15.767+0000] {taskinstance.py:3131} INFO - Exporting env vars: AIRFLOW_CTX_DAG_OWNER='***' AIRFLOW_CTX_DAG_ID='etl_update_stock_ferrimac' AIRFLOW_CTX_TASK_ID='extract_data_sells_directory' AIRFLOW_CTX_EXECUTION_DATE='2024-10-16T00:00:00+00:00' AIRFLOW_CTX_TRY_NUMBER='1' AIRFLOW_CTX_DAG_RUN_ID='scheduled__2024-10-16T00:00:00+00:00'
[2024-10-17T17:20:15.777+0000] {taskinstance.py:731} INFO - ::endgroup::
[2024-10-17T17:20:16.600+0000] {logging_mixin.py:190} INFO - File 'ventas_unidades.xlsx' moved to stock folder correctly.
[2024-10-17T17:20:16.605+0000] {python.py:240} INFO - Done. Returned value was: None
[2024-10-17T17:20:16.667+0000] {taskinstance.py:340} INFO - ::group::Post task execution logs
[2024-10-17T17:20:16.676+0000] {taskinstance.py:352} INFO - Marking task as SUCCESS. dag_id=etl_update_stock_ferrimac, task_id=extract_data_sells_directory, run_id=scheduled__2024-10-16T00:00:00+00:00, execution_date=20241016T000000, start_date=20241017T172012, end_date=20241017T172016
[2024-10-17T17:20:16.814+0000] {local_task_job_runner.py:266} INFO - Task exited with return code 0
[2024-10-17T17:20:16.966+0000] {taskinstance.py:3900} INFO - 0 downstream tasks scheduled from follow-on schedule check
[2024-10-17T17:20:16.982+0000] {local_task_job_runner.py:245} INFO - ::endgroup::
[2024-10-17T22:09:00.917+0000] {local_task_job_runner.py:123} INFO - ::group::Pre task execution logs
[2024-10-17T22:09:00.967+0000] {taskinstance.py:2612} INFO - Dependencies all met for dep_context=non-requeueable deps ti=<TaskInstance: etl_update_stock_ferrimac.extract_data_sells_directory scheduled__2024-10-16T00:00:00+00:00 [queued]>
[2024-10-17T22:09:00.991+0000] {taskinstance.py:2612} INFO - Dependencies all met for dep_context=requeueable deps ti=<TaskInstance: etl_update_stock_ferrimac.extract_data_sells_directory scheduled__2024-10-16T00:00:00+00:00 [queued]>
[2024-10-17T22:09:00.994+0000] {taskinstance.py:2865} INFO - Starting attempt 1 of 2
[2024-10-17T22:09:01.054+0000] {taskinstance.py:2888} INFO - Executing <Task(PythonOperator): extract_data_sells_directory> on 2024-10-16 00:00:00+00:00
[2024-10-17T22:09:01.072+0000] {warnings.py:112} WARNING - /home/***/.local/lib/python3.12/site-packages/***/task/task_runner/standard_task_runner.py:70: DeprecationWarning: This process (pid=144) is multi-threaded, use of fork() may lead to deadlocks in the child.
  pid = os.fork()

[2024-10-17T22:09:01.079+0000] {standard_task_runner.py:72} INFO - Started process 157 to run task
[2024-10-17T22:09:01.086+0000] {standard_task_runner.py:104} INFO - Running: ['***', 'tasks', 'run', 'etl_update_stock_ferrimac', 'extract_data_sells_directory', 'scheduled__2024-10-16T00:00:00+00:00', '--job-id', '3', '--raw', '--subdir', 'DAGS_FOLDER/object_dag.py', '--cfg-path', '/tmp/tmp6xltw4nw']
[2024-10-17T22:09:01.097+0000] {standard_task_runner.py:105} INFO - Job 3: Subtask extract_data_sells_directory
[2024-10-17T22:09:01.279+0000] {task_command.py:467} INFO - Running <TaskInstance: etl_update_stock_ferrimac.extract_data_sells_directory scheduled__2024-10-16T00:00:00+00:00 [running]> on host d95e36bcd28a
[2024-10-17T22:09:01.829+0000] {taskinstance.py:3131} INFO - Exporting env vars: AIRFLOW_CTX_DAG_OWNER='***' AIRFLOW_CTX_DAG_ID='etl_update_stock_ferrimac' AIRFLOW_CTX_TASK_ID='extract_data_sells_directory' AIRFLOW_CTX_EXECUTION_DATE='2024-10-16T00:00:00+00:00' AIRFLOW_CTX_TRY_NUMBER='1' AIRFLOW_CTX_DAG_RUN_ID='scheduled__2024-10-16T00:00:00+00:00'
[2024-10-17T22:09:01.843+0000] {taskinstance.py:731} INFO - ::endgroup::
[2024-10-17T22:09:02.252+0000] {logging_mixin.py:190} INFO - File 'ventas_unidades.xlsx' moved to stock folder correctly.
[2024-10-17T22:09:02.254+0000] {python.py:240} INFO - Done. Returned value was: None
[2024-10-17T22:09:02.320+0000] {taskinstance.py:340} INFO - ::group::Post task execution logs
[2024-10-17T22:09:02.323+0000] {taskinstance.py:352} INFO - Marking task as SUCCESS. dag_id=etl_update_stock_ferrimac, task_id=extract_data_sells_directory, run_id=scheduled__2024-10-16T00:00:00+00:00, execution_date=20241016T000000, start_date=20241017T220900, end_date=20241017T220902
[2024-10-17T22:09:02.470+0000] {local_task_job_runner.py:266} INFO - Task exited with return code 0
[2024-10-17T22:09:02.623+0000] {taskinstance.py:3900} INFO - 0 downstream tasks scheduled from follow-on schedule check
[2024-10-17T22:09:02.638+0000] {local_task_job_runner.py:245} INFO - ::endgroup::
