[2024-10-17T04:38:02.633+0000] {local_task_job_runner.py:123} INFO - ::group::Pre task execution logs
[2024-10-17T04:38:02.655+0000] {taskinstance.py:2612} INFO - Dependencies all met for dep_context=non-requeueable deps ti=<TaskInstance: etl_update_stock_ferrimac.extract_data_purchases_directory manual__2024-10-17T04:38:00.506659+00:00 [queued]>
[2024-10-17T04:38:02.666+0000] {taskinstance.py:2612} INFO - Dependencies all met for dep_context=requeueable deps ti=<TaskInstance: etl_update_stock_ferrimac.extract_data_purchases_directory manual__2024-10-17T04:38:00.506659+00:00 [queued]>
[2024-10-17T04:38:02.666+0000] {taskinstance.py:2865} INFO - Starting attempt 1 of 2
[2024-10-17T04:38:02.696+0000] {taskinstance.py:2888} INFO - Executing <Task(PythonOperator): extract_data_purchases_directory> on 2024-10-17 04:38:00.506659+00:00
[2024-10-17T04:38:02.704+0000] {warnings.py:112} WARNING - /home/***/.local/lib/python3.12/site-packages/***/task/task_runner/standard_task_runner.py:70: DeprecationWarning: This process (pid=227) is multi-threaded, use of fork() may lead to deadlocks in the child.
  pid = os.fork()

[2024-10-17T04:38:02.707+0000] {standard_task_runner.py:72} INFO - Started process 234 to run task
[2024-10-17T04:38:02.706+0000] {standard_task_runner.py:104} INFO - Running: ['***', 'tasks', 'run', 'etl_update_stock_ferrimac', 'extract_data_purchases_directory', 'manual__2024-10-17T04:38:00.506659+00:00', '--job-id', '17', '--raw', '--subdir', 'DAGS_FOLDER/object_dag.py', '--cfg-path', '/tmp/tmp3ls0wjzz']
[2024-10-17T04:38:02.711+0000] {standard_task_runner.py:105} INFO - Job 17: Subtask extract_data_purchases_directory
[2024-10-17T04:38:02.772+0000] {task_command.py:467} INFO - Running <TaskInstance: etl_update_stock_ferrimac.extract_data_purchases_directory manual__2024-10-17T04:38:00.506659+00:00 [running]> on host 17ff951a544b
[2024-10-17T04:38:02.886+0000] {taskinstance.py:3131} INFO - Exporting env vars: AIRFLOW_CTX_DAG_OWNER='***' AIRFLOW_CTX_DAG_ID='etl_update_stock_ferrimac' AIRFLOW_CTX_TASK_ID='extract_data_purchases_directory' AIRFLOW_CTX_EXECUTION_DATE='2024-10-17T04:38:00.506659+00:00' AIRFLOW_CTX_TRY_NUMBER='1' AIRFLOW_CTX_DAG_RUN_ID='manual__2024-10-17T04:38:00.506659+00:00'
[2024-10-17T04:38:02.888+0000] {taskinstance.py:731} INFO - ::endgroup::
[2024-10-17T04:38:03.174+0000] {logging_mixin.py:190} INFO - Directory  base_datos/compras not found.
[2024-10-17T04:38:03.176+0000] {python.py:240} INFO - Done. Returned value was: None
[2024-10-17T04:38:03.188+0000] {taskinstance.py:340} INFO - ::group::Post task execution logs
[2024-10-17T04:38:03.189+0000] {taskinstance.py:352} INFO - Marking task as SUCCESS. dag_id=etl_update_stock_ferrimac, task_id=extract_data_purchases_directory, run_id=manual__2024-10-17T04:38:00.506659+00:00, execution_date=20241017T043800, start_date=20241017T043802, end_date=20241017T043803
[2024-10-17T04:38:03.244+0000] {local_task_job_runner.py:266} INFO - Task exited with return code 0
[2024-10-17T04:38:03.273+0000] {taskinstance.py:3900} INFO - 0 downstream tasks scheduled from follow-on schedule check
[2024-10-17T04:38:03.276+0000] {local_task_job_runner.py:245} INFO - ::endgroup::
