[2024-10-29T23:46:50.192+0000] {local_task_job_runner.py:123} INFO - ::group::Pre task execution logs
[2024-10-29T23:46:50.261+0000] {taskinstance.py:2612} INFO - Dependencies all met for dep_context=non-requeueable deps ti=<TaskInstance: etl_update_stock_ferrimac.stock_update manual__2024-10-29T23:46:38.412557+00:00 [queued]>
[2024-10-29T23:46:50.286+0000] {taskinstance.py:2612} INFO - Dependencies all met for dep_context=requeueable deps ti=<TaskInstance: etl_update_stock_ferrimac.stock_update manual__2024-10-29T23:46:38.412557+00:00 [queued]>
[2024-10-29T23:46:50.287+0000] {taskinstance.py:2865} INFO - Starting attempt 1 of 2
[2024-10-29T23:46:50.327+0000] {taskinstance.py:2888} INFO - Executing <Task(PythonOperator): stock_update> on 2024-10-29 23:46:38.412557+00:00
[2024-10-29T23:46:50.343+0000] {warnings.py:112} WARNING - /home/***/.local/lib/python3.12/site-packages/***/task/task_runner/standard_task_runner.py:70: DeprecationWarning: This process (pid=981) is multi-threaded, use of fork() may lead to deadlocks in the child.
  pid = os.fork()

[2024-10-29T23:46:50.347+0000] {standard_task_runner.py:72} INFO - Started process 990 to run task
[2024-10-29T23:46:50.348+0000] {standard_task_runner.py:104} INFO - Running: ['***', 'tasks', 'run', 'etl_update_stock_ferrimac', 'stock_update', 'manual__2024-10-29T23:46:38.412557+00:00', '--job-id', '31', '--raw', '--subdir', 'DAGS_FOLDER/object_dag.py', '--cfg-path', '/tmp/tmpe_e_rnge']
[2024-10-29T23:46:50.357+0000] {standard_task_runner.py:105} INFO - Job 31: Subtask stock_update
[2024-10-29T23:46:50.484+0000] {task_command.py:467} INFO - Running <TaskInstance: etl_update_stock_ferrimac.stock_update manual__2024-10-29T23:46:38.412557+00:00 [running]> on host 94e12afb2788
[2024-10-29T23:46:50.675+0000] {taskinstance.py:3131} INFO - Exporting env vars: AIRFLOW_CTX_DAG_OWNER='***' AIRFLOW_CTX_DAG_ID='etl_update_stock_ferrimac' AIRFLOW_CTX_TASK_ID='stock_update' AIRFLOW_CTX_EXECUTION_DATE='2024-10-29T23:46:38.412557+00:00' AIRFLOW_CTX_TRY_NUMBER='1' AIRFLOW_CTX_DAG_RUN_ID='manual__2024-10-29T23:46:38.412557+00:00'
[2024-10-29T23:46:50.677+0000] {taskinstance.py:731} INFO - ::endgroup::
[2024-10-29T23:46:52.288+0000] {update_stock.py:72} INFO - Stock updated for date 2024-10-29 00:00:00.
[2024-10-29T23:46:52.819+0000] {update_stock.py:79} INFO - Stock file updated for date 2024-10-29 00:00:00 and saved to base_datos/inventario/stock_ferrimac.xlsx.
[2024-10-29T23:46:52.821+0000] {python.py:240} INFO - Done. Returned value was: None
[2024-10-29T23:46:52.839+0000] {taskinstance.py:340} INFO - ::group::Post task execution logs
[2024-10-29T23:46:52.840+0000] {taskinstance.py:352} INFO - Marking task as SUCCESS. dag_id=etl_update_stock_ferrimac, task_id=stock_update, run_id=manual__2024-10-29T23:46:38.412557+00:00, execution_date=20241029T234638, start_date=20241029T234650, end_date=20241029T234652
[2024-10-29T23:46:52.936+0000] {local_task_job_runner.py:266} INFO - Task exited with return code 0
[2024-10-29T23:46:52.997+0000] {taskinstance.py:3900} INFO - 1 downstream tasks scheduled from follow-on schedule check
[2024-10-29T23:46:53.009+0000] {local_task_job_runner.py:245} INFO - ::endgroup::
