[2024-10-14T15:28:11.432+0000] {local_task_job_runner.py:123} INFO - ::group::Pre task execution logs
[2024-10-14T15:28:11.492+0000] {taskinstance.py:2612} INFO - Dependencies all met for dep_context=non-requeueable deps ti=<TaskInstance: etl_update_stock_ferrimac.extract_data_sells_directory scheduled__2024-10-13T00:00:00+00:00 [queued]>
[2024-10-14T15:28:11.516+0000] {taskinstance.py:2612} INFO - Dependencies all met for dep_context=requeueable deps ti=<TaskInstance: etl_update_stock_ferrimac.extract_data_sells_directory scheduled__2024-10-13T00:00:00+00:00 [queued]>
[2024-10-14T15:28:11.517+0000] {taskinstance.py:2865} INFO - Starting attempt 1 of 2
[2024-10-14T15:28:11.564+0000] {taskinstance.py:2888} INFO - Executing <Task(PythonOperator): extract_data_sells_directory> on 2024-10-13 00:00:00+00:00
[2024-10-14T15:28:11.578+0000] {warnings.py:112} WARNING - /home/***/.local/lib/python3.12/site-packages/***/task/task_runner/standard_task_runner.py:70: DeprecationWarning: This process (pid=502) is multi-threaded, use of fork() may lead to deadlocks in the child.
  pid = os.fork()

[2024-10-14T15:28:11.586+0000] {standard_task_runner.py:72} INFO - Started process 512 to run task
[2024-10-14T15:28:11.587+0000] {standard_task_runner.py:104} INFO - Running: ['***', 'tasks', 'run', 'etl_update_stock_ferrimac', 'extract_data_sells_directory', 'scheduled__2024-10-13T00:00:00+00:00', '--job-id', '4', '--raw', '--subdir', 'DAGS_FOLDER/object_dag.py', '--cfg-path', '/tmp/tmp9kpm7w6i']
[2024-10-14T15:28:11.596+0000] {standard_task_runner.py:105} INFO - Job 4: Subtask extract_data_sells_directory
[2024-10-14T15:28:11.737+0000] {task_command.py:467} INFO - Running <TaskInstance: etl_update_stock_ferrimac.extract_data_sells_directory scheduled__2024-10-13T00:00:00+00:00 [running]> on host 980b178b5945
[2024-10-14T15:28:15.318+0000] {taskinstance.py:3131} INFO - Exporting env vars: AIRFLOW_CTX_DAG_OWNER='***' AIRFLOW_CTX_DAG_ID='etl_update_stock_ferrimac' AIRFLOW_CTX_TASK_ID='extract_data_sells_directory' AIRFLOW_CTX_EXECUTION_DATE='2024-10-13T00:00:00+00:00' AIRFLOW_CTX_TRY_NUMBER='1' AIRFLOW_CTX_DAG_RUN_ID='scheduled__2024-10-13T00:00:00+00:00'
[2024-10-14T15:28:15.320+0000] {taskinstance.py:731} INFO - ::endgroup::
[2024-10-14T15:28:15.365+0000] {logging_mixin.py:190} INFO - Directory base_datos/ventas not exist.
[2024-10-14T15:28:15.366+0000] {python.py:240} INFO - Done. Returned value was: None
[2024-10-14T15:28:15.392+0000] {taskinstance.py:340} INFO - ::group::Post task execution logs
[2024-10-14T15:28:15.396+0000] {taskinstance.py:352} INFO - Marking task as SUCCESS. dag_id=etl_update_stock_ferrimac, task_id=extract_data_sells_directory, run_id=scheduled__2024-10-13T00:00:00+00:00, execution_date=20241013T000000, start_date=20241014T152811, end_date=20241014T152815
[2024-10-14T15:28:15.549+0000] {local_task_job_runner.py:266} INFO - Task exited with return code 0
[2024-10-14T15:28:15.595+0000] {local_task_job_runner.py:245} INFO - ::endgroup::
[2024-10-14T19:23:43.159+0000] {local_task_job_runner.py:123} INFO - ::group::Pre task execution logs
[2024-10-14T19:23:43.197+0000] {taskinstance.py:2612} INFO - Dependencies all met for dep_context=non-requeueable deps ti=<TaskInstance: etl_update_stock_ferrimac.extract_data_sells_directory scheduled__2024-10-13T00:00:00+00:00 [queued]>
[2024-10-14T19:23:43.220+0000] {taskinstance.py:2612} INFO - Dependencies all met for dep_context=requeueable deps ti=<TaskInstance: etl_update_stock_ferrimac.extract_data_sells_directory scheduled__2024-10-13T00:00:00+00:00 [queued]>
[2024-10-14T19:23:43.221+0000] {taskinstance.py:2865} INFO - Starting attempt 1 of 2
[2024-10-14T19:23:43.256+0000] {taskinstance.py:2888} INFO - Executing <Task(PythonOperator): extract_data_sells_directory> on 2024-10-13 00:00:00+00:00
[2024-10-14T19:23:43.284+0000] {warnings.py:112} WARNING - /home/***/.local/lib/python3.12/site-packages/***/task/task_runner/standard_task_runner.py:70: DeprecationWarning: This process (pid=264) is multi-threaded, use of fork() may lead to deadlocks in the child.
  pid = os.fork()

[2024-10-14T19:23:43.291+0000] {standard_task_runner.py:72} INFO - Started process 279 to run task
[2024-10-14T19:23:43.312+0000] {standard_task_runner.py:104} INFO - Running: ['***', 'tasks', 'run', 'etl_update_stock_ferrimac', 'extract_data_sells_directory', 'scheduled__2024-10-13T00:00:00+00:00', '--job-id', '7', '--raw', '--subdir', 'DAGS_FOLDER/object_dag.py', '--cfg-path', '/tmp/tmpmd2qiplk']
[2024-10-14T19:23:43.343+0000] {standard_task_runner.py:105} INFO - Job 7: Subtask extract_data_sells_directory
[2024-10-14T19:23:43.603+0000] {task_command.py:467} INFO - Running <TaskInstance: etl_update_stock_ferrimac.extract_data_sells_directory scheduled__2024-10-13T00:00:00+00:00 [running]> on host db7b86ef1031
[2024-10-14T19:23:45.558+0000] {taskinstance.py:3131} INFO - Exporting env vars: AIRFLOW_CTX_DAG_OWNER='***' AIRFLOW_CTX_DAG_ID='etl_update_stock_ferrimac' AIRFLOW_CTX_TASK_ID='extract_data_sells_directory' AIRFLOW_CTX_EXECUTION_DATE='2024-10-13T00:00:00+00:00' AIRFLOW_CTX_TRY_NUMBER='1' AIRFLOW_CTX_DAG_RUN_ID='scheduled__2024-10-13T00:00:00+00:00'
[2024-10-14T19:23:45.560+0000] {taskinstance.py:731} INFO - ::endgroup::
[2024-10-14T19:23:45.582+0000] {logging_mixin.py:190} INFO - Directory base_datos/ventas not exist.
[2024-10-14T19:23:45.583+0000] {python.py:240} INFO - Done. Returned value was: None
[2024-10-14T19:23:45.597+0000] {taskinstance.py:340} INFO - ::group::Post task execution logs
[2024-10-14T19:23:45.598+0000] {taskinstance.py:352} INFO - Marking task as SUCCESS. dag_id=etl_update_stock_ferrimac, task_id=extract_data_sells_directory, run_id=scheduled__2024-10-13T00:00:00+00:00, execution_date=20241013T000000, start_date=20241014T192343, end_date=20241014T192345
[2024-10-14T19:23:45.666+0000] {local_task_job_runner.py:266} INFO - Task exited with return code 0
[2024-10-14T19:23:45.677+0000] {local_task_job_runner.py:245} INFO - ::endgroup::
[2024-10-14T23:55:29.561+0000] {local_task_job_runner.py:123} INFO - ::group::Pre task execution logs
[2024-10-14T23:55:29.587+0000] {taskinstance.py:2612} INFO - Dependencies all met for dep_context=non-requeueable deps ti=<TaskInstance: etl_update_stock_ferrimac.extract_data_sells_directory scheduled__2024-10-13T00:00:00+00:00 [queued]>
[2024-10-14T23:55:29.601+0000] {taskinstance.py:2612} INFO - Dependencies all met for dep_context=requeueable deps ti=<TaskInstance: etl_update_stock_ferrimac.extract_data_sells_directory scheduled__2024-10-13T00:00:00+00:00 [queued]>
[2024-10-14T23:55:29.602+0000] {taskinstance.py:2865} INFO - Starting attempt 1 of 2
[2024-10-14T23:55:29.628+0000] {taskinstance.py:2888} INFO - Executing <Task(PythonOperator): extract_data_sells_directory> on 2024-10-13 00:00:00+00:00
[2024-10-14T23:55:29.641+0000] {warnings.py:112} WARNING - /home/***/.local/lib/python3.12/site-packages/***/task/task_runner/standard_task_runner.py:70: DeprecationWarning: This process (pid=120) is multi-threaded, use of fork() may lead to deadlocks in the child.
  pid = os.fork()

[2024-10-14T23:55:29.650+0000] {standard_task_runner.py:72} INFO - Started process 134 to run task
[2024-10-14T23:55:29.649+0000] {standard_task_runner.py:104} INFO - Running: ['***', 'tasks', 'run', 'etl_update_stock_ferrimac', 'extract_data_sells_directory', 'scheduled__2024-10-13T00:00:00+00:00', '--job-id', '3', '--raw', '--subdir', 'DAGS_FOLDER/object_dag.py', '--cfg-path', '/tmp/tmpsg26xs9z']
[2024-10-14T23:55:29.657+0000] {standard_task_runner.py:105} INFO - Job 3: Subtask extract_data_sells_directory
[2024-10-14T23:55:29.766+0000] {task_command.py:467} INFO - Running <TaskInstance: etl_update_stock_ferrimac.extract_data_sells_directory scheduled__2024-10-13T00:00:00+00:00 [running]> on host 038337c3b9ed
[2024-10-14T23:55:30.548+0000] {taskinstance.py:3131} INFO - Exporting env vars: AIRFLOW_CTX_DAG_OWNER='***' AIRFLOW_CTX_DAG_ID='etl_update_stock_ferrimac' AIRFLOW_CTX_TASK_ID='extract_data_sells_directory' AIRFLOW_CTX_EXECUTION_DATE='2024-10-13T00:00:00+00:00' AIRFLOW_CTX_TRY_NUMBER='1' AIRFLOW_CTX_DAG_RUN_ID='scheduled__2024-10-13T00:00:00+00:00'
[2024-10-14T23:55:30.550+0000] {taskinstance.py:731} INFO - ::endgroup::
[2024-10-14T23:55:30.572+0000] {logging_mixin.py:190} INFO - Directory base_datos/ventas not exist.
[2024-10-14T23:55:30.574+0000] {python.py:240} INFO - Done. Returned value was: None
[2024-10-14T23:55:30.587+0000] {taskinstance.py:340} INFO - ::group::Post task execution logs
[2024-10-14T23:55:30.588+0000] {taskinstance.py:352} INFO - Marking task as SUCCESS. dag_id=etl_update_stock_ferrimac, task_id=extract_data_sells_directory, run_id=scheduled__2024-10-13T00:00:00+00:00, execution_date=20241013T000000, start_date=20241014T235529, end_date=20241014T235530
[2024-10-14T23:55:30.680+0000] {local_task_job_runner.py:266} INFO - Task exited with return code 0
[2024-10-14T23:55:30.714+0000] {taskinstance.py:3900} INFO - 0 downstream tasks scheduled from follow-on schedule check
[2024-10-14T23:55:30.719+0000] {local_task_job_runner.py:245} INFO - ::endgroup::
