[2024-10-30T19:32:43.986+0000] {local_task_job_runner.py:123} INFO - ::group::Pre task execution logs
[2024-10-30T19:32:44.027+0000] {taskinstance.py:2612} INFO - Dependencies all met for dep_context=non-requeueable deps ti=<TaskInstance: etl_update_stock_ferrimac.extract_data_sells_directory manual__2024-10-30T19:32:41.252492+00:00 [queued]>
[2024-10-30T19:32:44.070+0000] {taskinstance.py:2612} INFO - Dependencies all met for dep_context=requeueable deps ti=<TaskInstance: etl_update_stock_ferrimac.extract_data_sells_directory manual__2024-10-30T19:32:41.252492+00:00 [queued]>
[2024-10-30T19:32:44.072+0000] {taskinstance.py:2865} INFO - Starting attempt 1 of 2
[2024-10-30T19:32:44.520+0000] {taskinstance.py:2888} INFO - Executing <Task(PythonOperator): extract_data_sells_directory> on 2024-10-30 19:32:41.252492+00:00
[2024-10-30T19:32:44.532+0000] {warnings.py:112} WARNING - /home/***/.local/lib/python3.12/site-packages/***/task/task_runner/standard_task_runner.py:70: DeprecationWarning: This process (pid=335) is multi-threaded, use of fork() may lead to deadlocks in the child.
  pid = os.fork()

[2024-10-30T19:32:44.538+0000] {standard_task_runner.py:72} INFO - Started process 344 to run task
[2024-10-30T19:32:44.538+0000] {standard_task_runner.py:104} INFO - Running: ['***', 'tasks', 'run', 'etl_update_stock_ferrimac', 'extract_data_sells_directory', 'manual__2024-10-30T19:32:41.252492+00:00', '--job-id', '19', '--raw', '--subdir', 'DAGS_FOLDER/object_dag.py', '--cfg-path', '/tmp/tmpe6h321c4']
[2024-10-30T19:32:44.544+0000] {standard_task_runner.py:105} INFO - Job 19: Subtask extract_data_sells_directory
[2024-10-30T19:32:44.665+0000] {task_command.py:467} INFO - Running <TaskInstance: etl_update_stock_ferrimac.extract_data_sells_directory manual__2024-10-30T19:32:41.252492+00:00 [running]> on host 2b65cc0e065c
[2024-10-30T19:32:44.982+0000] {taskinstance.py:3131} INFO - Exporting env vars: AIRFLOW_CTX_DAG_OWNER='***' AIRFLOW_CTX_DAG_ID='etl_update_stock_ferrimac' AIRFLOW_CTX_TASK_ID='extract_data_sells_directory' AIRFLOW_CTX_EXECUTION_DATE='2024-10-30T19:32:41.252492+00:00' AIRFLOW_CTX_TRY_NUMBER='1' AIRFLOW_CTX_DAG_RUN_ID='manual__2024-10-30T19:32:41.252492+00:00'
[2024-10-30T19:32:44.985+0000] {taskinstance.py:731} INFO - ::endgroup::
[2024-10-30T19:32:45.044+0000] {extract_file_sells_to_stock.py:29} INFO - Base directory set to './base_datos/'
[2024-10-30T19:32:45.046+0000] {extract_file_sells_to_stock.py:35} INFO - Origin directory: base_datos/ventas
[2024-10-30T19:32:45.047+0000] {extract_file_sells_to_stock.py:36} INFO - Destination directory: base_datos/inventario
[2024-10-30T19:32:45.053+0000] {extract_file_sells_to_stock.py:51} INFO - Origin file path set to 'base_datos/ventas/ventas_unidades.csv'
[2024-10-30T19:32:45.058+0000] {extract_file_sells_to_stock.py:56} INFO - Destination file path set to 'base_datos/inventario/ventas_unidades.csv'
[2024-10-30T19:32:45.059+0000] {extract_file_sells_to_stock.py:58} INFO - Attempting to copy 'base_datos/ventas/ventas_unidades.csv' to 'base_datos/inventario/ventas_unidades.csv'
[2024-10-30T19:32:45.103+0000] {extract_file_sells_to_stock.py:63} ERROR - PermissionError while copying file: [Errno 1] Operation not permitted: 'base_datos/inventario/ventas_unidades.csv'
[2024-10-30T19:32:45.105+0000] {python.py:240} INFO - Done. Returned value was: None
[2024-10-30T19:32:45.142+0000] {taskinstance.py:340} INFO - ::group::Post task execution logs
[2024-10-30T19:32:45.144+0000] {taskinstance.py:352} INFO - Marking task as SUCCESS. dag_id=etl_update_stock_ferrimac, task_id=extract_data_sells_directory, run_id=manual__2024-10-30T19:32:41.252492+00:00, execution_date=20241030T193241, start_date=20241030T193244, end_date=20241030T193245
[2024-10-30T19:32:45.202+0000] {local_task_job_runner.py:266} INFO - Task exited with return code 0
[2024-10-30T19:32:45.266+0000] {taskinstance.py:3900} INFO - 0 downstream tasks scheduled from follow-on schedule check
[2024-10-30T19:32:45.280+0000] {local_task_job_runner.py:245} INFO - ::endgroup::
