[2024-10-16T03:37:52.554+0000] {local_task_job_runner.py:123} INFO - ::group::Pre task execution logs
[2024-10-16T03:37:54.386+0000] {taskinstance.py:2612} INFO - Dependencies all met for dep_context=non-requeueable deps ti=<TaskInstance: etl_update_stock_ferrimac.extract_data_purchases_directory manual__2024-10-16T03:37:30.818955+00:00 [queued]>
[2024-10-16T03:37:55.673+0000] {taskinstance.py:2612} INFO - Dependencies all met for dep_context=requeueable deps ti=<TaskInstance: etl_update_stock_ferrimac.extract_data_purchases_directory manual__2024-10-16T03:37:30.818955+00:00 [queued]>
[2024-10-16T03:37:55.687+0000] {taskinstance.py:2865} INFO - Starting attempt 1 of 2
[2024-10-16T03:37:55.993+0000] {taskinstance.py:2888} INFO - Executing <Task(PythonOperator): extract_data_purchases_directory> on 2024-10-16 03:37:30.818955+00:00
[2024-10-16T03:37:56.153+0000] {warnings.py:112} WARNING - /home/***/.local/lib/python3.12/site-packages/***/task/task_runner/standard_task_runner.py:70: DeprecationWarning: This process (pid=128) is multi-threaded, use of fork() may lead to deadlocks in the child.
  pid = os.fork()

[2024-10-16T03:37:56.339+0000] {standard_task_runner.py:72} INFO - Started process 152 to run task
[2024-10-16T03:37:56.669+0000] {standard_task_runner.py:104} INFO - Running: ['***', 'tasks', 'run', 'etl_update_stock_ferrimac', 'extract_data_purchases_directory', 'manual__2024-10-16T03:37:30.818955+00:00', '--job-id', '8', '--raw', '--subdir', 'DAGS_FOLDER/object_dag.py', '--cfg-path', '/tmp/tmpc2jteyn6']
[2024-10-16T03:37:56.749+0000] {standard_task_runner.py:105} INFO - Job 8: Subtask extract_data_purchases_directory
[2024-10-16T03:37:58.985+0000] {task_command.py:467} INFO - Running <TaskInstance: etl_update_stock_ferrimac.extract_data_purchases_directory manual__2024-10-16T03:37:30.818955+00:00 [running]> on host 1632cd2c9696
[2024-10-16T03:38:01.954+0000] {taskinstance.py:3131} INFO - Exporting env vars: AIRFLOW_CTX_DAG_OWNER='***' AIRFLOW_CTX_DAG_ID='etl_update_stock_ferrimac' AIRFLOW_CTX_TASK_ID='extract_data_purchases_directory' AIRFLOW_CTX_EXECUTION_DATE='2024-10-16T03:37:30.818955+00:00' AIRFLOW_CTX_TRY_NUMBER='1' AIRFLOW_CTX_DAG_RUN_ID='manual__2024-10-16T03:37:30.818955+00:00'
[2024-10-16T03:38:01.971+0000] {taskinstance.py:731} INFO - ::endgroup::
[2024-10-16T03:38:02.122+0000] {logging_mixin.py:190} INFO - Directory  base_datos/compras not found.
[2024-10-16T03:38:02.134+0000] {python.py:240} INFO - Done. Returned value was: None
[2024-10-16T03:38:02.200+0000] {taskinstance.py:340} INFO - ::group::Post task execution logs
[2024-10-16T03:38:02.205+0000] {taskinstance.py:352} INFO - Marking task as SUCCESS. dag_id=etl_update_stock_ferrimac, task_id=extract_data_purchases_directory, run_id=manual__2024-10-16T03:37:30.818955+00:00, execution_date=20241016T033730, start_date=20241016T033754, end_date=20241016T033802
[2024-10-16T03:38:02.367+0000] {local_task_job_runner.py:266} INFO - Task exited with return code 0
[2024-10-16T03:38:02.566+0000] {taskinstance.py:3900} INFO - 0 downstream tasks scheduled from follow-on schedule check
[2024-10-16T03:38:02.574+0000] {local_task_job_runner.py:245} INFO - ::endgroup::
