[2024-10-17T18:07:53.345+0000] {local_task_job_runner.py:123} INFO - ::group::Pre task execution logs
[2024-10-17T18:07:53.377+0000] {taskinstance.py:2612} INFO - Dependencies all met for dep_context=non-requeueable deps ti=<TaskInstance: etl_update_stock_ferrimac.stock_update manual__2024-10-17T18:07:42.673206+00:00 [queued]>
[2024-10-17T18:07:53.396+0000] {taskinstance.py:2612} INFO - Dependencies all met for dep_context=requeueable deps ti=<TaskInstance: etl_update_stock_ferrimac.stock_update manual__2024-10-17T18:07:42.673206+00:00 [queued]>
[2024-10-17T18:07:53.397+0000] {taskinstance.py:2865} INFO - Starting attempt 1 of 2
[2024-10-17T18:07:53.430+0000] {taskinstance.py:2888} INFO - Executing <Task(PythonOperator): stock_update> on 2024-10-17 18:07:42.673206+00:00
[2024-10-17T18:07:53.440+0000] {warnings.py:112} WARNING - /home/***/.local/lib/python3.12/site-packages/***/task/task_runner/standard_task_runner.py:70: DeprecationWarning: This process (pid=542) is multi-threaded, use of fork() may lead to deadlocks in the child.
  pid = os.fork()

[2024-10-17T18:07:53.443+0000] {standard_task_runner.py:72} INFO - Started process 544 to run task
[2024-10-17T18:07:53.443+0000] {standard_task_runner.py:104} INFO - Running: ['***', 'tasks', 'run', 'etl_update_stock_ferrimac', 'stock_update', 'manual__2024-10-17T18:07:42.673206+00:00', '--job-id', '33', '--raw', '--subdir', 'DAGS_FOLDER/object_dag.py', '--cfg-path', '/tmp/tmpu4h60lbt']
[2024-10-17T18:07:53.450+0000] {standard_task_runner.py:105} INFO - Job 33: Subtask stock_update
[2024-10-17T18:07:53.531+0000] {task_command.py:467} INFO - Running <TaskInstance: etl_update_stock_ferrimac.stock_update manual__2024-10-17T18:07:42.673206+00:00 [running]> on host 1652cc614667
[2024-10-17T18:07:54.780+0000] {taskinstance.py:3131} INFO - Exporting env vars: AIRFLOW_CTX_DAG_OWNER='***' AIRFLOW_CTX_DAG_ID='etl_update_stock_ferrimac' AIRFLOW_CTX_TASK_ID='stock_update' AIRFLOW_CTX_EXECUTION_DATE='2024-10-17T18:07:42.673206+00:00' AIRFLOW_CTX_TRY_NUMBER='1' AIRFLOW_CTX_DAG_RUN_ID='manual__2024-10-17T18:07:42.673206+00:00'
[2024-10-17T18:07:54.781+0000] {taskinstance.py:731} INFO - ::endgroup::
[2024-10-17T18:08:18.353+0000] {warnings.py:112} WARNING - /opt/***/functions_etl/update_stock.py:24: UserWarning: Could not infer format, so each element will be parsed individually, falling back to `dateutil`. To ensure parsing is consistent and as-expected, please specify a format.
  df_stock.columns = pd.to_datetime(df_stock.columns, errors='ignore', dayfirst=True)

[2024-10-17T18:08:18.362+0000] {warnings.py:112} WARNING - /opt/***/functions_etl/update_stock.py:25: UserWarning: Could not infer format, so each element will be parsed individually, falling back to `dateutil`. To ensure parsing is consistent and as-expected, please specify a format.
  df_compras.columns = pd.to_datetime(df_compras.columns, errors='ignore', dayfirst=True)

[2024-10-17T18:08:18.365+0000] {warnings.py:112} WARNING - /opt/***/functions_etl/update_stock.py:26: UserWarning: Could not infer format, so each element will be parsed individually, falling back to `dateutil`. To ensure parsing is consistent and as-expected, please specify a format.
  df_ventas.columns = pd.to_datetime(df_ventas.columns, errors='ignore', dayfirst=True)

[2024-10-17T18:08:18.381+0000] {logging_mixin.py:190} INFO - Date 2024-10-17 00:00:00 not found in purchases or sales files.
[2024-10-17T18:08:18.386+0000] {python.py:240} INFO - Done. Returned value was: None
[2024-10-17T18:08:18.415+0000] {taskinstance.py:340} INFO - ::group::Post task execution logs
[2024-10-17T18:08:18.417+0000] {taskinstance.py:352} INFO - Marking task as SUCCESS. dag_id=etl_update_stock_ferrimac, task_id=stock_update, run_id=manual__2024-10-17T18:07:42.673206+00:00, execution_date=20241017T180742, start_date=20241017T180753, end_date=20241017T180818
[2024-10-17T18:08:18.523+0000] {local_task_job_runner.py:266} INFO - Task exited with return code 0
[2024-10-17T18:08:18.604+0000] {taskinstance.py:3900} INFO - 0 downstream tasks scheduled from follow-on schedule check
[2024-10-17T18:08:18.614+0000] {local_task_job_runner.py:245} INFO - ::endgroup::
