[2024-10-30T22:12:31.722+0000] {local_task_job_runner.py:123} INFO - ::group::Pre task execution logs
[2024-10-30T22:12:31.752+0000] {taskinstance.py:2612} INFO - Dependencies all met for dep_context=non-requeueable deps ti=<TaskInstance: etl_update_stock_ferrimac.monetized_stock manual__2024-10-30T22:12:19.478537+00:00 [queued]>
[2024-10-30T22:12:31.765+0000] {taskinstance.py:2612} INFO - Dependencies all met for dep_context=requeueable deps ti=<TaskInstance: etl_update_stock_ferrimac.monetized_stock manual__2024-10-30T22:12:19.478537+00:00 [queued]>
[2024-10-30T22:12:31.767+0000] {taskinstance.py:2865} INFO - Starting attempt 1 of 2
[2024-10-30T22:12:31.797+0000] {taskinstance.py:2888} INFO - Executing <Task(PythonOperator): monetized_stock> on 2024-10-30 22:12:19.478537+00:00
[2024-10-30T22:12:31.808+0000] {warnings.py:112} WARNING - /home/***/.local/lib/python3.12/site-packages/***/task/task_runner/standard_task_runner.py:70: DeprecationWarning: This process (pid=385) is multi-threaded, use of fork() may lead to deadlocks in the child.
  pid = os.fork()

[2024-10-30T22:12:31.810+0000] {standard_task_runner.py:72} INFO - Started process 387 to run task
[2024-10-30T22:12:31.811+0000] {standard_task_runner.py:104} INFO - Running: ['***', 'tasks', 'run', 'etl_update_stock_ferrimac', 'monetized_stock', 'manual__2024-10-30T22:12:19.478537+00:00', '--job-id', '28', '--raw', '--subdir', 'DAGS_FOLDER/object_dag.py', '--cfg-path', '/tmp/tmpzq2ns82d']
[2024-10-30T22:12:31.816+0000] {standard_task_runner.py:105} INFO - Job 28: Subtask monetized_stock
[2024-10-30T22:12:31.906+0000] {task_command.py:467} INFO - Running <TaskInstance: etl_update_stock_ferrimac.monetized_stock manual__2024-10-30T22:12:19.478537+00:00 [running]> on host be19b514443c
[2024-10-30T22:12:32.036+0000] {taskinstance.py:3131} INFO - Exporting env vars: AIRFLOW_CTX_DAG_OWNER='***' AIRFLOW_CTX_DAG_ID='etl_update_stock_ferrimac' AIRFLOW_CTX_TASK_ID='monetized_stock' AIRFLOW_CTX_EXECUTION_DATE='2024-10-30T22:12:19.478537+00:00' AIRFLOW_CTX_TRY_NUMBER='1' AIRFLOW_CTX_DAG_RUN_ID='manual__2024-10-30T22:12:19.478537+00:00'
[2024-10-30T22:12:32.039+0000] {taskinstance.py:731} INFO - ::endgroup::
[2024-10-30T22:12:32.801+0000] {warnings.py:112} WARNING - /opt/***/functions_etl/data_transform.py:52: UserWarning: Could not infer format, so each element will be parsed individually, falling back to `dateutil`. To ensure parsing is consistent and as-expected, please specify a format.
  df_stock.columns = pd.to_datetime(df_stock.columns, errors='ignore', dayfirst=True)

[2024-10-30T22:12:32.816+0000] {warnings.py:112} WARNING - /opt/***/functions_etl/data_transform.py:54: UserWarning: Could not infer format, so each element will be parsed individually, falling back to `dateutil`. To ensure parsing is consistent and as-expected, please specify a format.
  df_list_prices.columns = pd.to_datetime(df_list_prices.columns, errors='ignore', dayfirst=True)

[2024-10-30T22:12:33.855+0000] {data_transform.py:97} INFO - Monetized stock has been successfully updated for date 2024-10-30 00:00:00.
[2024-10-30T22:12:33.856+0000] {python.py:240} INFO - Done. Returned value was:       id_product  model  ... 2024-10-31 00:00:00 2024-11-01 00:00:00
0    ID-00000001  BSX17  ...                 NaN                 NaN
1    ID-00000002   TM12  ...                 NaN                 NaN
2    ID-00000003   TM13  ...                 NaN                 NaN
3    ID-00000004   TM14  ...                 NaN                 NaN
4    ID-00000005   TM15  ...                 NaN                 NaN
..           ...    ...  ...                 ...                 ...
435          NaN    NaN  ...                 NaN                 NaN
436          NaN    NaN  ...                 NaN                 NaN
437          NaN    NaN  ...                 NaN                 NaN
438          NaN    NaN  ...                 NaN                 NaN
439        TOTAL    NaN  ...                 NaN                 NaN

[440 rows x 44 columns]
[2024-10-30T22:12:33.979+0000] {warnings.py:112} WARNING - /home/***/.local/lib/python3.12/site-packages/***/serialization/serializers/pandas.py:49: UserWarning: The DataFrame has column names of mixed type. They will be converted to strings and not roundtrip correctly.
  table = pa.Table.from_pandas(o)

[2024-10-30T22:12:34.046+0000] {taskinstance.py:340} INFO - ::group::Post task execution logs
[2024-10-30T22:12:34.048+0000] {taskinstance.py:352} INFO - Marking task as SUCCESS. dag_id=etl_update_stock_ferrimac, task_id=monetized_stock, run_id=manual__2024-10-30T22:12:19.478537+00:00, execution_date=20241030T221219, start_date=20241030T221231, end_date=20241030T221234
[2024-10-30T22:12:34.116+0000] {local_task_job_runner.py:266} INFO - Task exited with return code 0
[2024-10-30T22:12:34.161+0000] {taskinstance.py:3900} INFO - 1 downstream tasks scheduled from follow-on schedule check
[2024-10-30T22:12:34.176+0000] {local_task_job_runner.py:245} INFO - ::endgroup::
