[2024-10-29T22:38:30.518+0000] {local_task_job_runner.py:123} INFO - ::group::Pre task execution logs
[2024-10-29T22:38:30.594+0000] {taskinstance.py:2612} INFO - Dependencies all met for dep_context=non-requeueable deps ti=<TaskInstance: etl_update_stock_ferrimac.stock_update manual__2024-10-29T22:37:35.740893+00:00 [queued]>
[2024-10-29T22:38:30.624+0000] {taskinstance.py:2612} INFO - Dependencies all met for dep_context=requeueable deps ti=<TaskInstance: etl_update_stock_ferrimac.stock_update manual__2024-10-29T22:37:35.740893+00:00 [queued]>
[2024-10-29T22:38:30.625+0000] {taskinstance.py:2865} INFO - Starting attempt 1 of 2
[2024-10-29T22:38:30.663+0000] {taskinstance.py:2888} INFO - Executing <Task(PythonOperator): stock_update> on 2024-10-29 22:37:35.740893+00:00
[2024-10-29T22:38:30.682+0000] {warnings.py:112} WARNING - /home/***/.local/lib/python3.12/site-packages/***/task/task_runner/standard_task_runner.py:70: DeprecationWarning: This process (pid=128) is multi-threaded, use of fork() may lead to deadlocks in the child.
  pid = os.fork()

[2024-10-29T22:38:30.687+0000] {standard_task_runner.py:72} INFO - Started process 133 to run task
[2024-10-29T22:38:30.688+0000] {standard_task_runner.py:104} INFO - Running: ['***', 'tasks', 'run', 'etl_update_stock_ferrimac', 'stock_update', 'manual__2024-10-29T22:37:35.740893+00:00', '--job-id', '10', '--raw', '--subdir', 'DAGS_FOLDER/object_dag.py', '--cfg-path', '/tmp/tmpieqo_st3']
[2024-10-29T22:38:30.700+0000] {standard_task_runner.py:105} INFO - Job 10: Subtask stock_update
[2024-10-29T22:38:30.851+0000] {task_command.py:467} INFO - Running <TaskInstance: etl_update_stock_ferrimac.stock_update manual__2024-10-29T22:37:35.740893+00:00 [running]> on host 94e12afb2788
[2024-10-29T22:38:31.269+0000] {taskinstance.py:3131} INFO - Exporting env vars: AIRFLOW_CTX_DAG_OWNER='***' AIRFLOW_CTX_DAG_ID='etl_update_stock_ferrimac' AIRFLOW_CTX_TASK_ID='stock_update' AIRFLOW_CTX_EXECUTION_DATE='2024-10-29T22:37:35.740893+00:00' AIRFLOW_CTX_TRY_NUMBER='1' AIRFLOW_CTX_DAG_RUN_ID='manual__2024-10-29T22:37:35.740893+00:00'
[2024-10-29T22:38:31.272+0000] {taskinstance.py:731} INFO - ::endgroup::
[2024-10-29T22:38:35.556+0000] {update_stock.py:72} INFO - Stock updated for date 2024-10-29 00:00:00.
[2024-10-29T22:38:38.065+0000] {update_stock.py:79} INFO - Stock file updated for date 2024-10-29 00:00:00 and saved to base_datos/inventario/stock_ferrimac.xlsx.
[2024-10-29T22:38:38.067+0000] {python.py:240} INFO - Done. Returned value was: None
[2024-10-29T22:38:38.092+0000] {taskinstance.py:340} INFO - ::group::Post task execution logs
[2024-10-29T22:38:38.094+0000] {taskinstance.py:352} INFO - Marking task as SUCCESS. dag_id=etl_update_stock_ferrimac, task_id=stock_update, run_id=manual__2024-10-29T22:37:35.740893+00:00, execution_date=20241029T223735, start_date=20241029T223830, end_date=20241029T223838
[2024-10-29T22:38:38.182+0000] {local_task_job_runner.py:266} INFO - Task exited with return code 0
[2024-10-29T22:38:38.249+0000] {taskinstance.py:3900} INFO - 1 downstream tasks scheduled from follow-on schedule check
[2024-10-29T22:38:38.254+0000] {local_task_job_runner.py:245} INFO - ::endgroup::
