[2024-10-30T13:21:33.234+0000] {local_task_job_runner.py:123} INFO - ::group::Pre task execution logs
[2024-10-30T13:21:33.289+0000] {taskinstance.py:2612} INFO - Dependencies all met for dep_context=non-requeueable deps ti=<TaskInstance: etl_update_stock_ferrimac.load_data_into_Redshif manual__2024-10-30T13:08:25.426745+00:00 [queued]>
[2024-10-30T13:21:33.319+0000] {taskinstance.py:2612} INFO - Dependencies all met for dep_context=requeueable deps ti=<TaskInstance: etl_update_stock_ferrimac.load_data_into_Redshif manual__2024-10-30T13:08:25.426745+00:00 [queued]>
[2024-10-30T13:21:33.320+0000] {taskinstance.py:2865} INFO - Starting attempt 1 of 2
[2024-10-30T13:21:33.373+0000] {taskinstance.py:2888} INFO - Executing <Task(PythonOperator): load_data_into_Redshif> on 2024-10-30 13:08:25.426745+00:00
[2024-10-30T13:21:33.387+0000] {warnings.py:112} WARNING - /home/***/.local/lib/python3.12/site-packages/***/task/task_runner/standard_task_runner.py:70: DeprecationWarning: This process (pid=573) is multi-threaded, use of fork() may lead to deadlocks in the child.
  pid = os.fork()

[2024-10-30T13:21:33.395+0000] {standard_task_runner.py:72} INFO - Started process 577 to run task
[2024-10-30T13:21:33.400+0000] {standard_task_runner.py:104} INFO - Running: ['***', 'tasks', 'run', 'etl_update_stock_ferrimac', 'load_data_into_Redshif', 'manual__2024-10-30T13:08:25.426745+00:00', '--job-id', '27', '--raw', '--subdir', 'DAGS_FOLDER/object_dag.py', '--cfg-path', '/tmp/tmpbako8p7l']
[2024-10-30T13:21:33.407+0000] {standard_task_runner.py:105} INFO - Job 27: Subtask load_data_into_Redshif
[2024-10-30T13:21:33.545+0000] {task_command.py:467} INFO - Running <TaskInstance: etl_update_stock_ferrimac.load_data_into_Redshif manual__2024-10-30T13:08:25.426745+00:00 [running]> on host 1e26175021c2
[2024-10-30T13:21:33.782+0000] {taskinstance.py:3131} INFO - Exporting env vars: AIRFLOW_CTX_DAG_OWNER='***' AIRFLOW_CTX_DAG_ID='etl_update_stock_ferrimac' AIRFLOW_CTX_TASK_ID='load_data_into_Redshif' AIRFLOW_CTX_EXECUTION_DATE='2024-10-30T13:08:25.426745+00:00' AIRFLOW_CTX_TRY_NUMBER='1' AIRFLOW_CTX_DAG_RUN_ID='manual__2024-10-30T13:08:25.426745+00:00'
[2024-10-30T13:21:33.784+0000] {taskinstance.py:731} INFO - ::endgroup::
[2024-10-30T13:21:36.972+0000] {load_data.py:116} INFO - Connection to Redshift successful.
[2024-10-30T13:21:37.301+0000] {load_data.py:119} INFO - Update from Redshift: 2024-10-30
[2024-10-30T13:21:38.371+0000] {warnings.py:112} WARNING - /home/***/.local/lib/python3.12/site-packages/pandas/io/parquet.py:189: UserWarning: The DataFrame has column names of mixed type. They will be converted to strings and not roundtrip correctly.
  table = self.api.Table.from_pandas(df, **from_pandas_kwargs)

[2024-10-30T13:21:38.502+0000] {load_data.py:60} INFO - Excel file read and converted to Parquet
[2024-10-30T13:24:03.318+0000] {load_data.py:134} INFO - File 'monetized_stock.xlsx' successfully loaded into Redshift table 'stock_monetized'.
[2024-10-30T13:24:03.337+0000] {python.py:240} INFO - Done. Returned value was: None
[2024-10-30T13:24:03.403+0000] {taskinstance.py:340} INFO - ::group::Post task execution logs
[2024-10-30T13:24:03.406+0000] {taskinstance.py:352} INFO - Marking task as SUCCESS. dag_id=etl_update_stock_ferrimac, task_id=load_data_into_Redshif, run_id=manual__2024-10-30T13:08:25.426745+00:00, execution_date=20241030T130825, start_date=20241030T132133, end_date=20241030T132403
[2024-10-30T13:24:03.584+0000] {local_task_job_runner.py:266} INFO - Task exited with return code 0
[2024-10-30T13:24:03.718+0000] {taskinstance.py:3900} INFO - 0 downstream tasks scheduled from follow-on schedule check
[2024-10-30T13:24:03.725+0000] {local_task_job_runner.py:245} INFO - ::endgroup::
