[2024-10-17T16:39:13.479+0000] {local_task_job_runner.py:123} INFO - ::group::Pre task execution logs
[2024-10-17T16:39:13.534+0000] {taskinstance.py:2612} INFO - Dependencies all met for dep_context=non-requeueable deps ti=<TaskInstance: etl_update_stock_ferrimac.extract_data_purchases_directory manual__2024-10-17T16:39:09.635378+00:00 [queued]>
[2024-10-17T16:39:13.556+0000] {taskinstance.py:2612} INFO - Dependencies all met for dep_context=requeueable deps ti=<TaskInstance: etl_update_stock_ferrimac.extract_data_purchases_directory manual__2024-10-17T16:39:09.635378+00:00 [queued]>
[2024-10-17T16:39:13.557+0000] {taskinstance.py:2865} INFO - Starting attempt 1 of 2
[2024-10-17T16:39:13.600+0000] {taskinstance.py:2888} INFO - Executing <Task(PythonOperator): extract_data_purchases_directory> on 2024-10-17 16:39:09.635378+00:00
[2024-10-17T16:39:13.618+0000] {warnings.py:112} WARNING - /home/***/.local/lib/python3.12/site-packages/***/task/task_runner/standard_task_runner.py:70: DeprecationWarning: This process (pid=68) is multi-threaded, use of fork() may lead to deadlocks in the child.
  pid = os.fork()

[2024-10-17T16:39:13.625+0000] {standard_task_runner.py:72} INFO - Started process 74 to run task
[2024-10-17T16:39:13.623+0000] {standard_task_runner.py:104} INFO - Running: ['***', 'tasks', 'run', 'etl_update_stock_ferrimac', 'extract_data_purchases_directory', 'manual__2024-10-17T16:39:09.635378+00:00', '--job-id', '28', '--raw', '--subdir', 'DAGS_FOLDER/object_dag.py', '--cfg-path', '/tmp/tmpyd7nvbdp']
[2024-10-17T16:39:13.631+0000] {standard_task_runner.py:105} INFO - Job 28: Subtask extract_data_purchases_directory
[2024-10-17T16:39:13.776+0000] {task_command.py:467} INFO - Running <TaskInstance: etl_update_stock_ferrimac.extract_data_purchases_directory manual__2024-10-17T16:39:09.635378+00:00 [running]> on host 1ab1bf654054
[2024-10-17T16:39:14.064+0000] {taskinstance.py:3131} INFO - Exporting env vars: AIRFLOW_CTX_DAG_OWNER='***' AIRFLOW_CTX_DAG_ID='etl_update_stock_ferrimac' AIRFLOW_CTX_TASK_ID='extract_data_purchases_directory' AIRFLOW_CTX_EXECUTION_DATE='2024-10-17T16:39:09.635378+00:00' AIRFLOW_CTX_TRY_NUMBER='1' AIRFLOW_CTX_DAG_RUN_ID='manual__2024-10-17T16:39:09.635378+00:00'
[2024-10-17T16:39:14.067+0000] {taskinstance.py:731} INFO - ::endgroup::
[2024-10-17T16:39:14.616+0000] {logging_mixin.py:190} INFO - File 'compras_stock.xlsx' moved to stock folder correctly.
[2024-10-17T16:39:14.618+0000] {python.py:240} INFO - Done. Returned value was: None
[2024-10-17T16:39:14.648+0000] {taskinstance.py:340} INFO - ::group::Post task execution logs
[2024-10-17T16:39:14.650+0000] {taskinstance.py:352} INFO - Marking task as SUCCESS. dag_id=etl_update_stock_ferrimac, task_id=extract_data_purchases_directory, run_id=manual__2024-10-17T16:39:09.635378+00:00, execution_date=20241017T163909, start_date=20241017T163913, end_date=20241017T163914
[2024-10-17T16:39:14.740+0000] {local_task_job_runner.py:266} INFO - Task exited with return code 0
[2024-10-17T16:39:14.810+0000] {taskinstance.py:3900} INFO - 0 downstream tasks scheduled from follow-on schedule check
[2024-10-17T16:39:14.814+0000] {local_task_job_runner.py:245} INFO - ::endgroup::
