[2024-10-16T02:21:51.138+0000] {local_task_job_runner.py:123} INFO - ::group::Pre task execution logs
[2024-10-16T02:21:51.377+0000] {taskinstance.py:2612} INFO - Dependencies all met for dep_context=non-requeueable deps ti=<TaskInstance: etl_update_stock_ferrimac.extract_data_purchases_directory scheduled__2024-10-15T00:00:00+00:00 [queued]>
[2024-10-16T02:21:51.437+0000] {taskinstance.py:2612} INFO - Dependencies all met for dep_context=requeueable deps ti=<TaskInstance: etl_update_stock_ferrimac.extract_data_purchases_directory scheduled__2024-10-15T00:00:00+00:00 [queued]>
[2024-10-16T02:21:51.459+0000] {taskinstance.py:2865} INFO - Starting attempt 1 of 2
[2024-10-16T02:21:51.807+0000] {taskinstance.py:2888} INFO - Executing <Task(PythonOperator): extract_data_purchases_directory> on 2024-10-15 00:00:00+00:00
[2024-10-16T02:21:51.914+0000] {warnings.py:112} WARNING - /home/***/.local/lib/python3.12/site-packages/***/task/task_runner/standard_task_runner.py:70: DeprecationWarning: This process (pid=79) is multi-threaded, use of fork() may lead to deadlocks in the child.
  pid = os.fork()

[2024-10-16T02:21:51.948+0000] {standard_task_runner.py:72} INFO - Started process 94 to run task
[2024-10-16T02:21:51.989+0000] {standard_task_runner.py:104} INFO - Running: ['***', 'tasks', 'run', 'etl_update_stock_ferrimac', 'extract_data_purchases_directory', 'scheduled__2024-10-15T00:00:00+00:00', '--job-id', '48', '--raw', '--subdir', 'DAGS_FOLDER/object_dag.py', '--cfg-path', '/tmp/tmp69xevslb']
[2024-10-16T02:21:52.112+0000] {standard_task_runner.py:105} INFO - Job 48: Subtask extract_data_purchases_directory
[2024-10-16T02:21:53.310+0000] {task_command.py:467} INFO - Running <TaskInstance: etl_update_stock_ferrimac.extract_data_purchases_directory scheduled__2024-10-15T00:00:00+00:00 [running]> on host 2296928c39b5
[2024-10-16T02:22:19.946+0000] {taskinstance.py:3131} INFO - Exporting env vars: AIRFLOW_CTX_DAG_OWNER='***' AIRFLOW_CTX_DAG_ID='etl_update_stock_ferrimac' AIRFLOW_CTX_TASK_ID='extract_data_purchases_directory' AIRFLOW_CTX_EXECUTION_DATE='2024-10-15T00:00:00+00:00' AIRFLOW_CTX_TRY_NUMBER='1' AIRFLOW_CTX_DAG_RUN_ID='scheduled__2024-10-15T00:00:00+00:00'
[2024-10-16T02:22:19.983+0000] {taskinstance.py:731} INFO - ::endgroup::
[2024-10-16T02:22:20.120+0000] {logging_mixin.py:190} INFO - Directory  base_datos/compras not found.
[2024-10-16T02:22:20.134+0000] {python.py:240} INFO - Done. Returned value was: None
[2024-10-16T02:22:20.203+0000] {taskinstance.py:340} INFO - ::group::Post task execution logs
[2024-10-16T02:22:20.217+0000] {taskinstance.py:352} INFO - Marking task as SUCCESS. dag_id=etl_update_stock_ferrimac, task_id=extract_data_purchases_directory, run_id=scheduled__2024-10-15T00:00:00+00:00, execution_date=20241015T000000, start_date=20241016T022151, end_date=20241016T022220
[2024-10-16T02:22:20.417+0000] {local_task_job_runner.py:266} INFO - Task exited with return code 0
[2024-10-16T02:22:20.660+0000] {taskinstance.py:3900} INFO - 0 downstream tasks scheduled from follow-on schedule check
[2024-10-16T02:22:20.669+0000] {local_task_job_runner.py:245} INFO - ::endgroup::
[2024-10-16T03:37:50.876+0000] {local_task_job_runner.py:123} INFO - ::group::Pre task execution logs
[2024-10-16T03:37:51.395+0000] {taskinstance.py:2612} INFO - Dependencies all met for dep_context=non-requeueable deps ti=<TaskInstance: etl_update_stock_ferrimac.extract_data_purchases_directory scheduled__2024-10-15T00:00:00+00:00 [queued]>
[2024-10-16T03:37:51.488+0000] {taskinstance.py:2612} INFO - Dependencies all met for dep_context=requeueable deps ti=<TaskInstance: etl_update_stock_ferrimac.extract_data_purchases_directory scheduled__2024-10-15T00:00:00+00:00 [queued]>
[2024-10-16T03:37:51.524+0000] {taskinstance.py:2865} INFO - Starting attempt 1 of 2
[2024-10-16T03:37:51.749+0000] {taskinstance.py:2888} INFO - Executing <Task(PythonOperator): extract_data_purchases_directory> on 2024-10-15 00:00:00+00:00
[2024-10-16T03:37:52.168+0000] {warnings.py:112} WARNING - /home/***/.local/lib/python3.12/site-packages/***/task/task_runner/standard_task_runner.py:70: DeprecationWarning: This process (pid=126) is multi-threaded, use of fork() may lead to deadlocks in the child.
  pid = os.fork()

[2024-10-16T03:37:52.323+0000] {standard_task_runner.py:72} INFO - Started process 150 to run task
[2024-10-16T03:37:52.216+0000] {standard_task_runner.py:104} INFO - Running: ['***', 'tasks', 'run', 'etl_update_stock_ferrimac', 'extract_data_purchases_directory', 'scheduled__2024-10-15T00:00:00+00:00', '--job-id', '7', '--raw', '--subdir', 'DAGS_FOLDER/object_dag.py', '--cfg-path', '/tmp/tmp4utzn168']
[2024-10-16T03:37:52.354+0000] {standard_task_runner.py:105} INFO - Job 7: Subtask extract_data_purchases_directory
[2024-10-16T03:37:56.945+0000] {task_command.py:467} INFO - Running <TaskInstance: etl_update_stock_ferrimac.extract_data_purchases_directory scheduled__2024-10-15T00:00:00+00:00 [running]> on host 1632cd2c9696
[2024-10-16T03:37:58.917+0000] {taskinstance.py:3131} INFO - Exporting env vars: AIRFLOW_CTX_DAG_OWNER='***' AIRFLOW_CTX_DAG_ID='etl_update_stock_ferrimac' AIRFLOW_CTX_TASK_ID='extract_data_purchases_directory' AIRFLOW_CTX_EXECUTION_DATE='2024-10-15T00:00:00+00:00' AIRFLOW_CTX_TRY_NUMBER='1' AIRFLOW_CTX_DAG_RUN_ID='scheduled__2024-10-15T00:00:00+00:00'
[2024-10-16T03:37:58.982+0000] {taskinstance.py:731} INFO - ::endgroup::
[2024-10-16T03:38:00.667+0000] {logging_mixin.py:190} INFO - Directory  base_datos/compras not found.
[2024-10-16T03:38:00.722+0000] {python.py:240} INFO - Done. Returned value was: None
[2024-10-16T03:38:00.880+0000] {taskinstance.py:340} INFO - ::group::Post task execution logs
[2024-10-16T03:38:00.892+0000] {taskinstance.py:352} INFO - Marking task as SUCCESS. dag_id=etl_update_stock_ferrimac, task_id=extract_data_purchases_directory, run_id=scheduled__2024-10-15T00:00:00+00:00, execution_date=20241015T000000, start_date=20241016T033751, end_date=20241016T033800
[2024-10-16T03:38:01.256+0000] {local_task_job_runner.py:266} INFO - Task exited with return code 0
[2024-10-16T03:38:01.442+0000] {taskinstance.py:3900} INFO - 0 downstream tasks scheduled from follow-on schedule check
[2024-10-16T03:38:01.481+0000] {local_task_job_runner.py:245} INFO - ::endgroup::
[2024-10-16T04:51:42.029+0000] {local_task_job_runner.py:123} INFO - ::group::Pre task execution logs
[2024-10-16T04:51:42.121+0000] {taskinstance.py:2612} INFO - Dependencies all met for dep_context=non-requeueable deps ti=<TaskInstance: etl_update_stock_ferrimac.extract_data_purchases_directory scheduled__2024-10-15T00:00:00+00:00 [queued]>
[2024-10-16T04:51:42.197+0000] {taskinstance.py:2612} INFO - Dependencies all met for dep_context=requeueable deps ti=<TaskInstance: etl_update_stock_ferrimac.extract_data_purchases_directory scheduled__2024-10-15T00:00:00+00:00 [queued]>
[2024-10-16T04:51:42.199+0000] {taskinstance.py:2865} INFO - Starting attempt 1 of 2
[2024-10-16T04:51:42.281+0000] {taskinstance.py:2888} INFO - Executing <Task(PythonOperator): extract_data_purchases_directory> on 2024-10-15 00:00:00+00:00
[2024-10-16T04:51:42.339+0000] {warnings.py:112} WARNING - /home/***/.local/lib/python3.12/site-packages/***/task/task_runner/standard_task_runner.py:70: DeprecationWarning: This process (pid=170) is multi-threaded, use of fork() may lead to deadlocks in the child.
  pid = os.fork()

[2024-10-16T04:51:42.352+0000] {standard_task_runner.py:72} INFO - Started process 182 to run task
[2024-10-16T04:51:42.373+0000] {standard_task_runner.py:104} INFO - Running: ['***', 'tasks', 'run', 'etl_update_stock_ferrimac', 'extract_data_purchases_directory', 'scheduled__2024-10-15T00:00:00+00:00', '--job-id', '4', '--raw', '--subdir', 'DAGS_FOLDER/object_dag.py', '--cfg-path', '/tmp/tmp5uwdive0']
[2024-10-16T04:51:42.385+0000] {standard_task_runner.py:105} INFO - Job 4: Subtask extract_data_purchases_directory
[2024-10-16T04:51:42.706+0000] {task_command.py:467} INFO - Running <TaskInstance: etl_update_stock_ferrimac.extract_data_purchases_directory scheduled__2024-10-15T00:00:00+00:00 [running]> on host 5eb5ec31bb35
[2024-10-16T04:51:49.966+0000] {taskinstance.py:3131} INFO - Exporting env vars: AIRFLOW_CTX_DAG_OWNER='***' AIRFLOW_CTX_DAG_ID='etl_update_stock_ferrimac' AIRFLOW_CTX_TASK_ID='extract_data_purchases_directory' AIRFLOW_CTX_EXECUTION_DATE='2024-10-15T00:00:00+00:00' AIRFLOW_CTX_TRY_NUMBER='1' AIRFLOW_CTX_DAG_RUN_ID='scheduled__2024-10-15T00:00:00+00:00'
[2024-10-16T04:51:49.975+0000] {taskinstance.py:731} INFO - ::endgroup::
[2024-10-16T04:51:50.050+0000] {logging_mixin.py:190} INFO - Directory  base_datos/compras not found.
[2024-10-16T04:51:50.051+0000] {python.py:240} INFO - Done. Returned value was: None
[2024-10-16T04:51:50.082+0000] {taskinstance.py:340} INFO - ::group::Post task execution logs
[2024-10-16T04:51:50.084+0000] {taskinstance.py:352} INFO - Marking task as SUCCESS. dag_id=etl_update_stock_ferrimac, task_id=extract_data_purchases_directory, run_id=scheduled__2024-10-15T00:00:00+00:00, execution_date=20241015T000000, start_date=20241016T045142, end_date=20241016T045150
[2024-10-16T04:51:50.192+0000] {local_task_job_runner.py:266} INFO - Task exited with return code 0
[2024-10-16T04:51:50.210+0000] {local_task_job_runner.py:245} INFO - ::endgroup::
