[2024-10-17T22:09:32.765+0000] {local_task_job_runner.py:123} INFO - ::group::Pre task execution logs
[2024-10-17T22:09:32.798+0000] {taskinstance.py:2612} INFO - Dependencies all met for dep_context=non-requeueable deps ti=<TaskInstance: etl_update_stock_ferrimac.monetized_stock manual__2024-10-17T22:08:49.289135+00:00 [queued]>
[2024-10-17T22:09:32.814+0000] {taskinstance.py:2612} INFO - Dependencies all met for dep_context=requeueable deps ti=<TaskInstance: etl_update_stock_ferrimac.monetized_stock manual__2024-10-17T22:08:49.289135+00:00 [queued]>
[2024-10-17T22:09:32.815+0000] {taskinstance.py:2865} INFO - Starting attempt 1 of 2
[2024-10-17T22:09:32.837+0000] {taskinstance.py:2888} INFO - Executing <Task(PythonOperator): monetized_stock> on 2024-10-17 22:08:49.289135+00:00
[2024-10-17T22:09:32.847+0000] {warnings.py:112} WARNING - /home/***/.local/lib/python3.12/site-packages/***/task/task_runner/standard_task_runner.py:70: DeprecationWarning: This process (pid=182) is multi-threaded, use of fork() may lead to deadlocks in the child.
  pid = os.fork()

[2024-10-17T22:09:32.850+0000] {standard_task_runner.py:72} INFO - Started process 185 to run task
[2024-10-17T22:09:32.851+0000] {standard_task_runner.py:104} INFO - Running: ['***', 'tasks', 'run', 'etl_update_stock_ferrimac', 'monetized_stock', 'manual__2024-10-17T22:08:49.289135+00:00', '--job-id', '11', '--raw', '--subdir', 'DAGS_FOLDER/object_dag.py', '--cfg-path', '/tmp/tmporjxj1aa']
[2024-10-17T22:09:32.854+0000] {standard_task_runner.py:105} INFO - Job 11: Subtask monetized_stock
[2024-10-17T22:09:32.947+0000] {task_command.py:467} INFO - Running <TaskInstance: etl_update_stock_ferrimac.monetized_stock manual__2024-10-17T22:08:49.289135+00:00 [running]> on host d95e36bcd28a
[2024-10-17T22:09:33.097+0000] {taskinstance.py:3131} INFO - Exporting env vars: AIRFLOW_CTX_DAG_OWNER='***' AIRFLOW_CTX_DAG_ID='etl_update_stock_ferrimac' AIRFLOW_CTX_TASK_ID='monetized_stock' AIRFLOW_CTX_EXECUTION_DATE='2024-10-17T22:08:49.289135+00:00' AIRFLOW_CTX_TRY_NUMBER='1' AIRFLOW_CTX_DAG_RUN_ID='manual__2024-10-17T22:08:49.289135+00:00'
[2024-10-17T22:09:33.099+0000] {taskinstance.py:731} INFO - ::endgroup::
[2024-10-17T22:09:36.129+0000] {warnings.py:112} WARNING - /opt/***/functions_etl/data_transform.py:31: UserWarning: Could not infer format, so each element will be parsed individually, falling back to `dateutil`. To ensure parsing is consistent and as-expected, please specify a format.
  df_stock.columns = pd.to_datetime(df_stock.columns, errors='ignore', dayfirst=True)

[2024-10-17T22:09:36.139+0000] {warnings.py:112} WARNING - /opt/***/functions_etl/data_transform.py:33: UserWarning: Could not infer format, so each element will be parsed individually, falling back to `dateutil`. To ensure parsing is consistent and as-expected, please specify a format.
  df_list_prices.columns = pd.to_datetime(df_list_prices.columns, errors='ignore', dayfirst=True)

[2024-10-17T22:09:37.043+0000] {logging_mixin.py:190} INFO - Stock file has been updated for date 2024-10-17 00:00:00.
[2024-10-17T22:09:37.047+0000] {python.py:240} INFO - Done. Returned value was: None
[2024-10-17T22:09:37.065+0000] {taskinstance.py:340} INFO - ::group::Post task execution logs
[2024-10-17T22:09:37.066+0000] {taskinstance.py:352} INFO - Marking task as SUCCESS. dag_id=etl_update_stock_ferrimac, task_id=monetized_stock, run_id=manual__2024-10-17T22:08:49.289135+00:00, execution_date=20241017T220849, start_date=20241017T220932, end_date=20241017T220937
[2024-10-17T22:09:37.161+0000] {local_task_job_runner.py:266} INFO - Task exited with return code 0
[2024-10-17T22:09:37.207+0000] {taskinstance.py:3900} INFO - 0 downstream tasks scheduled from follow-on schedule check
[2024-10-17T22:09:37.219+0000] {local_task_job_runner.py:245} INFO - ::endgroup::
