[2024-10-17T17:20:24.714+0000] {local_task_job_runner.py:123} INFO - ::group::Pre task execution logs
[2024-10-17T17:20:24.742+0000] {taskinstance.py:2612} INFO - Dependencies all met for dep_context=non-requeueable deps ti=<TaskInstance: etl_update_stock_ferrimac.stock_update manual__2024-10-17T17:19:51.711516+00:00 [queued]>
[2024-10-17T17:20:24.756+0000] {taskinstance.py:2612} INFO - Dependencies all met for dep_context=requeueable deps ti=<TaskInstance: etl_update_stock_ferrimac.stock_update manual__2024-10-17T17:19:51.711516+00:00 [queued]>
[2024-10-17T17:20:24.757+0000] {taskinstance.py:2865} INFO - Starting attempt 1 of 2
[2024-10-17T17:20:24.792+0000] {taskinstance.py:2888} INFO - Executing <Task(PythonOperator): stock_update> on 2024-10-17 17:19:51.711516+00:00
[2024-10-17T17:20:24.802+0000] {warnings.py:112} WARNING - /home/***/.local/lib/python3.12/site-packages/***/task/task_runner/standard_task_runner.py:70: DeprecationWarning: This process (pid=138) is multi-threaded, use of fork() may lead to deadlocks in the child.
  pid = os.fork()

[2024-10-17T17:20:24.805+0000] {standard_task_runner.py:72} INFO - Started process 143 to run task
[2024-10-17T17:20:24.806+0000] {standard_task_runner.py:104} INFO - Running: ['***', 'tasks', 'run', 'etl_update_stock_ferrimac', 'stock_update', 'manual__2024-10-17T17:19:51.711516+00:00', '--job-id', '9', '--raw', '--subdir', 'DAGS_FOLDER/object_dag.py', '--cfg-path', '/tmp/tmpyxqk6mrf']
[2024-10-17T17:20:24.811+0000] {standard_task_runner.py:105} INFO - Job 9: Subtask stock_update
[2024-10-17T17:20:24.883+0000] {task_command.py:467} INFO - Running <TaskInstance: etl_update_stock_ferrimac.stock_update manual__2024-10-17T17:19:51.711516+00:00 [running]> on host 1652cc614667
[2024-10-17T17:20:25.012+0000] {taskinstance.py:3131} INFO - Exporting env vars: AIRFLOW_CTX_DAG_OWNER='***' AIRFLOW_CTX_DAG_ID='etl_update_stock_ferrimac' AIRFLOW_CTX_TASK_ID='stock_update' AIRFLOW_CTX_EXECUTION_DATE='2024-10-17T17:19:51.711516+00:00' AIRFLOW_CTX_TRY_NUMBER='1' AIRFLOW_CTX_DAG_RUN_ID='manual__2024-10-17T17:19:51.711516+00:00'
[2024-10-17T17:20:25.013+0000] {taskinstance.py:731} INFO - ::endgroup::
[2024-10-17T17:20:42.005+0000] {warnings.py:112} WARNING - /opt/***/functions_etl/update_stock.py:24: UserWarning: Could not infer format, so each element will be parsed individually, falling back to `dateutil`. To ensure parsing is consistent and as-expected, please specify a format.
  df_stock.columns = pd.to_datetime(df_stock.columns, errors='ignore', dayfirst=True)

[2024-10-17T17:20:42.010+0000] {warnings.py:112} WARNING - /opt/***/functions_etl/update_stock.py:25: UserWarning: Could not infer format, so each element will be parsed individually, falling back to `dateutil`. To ensure parsing is consistent and as-expected, please specify a format.
  df_compras.columns = pd.to_datetime(df_compras.columns, errors='ignore', dayfirst=True)

[2024-10-17T17:20:42.012+0000] {warnings.py:112} WARNING - /opt/***/functions_etl/update_stock.py:26: UserWarning: Could not infer format, so each element will be parsed individually, falling back to `dateutil`. To ensure parsing is consistent and as-expected, please specify a format.
  df_ventas.columns = pd.to_datetime(df_ventas.columns, errors='ignore', dayfirst=True)

[2024-10-17T17:20:42.021+0000] {logging_mixin.py:190} INFO - Date 2024-10-17 00:00:00 not found in purchases or sales files.
[2024-10-17T17:20:42.025+0000] {python.py:240} INFO - Done. Returned value was: None
[2024-10-17T17:20:42.042+0000] {taskinstance.py:340} INFO - ::group::Post task execution logs
[2024-10-17T17:20:42.043+0000] {taskinstance.py:352} INFO - Marking task as SUCCESS. dag_id=etl_update_stock_ferrimac, task_id=stock_update, run_id=manual__2024-10-17T17:19:51.711516+00:00, execution_date=20241017T171951, start_date=20241017T172024, end_date=20241017T172042
[2024-10-17T17:20:42.105+0000] {local_task_job_runner.py:266} INFO - Task exited with return code 0
[2024-10-17T17:20:42.146+0000] {taskinstance.py:3900} INFO - 1 downstream tasks scheduled from follow-on schedule check
[2024-10-17T17:20:42.151+0000] {local_task_job_runner.py:245} INFO - ::endgroup::
