[2024-10-30T16:41:59.574+0000] {local_task_job_runner.py:123} INFO - ::group::Pre task execution logs
[2024-10-30T16:41:59.773+0000] {taskinstance.py:2612} INFO - Dependencies all met for dep_context=non-requeueable deps ti=<TaskInstance: etl_update_stock_ferrimac.extract_data_purchases_directory manual__2024-10-30T16:41:43.751884+00:00 [queued]>
[2024-10-30T16:41:59.842+0000] {taskinstance.py:2612} INFO - Dependencies all met for dep_context=requeueable deps ti=<TaskInstance: etl_update_stock_ferrimac.extract_data_purchases_directory manual__2024-10-30T16:41:43.751884+00:00 [queued]>
[2024-10-30T16:41:59.869+0000] {taskinstance.py:2865} INFO - Starting attempt 1 of 2
[2024-10-30T16:42:00.012+0000] {taskinstance.py:2888} INFO - Executing <Task(PythonOperator): extract_data_purchases_directory> on 2024-10-30 16:41:43.751884+00:00
[2024-10-30T16:42:00.217+0000] {warnings.py:112} WARNING - /home/***/.local/lib/python3.12/site-packages/***/task/task_runner/standard_task_runner.py:70: DeprecationWarning: This process (pid=81) is multi-threaded, use of fork() may lead to deadlocks in the child.
  pid = os.fork()

[2024-10-30T16:42:00.407+0000] {standard_task_runner.py:72} INFO - Started process 94 to run task
[2024-10-30T16:42:00.458+0000] {standard_task_runner.py:104} INFO - Running: ['***', 'tasks', 'run', 'etl_update_stock_ferrimac', 'extract_data_purchases_directory', 'manual__2024-10-30T16:41:43.751884+00:00', '--job-id', '7', '--raw', '--subdir', 'DAGS_FOLDER/object_dag.py', '--cfg-path', '/tmp/tmpr1nukjyv']
[2024-10-30T16:42:00.717+0000] {standard_task_runner.py:105} INFO - Job 7: Subtask extract_data_purchases_directory
[2024-10-30T16:42:01.885+0000] {task_command.py:467} INFO - Running <TaskInstance: etl_update_stock_ferrimac.extract_data_purchases_directory manual__2024-10-30T16:41:43.751884+00:00 [running]> on host b789ae629a43
[2024-10-30T16:42:06.189+0000] {taskinstance.py:3131} INFO - Exporting env vars: AIRFLOW_CTX_DAG_OWNER='***' AIRFLOW_CTX_DAG_ID='etl_update_stock_ferrimac' AIRFLOW_CTX_TASK_ID='extract_data_purchases_directory' AIRFLOW_CTX_EXECUTION_DATE='2024-10-30T16:41:43.751884+00:00' AIRFLOW_CTX_TRY_NUMBER='1' AIRFLOW_CTX_DAG_RUN_ID='manual__2024-10-30T16:41:43.751884+00:00'
[2024-10-30T16:42:06.212+0000] {taskinstance.py:731} INFO - ::endgroup::
[2024-10-30T16:42:06.389+0000] {extract_file_purchases_to_stock.py:59} WARNING - The file 'compras_stock.xlsx' was not found in the purchases directory.
[2024-10-30T16:42:06.392+0000] {python.py:240} INFO - Done. Returned value was: None
[2024-10-30T16:42:06.452+0000] {taskinstance.py:340} INFO - ::group::Post task execution logs
[2024-10-30T16:42:06.456+0000] {taskinstance.py:352} INFO - Marking task as SUCCESS. dag_id=etl_update_stock_ferrimac, task_id=extract_data_purchases_directory, run_id=manual__2024-10-30T16:41:43.751884+00:00, execution_date=20241030T164143, start_date=20241030T164159, end_date=20241030T164206
[2024-10-30T16:42:06.555+0000] {local_task_job_runner.py:266} INFO - Task exited with return code 0
[2024-10-30T16:42:06.683+0000] {taskinstance.py:3900} INFO - 0 downstream tasks scheduled from follow-on schedule check
[2024-10-30T16:42:06.688+0000] {local_task_job_runner.py:245} INFO - ::endgroup::
