[2024-10-18T23:55:02.944+0000] {processor.py:186} INFO - Started process (PID=61) to work on /opt/airflow/dags/object_dag.py
[2024-10-18T23:55:02.945+0000] {processor.py:914} INFO - Processing file /opt/airflow/dags/object_dag.py for tasks to queue
[2024-10-18T23:55:02.948+0000] {logging_mixin.py:190} INFO - [2024-10-18T23:55:02.948+0000] {dagbag.py:587} INFO - Filling up the DagBag from /opt/airflow/dags/object_dag.py
[2024-10-18T23:55:03.295+0000] {processor.py:925} INFO - DAG(s) 'etl_update_stock_ferrimac' retrieved from /opt/airflow/dags/object_dag.py
[2024-10-18T23:55:03.553+0000] {logging_mixin.py:190} INFO - [2024-10-18T23:55:03.551+0000] {override.py:1900} INFO - Created Permission View: can edit on DAG:etl_update_stock_ferrimac
[2024-10-18T23:55:03.565+0000] {logging_mixin.py:190} INFO - [2024-10-18T23:55:03.564+0000] {override.py:1900} INFO - Created Permission View: can read on DAG:etl_update_stock_ferrimac
[2024-10-18T23:55:03.576+0000] {logging_mixin.py:190} INFO - [2024-10-18T23:55:03.575+0000] {override.py:1900} INFO - Created Permission View: can delete on DAG:etl_update_stock_ferrimac
[2024-10-18T23:55:03.588+0000] {logging_mixin.py:190} INFO - [2024-10-18T23:55:03.587+0000] {override.py:1900} INFO - Created Permission View: menu access on DAG Run:etl_update_stock_ferrimac
[2024-10-18T23:55:03.597+0000] {logging_mixin.py:190} INFO - [2024-10-18T23:55:03.597+0000] {override.py:1900} INFO - Created Permission View: can create on DAG Run:etl_update_stock_ferrimac
[2024-10-18T23:55:03.606+0000] {logging_mixin.py:190} INFO - [2024-10-18T23:55:03.606+0000] {override.py:1900} INFO - Created Permission View: can read on DAG Run:etl_update_stock_ferrimac
[2024-10-18T23:55:03.614+0000] {logging_mixin.py:190} INFO - [2024-10-18T23:55:03.614+0000] {override.py:1900} INFO - Created Permission View: can delete on DAG Run:etl_update_stock_ferrimac
[2024-10-18T23:55:03.615+0000] {logging_mixin.py:190} INFO - [2024-10-18T23:55:03.615+0000] {dag.py:3229} INFO - Sync 1 DAGs
[2024-10-18T23:55:03.628+0000] {logging_mixin.py:190} INFO - [2024-10-18T23:55:03.627+0000] {dag.py:3252} INFO - Creating ORM DAG for etl_update_stock_ferrimac
[2024-10-18T23:55:03.644+0000] {logging_mixin.py:190} INFO - [2024-10-18T23:55:03.644+0000] {dag.py:4156} INFO - Setting next_dagrun for etl_update_stock_ferrimac to 2024-10-17 22:00:00+00:00, run_after=2024-10-18 22:00:00+00:00
[2024-10-18T23:55:03.663+0000] {processor.py:208} INFO - Processing /opt/airflow/dags/object_dag.py took 0.727 seconds
[2024-10-18T23:55:33.978+0000] {processor.py:186} INFO - Started process (PID=68) to work on /opt/airflow/dags/object_dag.py
[2024-10-18T23:55:33.979+0000] {processor.py:914} INFO - Processing file /opt/airflow/dags/object_dag.py for tasks to queue
[2024-10-18T23:55:33.985+0000] {logging_mixin.py:190} INFO - [2024-10-18T23:55:33.984+0000] {dagbag.py:587} INFO - Filling up the DagBag from /opt/airflow/dags/object_dag.py
[2024-10-18T23:55:34.080+0000] {processor.py:925} INFO - DAG(s) 'etl_update_stock_ferrimac' retrieved from /opt/airflow/dags/object_dag.py
[2024-10-18T23:55:34.116+0000] {logging_mixin.py:190} INFO - [2024-10-18T23:55:34.115+0000] {dag.py:3229} INFO - Sync 1 DAGs
[2024-10-18T23:55:34.148+0000] {logging_mixin.py:190} INFO - [2024-10-18T23:55:34.148+0000] {dag.py:4156} INFO - Setting next_dagrun for etl_update_stock_ferrimac to 2024-10-17 22:00:00+00:00, run_after=2024-10-18 22:00:00+00:00
[2024-10-18T23:55:34.190+0000] {processor.py:208} INFO - Processing /opt/airflow/dags/object_dag.py took 0.221 seconds
[2024-10-18T23:56:04.458+0000] {processor.py:186} INFO - Started process (PID=75) to work on /opt/airflow/dags/object_dag.py
[2024-10-18T23:56:04.460+0000] {processor.py:914} INFO - Processing file /opt/airflow/dags/object_dag.py for tasks to queue
[2024-10-18T23:56:04.463+0000] {logging_mixin.py:190} INFO - [2024-10-18T23:56:04.463+0000] {dagbag.py:587} INFO - Filling up the DagBag from /opt/airflow/dags/object_dag.py
[2024-10-18T23:56:04.551+0000] {processor.py:925} INFO - DAG(s) 'etl_update_stock_ferrimac' retrieved from /opt/airflow/dags/object_dag.py
[2024-10-18T23:56:04.577+0000] {logging_mixin.py:190} INFO - [2024-10-18T23:56:04.577+0000] {dag.py:3229} INFO - Sync 1 DAGs
[2024-10-18T23:56:04.599+0000] {logging_mixin.py:190} INFO - [2024-10-18T23:56:04.599+0000] {dag.py:4156} INFO - Setting next_dagrun for etl_update_stock_ferrimac to 2024-10-17 22:00:00+00:00, run_after=2024-10-18 22:00:00+00:00
[2024-10-18T23:56:04.631+0000] {processor.py:208} INFO - Processing /opt/airflow/dags/object_dag.py took 0.182 seconds
[2024-10-18T23:56:34.758+0000] {processor.py:186} INFO - Started process (PID=82) to work on /opt/airflow/dags/object_dag.py
[2024-10-18T23:56:34.760+0000] {processor.py:914} INFO - Processing file /opt/airflow/dags/object_dag.py for tasks to queue
[2024-10-18T23:56:34.762+0000] {logging_mixin.py:190} INFO - [2024-10-18T23:56:34.762+0000] {dagbag.py:587} INFO - Filling up the DagBag from /opt/airflow/dags/object_dag.py
[2024-10-18T23:56:34.832+0000] {processor.py:925} INFO - DAG(s) 'etl_update_stock_ferrimac' retrieved from /opt/airflow/dags/object_dag.py
[2024-10-18T23:56:34.857+0000] {logging_mixin.py:190} INFO - [2024-10-18T23:56:34.857+0000] {dag.py:3229} INFO - Sync 1 DAGs
[2024-10-18T23:56:34.881+0000] {logging_mixin.py:190} INFO - [2024-10-18T23:56:34.880+0000] {dag.py:4156} INFO - Setting next_dagrun for etl_update_stock_ferrimac to 2024-10-17 22:00:00+00:00, run_after=2024-10-18 22:00:00+00:00
[2024-10-18T23:56:34.904+0000] {processor.py:208} INFO - Processing /opt/airflow/dags/object_dag.py took 0.155 seconds
[2024-10-18T23:57:05.180+0000] {processor.py:186} INFO - Started process (PID=89) to work on /opt/airflow/dags/object_dag.py
[2024-10-18T23:57:05.181+0000] {processor.py:914} INFO - Processing file /opt/airflow/dags/object_dag.py for tasks to queue
[2024-10-18T23:57:05.183+0000] {logging_mixin.py:190} INFO - [2024-10-18T23:57:05.183+0000] {dagbag.py:587} INFO - Filling up the DagBag from /opt/airflow/dags/object_dag.py
[2024-10-18T23:57:05.251+0000] {processor.py:925} INFO - DAG(s) 'etl_update_stock_ferrimac' retrieved from /opt/airflow/dags/object_dag.py
[2024-10-18T23:57:05.274+0000] {logging_mixin.py:190} INFO - [2024-10-18T23:57:05.274+0000] {dag.py:3229} INFO - Sync 1 DAGs
[2024-10-18T23:57:05.297+0000] {logging_mixin.py:190} INFO - [2024-10-18T23:57:05.297+0000] {dag.py:4156} INFO - Setting next_dagrun for etl_update_stock_ferrimac to 2024-10-17 22:00:00+00:00, run_after=2024-10-18 22:00:00+00:00
[2024-10-18T23:57:05.326+0000] {processor.py:208} INFO - Processing /opt/airflow/dags/object_dag.py took 0.153 seconds
[2024-10-18T23:57:35.385+0000] {processor.py:186} INFO - Started process (PID=96) to work on /opt/airflow/dags/object_dag.py
[2024-10-18T23:57:35.386+0000] {processor.py:914} INFO - Processing file /opt/airflow/dags/object_dag.py for tasks to queue
[2024-10-18T23:57:35.388+0000] {logging_mixin.py:190} INFO - [2024-10-18T23:57:35.388+0000] {dagbag.py:587} INFO - Filling up the DagBag from /opt/airflow/dags/object_dag.py
[2024-10-18T23:57:35.460+0000] {processor.py:925} INFO - DAG(s) 'etl_update_stock_ferrimac' retrieved from /opt/airflow/dags/object_dag.py
[2024-10-18T23:57:35.485+0000] {logging_mixin.py:190} INFO - [2024-10-18T23:57:35.484+0000] {dag.py:3229} INFO - Sync 1 DAGs
[2024-10-18T23:57:35.505+0000] {logging_mixin.py:190} INFO - [2024-10-18T23:57:35.505+0000] {dag.py:4156} INFO - Setting next_dagrun for etl_update_stock_ferrimac to 2024-10-17 22:00:00+00:00, run_after=2024-10-18 22:00:00+00:00
[2024-10-18T23:57:35.525+0000] {processor.py:208} INFO - Processing /opt/airflow/dags/object_dag.py took 0.145 seconds
[2024-10-18T23:58:05.689+0000] {processor.py:186} INFO - Started process (PID=111) to work on /opt/airflow/dags/object_dag.py
[2024-10-18T23:58:05.706+0000] {processor.py:914} INFO - Processing file /opt/airflow/dags/object_dag.py for tasks to queue
[2024-10-18T23:58:05.726+0000] {logging_mixin.py:190} INFO - [2024-10-18T23:58:05.722+0000] {dagbag.py:587} INFO - Filling up the DagBag from /opt/airflow/dags/object_dag.py
[2024-10-18T23:58:06.158+0000] {processor.py:925} INFO - DAG(s) 'etl_update_stock_ferrimac' retrieved from /opt/airflow/dags/object_dag.py
[2024-10-18T23:58:06.351+0000] {logging_mixin.py:190} INFO - [2024-10-18T23:58:06.346+0000] {dag.py:3229} INFO - Sync 1 DAGs
[2024-10-18T23:58:06.548+0000] {logging_mixin.py:190} INFO - [2024-10-18T23:58:06.547+0000] {dag.py:4156} INFO - Setting next_dagrun for etl_update_stock_ferrimac to 2024-10-18 22:00:00+00:00, run_after=2024-10-19 22:00:00+00:00
[2024-10-18T23:58:06.666+0000] {processor.py:208} INFO - Processing /opt/airflow/dags/object_dag.py took 1.014 seconds
[2024-10-18T23:58:37.597+0000] {processor.py:186} INFO - Started process (PID=118) to work on /opt/airflow/dags/object_dag.py
[2024-10-18T23:58:37.598+0000] {processor.py:914} INFO - Processing file /opt/airflow/dags/object_dag.py for tasks to queue
[2024-10-18T23:58:37.602+0000] {logging_mixin.py:190} INFO - [2024-10-18T23:58:37.600+0000] {dagbag.py:587} INFO - Filling up the DagBag from /opt/airflow/dags/object_dag.py
[2024-10-18T23:58:37.675+0000] {processor.py:925} INFO - DAG(s) 'etl_update_stock_ferrimac' retrieved from /opt/airflow/dags/object_dag.py
[2024-10-18T23:58:37.697+0000] {logging_mixin.py:190} INFO - [2024-10-18T23:58:37.697+0000] {dag.py:3229} INFO - Sync 1 DAGs
[2024-10-18T23:58:37.723+0000] {logging_mixin.py:190} INFO - [2024-10-18T23:58:37.723+0000] {dag.py:4156} INFO - Setting next_dagrun for etl_update_stock_ferrimac to 2024-10-18 22:00:00+00:00, run_after=2024-10-19 22:00:00+00:00
[2024-10-18T23:58:37.742+0000] {processor.py:208} INFO - Processing /opt/airflow/dags/object_dag.py took 0.150 seconds
[2024-10-18T23:59:07.998+0000] {processor.py:186} INFO - Started process (PID=125) to work on /opt/airflow/dags/object_dag.py
[2024-10-18T23:59:07.999+0000] {processor.py:914} INFO - Processing file /opt/airflow/dags/object_dag.py for tasks to queue
[2024-10-18T23:59:08.001+0000] {logging_mixin.py:190} INFO - [2024-10-18T23:59:08.001+0000] {dagbag.py:587} INFO - Filling up the DagBag from /opt/airflow/dags/object_dag.py
[2024-10-18T23:59:08.134+0000] {processor.py:925} INFO - DAG(s) 'etl_update_stock_ferrimac' retrieved from /opt/airflow/dags/object_dag.py
[2024-10-18T23:59:08.159+0000] {logging_mixin.py:190} INFO - [2024-10-18T23:59:08.159+0000] {dag.py:3229} INFO - Sync 1 DAGs
[2024-10-18T23:59:08.181+0000] {logging_mixin.py:190} INFO - [2024-10-18T23:59:08.181+0000] {dag.py:4156} INFO - Setting next_dagrun for etl_update_stock_ferrimac to 2024-10-18 22:00:00+00:00, run_after=2024-10-19 22:00:00+00:00
[2024-10-18T23:59:08.202+0000] {processor.py:208} INFO - Processing /opt/airflow/dags/object_dag.py took 0.210 seconds
[2024-10-18T23:59:38.322+0000] {processor.py:186} INFO - Started process (PID=132) to work on /opt/airflow/dags/object_dag.py
[2024-10-18T23:59:38.323+0000] {processor.py:914} INFO - Processing file /opt/airflow/dags/object_dag.py for tasks to queue
[2024-10-18T23:59:38.327+0000] {logging_mixin.py:190} INFO - [2024-10-18T23:59:38.326+0000] {dagbag.py:587} INFO - Filling up the DagBag from /opt/airflow/dags/object_dag.py
[2024-10-18T23:59:38.483+0000] {processor.py:925} INFO - DAG(s) 'etl_update_stock_ferrimac' retrieved from /opt/airflow/dags/object_dag.py
[2024-10-18T23:59:38.513+0000] {logging_mixin.py:190} INFO - [2024-10-18T23:59:38.513+0000] {dag.py:3229} INFO - Sync 1 DAGs
[2024-10-18T23:59:38.539+0000] {logging_mixin.py:190} INFO - [2024-10-18T23:59:38.538+0000] {dag.py:4156} INFO - Setting next_dagrun for etl_update_stock_ferrimac to 2024-10-18 22:00:00+00:00, run_after=2024-10-19 22:00:00+00:00
[2024-10-18T23:59:38.577+0000] {processor.py:208} INFO - Processing /opt/airflow/dags/object_dag.py took 0.260 seconds
