[2024-10-17T18:07:46.811+0000] {local_task_job_runner.py:123} INFO - ::group::Pre task execution logs
[2024-10-17T18:07:48.004+0000] {taskinstance.py:2612} INFO - Dependencies all met for dep_context=non-requeueable deps ti=<TaskInstance: etl_update_stock_ferrimac.extract_data_purchases_directory manual__2024-10-17T18:07:42.673206+00:00 [queued]>
[2024-10-17T18:07:48.034+0000] {taskinstance.py:2612} INFO - Dependencies all met for dep_context=requeueable deps ti=<TaskInstance: etl_update_stock_ferrimac.extract_data_purchases_directory manual__2024-10-17T18:07:42.673206+00:00 [queued]>
[2024-10-17T18:07:48.036+0000] {taskinstance.py:2865} INFO - Starting attempt 1 of 2
[2024-10-17T18:07:48.084+0000] {taskinstance.py:2888} INFO - Executing <Task(PythonOperator): extract_data_purchases_directory> on 2024-10-17 18:07:42.673206+00:00
[2024-10-17T18:07:48.110+0000] {warnings.py:112} WARNING - /home/***/.local/lib/python3.12/site-packages/***/task/task_runner/standard_task_runner.py:70: DeprecationWarning: This process (pid=532) is multi-threaded, use of fork() may lead to deadlocks in the child.
  pid = os.fork()

[2024-10-17T18:07:48.117+0000] {standard_task_runner.py:72} INFO - Started process 540 to run task
[2024-10-17T18:07:48.116+0000] {standard_task_runner.py:104} INFO - Running: ['***', 'tasks', 'run', 'etl_update_stock_ferrimac', 'extract_data_purchases_directory', 'manual__2024-10-17T18:07:42.673206+00:00', '--job-id', '31', '--raw', '--subdir', 'DAGS_FOLDER/object_dag.py', '--cfg-path', '/tmp/tmpvnwjt1vc']
[2024-10-17T18:07:48.127+0000] {standard_task_runner.py:105} INFO - Job 31: Subtask extract_data_purchases_directory
[2024-10-17T18:07:48.422+0000] {task_command.py:467} INFO - Running <TaskInstance: etl_update_stock_ferrimac.extract_data_purchases_directory manual__2024-10-17T18:07:42.673206+00:00 [running]> on host 1652cc614667
[2024-10-17T18:07:48.907+0000] {taskinstance.py:3131} INFO - Exporting env vars: AIRFLOW_CTX_DAG_OWNER='***' AIRFLOW_CTX_DAG_ID='etl_update_stock_ferrimac' AIRFLOW_CTX_TASK_ID='extract_data_purchases_directory' AIRFLOW_CTX_EXECUTION_DATE='2024-10-17T18:07:42.673206+00:00' AIRFLOW_CTX_TRY_NUMBER='1' AIRFLOW_CTX_DAG_RUN_ID='manual__2024-10-17T18:07:42.673206+00:00'
[2024-10-17T18:07:48.910+0000] {taskinstance.py:731} INFO - ::endgroup::
[2024-10-17T18:07:49.147+0000] {logging_mixin.py:190} INFO - File 'compras_stock.xlsx' moved to stock folder correctly.
[2024-10-17T18:07:49.149+0000] {python.py:240} INFO - Done. Returned value was: None
[2024-10-17T18:07:49.187+0000] {taskinstance.py:340} INFO - ::group::Post task execution logs
[2024-10-17T18:07:49.188+0000] {taskinstance.py:352} INFO - Marking task as SUCCESS. dag_id=etl_update_stock_ferrimac, task_id=extract_data_purchases_directory, run_id=manual__2024-10-17T18:07:42.673206+00:00, execution_date=20241017T180742, start_date=20241017T180748, end_date=20241017T180749
[2024-10-17T18:07:49.282+0000] {local_task_job_runner.py:266} INFO - Task exited with return code 0
[2024-10-17T18:07:49.345+0000] {taskinstance.py:3900} INFO - 0 downstream tasks scheduled from follow-on schedule check
[2024-10-17T18:07:49.349+0000] {local_task_job_runner.py:245} INFO - ::endgroup::
