[2024-10-28T02:54:56.518+0000] {local_task_job_runner.py:123} INFO - ::group::Pre task execution logs
[2024-10-28T02:54:56.562+0000] {taskinstance.py:2612} INFO - Dependencies all met for dep_context=non-requeueable deps ti=<TaskInstance: etl_update_stock_ferrimac.stock_update scheduled__2024-10-25T22:00:00+00:00 [queued]>
[2024-10-28T02:54:56.582+0000] {taskinstance.py:2612} INFO - Dependencies all met for dep_context=requeueable deps ti=<TaskInstance: etl_update_stock_ferrimac.stock_update scheduled__2024-10-25T22:00:00+00:00 [queued]>
[2024-10-28T02:54:56.584+0000] {taskinstance.py:2865} INFO - Starting attempt 1 of 2
[2024-10-28T02:54:56.625+0000] {taskinstance.py:2888} INFO - Executing <Task(PythonOperator): stock_update> on 2024-10-25 22:00:00+00:00
[2024-10-28T02:54:56.652+0000] {warnings.py:112} WARNING - /home/***/.local/lib/python3.12/site-packages/***/task/task_runner/standard_task_runner.py:70: DeprecationWarning: This process (pid=144) is multi-threaded, use of fork() may lead to deadlocks in the child.
  pid = os.fork()

[2024-10-28T02:54:56.659+0000] {standard_task_runner.py:72} INFO - Started process 150 to run task
[2024-10-28T02:54:56.665+0000] {standard_task_runner.py:104} INFO - Running: ['***', 'tasks', 'run', 'etl_update_stock_ferrimac', 'stock_update', 'scheduled__2024-10-25T22:00:00+00:00', '--job-id', '10', '--raw', '--subdir', 'DAGS_FOLDER/object_dag.py', '--cfg-path', '/tmp/tmp1xwucx4b']
[2024-10-28T02:54:56.677+0000] {standard_task_runner.py:105} INFO - Job 10: Subtask stock_update
[2024-10-28T02:54:56.838+0000] {task_command.py:467} INFO - Running <TaskInstance: etl_update_stock_ferrimac.stock_update scheduled__2024-10-25T22:00:00+00:00 [running]> on host 88a8f2cf215f
[2024-10-28T02:54:57.060+0000] {taskinstance.py:3131} INFO - Exporting env vars: AIRFLOW_CTX_DAG_OWNER='***' AIRFLOW_CTX_DAG_ID='etl_update_stock_ferrimac' AIRFLOW_CTX_TASK_ID='stock_update' AIRFLOW_CTX_EXECUTION_DATE='2024-10-25T22:00:00+00:00' AIRFLOW_CTX_TRY_NUMBER='1' AIRFLOW_CTX_DAG_RUN_ID='scheduled__2024-10-25T22:00:00+00:00'
[2024-10-28T02:54:57.062+0000] {taskinstance.py:731} INFO - ::endgroup::
[2024-10-28T02:54:59.873+0000] {logging_mixin.py:190} INFO - Date 2024-10-25 00:00:00 not found in purchases or sales files.
[2024-10-28T02:54:59.875+0000] {python.py:240} INFO - Done. Returned value was: None
[2024-10-28T02:54:59.901+0000] {taskinstance.py:340} INFO - ::group::Post task execution logs
[2024-10-28T02:54:59.902+0000] {taskinstance.py:352} INFO - Marking task as SUCCESS. dag_id=etl_update_stock_ferrimac, task_id=stock_update, run_id=scheduled__2024-10-25T22:00:00+00:00, execution_date=20241025T220000, start_date=20241028T025456, end_date=20241028T025459
[2024-10-28T02:54:59.984+0000] {local_task_job_runner.py:266} INFO - Task exited with return code 0
[2024-10-28T02:55:00.049+0000] {taskinstance.py:3900} INFO - 1 downstream tasks scheduled from follow-on schedule check
[2024-10-28T02:55:00.055+0000] {local_task_job_runner.py:245} INFO - ::endgroup::
