[2024-10-18T23:58:17.048+0000] {local_task_job_runner.py:123} INFO - ::group::Pre task execution logs
[2024-10-18T23:58:17.268+0000] {taskinstance.py:2612} INFO - Dependencies all met for dep_context=non-requeueable deps ti=<TaskInstance: etl_update_stock_ferrimac.extract_task_api scheduled__2024-10-17T22:00:00+00:00 [queued]>
[2024-10-18T23:58:17.358+0000] {taskinstance.py:2612} INFO - Dependencies all met for dep_context=requeueable deps ti=<TaskInstance: etl_update_stock_ferrimac.extract_task_api scheduled__2024-10-17T22:00:00+00:00 [queued]>
[2024-10-18T23:58:17.363+0000] {taskinstance.py:2865} INFO - Starting attempt 1 of 2
[2024-10-18T23:58:17.455+0000] {taskinstance.py:2888} INFO - Executing <Task(PythonOperator): extract_task_api> on 2024-10-17 22:00:00+00:00
[2024-10-18T23:58:17.578+0000] {warnings.py:112} WARNING - /home/***/.local/lib/python3.12/site-packages/***/task/task_runner/standard_task_runner.py:70: DeprecationWarning: This process (pid=101) is multi-threaded, use of fork() may lead to deadlocks in the child.
  pid = os.fork()

[2024-10-18T23:58:17.592+0000] {standard_task_runner.py:72} INFO - Started process 113 to run task
[2024-10-18T23:58:17.618+0000] {standard_task_runner.py:104} INFO - Running: ['***', 'tasks', 'run', 'etl_update_stock_ferrimac', 'extract_task_api', 'scheduled__2024-10-17T22:00:00+00:00', '--job-id', '8', '--raw', '--subdir', 'DAGS_FOLDER/object_dag.py', '--cfg-path', '/tmp/tmp9ncak9ga']
[2024-10-18T23:58:17.668+0000] {standard_task_runner.py:105} INFO - Job 8: Subtask extract_task_api
[2024-10-18T23:58:18.771+0000] {task_command.py:467} INFO - Running <TaskInstance: etl_update_stock_ferrimac.extract_task_api scheduled__2024-10-17T22:00:00+00:00 [running]> on host e1c12b7f12aa
[2024-10-18T23:58:19.325+0000] {taskinstance.py:3131} INFO - Exporting env vars: AIRFLOW_CTX_DAG_OWNER='***' AIRFLOW_CTX_DAG_ID='etl_update_stock_ferrimac' AIRFLOW_CTX_TASK_ID='extract_task_api' AIRFLOW_CTX_EXECUTION_DATE='2024-10-17T22:00:00+00:00' AIRFLOW_CTX_TRY_NUMBER='1' AIRFLOW_CTX_DAG_RUN_ID='scheduled__2024-10-17T22:00:00+00:00'
[2024-10-18T23:58:19.329+0000] {taskinstance.py:731} INFO - ::endgroup::
[2024-10-18T23:58:20.503+0000] {logging_mixin.py:190} INFO - Current dolar rates: 979.924976 ARS
[2024-10-18T23:58:20.508+0000] {logging_mixin.py:190} INFO - {'date': '2024-10-18', 'price': 979.924976}
[2024-10-18T23:58:20.565+0000] {logging_mixin.py:190} INFO - Record of day 2024-10-18 added successfully.
[2024-10-18T23:58:20.566+0000] {python.py:240} INFO - Done. Returned value was:           date       price
0   2024-09-09  957.763020
1   2024-09-10  957.430504
2   2024-09-11  957.741278
3   2024-09-12  959.995667
4   2024-09-13  958.043112
5   2024-09-14  959.250402
6   2024-09-15  959.249945
7   2024-09-16  960.448297
8   2024-09-17  961.241401
9   2024-09-18  962.250058
10  2024-09-19  962.754297
11  2024-09-20  961.531104
12  2024-09-21  961.359012
13  2024-09-22  962.642198
14  2024-09-23  965.232700
15  2024-09-24  965.262902
16  2024-09-25  968.500099
17  2024-09-26  967.232698
18  2024-09-27  965.466231
19  2024-09-28  965.466231
20  2024-09-29  965.617504
21  2024-09-30  968.767443
22  2024-10-01  969.592296
23  2024-10-02  970.245698
24  2024-10-03  971.736897
25  2024-10-04  975.742773
26  2024-10-05  975.742773
27  2024-10-06  976.734404
28  2024-10-07  974.829898
29  2024-10-08  974.254402
30  2024-10-09  974.741097
31  2024-10-11  973.490388
32  2024-10-16  980.718400
33  2024-10-17  980.227502
34  2024-10-18  979.924976
[2024-10-18T23:58:20.780+0000] {taskinstance.py:340} INFO - ::group::Post task execution logs
[2024-10-18T23:58:20.782+0000] {taskinstance.py:352} INFO - Marking task as SUCCESS. dag_id=etl_update_stock_ferrimac, task_id=extract_task_api, run_id=scheduled__2024-10-17T22:00:00+00:00, execution_date=20241017T220000, start_date=20241018T235817, end_date=20241018T235820
[2024-10-18T23:58:20.858+0000] {local_task_job_runner.py:266} INFO - Task exited with return code 0
[2024-10-18T23:58:20.934+0000] {taskinstance.py:3900} INFO - 0 downstream tasks scheduled from follow-on schedule check
[2024-10-18T23:58:20.939+0000] {local_task_job_runner.py:245} INFO - ::endgroup::
[2024-10-19T00:19:07.245+0000] {local_task_job_runner.py:123} INFO - ::group::Pre task execution logs
[2024-10-19T00:19:07.378+0000] {taskinstance.py:2612} INFO - Dependencies all met for dep_context=non-requeueable deps ti=<TaskInstance: etl_update_stock_ferrimac.extract_task_api scheduled__2024-10-17T22:00:00+00:00 [queued]>
[2024-10-19T00:19:07.472+0000] {taskinstance.py:2612} INFO - Dependencies all met for dep_context=requeueable deps ti=<TaskInstance: etl_update_stock_ferrimac.extract_task_api scheduled__2024-10-17T22:00:00+00:00 [queued]>
[2024-10-19T00:19:07.477+0000] {taskinstance.py:2865} INFO - Starting attempt 1 of 2
[2024-10-19T00:19:07.562+0000] {taskinstance.py:2888} INFO - Executing <Task(PythonOperator): extract_task_api> on 2024-10-17 22:00:00+00:00
[2024-10-19T00:19:07.636+0000] {warnings.py:112} WARNING - /home/***/.local/lib/python3.12/site-packages/***/task/task_runner/standard_task_runner.py:70: DeprecationWarning: This process (pid=105) is multi-threaded, use of fork() may lead to deadlocks in the child.
  pid = os.fork()

[2024-10-19T00:19:07.660+0000] {standard_task_runner.py:72} INFO - Started process 125 to run task
[2024-10-19T00:19:07.673+0000] {standard_task_runner.py:104} INFO - Running: ['***', 'tasks', 'run', 'etl_update_stock_ferrimac', 'extract_task_api', 'scheduled__2024-10-17T22:00:00+00:00', '--job-id', '3', '--raw', '--subdir', 'DAGS_FOLDER/object_dag.py', '--cfg-path', '/tmp/tmp67lhlrui']
[2024-10-19T00:19:07.690+0000] {standard_task_runner.py:105} INFO - Job 3: Subtask extract_task_api
[2024-10-19T00:19:08.135+0000] {task_command.py:467} INFO - Running <TaskInstance: etl_update_stock_ferrimac.extract_task_api scheduled__2024-10-17T22:00:00+00:00 [running]> on host b81ea68088d8
[2024-10-19T00:19:08.618+0000] {taskinstance.py:3131} INFO - Exporting env vars: AIRFLOW_CTX_DAG_OWNER='***' AIRFLOW_CTX_DAG_ID='etl_update_stock_ferrimac' AIRFLOW_CTX_TASK_ID='extract_task_api' AIRFLOW_CTX_EXECUTION_DATE='2024-10-17T22:00:00+00:00' AIRFLOW_CTX_TRY_NUMBER='1' AIRFLOW_CTX_DAG_RUN_ID='scheduled__2024-10-17T22:00:00+00:00'
[2024-10-19T00:19:08.623+0000] {taskinstance.py:731} INFO - ::endgroup::
[2024-10-19T00:19:44.304+0000] {logging_mixin.py:190} INFO - Current dolar rates: 979.924976 ARS
[2024-10-19T00:19:44.307+0000] {logging_mixin.py:190} INFO - {'date': '2024-10-19', 'price': 979.924976}
[2024-10-19T00:19:44.335+0000] {logging_mixin.py:190} INFO - Record of day 2024-10-19 just exist. Not add again.
[2024-10-19T00:19:44.336+0000] {python.py:240} INFO - Done. Returned value was:           date       price
0   2024-09-09  957.763020
1   2024-09-10  957.430504
2   2024-09-11  957.741278
3   2024-09-12  959.995667
4   2024-09-13  958.043112
5   2024-09-14  959.250402
6   2024-09-15  959.249945
7   2024-09-16  960.448297
8   2024-09-17  961.241401
9   2024-09-18  962.250058
10  2024-09-19  962.754297
11  2024-09-20  961.531104
12  2024-09-21  961.359012
13  2024-09-22  962.642198
14  2024-09-23  965.232700
15  2024-09-24  965.262902
16  2024-09-25  968.500099
17  2024-09-26  967.232698
18  2024-09-27  965.466231
19  2024-09-28  965.466231
20  2024-09-29  965.617504
21  2024-09-30  968.767443
22  2024-10-01  969.592296
23  2024-10-02  970.245698
24  2024-10-03  971.736897
25  2024-10-04  975.742773
26  2024-10-05  975.742773
27  2024-10-06  976.734404
28  2024-10-07  974.829898
29  2024-10-08  974.254402
30  2024-10-09  974.741097
31  2024-10-11  973.490388
32  2024-10-16  980.718400
33  2024-10-17  980.227502
34  2024-10-18  979.924976
35  2024-10-19  979.924976
[2024-10-19T00:19:44.453+0000] {taskinstance.py:340} INFO - ::group::Post task execution logs
[2024-10-19T00:19:44.454+0000] {taskinstance.py:352} INFO - Marking task as SUCCESS. dag_id=etl_update_stock_ferrimac, task_id=extract_task_api, run_id=scheduled__2024-10-17T22:00:00+00:00, execution_date=20241017T220000, start_date=20241019T001907, end_date=20241019T001944
[2024-10-19T00:19:44.506+0000] {local_task_job_runner.py:266} INFO - Task exited with return code 0
[2024-10-19T00:19:44.529+0000] {taskinstance.py:3900} INFO - 0 downstream tasks scheduled from follow-on schedule check
[2024-10-19T00:19:44.535+0000] {local_task_job_runner.py:245} INFO - ::endgroup::
[2024-10-19T01:09:27.127+0000] {local_task_job_runner.py:123} INFO - ::group::Pre task execution logs
[2024-10-19T01:09:27.267+0000] {taskinstance.py:2612} INFO - Dependencies all met for dep_context=non-requeueable deps ti=<TaskInstance: etl_update_stock_ferrimac.extract_task_api scheduled__2024-10-17T22:00:00+00:00 [queued]>
[2024-10-19T01:09:27.313+0000] {taskinstance.py:2612} INFO - Dependencies all met for dep_context=requeueable deps ti=<TaskInstance: etl_update_stock_ferrimac.extract_task_api scheduled__2024-10-17T22:00:00+00:00 [queued]>
[2024-10-19T01:09:27.315+0000] {taskinstance.py:2865} INFO - Starting attempt 1 of 2
[2024-10-19T01:09:27.385+0000] {taskinstance.py:2888} INFO - Executing <Task(PythonOperator): extract_task_api> on 2024-10-17 22:00:00+00:00
[2024-10-19T01:09:27.444+0000] {warnings.py:112} WARNING - /home/***/.local/lib/python3.12/site-packages/***/task/task_runner/standard_task_runner.py:70: DeprecationWarning: This process (pid=220) is multi-threaded, use of fork() may lead to deadlocks in the child.
  pid = os.fork()

[2024-10-19T01:09:27.460+0000] {standard_task_runner.py:72} INFO - Started process 235 to run task
[2024-10-19T01:09:27.489+0000] {standard_task_runner.py:104} INFO - Running: ['***', 'tasks', 'run', 'etl_update_stock_ferrimac', 'extract_task_api', 'scheduled__2024-10-17T22:00:00+00:00', '--job-id', '6', '--raw', '--subdir', 'DAGS_FOLDER/object_dag.py', '--cfg-path', '/tmp/tmpn1_t9i4k']
[2024-10-19T01:09:27.504+0000] {standard_task_runner.py:105} INFO - Job 6: Subtask extract_task_api
[2024-10-19T01:09:27.991+0000] {task_command.py:467} INFO - Running <TaskInstance: etl_update_stock_ferrimac.extract_task_api scheduled__2024-10-17T22:00:00+00:00 [running]> on host e3c5f862816f
[2024-10-19T01:09:28.584+0000] {taskinstance.py:3131} INFO - Exporting env vars: AIRFLOW_CTX_DAG_OWNER='***' AIRFLOW_CTX_DAG_ID='etl_update_stock_ferrimac' AIRFLOW_CTX_TASK_ID='extract_task_api' AIRFLOW_CTX_EXECUTION_DATE='2024-10-17T22:00:00+00:00' AIRFLOW_CTX_TRY_NUMBER='1' AIRFLOW_CTX_DAG_RUN_ID='scheduled__2024-10-17T22:00:00+00:00'
[2024-10-19T01:09:28.586+0000] {taskinstance.py:731} INFO - ::endgroup::
[2024-10-19T01:09:29.737+0000] {logging_mixin.py:190} INFO - Current dolar rates: 979.924976 ARS
[2024-10-19T01:09:29.743+0000] {logging_mixin.py:190} INFO - {'date': '2024-10-19', 'price': 979.924976}
[2024-10-19T01:09:29.774+0000] {logging_mixin.py:190} INFO - Record of day 2024-10-19 just exist. Not add again.
[2024-10-19T01:09:29.776+0000] {python.py:240} INFO - Done. Returned value was:           date       price
0   2024-09-09  957.763020
1   2024-09-10  957.430504
2   2024-09-11  957.741278
3   2024-09-12  959.995667
4   2024-09-13  958.043112
5   2024-09-14  959.250402
6   2024-09-15  959.249945
7   2024-09-16  960.448297
8   2024-09-17  961.241401
9   2024-09-18  962.250058
10  2024-09-19  962.754297
11  2024-09-20  961.531104
12  2024-09-21  961.359012
13  2024-09-22  962.642198
14  2024-09-23  965.232700
15  2024-09-24  965.262902
16  2024-09-25  968.500099
17  2024-09-26  967.232698
18  2024-09-27  965.466231
19  2024-09-28  965.466231
20  2024-09-29  965.617504
21  2024-09-30  968.767443
22  2024-10-01  969.592296
23  2024-10-02  970.245698
24  2024-10-03  971.736897
25  2024-10-04  975.742773
26  2024-10-05  975.742773
27  2024-10-06  976.734404
28  2024-10-07  974.829898
29  2024-10-08  974.254402
30  2024-10-09  974.741097
31  2024-10-11  973.490388
32  2024-10-16  980.718400
33  2024-10-17  980.227502
34  2024-10-18  979.924976
35  2024-10-19  979.924976
[2024-10-19T01:09:30.018+0000] {taskinstance.py:340} INFO - ::group::Post task execution logs
[2024-10-19T01:09:30.019+0000] {taskinstance.py:352} INFO - Marking task as SUCCESS. dag_id=etl_update_stock_ferrimac, task_id=extract_task_api, run_id=scheduled__2024-10-17T22:00:00+00:00, execution_date=20241017T220000, start_date=20241019T010927, end_date=20241019T010930
[2024-10-19T01:09:30.061+0000] {local_task_job_runner.py:266} INFO - Task exited with return code 0
[2024-10-19T01:09:30.122+0000] {taskinstance.py:3900} INFO - 0 downstream tasks scheduled from follow-on schedule check
[2024-10-19T01:09:30.136+0000] {local_task_job_runner.py:245} INFO - ::endgroup::
[2024-10-19T02:22:40.953+0000] {local_task_job_runner.py:123} INFO - ::group::Pre task execution logs
[2024-10-19T02:22:40.977+0000] {taskinstance.py:2612} INFO - Dependencies all met for dep_context=non-requeueable deps ti=<TaskInstance: etl_update_stock_ferrimac.extract_task_api scheduled__2024-10-17T22:00:00+00:00 [queued]>
[2024-10-19T02:22:40.989+0000] {taskinstance.py:2612} INFO - Dependencies all met for dep_context=requeueable deps ti=<TaskInstance: etl_update_stock_ferrimac.extract_task_api scheduled__2024-10-17T22:00:00+00:00 [queued]>
[2024-10-19T02:22:40.990+0000] {taskinstance.py:2865} INFO - Starting attempt 1 of 2
[2024-10-19T02:22:41.011+0000] {taskinstance.py:2888} INFO - Executing <Task(PythonOperator): extract_task_api> on 2024-10-17 22:00:00+00:00
[2024-10-19T02:22:41.022+0000] {warnings.py:112} WARNING - /home/***/.local/lib/python3.12/site-packages/***/task/task_runner/standard_task_runner.py:70: DeprecationWarning: This process (pid=90) is multi-threaded, use of fork() may lead to deadlocks in the child.
  pid = os.fork()

[2024-10-19T02:22:41.026+0000] {standard_task_runner.py:72} INFO - Started process 100 to run task
[2024-10-19T02:22:41.025+0000] {standard_task_runner.py:104} INFO - Running: ['***', 'tasks', 'run', 'etl_update_stock_ferrimac', 'extract_task_api', 'scheduled__2024-10-17T22:00:00+00:00', '--job-id', '5', '--raw', '--subdir', 'DAGS_FOLDER/object_dag.py', '--cfg-path', '/tmp/tmpvxcgtz1u']
[2024-10-19T02:22:41.031+0000] {standard_task_runner.py:105} INFO - Job 5: Subtask extract_task_api
[2024-10-19T02:22:41.246+0000] {task_command.py:467} INFO - Running <TaskInstance: etl_update_stock_ferrimac.extract_task_api scheduled__2024-10-17T22:00:00+00:00 [running]> on host 80f723afa492
[2024-10-19T02:22:41.424+0000] {taskinstance.py:3131} INFO - Exporting env vars: AIRFLOW_CTX_DAG_OWNER='***' AIRFLOW_CTX_DAG_ID='etl_update_stock_ferrimac' AIRFLOW_CTX_TASK_ID='extract_task_api' AIRFLOW_CTX_EXECUTION_DATE='2024-10-17T22:00:00+00:00' AIRFLOW_CTX_TRY_NUMBER='1' AIRFLOW_CTX_DAG_RUN_ID='scheduled__2024-10-17T22:00:00+00:00'
[2024-10-19T02:22:41.426+0000] {taskinstance.py:731} INFO - ::endgroup::
[2024-10-19T02:22:42.637+0000] {logging_mixin.py:190} INFO - Current dolar rates: 979.924976 ARS
[2024-10-19T02:22:42.640+0000] {logging_mixin.py:190} INFO - {'date': '2024-10-19', 'price': 979.924976}
[2024-10-19T02:22:42.669+0000] {logging_mixin.py:190} INFO - Record of day 2024-10-19 just exist. Not add again.
[2024-10-19T02:22:42.670+0000] {python.py:240} INFO - Done. Returned value was:           date       price
0   2024-09-09  957.763020
1   2024-09-10  957.430504
2   2024-09-11  957.741278
3   2024-09-12  959.995667
4   2024-09-13  958.043112
5   2024-09-14  959.250402
6   2024-09-15  959.249945
7   2024-09-16  960.448297
8   2024-09-17  961.241401
9   2024-09-18  962.250058
10  2024-09-19  962.754297
11  2024-09-20  961.531104
12  2024-09-21  961.359012
13  2024-09-22  962.642198
14  2024-09-23  965.232700
15  2024-09-24  965.262902
16  2024-09-25  968.500099
17  2024-09-26  967.232698
18  2024-09-27  965.466231
19  2024-09-28  965.466231
20  2024-09-29  965.617504
21  2024-09-30  968.767443
22  2024-10-01  969.592296
23  2024-10-02  970.245698
24  2024-10-03  971.736897
25  2024-10-04  975.742773
26  2024-10-05  975.742773
27  2024-10-06  976.734404
28  2024-10-07  974.829898
29  2024-10-08  974.254402
30  2024-10-09  974.741097
31  2024-10-11  973.490388
32  2024-10-16  980.718400
33  2024-10-17  980.227502
34  2024-10-18  979.924976
35  2024-10-19  979.924976
[2024-10-19T02:22:42.795+0000] {taskinstance.py:340} INFO - ::group::Post task execution logs
[2024-10-19T02:22:42.796+0000] {taskinstance.py:352} INFO - Marking task as SUCCESS. dag_id=etl_update_stock_ferrimac, task_id=extract_task_api, run_id=scheduled__2024-10-17T22:00:00+00:00, execution_date=20241017T220000, start_date=20241019T022240, end_date=20241019T022242
[2024-10-19T02:22:42.860+0000] {local_task_job_runner.py:266} INFO - Task exited with return code 0
[2024-10-19T02:22:42.891+0000] {taskinstance.py:3900} INFO - 0 downstream tasks scheduled from follow-on schedule check
[2024-10-19T02:22:42.894+0000] {local_task_job_runner.py:245} INFO - ::endgroup::
[2024-10-19T03:21:49.756+0000] {local_task_job_runner.py:123} INFO - ::group::Pre task execution logs
[2024-10-19T03:21:49.791+0000] {taskinstance.py:2612} INFO - Dependencies all met for dep_context=non-requeueable deps ti=<TaskInstance: etl_update_stock_ferrimac.extract_task_api scheduled__2024-10-17T22:00:00+00:00 [queued]>
[2024-10-19T03:21:49.804+0000] {taskinstance.py:2612} INFO - Dependencies all met for dep_context=requeueable deps ti=<TaskInstance: etl_update_stock_ferrimac.extract_task_api scheduled__2024-10-17T22:00:00+00:00 [queued]>
[2024-10-19T03:21:49.807+0000] {taskinstance.py:2865} INFO - Starting attempt 1 of 2
[2024-10-19T03:21:49.827+0000] {taskinstance.py:2888} INFO - Executing <Task(PythonOperator): extract_task_api> on 2024-10-17 22:00:00+00:00
[2024-10-19T03:21:49.840+0000] {warnings.py:112} WARNING - /home/***/.local/lib/python3.12/site-packages/***/task/task_runner/standard_task_runner.py:70: DeprecationWarning: This process (pid=94) is multi-threaded, use of fork() may lead to deadlocks in the child.
  pid = os.fork()

[2024-10-19T03:21:49.842+0000] {standard_task_runner.py:72} INFO - Started process 104 to run task
[2024-10-19T03:21:49.847+0000] {standard_task_runner.py:104} INFO - Running: ['***', 'tasks', 'run', 'etl_update_stock_ferrimac', 'extract_task_api', 'scheduled__2024-10-17T22:00:00+00:00', '--job-id', '4', '--raw', '--subdir', 'DAGS_FOLDER/object_dag.py', '--cfg-path', '/tmp/tmpc4w34vlb']
[2024-10-19T03:21:49.854+0000] {standard_task_runner.py:105} INFO - Job 4: Subtask extract_task_api
[2024-10-19T03:21:49.928+0000] {task_command.py:467} INFO - Running <TaskInstance: etl_update_stock_ferrimac.extract_task_api scheduled__2024-10-17T22:00:00+00:00 [running]> on host ce7ab86691ee
[2024-10-19T03:21:50.054+0000] {taskinstance.py:3131} INFO - Exporting env vars: AIRFLOW_CTX_DAG_OWNER='***' AIRFLOW_CTX_DAG_ID='etl_update_stock_ferrimac' AIRFLOW_CTX_TASK_ID='extract_task_api' AIRFLOW_CTX_EXECUTION_DATE='2024-10-17T22:00:00+00:00' AIRFLOW_CTX_TRY_NUMBER='1' AIRFLOW_CTX_DAG_RUN_ID='scheduled__2024-10-17T22:00:00+00:00'
[2024-10-19T03:21:50.056+0000] {taskinstance.py:731} INFO - ::endgroup::
[2024-10-19T03:21:51.197+0000] {logging_mixin.py:190} INFO - Current dolar rates: 979.924976 ARS
[2024-10-19T03:21:51.202+0000] {logging_mixin.py:190} INFO - {'date': '2024-10-19', 'price': 979.924976}
[2024-10-19T03:21:51.240+0000] {logging_mixin.py:190} INFO - Record of day 2024-10-19 just exist. Not add again.
[2024-10-19T03:21:51.241+0000] {python.py:240} INFO - Done. Returned value was:           date       price
0   2024-09-09  957.763020
1   2024-09-10  957.430504
2   2024-09-11  957.741278
3   2024-09-12  959.995667
4   2024-09-13  958.043112
5   2024-09-14  959.250402
6   2024-09-15  959.249945
7   2024-09-16  960.448297
8   2024-09-17  961.241401
9   2024-09-18  962.250058
10  2024-09-19  962.754297
11  2024-09-20  961.531104
12  2024-09-21  961.359012
13  2024-09-22  962.642198
14  2024-09-23  965.232700
15  2024-09-24  965.262902
16  2024-09-25  968.500099
17  2024-09-26  967.232698
18  2024-09-27  965.466231
19  2024-09-28  965.466231
20  2024-09-29  965.617504
21  2024-09-30  968.767443
22  2024-10-01  969.592296
23  2024-10-02  970.245698
24  2024-10-03  971.736897
25  2024-10-04  975.742773
26  2024-10-05  975.742773
27  2024-10-06  976.734404
28  2024-10-07  974.829898
29  2024-10-08  974.254402
30  2024-10-09  974.741097
31  2024-10-11  973.490388
32  2024-10-16  980.718400
33  2024-10-17  980.227502
34  2024-10-18  979.924976
35  2024-10-19  979.924976
[2024-10-19T03:21:51.374+0000] {taskinstance.py:340} INFO - ::group::Post task execution logs
[2024-10-19T03:21:51.375+0000] {taskinstance.py:352} INFO - Marking task as SUCCESS. dag_id=etl_update_stock_ferrimac, task_id=extract_task_api, run_id=scheduled__2024-10-17T22:00:00+00:00, execution_date=20241017T220000, start_date=20241019T032149, end_date=20241019T032151
[2024-10-19T03:21:51.434+0000] {local_task_job_runner.py:266} INFO - Task exited with return code 0
[2024-10-19T03:21:51.470+0000] {taskinstance.py:3900} INFO - 0 downstream tasks scheduled from follow-on schedule check
[2024-10-19T03:21:51.489+0000] {local_task_job_runner.py:245} INFO - ::endgroup::
[2024-10-19T04:49:23.660+0000] {local_task_job_runner.py:123} INFO - ::group::Pre task execution logs
[2024-10-19T04:49:23.784+0000] {taskinstance.py:2612} INFO - Dependencies all met for dep_context=non-requeueable deps ti=<TaskInstance: etl_update_stock_ferrimac.extract_task_api scheduled__2024-10-17T22:00:00+00:00 [queued]>
[2024-10-19T04:49:23.915+0000] {taskinstance.py:2612} INFO - Dependencies all met for dep_context=requeueable deps ti=<TaskInstance: etl_update_stock_ferrimac.extract_task_api scheduled__2024-10-17T22:00:00+00:00 [queued]>
[2024-10-19T04:49:23.921+0000] {taskinstance.py:2865} INFO - Starting attempt 1 of 2
[2024-10-19T04:49:24.021+0000] {taskinstance.py:2888} INFO - Executing <Task(PythonOperator): extract_task_api> on 2024-10-17 22:00:00+00:00
[2024-10-19T04:49:24.090+0000] {warnings.py:112} WARNING - /home/***/.local/lib/python3.12/site-packages/***/task/task_runner/standard_task_runner.py:70: DeprecationWarning: This process (pid=217) is multi-threaded, use of fork() may lead to deadlocks in the child.
  pid = os.fork()

[2024-10-19T04:49:24.099+0000] {standard_task_runner.py:72} INFO - Started process 233 to run task
[2024-10-19T04:49:24.178+0000] {standard_task_runner.py:104} INFO - Running: ['***', 'tasks', 'run', 'etl_update_stock_ferrimac', 'extract_task_api', 'scheduled__2024-10-17T22:00:00+00:00', '--job-id', '5', '--raw', '--subdir', 'DAGS_FOLDER/object_dag.py', '--cfg-path', '/tmp/tmpsaayknt2']
[2024-10-19T04:49:24.212+0000] {standard_task_runner.py:105} INFO - Job 5: Subtask extract_task_api
[2024-10-19T04:49:24.716+0000] {task_command.py:467} INFO - Running <TaskInstance: etl_update_stock_ferrimac.extract_task_api scheduled__2024-10-17T22:00:00+00:00 [running]> on host bfbd8d497269
[2024-10-19T04:49:25.252+0000] {taskinstance.py:3131} INFO - Exporting env vars: AIRFLOW_CTX_DAG_OWNER='***' AIRFLOW_CTX_DAG_ID='etl_update_stock_ferrimac' AIRFLOW_CTX_TASK_ID='extract_task_api' AIRFLOW_CTX_EXECUTION_DATE='2024-10-17T22:00:00+00:00' AIRFLOW_CTX_TRY_NUMBER='1' AIRFLOW_CTX_DAG_RUN_ID='scheduled__2024-10-17T22:00:00+00:00'
[2024-10-19T04:49:25.255+0000] {taskinstance.py:731} INFO - ::endgroup::
[2024-10-19T04:49:26.413+0000] {logging_mixin.py:190} INFO - Error getting price: 401, {"message":"No API key found in request"}
[2024-10-19T04:49:26.419+0000] {logging_mixin.py:190} INFO - None
[2024-10-19T04:49:26.436+0000] {taskinstance.py:3310} ERROR - Task failed with exception
Traceback (most recent call last):
  File "/home/airflow/.local/lib/python3.12/site-packages/airflow/models/taskinstance.py", line 767, in _execute_task
    result = _execute_callable(context=context, **execute_callable_kwargs)
             ^^^^^^^^^^^^^^^^^^^^^^^^^^^^^^^^^^^^^^^^^^^^^^^^^^^^^^^^^^^^^
  File "/home/airflow/.local/lib/python3.12/site-packages/airflow/models/taskinstance.py", line 733, in _execute_callable
    return ExecutionCallableRunner(
           ^^^^^^^^^^^^^^^^^^^^^^^^
  File "/home/airflow/.local/lib/python3.12/site-packages/airflow/utils/operator_helpers.py", line 252, in run
    return self.func(*args, **kwargs)
           ^^^^^^^^^^^^^^^^^^^^^^^^^^
  File "/home/airflow/.local/lib/python3.12/site-packages/airflow/models/baseoperator.py", line 406, in wrapper
    return func(self, *args, **kwargs)
           ^^^^^^^^^^^^^^^^^^^^^^^^^^^
  File "/home/airflow/.local/lib/python3.12/site-packages/airflow/operators/python.py", line 238, in execute
    return_value = self.execute_callable()
                   ^^^^^^^^^^^^^^^^^^^^^^^
  File "/home/airflow/.local/lib/python3.12/site-packages/airflow/operators/python.py", line 256, in execute_callable
    return runner.run(*self.op_args, **self.op_kwargs)
           ^^^^^^^^^^^^^^^^^^^^^^^^^^^^^^^^^^^^^^^^^^^
  File "/home/airflow/.local/lib/python3.12/site-packages/airflow/utils/operator_helpers.py", line 252, in run
    return self.func(*args, **kwargs)
           ^^^^^^^^^^^^^^^^^^^^^^^^^^
  File "/opt/airflow/functions_etl/obtain_currency.py", line 58, in append_to_data_price
    if record['date'] in data_prices['date'].values:
       ~~~~~~^^^^^^^^
TypeError: 'NoneType' object is not subscriptable
[2024-10-19T04:49:26.481+0000] {taskinstance.py:1225} INFO - Marking task as UP_FOR_RETRY. dag_id=etl_update_stock_ferrimac, task_id=extract_task_api, run_id=scheduled__2024-10-17T22:00:00+00:00, execution_date=20241017T220000, start_date=20241019T044923, end_date=20241019T044926
[2024-10-19T04:49:26.557+0000] {taskinstance.py:340} INFO - ::group::Post task execution logs
[2024-10-19T04:49:26.560+0000] {standard_task_runner.py:124} ERROR - Failed to execute job 5 for task extract_task_api ('NoneType' object is not subscriptable; 233)
Traceback (most recent call last):
  File "/home/airflow/.local/lib/python3.12/site-packages/airflow/task/task_runner/standard_task_runner.py", line 117, in _start_by_fork
    ret = args.func(args, dag=self.dag)
          ^^^^^^^^^^^^^^^^^^^^^^^^^^^^^
  File "/home/airflow/.local/lib/python3.12/site-packages/airflow/cli/cli_config.py", line 49, in command
    return func(*args, **kwargs)
           ^^^^^^^^^^^^^^^^^^^^^
  File "/home/airflow/.local/lib/python3.12/site-packages/airflow/utils/cli.py", line 115, in wrapper
    return f(*args, **kwargs)
           ^^^^^^^^^^^^^^^^^^
  File "/home/airflow/.local/lib/python3.12/site-packages/airflow/cli/commands/task_command.py", line 483, in task_run
    task_return_code = _run_task_by_selected_method(args, _dag, ti)
                       ^^^^^^^^^^^^^^^^^^^^^^^^^^^^^^^^^^^^^^^^^^^^
  File "/home/airflow/.local/lib/python3.12/site-packages/airflow/cli/commands/task_command.py", line 256, in _run_task_by_selected_method
    return _run_raw_task(args, ti)
           ^^^^^^^^^^^^^^^^^^^^^^^
  File "/home/airflow/.local/lib/python3.12/site-packages/airflow/cli/commands/task_command.py", line 341, in _run_raw_task
    return ti._run_raw_task(
           ^^^^^^^^^^^^^^^^^
  File "/home/airflow/.local/lib/python3.12/site-packages/airflow/utils/session.py", line 97, in wrapper
    return func(*args, session=session, **kwargs)
           ^^^^^^^^^^^^^^^^^^^^^^^^^^^^^^^^^^^^^^
  File "/home/airflow/.local/lib/python3.12/site-packages/airflow/models/taskinstance.py", line 3004, in _run_raw_task
    return _run_raw_task(
           ^^^^^^^^^^^^^^
  File "/home/airflow/.local/lib/python3.12/site-packages/airflow/models/taskinstance.py", line 273, in _run_raw_task
    TaskInstance._execute_task_with_callbacks(
  File "/home/airflow/.local/lib/python3.12/site-packages/airflow/models/taskinstance.py", line 3158, in _execute_task_with_callbacks
    result = self._execute_task(context, task_orig)
             ^^^^^^^^^^^^^^^^^^^^^^^^^^^^^^^^^^^^^^
  File "/home/airflow/.local/lib/python3.12/site-packages/airflow/models/taskinstance.py", line 3182, in _execute_task
    return _execute_task(self, context, task_orig)
           ^^^^^^^^^^^^^^^^^^^^^^^^^^^^^^^^^^^^^^^
  File "/home/airflow/.local/lib/python3.12/site-packages/airflow/models/taskinstance.py", line 767, in _execute_task
    result = _execute_callable(context=context, **execute_callable_kwargs)
             ^^^^^^^^^^^^^^^^^^^^^^^^^^^^^^^^^^^^^^^^^^^^^^^^^^^^^^^^^^^^^
  File "/home/airflow/.local/lib/python3.12/site-packages/airflow/models/taskinstance.py", line 733, in _execute_callable
    return ExecutionCallableRunner(
           ^^^^^^^^^^^^^^^^^^^^^^^^
  File "/home/airflow/.local/lib/python3.12/site-packages/airflow/utils/operator_helpers.py", line 252, in run
    return self.func(*args, **kwargs)
           ^^^^^^^^^^^^^^^^^^^^^^^^^^
  File "/home/airflow/.local/lib/python3.12/site-packages/airflow/models/baseoperator.py", line 406, in wrapper
    return func(self, *args, **kwargs)
           ^^^^^^^^^^^^^^^^^^^^^^^^^^^
  File "/home/airflow/.local/lib/python3.12/site-packages/airflow/operators/python.py", line 238, in execute
    return_value = self.execute_callable()
                   ^^^^^^^^^^^^^^^^^^^^^^^
  File "/home/airflow/.local/lib/python3.12/site-packages/airflow/operators/python.py", line 256, in execute_callable
    return runner.run(*self.op_args, **self.op_kwargs)
           ^^^^^^^^^^^^^^^^^^^^^^^^^^^^^^^^^^^^^^^^^^^
  File "/home/airflow/.local/lib/python3.12/site-packages/airflow/utils/operator_helpers.py", line 252, in run
    return self.func(*args, **kwargs)
           ^^^^^^^^^^^^^^^^^^^^^^^^^^
  File "/opt/airflow/functions_etl/obtain_currency.py", line 58, in append_to_data_price
    if record['date'] in data_prices['date'].values:
       ~~~~~~^^^^^^^^
TypeError: 'NoneType' object is not subscriptable
[2024-10-19T04:49:26.642+0000] {local_task_job_runner.py:266} INFO - Task exited with return code 1
[2024-10-19T04:49:26.665+0000] {local_task_job_runner.py:245} INFO - ::endgroup::
