[2024-10-29T23:29:14.128+0000] {local_task_job_runner.py:123} INFO - ::group::Pre task execution logs
[2024-10-29T23:29:14.153+0000] {taskinstance.py:2612} INFO - Dependencies all met for dep_context=non-requeueable deps ti=<TaskInstance: etl_update_stock_ferrimac.monetized_stock manual__2024-10-29T23:28:58.461264+00:00 [queued]>
[2024-10-29T23:29:14.165+0000] {taskinstance.py:2612} INFO - Dependencies all met for dep_context=requeueable deps ti=<TaskInstance: etl_update_stock_ferrimac.monetized_stock manual__2024-10-29T23:28:58.461264+00:00 [queued]>
[2024-10-29T23:29:14.166+0000] {taskinstance.py:2865} INFO - Starting attempt 1 of 2
[2024-10-29T23:29:14.196+0000] {taskinstance.py:2888} INFO - Executing <Task(PythonOperator): monetized_stock> on 2024-10-29 23:28:58.461264+00:00
[2024-10-29T23:29:14.204+0000] {warnings.py:112} WARNING - /home/***/.local/lib/python3.12/site-packages/***/task/task_runner/standard_task_runner.py:70: DeprecationWarning: This process (pid=752) is multi-threaded, use of fork() may lead to deadlocks in the child.
  pid = os.fork()

[2024-10-29T23:29:14.207+0000] {standard_task_runner.py:72} INFO - Started process 754 to run task
[2024-10-29T23:29:14.208+0000] {standard_task_runner.py:104} INFO - Running: ['***', 'tasks', 'run', 'etl_update_stock_ferrimac', 'monetized_stock', 'manual__2024-10-29T23:28:58.461264+00:00', '--job-id', '25', '--raw', '--subdir', 'DAGS_FOLDER/object_dag.py', '--cfg-path', '/tmp/tmpousrp33b']
[2024-10-29T23:29:14.212+0000] {standard_task_runner.py:105} INFO - Job 25: Subtask monetized_stock
[2024-10-29T23:29:14.281+0000] {task_command.py:467} INFO - Running <TaskInstance: etl_update_stock_ferrimac.monetized_stock manual__2024-10-29T23:28:58.461264+00:00 [running]> on host 94e12afb2788
[2024-10-29T23:29:14.429+0000] {taskinstance.py:3131} INFO - Exporting env vars: AIRFLOW_CTX_DAG_OWNER='***' AIRFLOW_CTX_DAG_ID='etl_update_stock_ferrimac' AIRFLOW_CTX_TASK_ID='monetized_stock' AIRFLOW_CTX_EXECUTION_DATE='2024-10-29T23:28:58.461264+00:00' AIRFLOW_CTX_TRY_NUMBER='1' AIRFLOW_CTX_DAG_RUN_ID='manual__2024-10-29T23:28:58.461264+00:00'
[2024-10-29T23:29:14.431+0000] {taskinstance.py:731} INFO - ::endgroup::
[2024-10-29T23:29:15.155+0000] {warnings.py:112} WARNING - /opt/***/functions_etl/data_transform.py:52: UserWarning: Could not infer format, so each element will be parsed individually, falling back to `dateutil`. To ensure parsing is consistent and as-expected, please specify a format.
  df_stock.columns = pd.to_datetime(df_stock.columns, errors='ignore', dayfirst=True)

[2024-10-29T23:29:15.162+0000] {warnings.py:112} WARNING - /opt/***/functions_etl/data_transform.py:54: UserWarning: Could not infer format, so each element will be parsed individually, falling back to `dateutil`. To ensure parsing is consistent and as-expected, please specify a format.
  df_list_prices.columns = pd.to_datetime(df_list_prices.columns, errors='ignore', dayfirst=True)

[2024-10-29T23:29:16.046+0000] {data_transform.py:97} INFO - Monetized stock has been successfully updated for date 2024-10-29 00:00:00.
[2024-10-29T23:29:16.048+0000] {python.py:240} INFO - Done. Returned value was:       id_product     model  ... 2024-10-31 00:00:00 2024-11-01 00:00:00
0    ID-00000001     BSX17  ...                 NaN                 NaN
1    ID-00000002      TM12  ...                 NaN                 NaN
2    ID-00000003      TM13  ...                 NaN                 NaN
3    ID-00000004      TM14  ...                 NaN                 NaN
4    ID-00000005      TM15  ...                 NaN                 NaN
..           ...       ...  ...                 ...                 ...
435  ID-00000436  DPS31534  ...                 NaN                 NaN
436  ID-00000437  DPS31535  ...                 NaN                 NaN
437  ID-00000438  DPS31536  ...                 NaN                 NaN
438          NaN       NaN  ...                 NaN                 NaN
439        TOTAL       NaN  ...                 NaN                 NaN

[440 rows x 44 columns]
[2024-10-29T23:29:16.169+0000] {warnings.py:112} WARNING - /home/***/.local/lib/python3.12/site-packages/***/serialization/serializers/pandas.py:49: UserWarning: The DataFrame has column names of mixed type. They will be converted to strings and not roundtrip correctly.
  table = pa.Table.from_pandas(o)

[2024-10-29T23:29:16.229+0000] {taskinstance.py:340} INFO - ::group::Post task execution logs
[2024-10-29T23:29:16.230+0000] {taskinstance.py:352} INFO - Marking task as SUCCESS. dag_id=etl_update_stock_ferrimac, task_id=monetized_stock, run_id=manual__2024-10-29T23:28:58.461264+00:00, execution_date=20241029T232858, start_date=20241029T232914, end_date=20241029T232916
[2024-10-29T23:29:16.269+0000] {local_task_job_runner.py:266} INFO - Task exited with return code 0
[2024-10-29T23:29:16.299+0000] {taskinstance.py:3900} INFO - 1 downstream tasks scheduled from follow-on schedule check
[2024-10-29T23:29:16.319+0000] {local_task_job_runner.py:245} INFO - ::endgroup::
