[2024-10-15T00:00:01.644+0000] {local_task_job_runner.py:123} INFO - ::group::Pre task execution logs
[2024-10-15T00:00:01.695+0000] {taskinstance.py:2612} INFO - Dependencies all met for dep_context=non-requeueable deps ti=<TaskInstance: etl_update_stock_ferrimac.extract_task_api scheduled__2024-10-14T00:00:00+00:00 [queued]>
[2024-10-15T00:00:01.713+0000] {taskinstance.py:2612} INFO - Dependencies all met for dep_context=requeueable deps ti=<TaskInstance: etl_update_stock_ferrimac.extract_task_api scheduled__2024-10-14T00:00:00+00:00 [queued]>
[2024-10-15T00:00:01.714+0000] {taskinstance.py:2865} INFO - Starting attempt 1 of 2
[2024-10-15T00:00:01.734+0000] {taskinstance.py:2888} INFO - Executing <Task(PythonOperator): extract_task_api> on 2024-10-14 00:00:00+00:00
[2024-10-15T00:00:01.755+0000] {warnings.py:112} WARNING - /home/***/.local/lib/python3.12/site-packages/***/task/task_runner/standard_task_runner.py:70: DeprecationWarning: This process (pid=196) is multi-threaded, use of fork() may lead to deadlocks in the child.
  pid = os.fork()

[2024-10-15T00:00:01.759+0000] {standard_task_runner.py:72} INFO - Started process 202 to run task
[2024-10-15T00:00:01.756+0000] {standard_task_runner.py:104} INFO - Running: ['***', 'tasks', 'run', 'etl_update_stock_ferrimac', 'extract_task_api', 'scheduled__2024-10-14T00:00:00+00:00', '--job-id', '9', '--raw', '--subdir', 'DAGS_FOLDER/object_dag.py', '--cfg-path', '/tmp/tmpfiics3nd']
[2024-10-15T00:00:01.761+0000] {standard_task_runner.py:105} INFO - Job 9: Subtask extract_task_api
[2024-10-15T00:00:01.852+0000] {task_command.py:467} INFO - Running <TaskInstance: etl_update_stock_ferrimac.extract_task_api scheduled__2024-10-14T00:00:00+00:00 [running]> on host 038337c3b9ed
[2024-10-15T00:00:02.344+0000] {taskinstance.py:3131} INFO - Exporting env vars: AIRFLOW_CTX_DAG_OWNER='***' AIRFLOW_CTX_DAG_ID='etl_update_stock_ferrimac' AIRFLOW_CTX_TASK_ID='extract_task_api' AIRFLOW_CTX_EXECUTION_DATE='2024-10-14T00:00:00+00:00' AIRFLOW_CTX_TRY_NUMBER='1' AIRFLOW_CTX_DAG_RUN_ID='scheduled__2024-10-14T00:00:00+00:00'
[2024-10-15T00:00:02.347+0000] {taskinstance.py:731} INFO - ::endgroup::
[2024-10-15T00:00:03.079+0000] {logging_mixin.py:190} INFO - Error getting price: 401, {"message":"No API key found in request"}
[2024-10-15T00:00:03.082+0000] {taskinstance.py:3310} ERROR - Task failed with exception
Traceback (most recent call last):
  File "/home/airflow/.local/lib/python3.12/site-packages/airflow/models/taskinstance.py", line 767, in _execute_task
    result = _execute_callable(context=context, **execute_callable_kwargs)
             ^^^^^^^^^^^^^^^^^^^^^^^^^^^^^^^^^^^^^^^^^^^^^^^^^^^^^^^^^^^^^
  File "/home/airflow/.local/lib/python3.12/site-packages/airflow/models/taskinstance.py", line 733, in _execute_callable
    return ExecutionCallableRunner(
           ^^^^^^^^^^^^^^^^^^^^^^^^
  File "/home/airflow/.local/lib/python3.12/site-packages/airflow/utils/operator_helpers.py", line 252, in run
    return self.func(*args, **kwargs)
           ^^^^^^^^^^^^^^^^^^^^^^^^^^
  File "/home/airflow/.local/lib/python3.12/site-packages/airflow/models/baseoperator.py", line 406, in wrapper
    return func(self, *args, **kwargs)
           ^^^^^^^^^^^^^^^^^^^^^^^^^^^
  File "/home/airflow/.local/lib/python3.12/site-packages/airflow/operators/python.py", line 238, in execute
    return_value = self.execute_callable()
                   ^^^^^^^^^^^^^^^^^^^^^^^
  File "/home/airflow/.local/lib/python3.12/site-packages/airflow/operators/python.py", line 256, in execute_callable
    return runner.run(*self.op_args, **self.op_kwargs)
           ^^^^^^^^^^^^^^^^^^^^^^^^^^^^^^^^^^^^^^^^^^^
  File "/home/airflow/.local/lib/python3.12/site-packages/airflow/utils/operator_helpers.py", line 252, in run
    return self.func(*args, **kwargs)
           ^^^^^^^^^^^^^^^^^^^^^^^^^^
  File "/opt/airflow/functions_etl/obtain_currency.py", line 39, in append_to_data_price
    file_path = base_path / file
                ~~~~~~~~~~^~~~~~
TypeError: unsupported operand type(s) for /: 'PosixPath' and 'NoneType'
[2024-10-15T00:00:03.115+0000] {taskinstance.py:1225} INFO - Marking task as UP_FOR_RETRY. dag_id=etl_update_stock_ferrimac, task_id=extract_task_api, run_id=scheduled__2024-10-14T00:00:00+00:00, execution_date=20241014T000000, start_date=20241015T000001, end_date=20241015T000003
[2024-10-15T00:00:03.148+0000] {taskinstance.py:340} INFO - ::group::Post task execution logs
[2024-10-15T00:00:03.149+0000] {standard_task_runner.py:124} ERROR - Failed to execute job 9 for task extract_task_api (unsupported operand type(s) for /: 'PosixPath' and 'NoneType'; 202)
Traceback (most recent call last):
  File "/home/airflow/.local/lib/python3.12/site-packages/airflow/task/task_runner/standard_task_runner.py", line 117, in _start_by_fork
    ret = args.func(args, dag=self.dag)
          ^^^^^^^^^^^^^^^^^^^^^^^^^^^^^
  File "/home/airflow/.local/lib/python3.12/site-packages/airflow/cli/cli_config.py", line 49, in command
    return func(*args, **kwargs)
           ^^^^^^^^^^^^^^^^^^^^^
  File "/home/airflow/.local/lib/python3.12/site-packages/airflow/utils/cli.py", line 115, in wrapper
    return f(*args, **kwargs)
           ^^^^^^^^^^^^^^^^^^
  File "/home/airflow/.local/lib/python3.12/site-packages/airflow/cli/commands/task_command.py", line 483, in task_run
    task_return_code = _run_task_by_selected_method(args, _dag, ti)
                       ^^^^^^^^^^^^^^^^^^^^^^^^^^^^^^^^^^^^^^^^^^^^
  File "/home/airflow/.local/lib/python3.12/site-packages/airflow/cli/commands/task_command.py", line 256, in _run_task_by_selected_method
    return _run_raw_task(args, ti)
           ^^^^^^^^^^^^^^^^^^^^^^^
  File "/home/airflow/.local/lib/python3.12/site-packages/airflow/cli/commands/task_command.py", line 341, in _run_raw_task
    return ti._run_raw_task(
           ^^^^^^^^^^^^^^^^^
  File "/home/airflow/.local/lib/python3.12/site-packages/airflow/utils/session.py", line 97, in wrapper
    return func(*args, session=session, **kwargs)
           ^^^^^^^^^^^^^^^^^^^^^^^^^^^^^^^^^^^^^^
  File "/home/airflow/.local/lib/python3.12/site-packages/airflow/models/taskinstance.py", line 3004, in _run_raw_task
    return _run_raw_task(
           ^^^^^^^^^^^^^^
  File "/home/airflow/.local/lib/python3.12/site-packages/airflow/models/taskinstance.py", line 273, in _run_raw_task
    TaskInstance._execute_task_with_callbacks(
  File "/home/airflow/.local/lib/python3.12/site-packages/airflow/models/taskinstance.py", line 3158, in _execute_task_with_callbacks
    result = self._execute_task(context, task_orig)
             ^^^^^^^^^^^^^^^^^^^^^^^^^^^^^^^^^^^^^^
  File "/home/airflow/.local/lib/python3.12/site-packages/airflow/models/taskinstance.py", line 3182, in _execute_task
    return _execute_task(self, context, task_orig)
           ^^^^^^^^^^^^^^^^^^^^^^^^^^^^^^^^^^^^^^^
  File "/home/airflow/.local/lib/python3.12/site-packages/airflow/models/taskinstance.py", line 767, in _execute_task
    result = _execute_callable(context=context, **execute_callable_kwargs)
             ^^^^^^^^^^^^^^^^^^^^^^^^^^^^^^^^^^^^^^^^^^^^^^^^^^^^^^^^^^^^^
  File "/home/airflow/.local/lib/python3.12/site-packages/airflow/models/taskinstance.py", line 733, in _execute_callable
    return ExecutionCallableRunner(
           ^^^^^^^^^^^^^^^^^^^^^^^^
  File "/home/airflow/.local/lib/python3.12/site-packages/airflow/utils/operator_helpers.py", line 252, in run
    return self.func(*args, **kwargs)
           ^^^^^^^^^^^^^^^^^^^^^^^^^^
  File "/home/airflow/.local/lib/python3.12/site-packages/airflow/models/baseoperator.py", line 406, in wrapper
    return func(self, *args, **kwargs)
           ^^^^^^^^^^^^^^^^^^^^^^^^^^^
  File "/home/airflow/.local/lib/python3.12/site-packages/airflow/operators/python.py", line 238, in execute
    return_value = self.execute_callable()
                   ^^^^^^^^^^^^^^^^^^^^^^^
  File "/home/airflow/.local/lib/python3.12/site-packages/airflow/operators/python.py", line 256, in execute_callable
    return runner.run(*self.op_args, **self.op_kwargs)
           ^^^^^^^^^^^^^^^^^^^^^^^^^^^^^^^^^^^^^^^^^^^
  File "/home/airflow/.local/lib/python3.12/site-packages/airflow/utils/operator_helpers.py", line 252, in run
    return self.func(*args, **kwargs)
           ^^^^^^^^^^^^^^^^^^^^^^^^^^
  File "/opt/airflow/functions_etl/obtain_currency.py", line 39, in append_to_data_price
    file_path = base_path / file
                ~~~~~~~~~~^~~~~~
TypeError: unsupported operand type(s) for /: 'PosixPath' and 'NoneType'
[2024-10-15T00:00:03.181+0000] {local_task_job_runner.py:266} INFO - Task exited with return code 1
[2024-10-15T00:00:03.211+0000] {taskinstance.py:3900} INFO - 0 downstream tasks scheduled from follow-on schedule check
[2024-10-15T00:00:03.214+0000] {local_task_job_runner.py:245} INFO - ::endgroup::
[2024-10-15T04:44:44.856+0000] {local_task_job_runner.py:123} INFO - ::group::Pre task execution logs
[2024-10-15T04:44:44.919+0000] {taskinstance.py:2612} INFO - Dependencies all met for dep_context=non-requeueable deps ti=<TaskInstance: etl_update_stock_ferrimac.extract_task_api scheduled__2024-10-14T00:00:00+00:00 [queued]>
[2024-10-15T04:44:44.934+0000] {taskinstance.py:2612} INFO - Dependencies all met for dep_context=requeueable deps ti=<TaskInstance: etl_update_stock_ferrimac.extract_task_api scheduled__2024-10-14T00:00:00+00:00 [queued]>
[2024-10-15T04:44:44.934+0000] {taskinstance.py:2865} INFO - Starting attempt 1 of 2
[2024-10-15T04:44:44.967+0000] {taskinstance.py:2888} INFO - Executing <Task(PythonOperator): extract_task_api> on 2024-10-14 00:00:00+00:00
[2024-10-15T04:44:44.976+0000] {warnings.py:112} WARNING - /home/***/.local/lib/python3.12/site-packages/***/task/task_runner/standard_task_runner.py:70: DeprecationWarning: This process (pid=100) is multi-threaded, use of fork() may lead to deadlocks in the child.
  pid = os.fork()

[2024-10-15T04:44:44.979+0000] {standard_task_runner.py:72} INFO - Started process 119 to run task
[2024-10-15T04:44:44.984+0000] {standard_task_runner.py:104} INFO - Running: ['***', 'tasks', 'run', 'etl_update_stock_ferrimac', 'extract_task_api', 'scheduled__2024-10-14T00:00:00+00:00', '--job-id', '5', '--raw', '--subdir', 'DAGS_FOLDER/object_dag.py', '--cfg-path', '/tmp/tmp4y0e73mk']
[2024-10-15T04:44:44.990+0000] {standard_task_runner.py:105} INFO - Job 5: Subtask extract_task_api
[2024-10-15T04:44:45.095+0000] {task_command.py:467} INFO - Running <TaskInstance: etl_update_stock_ferrimac.extract_task_api scheduled__2024-10-14T00:00:00+00:00 [running]> on host 7ff0a1f24a3a
[2024-10-15T04:44:45.815+0000] {taskinstance.py:3131} INFO - Exporting env vars: AIRFLOW_CTX_DAG_OWNER='***' AIRFLOW_CTX_DAG_ID='etl_update_stock_ferrimac' AIRFLOW_CTX_TASK_ID='extract_task_api' AIRFLOW_CTX_EXECUTION_DATE='2024-10-14T00:00:00+00:00' AIRFLOW_CTX_TRY_NUMBER='1' AIRFLOW_CTX_DAG_RUN_ID='scheduled__2024-10-14T00:00:00+00:00'
[2024-10-15T04:44:45.818+0000] {taskinstance.py:731} INFO - ::endgroup::
[2024-10-15T04:44:46.693+0000] {logging_mixin.py:190} INFO - Current dolar rates: 980.004503 ARS
[2024-10-15T04:44:46.695+0000] {logging_mixin.py:190} INFO - base_datos/inventario/data_price.csv
[2024-10-15T04:44:46.745+0000] {logging_mixin.py:190} INFO - Record of day 2024-10-15 just exist. Not add again.
[2024-10-15T04:44:46.746+0000] {python.py:240} INFO - Done. Returned value was:           date       price
0   2024-09-09  957.763020
1   2024-09-10  957.430504
2   2024-09-11  957.741278
3   2024-09-12  959.995667
4   2024-09-13  958.043112
5   2024-09-14  959.250402
6   2024-09-15  959.249945
7   2024-09-16  960.448297
8   2024-09-17  961.241401
9   2024-09-18  962.250058
10  2024-09-19  962.754297
11  2024-09-20  961.531104
12  2024-09-21  961.359012
13  2024-09-22  962.642198
14  2024-09-23  965.232700
15  2024-09-24  965.262902
16  2024-09-25  968.500099
17  2024-09-26  967.232698
18  2024-09-27  965.466231
19  2024-09-28  965.466231
20  2024-09-29  965.617504
21  2024-09-30  968.767443
22  2024-10-01  969.592296
23  2024-10-02  970.245698
24  2024-10-03  971.736897
25  2024-10-04  975.742773
26  2024-10-05  975.742773
27  2024-10-06  976.734404
28  2024-10-07  974.829898
29  2024-10-08  974.254402
30  2024-10-09  974.741097
31  2024-10-11  973.490388
32  2024-10-12  973.490388
33  2024-10-14  979.999946
34  2024-10-15  979.986499
[2024-10-15T04:44:46.881+0000] {taskinstance.py:340} INFO - ::group::Post task execution logs
[2024-10-15T04:44:46.882+0000] {taskinstance.py:352} INFO - Marking task as SUCCESS. dag_id=etl_update_stock_ferrimac, task_id=extract_task_api, run_id=scheduled__2024-10-14T00:00:00+00:00, execution_date=20241014T000000, start_date=20241015T044444, end_date=20241015T044446
[2024-10-15T04:44:46.939+0000] {local_task_job_runner.py:266} INFO - Task exited with return code 0
[2024-10-15T04:44:46.991+0000] {taskinstance.py:3900} INFO - 0 downstream tasks scheduled from follow-on schedule check
[2024-10-15T04:44:47.013+0000] {local_task_job_runner.py:245} INFO - ::endgroup::
[2024-10-15T14:05:58.402+0000] {local_task_job_runner.py:123} INFO - ::group::Pre task execution logs
[2024-10-15T14:05:58.654+0000] {taskinstance.py:2612} INFO - Dependencies all met for dep_context=non-requeueable deps ti=<TaskInstance: etl_update_stock_ferrimac.extract_task_api scheduled__2024-10-14T00:00:00+00:00 [queued]>
[2024-10-15T14:05:58.778+0000] {taskinstance.py:2612} INFO - Dependencies all met for dep_context=requeueable deps ti=<TaskInstance: etl_update_stock_ferrimac.extract_task_api scheduled__2024-10-14T00:00:00+00:00 [queued]>
[2024-10-15T14:05:58.798+0000] {taskinstance.py:2865} INFO - Starting attempt 1 of 2
[2024-10-15T14:05:59.000+0000] {taskinstance.py:2888} INFO - Executing <Task(PythonOperator): extract_task_api> on 2024-10-14 00:00:00+00:00
[2024-10-15T14:05:59.183+0000] {warnings.py:112} WARNING - /home/***/.local/lib/python3.12/site-packages/***/task/task_runner/standard_task_runner.py:70: DeprecationWarning: This process (pid=170) is multi-threaded, use of fork() may lead to deadlocks in the child.
  pid = os.fork()

[2024-10-15T14:05:59.265+0000] {standard_task_runner.py:72} INFO - Started process 174 to run task
[2024-10-15T14:05:59.323+0000] {standard_task_runner.py:104} INFO - Running: ['***', 'tasks', 'run', 'etl_update_stock_ferrimac', 'extract_task_api', 'scheduled__2024-10-14T00:00:00+00:00', '--job-id', '3', '--raw', '--subdir', 'DAGS_FOLDER/object_dag.py', '--cfg-path', '/tmp/tmptjwijkqz']
[2024-10-15T14:05:59.372+0000] {standard_task_runner.py:105} INFO - Job 3: Subtask extract_task_api
[2024-10-15T14:06:00.813+0000] {task_command.py:467} INFO - Running <TaskInstance: etl_update_stock_ferrimac.extract_task_api scheduled__2024-10-14T00:00:00+00:00 [running]> on host 2296928c39b5
[2024-10-15T14:06:05.894+0000] {taskinstance.py:3131} INFO - Exporting env vars: AIRFLOW_CTX_DAG_OWNER='***' AIRFLOW_CTX_DAG_ID='etl_update_stock_ferrimac' AIRFLOW_CTX_TASK_ID='extract_task_api' AIRFLOW_CTX_EXECUTION_DATE='2024-10-14T00:00:00+00:00' AIRFLOW_CTX_TRY_NUMBER='1' AIRFLOW_CTX_DAG_RUN_ID='scheduled__2024-10-14T00:00:00+00:00'
[2024-10-15T14:06:05.946+0000] {taskinstance.py:731} INFO - ::endgroup::
[2024-10-15T14:06:09.138+0000] {logging_mixin.py:190} INFO - Current dolar rates: 979.763503 ARS
[2024-10-15T14:06:09.160+0000] {logging_mixin.py:190} INFO - base_datos/inventario/data_price.csv
[2024-10-15T14:06:09.368+0000] {warnings.py:112} WARNING - /opt/***/functions_etl/obtain_currency.py:59: FutureWarning: The behavior of DataFrame concatenation with empty or all-NA entries is deprecated. In a future version, this will no longer exclude empty or all-NA columns when determining the result dtypes. To retain the old behavior, exclude the relevant entries before the concat operation.
  data_prices = pd.concat([data_prices, new_record], ignore_index=True)

[2024-10-15T14:06:09.483+0000] {logging_mixin.py:190} INFO - Record of day 2024-10-15 added successfully.
[2024-10-15T14:06:09.484+0000] {python.py:240} INFO - Done. Returned value was:          date       price
0  2024-10-15  979.763503
[2024-10-15T14:06:10.145+0000] {taskinstance.py:340} INFO - ::group::Post task execution logs
[2024-10-15T14:06:10.147+0000] {taskinstance.py:352} INFO - Marking task as SUCCESS. dag_id=etl_update_stock_ferrimac, task_id=extract_task_api, run_id=scheduled__2024-10-14T00:00:00+00:00, execution_date=20241014T000000, start_date=20241015T140558, end_date=20241015T140610
[2024-10-15T14:06:10.349+0000] {local_task_job_runner.py:266} INFO - Task exited with return code 0
[2024-10-15T14:06:10.396+0000] {local_task_job_runner.py:245} INFO - ::endgroup::
