[2024-10-08T12:44:42.570+0000] {processor.py:186} INFO - Started process (PID=99) to work on /home/airflow/.local/lib/python3.12/site-packages/airflow/example_dags/example_outlet_event_extra.py
[2024-10-08T12:44:42.572+0000] {processor.py:914} INFO - Processing file /home/airflow/.local/lib/python3.12/site-packages/airflow/example_dags/example_outlet_event_extra.py for tasks to queue
[2024-10-08T12:44:42.578+0000] {logging_mixin.py:190} INFO - [2024-10-08T12:44:42.577+0000] {dagbag.py:587} INFO - Filling up the DagBag from /home/airflow/.local/lib/python3.12/site-packages/airflow/example_dags/example_outlet_event_extra.py
[2024-10-08T12:44:42.959+0000] {processor.py:925} INFO - DAG(s) 'dataset_with_extra_by_context', 'dataset_with_extra_from_classic_operator', 'dataset_with_extra_by_yield' retrieved from /home/airflow/.local/lib/python3.12/site-packages/airflow/example_dags/example_outlet_event_extra.py
[2024-10-08T12:44:43.170+0000] {logging_mixin.py:190} INFO - [2024-10-08T12:44:43.169+0000] {override.py:1900} INFO - Created Permission View: can read on DAG:dataset_with_extra_by_context
[2024-10-08T12:44:43.192+0000] {logging_mixin.py:190} INFO - [2024-10-08T12:44:43.191+0000] {override.py:1900} INFO - Created Permission View: can delete on DAG:dataset_with_extra_by_context
[2024-10-08T12:44:43.208+0000] {logging_mixin.py:190} INFO - [2024-10-08T12:44:43.207+0000] {override.py:1900} INFO - Created Permission View: can edit on DAG:dataset_with_extra_by_context
[2024-10-08T12:44:43.226+0000] {logging_mixin.py:190} INFO - [2024-10-08T12:44:43.225+0000] {override.py:1900} INFO - Created Permission View: can read on DAG Run:dataset_with_extra_by_context
[2024-10-08T12:44:43.244+0000] {logging_mixin.py:190} INFO - [2024-10-08T12:44:43.243+0000] {override.py:1900} INFO - Created Permission View: can create on DAG Run:dataset_with_extra_by_context
[2024-10-08T12:44:43.261+0000] {logging_mixin.py:190} INFO - [2024-10-08T12:44:43.260+0000] {override.py:1900} INFO - Created Permission View: menu access on DAG Run:dataset_with_extra_by_context
[2024-10-08T12:44:43.284+0000] {logging_mixin.py:190} INFO - [2024-10-08T12:44:43.284+0000] {override.py:1900} INFO - Created Permission View: can delete on DAG Run:dataset_with_extra_by_context
[2024-10-08T12:44:43.318+0000] {logging_mixin.py:190} INFO - [2024-10-08T12:44:43.317+0000] {override.py:1900} INFO - Created Permission View: can read on DAG:dataset_with_extra_from_classic_operator
[2024-10-08T12:44:43.337+0000] {logging_mixin.py:190} INFO - [2024-10-08T12:44:43.336+0000] {override.py:1900} INFO - Created Permission View: can delete on DAG:dataset_with_extra_from_classic_operator
[2024-10-08T12:44:43.349+0000] {logging_mixin.py:190} INFO - [2024-10-08T12:44:43.349+0000] {override.py:1900} INFO - Created Permission View: can edit on DAG:dataset_with_extra_from_classic_operator
[2024-10-08T12:44:43.364+0000] {logging_mixin.py:190} INFO - [2024-10-08T12:44:43.364+0000] {override.py:1900} INFO - Created Permission View: can read on DAG Run:dataset_with_extra_from_classic_operator
[2024-10-08T12:44:43.377+0000] {logging_mixin.py:190} INFO - [2024-10-08T12:44:43.376+0000] {override.py:1900} INFO - Created Permission View: can create on DAG Run:dataset_with_extra_from_classic_operator
[2024-10-08T12:44:43.390+0000] {logging_mixin.py:190} INFO - [2024-10-08T12:44:43.389+0000] {override.py:1900} INFO - Created Permission View: menu access on DAG Run:dataset_with_extra_from_classic_operator
[2024-10-08T12:44:43.408+0000] {logging_mixin.py:190} INFO - [2024-10-08T12:44:43.407+0000] {override.py:1900} INFO - Created Permission View: can delete on DAG Run:dataset_with_extra_from_classic_operator
[2024-10-08T12:44:43.457+0000] {logging_mixin.py:190} INFO - [2024-10-08T12:44:43.456+0000] {override.py:1900} INFO - Created Permission View: can read on DAG:dataset_with_extra_by_yield
[2024-10-08T12:44:43.475+0000] {logging_mixin.py:190} INFO - [2024-10-08T12:44:43.474+0000] {override.py:1900} INFO - Created Permission View: can delete on DAG:dataset_with_extra_by_yield
[2024-10-08T12:44:43.491+0000] {logging_mixin.py:190} INFO - [2024-10-08T12:44:43.490+0000] {override.py:1900} INFO - Created Permission View: can edit on DAG:dataset_with_extra_by_yield
[2024-10-08T12:44:43.507+0000] {logging_mixin.py:190} INFO - [2024-10-08T12:44:43.507+0000] {override.py:1900} INFO - Created Permission View: can read on DAG Run:dataset_with_extra_by_yield
[2024-10-08T12:44:43.520+0000] {logging_mixin.py:190} INFO - [2024-10-08T12:44:43.520+0000] {override.py:1900} INFO - Created Permission View: can create on DAG Run:dataset_with_extra_by_yield
[2024-10-08T12:44:43.537+0000] {logging_mixin.py:190} INFO - [2024-10-08T12:44:43.537+0000] {override.py:1900} INFO - Created Permission View: menu access on DAG Run:dataset_with_extra_by_yield
[2024-10-08T12:44:43.553+0000] {logging_mixin.py:190} INFO - [2024-10-08T12:44:43.553+0000] {override.py:1900} INFO - Created Permission View: can delete on DAG Run:dataset_with_extra_by_yield
[2024-10-08T12:44:43.555+0000] {logging_mixin.py:190} INFO - [2024-10-08T12:44:43.555+0000] {dag.py:3229} INFO - Sync 3 DAGs
[2024-10-08T12:44:43.589+0000] {logging_mixin.py:190} INFO - [2024-10-08T12:44:43.588+0000] {dag.py:3252} INFO - Creating ORM DAG for dataset_with_extra_by_yield
[2024-10-08T12:44:43.590+0000] {logging_mixin.py:190} INFO - [2024-10-08T12:44:43.590+0000] {dag.py:3252} INFO - Creating ORM DAG for dataset_with_extra_by_context
[2024-10-08T12:44:43.592+0000] {logging_mixin.py:190} INFO - [2024-10-08T12:44:43.592+0000] {dag.py:3252} INFO - Creating ORM DAG for dataset_with_extra_from_classic_operator
[2024-10-08T12:44:43.612+0000] {logging_mixin.py:190} INFO - [2024-10-08T12:44:43.611+0000] {dag.py:4156} INFO - Setting next_dagrun for dataset_with_extra_by_context to 2024-10-07 00:00:00+00:00, run_after=2024-10-08 00:00:00+00:00
[2024-10-08T12:44:43.615+0000] {logging_mixin.py:190} INFO - [2024-10-08T12:44:43.615+0000] {dag.py:4156} INFO - Setting next_dagrun for dataset_with_extra_by_yield to 2024-10-07 00:00:00+00:00, run_after=2024-10-08 00:00:00+00:00
[2024-10-08T12:44:43.619+0000] {logging_mixin.py:190} INFO - [2024-10-08T12:44:43.618+0000] {dag.py:4156} INFO - Setting next_dagrun for dataset_with_extra_from_classic_operator to 2024-10-07 00:00:00+00:00, run_after=2024-10-08 00:00:00+00:00
[2024-10-08T12:44:43.683+0000] {processor.py:208} INFO - Processing /home/airflow/.local/lib/python3.12/site-packages/airflow/example_dags/example_outlet_event_extra.py took 1.129 seconds
[2024-10-08T12:45:13.968+0000] {processor.py:186} INFO - Started process (PID=161) to work on /home/airflow/.local/lib/python3.12/site-packages/airflow/example_dags/example_outlet_event_extra.py
[2024-10-08T12:45:13.969+0000] {processor.py:914} INFO - Processing file /home/airflow/.local/lib/python3.12/site-packages/airflow/example_dags/example_outlet_event_extra.py for tasks to queue
[2024-10-08T12:45:14.001+0000] {logging_mixin.py:190} INFO - [2024-10-08T12:45:14.001+0000] {dagbag.py:587} INFO - Filling up the DagBag from /home/airflow/.local/lib/python3.12/site-packages/airflow/example_dags/example_outlet_event_extra.py
[2024-10-08T12:45:14.158+0000] {processor.py:925} INFO - DAG(s) 'dataset_with_extra_by_context', 'dataset_with_extra_from_classic_operator', 'dataset_with_extra_by_yield' retrieved from /home/airflow/.local/lib/python3.12/site-packages/airflow/example_dags/example_outlet_event_extra.py
[2024-10-08T12:45:14.193+0000] {logging_mixin.py:190} INFO - [2024-10-08T12:45:14.193+0000] {dag.py:3229} INFO - Sync 3 DAGs
[2024-10-08T12:45:14.223+0000] {logging_mixin.py:190} INFO - [2024-10-08T12:45:14.222+0000] {dag.py:4156} INFO - Setting next_dagrun for dataset_with_extra_by_context to 2024-10-07 00:00:00+00:00, run_after=2024-10-08 00:00:00+00:00
[2024-10-08T12:45:14.229+0000] {logging_mixin.py:190} INFO - [2024-10-08T12:45:14.229+0000] {dag.py:4156} INFO - Setting next_dagrun for dataset_with_extra_by_yield to 2024-10-07 00:00:00+00:00, run_after=2024-10-08 00:00:00+00:00
[2024-10-08T12:45:14.233+0000] {logging_mixin.py:190} INFO - [2024-10-08T12:45:14.233+0000] {dag.py:4156} INFO - Setting next_dagrun for dataset_with_extra_from_classic_operator to 2024-10-07 00:00:00+00:00, run_after=2024-10-08 00:00:00+00:00
[2024-10-08T12:45:14.267+0000] {processor.py:208} INFO - Processing /home/airflow/.local/lib/python3.12/site-packages/airflow/example_dags/example_outlet_event_extra.py took 0.309 seconds
[2024-10-08T12:45:44.370+0000] {processor.py:186} INFO - Started process (PID=217) to work on /home/airflow/.local/lib/python3.12/site-packages/airflow/example_dags/example_outlet_event_extra.py
[2024-10-08T12:45:44.373+0000] {processor.py:914} INFO - Processing file /home/airflow/.local/lib/python3.12/site-packages/airflow/example_dags/example_outlet_event_extra.py for tasks to queue
[2024-10-08T12:45:44.377+0000] {logging_mixin.py:190} INFO - [2024-10-08T12:45:44.377+0000] {dagbag.py:587} INFO - Filling up the DagBag from /home/airflow/.local/lib/python3.12/site-packages/airflow/example_dags/example_outlet_event_extra.py
[2024-10-08T12:45:44.565+0000] {processor.py:925} INFO - DAG(s) 'dataset_with_extra_by_yield', 'dataset_with_extra_from_classic_operator', 'dataset_with_extra_by_context' retrieved from /home/airflow/.local/lib/python3.12/site-packages/airflow/example_dags/example_outlet_event_extra.py
[2024-10-08T12:45:44.601+0000] {logging_mixin.py:190} INFO - [2024-10-08T12:45:44.600+0000] {dag.py:3229} INFO - Sync 3 DAGs
[2024-10-08T12:45:44.634+0000] {logging_mixin.py:190} INFO - [2024-10-08T12:45:44.634+0000] {dag.py:4156} INFO - Setting next_dagrun for dataset_with_extra_by_context to 2024-10-07 00:00:00+00:00, run_after=2024-10-08 00:00:00+00:00
[2024-10-08T12:45:44.641+0000] {logging_mixin.py:190} INFO - [2024-10-08T12:45:44.641+0000] {dag.py:4156} INFO - Setting next_dagrun for dataset_with_extra_by_yield to 2024-10-07 00:00:00+00:00, run_after=2024-10-08 00:00:00+00:00
[2024-10-08T12:45:44.645+0000] {logging_mixin.py:190} INFO - [2024-10-08T12:45:44.645+0000] {dag.py:4156} INFO - Setting next_dagrun for dataset_with_extra_from_classic_operator to 2024-10-07 00:00:00+00:00, run_after=2024-10-08 00:00:00+00:00
[2024-10-08T12:45:44.683+0000] {processor.py:208} INFO - Processing /home/airflow/.local/lib/python3.12/site-packages/airflow/example_dags/example_outlet_event_extra.py took 0.322 seconds
[2024-10-08T12:46:15.085+0000] {processor.py:186} INFO - Started process (PID=279) to work on /home/airflow/.local/lib/python3.12/site-packages/airflow/example_dags/example_outlet_event_extra.py
[2024-10-08T12:46:15.088+0000] {processor.py:914} INFO - Processing file /home/airflow/.local/lib/python3.12/site-packages/airflow/example_dags/example_outlet_event_extra.py for tasks to queue
[2024-10-08T12:46:15.092+0000] {logging_mixin.py:190} INFO - [2024-10-08T12:46:15.091+0000] {dagbag.py:587} INFO - Filling up the DagBag from /home/airflow/.local/lib/python3.12/site-packages/airflow/example_dags/example_outlet_event_extra.py
[2024-10-08T12:46:15.267+0000] {processor.py:925} INFO - DAG(s) 'dataset_with_extra_by_yield', 'dataset_with_extra_by_context', 'dataset_with_extra_from_classic_operator' retrieved from /home/airflow/.local/lib/python3.12/site-packages/airflow/example_dags/example_outlet_event_extra.py
[2024-10-08T12:46:15.303+0000] {logging_mixin.py:190} INFO - [2024-10-08T12:46:15.303+0000] {dag.py:3229} INFO - Sync 3 DAGs
[2024-10-08T12:46:15.336+0000] {logging_mixin.py:190} INFO - [2024-10-08T12:46:15.336+0000] {dag.py:4156} INFO - Setting next_dagrun for dataset_with_extra_by_context to 2024-10-07 00:00:00+00:00, run_after=2024-10-08 00:00:00+00:00
[2024-10-08T12:46:15.341+0000] {logging_mixin.py:190} INFO - [2024-10-08T12:46:15.341+0000] {dag.py:4156} INFO - Setting next_dagrun for dataset_with_extra_by_yield to 2024-10-07 00:00:00+00:00, run_after=2024-10-08 00:00:00+00:00
[2024-10-08T12:46:15.345+0000] {logging_mixin.py:190} INFO - [2024-10-08T12:46:15.345+0000] {dag.py:4156} INFO - Setting next_dagrun for dataset_with_extra_from_classic_operator to 2024-10-07 00:00:00+00:00, run_after=2024-10-08 00:00:00+00:00
[2024-10-08T12:46:15.392+0000] {processor.py:208} INFO - Processing /home/airflow/.local/lib/python3.12/site-packages/airflow/example_dags/example_outlet_event_extra.py took 0.316 seconds
[2024-10-08T12:46:45.932+0000] {processor.py:186} INFO - Started process (PID=341) to work on /home/airflow/.local/lib/python3.12/site-packages/airflow/example_dags/example_outlet_event_extra.py
[2024-10-08T12:46:45.934+0000] {processor.py:914} INFO - Processing file /home/airflow/.local/lib/python3.12/site-packages/airflow/example_dags/example_outlet_event_extra.py for tasks to queue
[2024-10-08T12:46:45.937+0000] {logging_mixin.py:190} INFO - [2024-10-08T12:46:45.936+0000] {dagbag.py:587} INFO - Filling up the DagBag from /home/airflow/.local/lib/python3.12/site-packages/airflow/example_dags/example_outlet_event_extra.py
[2024-10-08T12:46:46.074+0000] {processor.py:925} INFO - DAG(s) 'dataset_with_extra_by_context', 'dataset_with_extra_by_yield', 'dataset_with_extra_from_classic_operator' retrieved from /home/airflow/.local/lib/python3.12/site-packages/airflow/example_dags/example_outlet_event_extra.py
[2024-10-08T12:46:46.106+0000] {logging_mixin.py:190} INFO - [2024-10-08T12:46:46.106+0000] {dag.py:3229} INFO - Sync 3 DAGs
[2024-10-08T12:46:46.131+0000] {logging_mixin.py:190} INFO - [2024-10-08T12:46:46.131+0000] {dag.py:4156} INFO - Setting next_dagrun for dataset_with_extra_by_context to 2024-10-07 00:00:00+00:00, run_after=2024-10-08 00:00:00+00:00
[2024-10-08T12:46:46.136+0000] {logging_mixin.py:190} INFO - [2024-10-08T12:46:46.136+0000] {dag.py:4156} INFO - Setting next_dagrun for dataset_with_extra_by_yield to 2024-10-07 00:00:00+00:00, run_after=2024-10-08 00:00:00+00:00
[2024-10-08T12:46:46.140+0000] {logging_mixin.py:190} INFO - [2024-10-08T12:46:46.140+0000] {dag.py:4156} INFO - Setting next_dagrun for dataset_with_extra_from_classic_operator to 2024-10-07 00:00:00+00:00, run_after=2024-10-08 00:00:00+00:00
[2024-10-08T12:46:46.187+0000] {processor.py:208} INFO - Processing /home/airflow/.local/lib/python3.12/site-packages/airflow/example_dags/example_outlet_event_extra.py took 0.260 seconds
[2024-10-08T12:47:16.599+0000] {processor.py:186} INFO - Started process (PID=403) to work on /home/airflow/.local/lib/python3.12/site-packages/airflow/example_dags/example_outlet_event_extra.py
[2024-10-08T12:47:16.600+0000] {processor.py:914} INFO - Processing file /home/airflow/.local/lib/python3.12/site-packages/airflow/example_dags/example_outlet_event_extra.py for tasks to queue
[2024-10-08T12:47:16.604+0000] {logging_mixin.py:190} INFO - [2024-10-08T12:47:16.604+0000] {dagbag.py:587} INFO - Filling up the DagBag from /home/airflow/.local/lib/python3.12/site-packages/airflow/example_dags/example_outlet_event_extra.py
[2024-10-08T12:47:16.827+0000] {processor.py:925} INFO - DAG(s) 'dataset_with_extra_from_classic_operator', 'dataset_with_extra_by_yield', 'dataset_with_extra_by_context' retrieved from /home/airflow/.local/lib/python3.12/site-packages/airflow/example_dags/example_outlet_event_extra.py
[2024-10-08T12:47:16.861+0000] {logging_mixin.py:190} INFO - [2024-10-08T12:47:16.861+0000] {dag.py:3229} INFO - Sync 3 DAGs
[2024-10-08T12:47:16.902+0000] {logging_mixin.py:190} INFO - [2024-10-08T12:47:16.901+0000] {dag.py:4156} INFO - Setting next_dagrun for dataset_with_extra_by_context to 2024-10-07 00:00:00+00:00, run_after=2024-10-08 00:00:00+00:00
[2024-10-08T12:47:16.909+0000] {logging_mixin.py:190} INFO - [2024-10-08T12:47:16.909+0000] {dag.py:4156} INFO - Setting next_dagrun for dataset_with_extra_by_yield to 2024-10-07 00:00:00+00:00, run_after=2024-10-08 00:00:00+00:00
[2024-10-08T12:47:16.914+0000] {logging_mixin.py:190} INFO - [2024-10-08T12:47:16.914+0000] {dag.py:4156} INFO - Setting next_dagrun for dataset_with_extra_from_classic_operator to 2024-10-07 00:00:00+00:00, run_after=2024-10-08 00:00:00+00:00
[2024-10-08T12:47:16.952+0000] {processor.py:208} INFO - Processing /home/airflow/.local/lib/python3.12/site-packages/airflow/example_dags/example_outlet_event_extra.py took 0.362 seconds
