[2024-10-08T12:44:49.165+0000] {processor.py:186} INFO - Started process (PID=122) to work on /home/airflow/.local/lib/python3.12/site-packages/airflow/example_dags/example_short_circuit_decorator.py
[2024-10-08T12:44:49.167+0000] {processor.py:914} INFO - Processing file /home/airflow/.local/lib/python3.12/site-packages/airflow/example_dags/example_short_circuit_decorator.py for tasks to queue
[2024-10-08T12:44:49.172+0000] {logging_mixin.py:190} INFO - [2024-10-08T12:44:49.171+0000] {dagbag.py:587} INFO - Filling up the DagBag from /home/airflow/.local/lib/python3.12/site-packages/airflow/example_dags/example_short_circuit_decorator.py
[2024-10-08T12:44:49.200+0000] {processor.py:925} INFO - DAG(s) 'example_short_circuit_decorator' retrieved from /home/airflow/.local/lib/python3.12/site-packages/airflow/example_dags/example_short_circuit_decorator.py
[2024-10-08T12:44:49.409+0000] {logging_mixin.py:190} INFO - [2024-10-08T12:44:49.408+0000] {override.py:1900} INFO - Created Permission View: can read on DAG:example_short_circuit_decorator
[2024-10-08T12:44:49.427+0000] {logging_mixin.py:190} INFO - [2024-10-08T12:44:49.426+0000] {override.py:1900} INFO - Created Permission View: can delete on DAG:example_short_circuit_decorator
[2024-10-08T12:44:49.439+0000] {logging_mixin.py:190} INFO - [2024-10-08T12:44:49.438+0000] {override.py:1900} INFO - Created Permission View: can edit on DAG:example_short_circuit_decorator
[2024-10-08T12:44:49.452+0000] {logging_mixin.py:190} INFO - [2024-10-08T12:44:49.451+0000] {override.py:1900} INFO - Created Permission View: can read on DAG Run:example_short_circuit_decorator
[2024-10-08T12:44:49.464+0000] {logging_mixin.py:190} INFO - [2024-10-08T12:44:49.464+0000] {override.py:1900} INFO - Created Permission View: can create on DAG Run:example_short_circuit_decorator
[2024-10-08T12:44:49.476+0000] {logging_mixin.py:190} INFO - [2024-10-08T12:44:49.476+0000] {override.py:1900} INFO - Created Permission View: menu access on DAG Run:example_short_circuit_decorator
[2024-10-08T12:44:49.489+0000] {logging_mixin.py:190} INFO - [2024-10-08T12:44:49.488+0000] {override.py:1900} INFO - Created Permission View: can delete on DAG Run:example_short_circuit_decorator
[2024-10-08T12:44:49.490+0000] {logging_mixin.py:190} INFO - [2024-10-08T12:44:49.490+0000] {dag.py:3229} INFO - Sync 1 DAGs
[2024-10-08T12:44:49.512+0000] {logging_mixin.py:190} INFO - [2024-10-08T12:44:49.511+0000] {dag.py:3252} INFO - Creating ORM DAG for example_short_circuit_decorator
[2024-10-08T12:44:49.514+0000] {logging_mixin.py:190} INFO - [2024-10-08T12:44:49.513+0000] {dag.py:4156} INFO - Setting next_dagrun for example_short_circuit_decorator to None, run_after=None
[2024-10-08T12:44:49.543+0000] {processor.py:208} INFO - Processing /home/airflow/.local/lib/python3.12/site-packages/airflow/example_dags/example_short_circuit_decorator.py took 0.389 seconds
[2024-10-08T12:45:19.629+0000] {processor.py:186} INFO - Started process (PID=184) to work on /home/airflow/.local/lib/python3.12/site-packages/airflow/example_dags/example_short_circuit_decorator.py
[2024-10-08T12:45:19.630+0000] {processor.py:914} INFO - Processing file /home/airflow/.local/lib/python3.12/site-packages/airflow/example_dags/example_short_circuit_decorator.py for tasks to queue
[2024-10-08T12:45:19.634+0000] {logging_mixin.py:190} INFO - [2024-10-08T12:45:19.633+0000] {dagbag.py:587} INFO - Filling up the DagBag from /home/airflow/.local/lib/python3.12/site-packages/airflow/example_dags/example_short_circuit_decorator.py
[2024-10-08T12:45:19.645+0000] {processor.py:925} INFO - DAG(s) 'example_short_circuit_decorator' retrieved from /home/airflow/.local/lib/python3.12/site-packages/airflow/example_dags/example_short_circuit_decorator.py
[2024-10-08T12:45:19.677+0000] {logging_mixin.py:190} INFO - [2024-10-08T12:45:19.677+0000] {dag.py:3229} INFO - Sync 1 DAGs
[2024-10-08T12:45:19.706+0000] {logging_mixin.py:190} INFO - [2024-10-08T12:45:19.705+0000] {dag.py:4156} INFO - Setting next_dagrun for example_short_circuit_decorator to None, run_after=None
[2024-10-08T12:45:19.752+0000] {processor.py:208} INFO - Processing /home/airflow/.local/lib/python3.12/site-packages/airflow/example_dags/example_short_circuit_decorator.py took 0.132 seconds
[2024-10-08T12:45:50.314+0000] {processor.py:186} INFO - Started process (PID=246) to work on /home/airflow/.local/lib/python3.12/site-packages/airflow/example_dags/example_short_circuit_decorator.py
[2024-10-08T12:45:50.316+0000] {processor.py:914} INFO - Processing file /home/airflow/.local/lib/python3.12/site-packages/airflow/example_dags/example_short_circuit_decorator.py for tasks to queue
[2024-10-08T12:45:50.319+0000] {logging_mixin.py:190} INFO - [2024-10-08T12:45:50.318+0000] {dagbag.py:587} INFO - Filling up the DagBag from /home/airflow/.local/lib/python3.12/site-packages/airflow/example_dags/example_short_circuit_decorator.py
[2024-10-08T12:45:50.333+0000] {processor.py:925} INFO - DAG(s) 'example_short_circuit_decorator' retrieved from /home/airflow/.local/lib/python3.12/site-packages/airflow/example_dags/example_short_circuit_decorator.py
[2024-10-08T12:45:50.369+0000] {logging_mixin.py:190} INFO - [2024-10-08T12:45:50.368+0000] {dag.py:3229} INFO - Sync 1 DAGs
[2024-10-08T12:45:50.388+0000] {logging_mixin.py:190} INFO - [2024-10-08T12:45:50.388+0000] {dag.py:4156} INFO - Setting next_dagrun for example_short_circuit_decorator to None, run_after=None
[2024-10-08T12:45:50.430+0000] {processor.py:208} INFO - Processing /home/airflow/.local/lib/python3.12/site-packages/airflow/example_dags/example_short_circuit_decorator.py took 0.123 seconds
[2024-10-08T12:46:20.947+0000] {processor.py:186} INFO - Started process (PID=308) to work on /home/airflow/.local/lib/python3.12/site-packages/airflow/example_dags/example_short_circuit_decorator.py
[2024-10-08T12:46:20.949+0000] {processor.py:914} INFO - Processing file /home/airflow/.local/lib/python3.12/site-packages/airflow/example_dags/example_short_circuit_decorator.py for tasks to queue
[2024-10-08T12:46:20.953+0000] {logging_mixin.py:190} INFO - [2024-10-08T12:46:20.953+0000] {dagbag.py:587} INFO - Filling up the DagBag from /home/airflow/.local/lib/python3.12/site-packages/airflow/example_dags/example_short_circuit_decorator.py
[2024-10-08T12:46:20.969+0000] {processor.py:925} INFO - DAG(s) 'example_short_circuit_decorator' retrieved from /home/airflow/.local/lib/python3.12/site-packages/airflow/example_dags/example_short_circuit_decorator.py
[2024-10-08T12:46:21.003+0000] {logging_mixin.py:190} INFO - [2024-10-08T12:46:21.003+0000] {dag.py:3229} INFO - Sync 1 DAGs
[2024-10-08T12:46:21.023+0000] {logging_mixin.py:190} INFO - [2024-10-08T12:46:21.022+0000] {dag.py:4156} INFO - Setting next_dagrun for example_short_circuit_decorator to None, run_after=None
[2024-10-08T12:46:21.071+0000] {processor.py:208} INFO - Processing /home/airflow/.local/lib/python3.12/site-packages/airflow/example_dags/example_short_circuit_decorator.py took 0.134 seconds
[2024-10-08T12:46:51.533+0000] {processor.py:186} INFO - Started process (PID=370) to work on /home/airflow/.local/lib/python3.12/site-packages/airflow/example_dags/example_short_circuit_decorator.py
[2024-10-08T12:46:51.535+0000] {processor.py:914} INFO - Processing file /home/airflow/.local/lib/python3.12/site-packages/airflow/example_dags/example_short_circuit_decorator.py for tasks to queue
[2024-10-08T12:46:51.540+0000] {logging_mixin.py:190} INFO - [2024-10-08T12:46:51.540+0000] {dagbag.py:587} INFO - Filling up the DagBag from /home/airflow/.local/lib/python3.12/site-packages/airflow/example_dags/example_short_circuit_decorator.py
[2024-10-08T12:46:51.562+0000] {processor.py:925} INFO - DAG(s) 'example_short_circuit_decorator' retrieved from /home/airflow/.local/lib/python3.12/site-packages/airflow/example_dags/example_short_circuit_decorator.py
[2024-10-08T12:46:51.611+0000] {logging_mixin.py:190} INFO - [2024-10-08T12:46:51.611+0000] {dag.py:3229} INFO - Sync 1 DAGs
[2024-10-08T12:46:51.635+0000] {logging_mixin.py:190} INFO - [2024-10-08T12:46:51.635+0000] {dag.py:4156} INFO - Setting next_dagrun for example_short_circuit_decorator to None, run_after=None
[2024-10-08T12:46:51.681+0000] {processor.py:208} INFO - Processing /home/airflow/.local/lib/python3.12/site-packages/airflow/example_dags/example_short_circuit_decorator.py took 0.158 seconds
[2024-10-08T12:47:22.497+0000] {processor.py:186} INFO - Started process (PID=432) to work on /home/airflow/.local/lib/python3.12/site-packages/airflow/example_dags/example_short_circuit_decorator.py
[2024-10-08T12:47:22.498+0000] {processor.py:914} INFO - Processing file /home/airflow/.local/lib/python3.12/site-packages/airflow/example_dags/example_short_circuit_decorator.py for tasks to queue
[2024-10-08T12:47:22.502+0000] {logging_mixin.py:190} INFO - [2024-10-08T12:47:22.502+0000] {dagbag.py:587} INFO - Filling up the DagBag from /home/airflow/.local/lib/python3.12/site-packages/airflow/example_dags/example_short_circuit_decorator.py
[2024-10-08T12:47:22.518+0000] {processor.py:925} INFO - DAG(s) 'example_short_circuit_decorator' retrieved from /home/airflow/.local/lib/python3.12/site-packages/airflow/example_dags/example_short_circuit_decorator.py
[2024-10-08T12:47:22.562+0000] {logging_mixin.py:190} INFO - [2024-10-08T12:47:22.561+0000] {dag.py:3229} INFO - Sync 1 DAGs
[2024-10-08T12:47:22.597+0000] {logging_mixin.py:190} INFO - [2024-10-08T12:47:22.596+0000] {dag.py:4156} INFO - Setting next_dagrun for example_short_circuit_decorator to None, run_after=None
[2024-10-08T12:47:22.632+0000] {processor.py:208} INFO - Processing /home/airflow/.local/lib/python3.12/site-packages/airflow/example_dags/example_short_circuit_decorator.py took 0.144 seconds
