[2024-10-08T12:44:46.790+0000] {processor.py:186} INFO - Started process (PID=114) to work on /home/airflow/.local/lib/python3.12/site-packages/airflow/example_dags/example_dataset_alias_with_no_taskflow.py
[2024-10-08T12:44:46.792+0000] {processor.py:914} INFO - Processing file /home/airflow/.local/lib/python3.12/site-packages/airflow/example_dags/example_dataset_alias_with_no_taskflow.py for tasks to queue
[2024-10-08T12:44:46.797+0000] {logging_mixin.py:190} INFO - [2024-10-08T12:44:46.796+0000] {dagbag.py:587} INFO - Filling up the DagBag from /home/airflow/.local/lib/python3.12/site-packages/airflow/example_dags/example_dataset_alias_with_no_taskflow.py
[2024-10-08T12:44:47.039+0000] {processor.py:925} INFO - DAG(s) 'dataset_alias_example_alias_producer_with_no_taskflow', 'dataset_s3_bucket_consumer_with_no_taskflow', 'dataset_alias_example_alias_consumer_with_no_taskflow', 'dataset_s3_bucket_producer_with_no_taskflow' retrieved from /home/airflow/.local/lib/python3.12/site-packages/airflow/example_dags/example_dataset_alias_with_no_taskflow.py
[2024-10-08T12:44:47.200+0000] {logging_mixin.py:190} INFO - [2024-10-08T12:44:47.199+0000] {override.py:1900} INFO - Created Permission View: can read on DAG:dataset_alias_example_alias_producer_with_no_taskflow
[2024-10-08T12:44:47.216+0000] {logging_mixin.py:190} INFO - [2024-10-08T12:44:47.215+0000] {override.py:1900} INFO - Created Permission View: can delete on DAG:dataset_alias_example_alias_producer_with_no_taskflow
[2024-10-08T12:44:47.230+0000] {logging_mixin.py:190} INFO - [2024-10-08T12:44:47.229+0000] {override.py:1900} INFO - Created Permission View: can edit on DAG:dataset_alias_example_alias_producer_with_no_taskflow
[2024-10-08T12:44:47.242+0000] {logging_mixin.py:190} INFO - [2024-10-08T12:44:47.242+0000] {override.py:1900} INFO - Created Permission View: can read on DAG Run:dataset_alias_example_alias_producer_with_no_taskflow
[2024-10-08T12:44:47.253+0000] {logging_mixin.py:190} INFO - [2024-10-08T12:44:47.252+0000] {override.py:1900} INFO - Created Permission View: can create on DAG Run:dataset_alias_example_alias_producer_with_no_taskflow
[2024-10-08T12:44:47.263+0000] {logging_mixin.py:190} INFO - [2024-10-08T12:44:47.262+0000] {override.py:1900} INFO - Created Permission View: menu access on DAG Run:dataset_alias_example_alias_producer_with_no_taskflow
[2024-10-08T12:44:47.277+0000] {logging_mixin.py:190} INFO - [2024-10-08T12:44:47.277+0000] {override.py:1900} INFO - Created Permission View: can delete on DAG Run:dataset_alias_example_alias_producer_with_no_taskflow
[2024-10-08T12:44:47.296+0000] {logging_mixin.py:190} INFO - [2024-10-08T12:44:47.296+0000] {override.py:1900} INFO - Created Permission View: can read on DAG:dataset_s3_bucket_consumer_with_no_taskflow
[2024-10-08T12:44:47.306+0000] {logging_mixin.py:190} INFO - [2024-10-08T12:44:47.306+0000] {override.py:1900} INFO - Created Permission View: can delete on DAG:dataset_s3_bucket_consumer_with_no_taskflow
[2024-10-08T12:44:47.316+0000] {logging_mixin.py:190} INFO - [2024-10-08T12:44:47.316+0000] {override.py:1900} INFO - Created Permission View: can edit on DAG:dataset_s3_bucket_consumer_with_no_taskflow
[2024-10-08T12:44:47.327+0000] {logging_mixin.py:190} INFO - [2024-10-08T12:44:47.327+0000] {override.py:1900} INFO - Created Permission View: can read on DAG Run:dataset_s3_bucket_consumer_with_no_taskflow
[2024-10-08T12:44:47.338+0000] {logging_mixin.py:190} INFO - [2024-10-08T12:44:47.338+0000] {override.py:1900} INFO - Created Permission View: can create on DAG Run:dataset_s3_bucket_consumer_with_no_taskflow
[2024-10-08T12:44:47.349+0000] {logging_mixin.py:190} INFO - [2024-10-08T12:44:47.348+0000] {override.py:1900} INFO - Created Permission View: menu access on DAG Run:dataset_s3_bucket_consumer_with_no_taskflow
[2024-10-08T12:44:47.358+0000] {logging_mixin.py:190} INFO - [2024-10-08T12:44:47.357+0000] {override.py:1900} INFO - Created Permission View: can delete on DAG Run:dataset_s3_bucket_consumer_with_no_taskflow
[2024-10-08T12:44:47.376+0000] {logging_mixin.py:190} INFO - [2024-10-08T12:44:47.376+0000] {override.py:1900} INFO - Created Permission View: can read on DAG:dataset_alias_example_alias_consumer_with_no_taskflow
[2024-10-08T12:44:47.386+0000] {logging_mixin.py:190} INFO - [2024-10-08T12:44:47.386+0000] {override.py:1900} INFO - Created Permission View: can delete on DAG:dataset_alias_example_alias_consumer_with_no_taskflow
[2024-10-08T12:44:47.398+0000] {logging_mixin.py:190} INFO - [2024-10-08T12:44:47.397+0000] {override.py:1900} INFO - Created Permission View: can edit on DAG:dataset_alias_example_alias_consumer_with_no_taskflow
[2024-10-08T12:44:47.412+0000] {logging_mixin.py:190} INFO - [2024-10-08T12:44:47.412+0000] {override.py:1900} INFO - Created Permission View: can read on DAG Run:dataset_alias_example_alias_consumer_with_no_taskflow
[2024-10-08T12:44:47.423+0000] {logging_mixin.py:190} INFO - [2024-10-08T12:44:47.423+0000] {override.py:1900} INFO - Created Permission View: can create on DAG Run:dataset_alias_example_alias_consumer_with_no_taskflow
[2024-10-08T12:44:47.433+0000] {logging_mixin.py:190} INFO - [2024-10-08T12:44:47.433+0000] {override.py:1900} INFO - Created Permission View: menu access on DAG Run:dataset_alias_example_alias_consumer_with_no_taskflow
[2024-10-08T12:44:47.445+0000] {logging_mixin.py:190} INFO - [2024-10-08T12:44:47.444+0000] {override.py:1900} INFO - Created Permission View: can delete on DAG Run:dataset_alias_example_alias_consumer_with_no_taskflow
[2024-10-08T12:44:47.467+0000] {logging_mixin.py:190} INFO - [2024-10-08T12:44:47.467+0000] {override.py:1900} INFO - Created Permission View: can read on DAG:dataset_s3_bucket_producer_with_no_taskflow
[2024-10-08T12:44:47.481+0000] {logging_mixin.py:190} INFO - [2024-10-08T12:44:47.480+0000] {override.py:1900} INFO - Created Permission View: can delete on DAG:dataset_s3_bucket_producer_with_no_taskflow
[2024-10-08T12:44:47.493+0000] {logging_mixin.py:190} INFO - [2024-10-08T12:44:47.493+0000] {override.py:1900} INFO - Created Permission View: can edit on DAG:dataset_s3_bucket_producer_with_no_taskflow
[2024-10-08T12:44:47.510+0000] {logging_mixin.py:190} INFO - [2024-10-08T12:44:47.510+0000] {override.py:1900} INFO - Created Permission View: can read on DAG Run:dataset_s3_bucket_producer_with_no_taskflow
[2024-10-08T12:44:47.524+0000] {logging_mixin.py:190} INFO - [2024-10-08T12:44:47.524+0000] {override.py:1900} INFO - Created Permission View: can create on DAG Run:dataset_s3_bucket_producer_with_no_taskflow
[2024-10-08T12:44:47.537+0000] {logging_mixin.py:190} INFO - [2024-10-08T12:44:47.537+0000] {override.py:1900} INFO - Created Permission View: menu access on DAG Run:dataset_s3_bucket_producer_with_no_taskflow
[2024-10-08T12:44:47.551+0000] {logging_mixin.py:190} INFO - [2024-10-08T12:44:47.550+0000] {override.py:1900} INFO - Created Permission View: can delete on DAG Run:dataset_s3_bucket_producer_with_no_taskflow
[2024-10-08T12:44:47.552+0000] {logging_mixin.py:190} INFO - [2024-10-08T12:44:47.552+0000] {dag.py:3229} INFO - Sync 4 DAGs
[2024-10-08T12:44:47.571+0000] {logging_mixin.py:190} INFO - [2024-10-08T12:44:47.571+0000] {dag.py:3252} INFO - Creating ORM DAG for dataset_alias_example_alias_consumer_with_no_taskflow
[2024-10-08T12:44:47.573+0000] {logging_mixin.py:190} INFO - [2024-10-08T12:44:47.573+0000] {dag.py:3252} INFO - Creating ORM DAG for dataset_alias_example_alias_producer_with_no_taskflow
[2024-10-08T12:44:47.575+0000] {logging_mixin.py:190} INFO - [2024-10-08T12:44:47.575+0000] {dag.py:3252} INFO - Creating ORM DAG for dataset_s3_bucket_consumer_with_no_taskflow
[2024-10-08T12:44:47.577+0000] {logging_mixin.py:190} INFO - [2024-10-08T12:44:47.576+0000] {dag.py:3252} INFO - Creating ORM DAG for dataset_s3_bucket_producer_with_no_taskflow
[2024-10-08T12:44:47.591+0000] {logging_mixin.py:190} INFO - [2024-10-08T12:44:47.590+0000] {dag.py:4156} INFO - Setting next_dagrun for dataset_alias_example_alias_consumer_with_no_taskflow to None, run_after=None
[2024-10-08T12:44:47.593+0000] {logging_mixin.py:190} INFO - [2024-10-08T12:44:47.592+0000] {dag.py:4156} INFO - Setting next_dagrun for dataset_alias_example_alias_producer_with_no_taskflow to None, run_after=None
[2024-10-08T12:44:47.594+0000] {logging_mixin.py:190} INFO - [2024-10-08T12:44:47.594+0000] {dag.py:4156} INFO - Setting next_dagrun for dataset_s3_bucket_consumer_with_no_taskflow to None, run_after=None
[2024-10-08T12:44:47.596+0000] {logging_mixin.py:190} INFO - [2024-10-08T12:44:47.596+0000] {dag.py:4156} INFO - Setting next_dagrun for dataset_s3_bucket_producer_with_no_taskflow to None, run_after=None
[2024-10-08T12:44:47.644+0000] {processor.py:208} INFO - Processing /home/airflow/.local/lib/python3.12/site-packages/airflow/example_dags/example_dataset_alias_with_no_taskflow.py took 0.864 seconds
[2024-10-08T12:45:18.515+0000] {processor.py:186} INFO - Started process (PID=177) to work on /home/airflow/.local/lib/python3.12/site-packages/airflow/example_dags/example_dataset_alias_with_no_taskflow.py
[2024-10-08T12:45:18.518+0000] {processor.py:914} INFO - Processing file /home/airflow/.local/lib/python3.12/site-packages/airflow/example_dags/example_dataset_alias_with_no_taskflow.py for tasks to queue
[2024-10-08T12:45:18.523+0000] {logging_mixin.py:190} INFO - [2024-10-08T12:45:18.522+0000] {dagbag.py:587} INFO - Filling up the DagBag from /home/airflow/.local/lib/python3.12/site-packages/airflow/example_dags/example_dataset_alias_with_no_taskflow.py
[2024-10-08T12:45:18.750+0000] {processor.py:925} INFO - DAG(s) 'dataset_s3_bucket_producer_with_no_taskflow', 'dataset_alias_example_alias_consumer_with_no_taskflow', 'dataset_s3_bucket_consumer_with_no_taskflow', 'dataset_alias_example_alias_producer_with_no_taskflow' retrieved from /home/airflow/.local/lib/python3.12/site-packages/airflow/example_dags/example_dataset_alias_with_no_taskflow.py
[2024-10-08T12:45:18.773+0000] {logging_mixin.py:190} INFO - [2024-10-08T12:45:18.772+0000] {dag.py:3229} INFO - Sync 4 DAGs
[2024-10-08T12:45:18.798+0000] {logging_mixin.py:190} INFO - [2024-10-08T12:45:18.798+0000] {dag.py:4156} INFO - Setting next_dagrun for dataset_alias_example_alias_consumer_with_no_taskflow to None, run_after=None
[2024-10-08T12:45:18.801+0000] {logging_mixin.py:190} INFO - [2024-10-08T12:45:18.801+0000] {dag.py:4156} INFO - Setting next_dagrun for dataset_alias_example_alias_producer_with_no_taskflow to None, run_after=None
[2024-10-08T12:45:18.803+0000] {logging_mixin.py:190} INFO - [2024-10-08T12:45:18.803+0000] {dag.py:4156} INFO - Setting next_dagrun for dataset_s3_bucket_consumer_with_no_taskflow to None, run_after=None
[2024-10-08T12:45:18.804+0000] {logging_mixin.py:190} INFO - [2024-10-08T12:45:18.804+0000] {dag.py:4156} INFO - Setting next_dagrun for dataset_s3_bucket_producer_with_no_taskflow to None, run_after=None
[2024-10-08T12:45:18.829+0000] {processor.py:208} INFO - Processing /home/airflow/.local/lib/python3.12/site-packages/airflow/example_dags/example_dataset_alias_with_no_taskflow.py took 0.324 seconds
[2024-10-08T12:45:49.207+0000] {processor.py:186} INFO - Started process (PID=239) to work on /home/airflow/.local/lib/python3.12/site-packages/airflow/example_dags/example_dataset_alias_with_no_taskflow.py
[2024-10-08T12:45:49.209+0000] {processor.py:914} INFO - Processing file /home/airflow/.local/lib/python3.12/site-packages/airflow/example_dags/example_dataset_alias_with_no_taskflow.py for tasks to queue
[2024-10-08T12:45:49.215+0000] {logging_mixin.py:190} INFO - [2024-10-08T12:45:49.214+0000] {dagbag.py:587} INFO - Filling up the DagBag from /home/airflow/.local/lib/python3.12/site-packages/airflow/example_dags/example_dataset_alias_with_no_taskflow.py
[2024-10-08T12:45:49.425+0000] {processor.py:925} INFO - DAG(s) 'dataset_alias_example_alias_consumer_with_no_taskflow', 'dataset_alias_example_alias_producer_with_no_taskflow', 'dataset_s3_bucket_consumer_with_no_taskflow', 'dataset_s3_bucket_producer_with_no_taskflow' retrieved from /home/airflow/.local/lib/python3.12/site-packages/airflow/example_dags/example_dataset_alias_with_no_taskflow.py
[2024-10-08T12:45:49.456+0000] {logging_mixin.py:190} INFO - [2024-10-08T12:45:49.456+0000] {dag.py:3229} INFO - Sync 4 DAGs
[2024-10-08T12:45:49.482+0000] {logging_mixin.py:190} INFO - [2024-10-08T12:45:49.482+0000] {dag.py:4156} INFO - Setting next_dagrun for dataset_alias_example_alias_consumer_with_no_taskflow to None, run_after=None
[2024-10-08T12:45:49.487+0000] {logging_mixin.py:190} INFO - [2024-10-08T12:45:49.487+0000] {dag.py:4156} INFO - Setting next_dagrun for dataset_alias_example_alias_producer_with_no_taskflow to None, run_after=None
[2024-10-08T12:45:49.489+0000] {logging_mixin.py:190} INFO - [2024-10-08T12:45:49.489+0000] {dag.py:4156} INFO - Setting next_dagrun for dataset_s3_bucket_consumer_with_no_taskflow to None, run_after=None
[2024-10-08T12:45:49.491+0000] {logging_mixin.py:190} INFO - [2024-10-08T12:45:49.491+0000] {dag.py:4156} INFO - Setting next_dagrun for dataset_s3_bucket_producer_with_no_taskflow to None, run_after=None
[2024-10-08T12:45:49.521+0000] {processor.py:208} INFO - Processing /home/airflow/.local/lib/python3.12/site-packages/airflow/example_dags/example_dataset_alias_with_no_taskflow.py took 0.323 seconds
[2024-10-08T12:46:19.750+0000] {processor.py:186} INFO - Started process (PID=301) to work on /home/airflow/.local/lib/python3.12/site-packages/airflow/example_dags/example_dataset_alias_with_no_taskflow.py
[2024-10-08T12:46:19.752+0000] {processor.py:914} INFO - Processing file /home/airflow/.local/lib/python3.12/site-packages/airflow/example_dags/example_dataset_alias_with_no_taskflow.py for tasks to queue
[2024-10-08T12:46:19.755+0000] {logging_mixin.py:190} INFO - [2024-10-08T12:46:19.754+0000] {dagbag.py:587} INFO - Filling up the DagBag from /home/airflow/.local/lib/python3.12/site-packages/airflow/example_dags/example_dataset_alias_with_no_taskflow.py
[2024-10-08T12:46:19.924+0000] {processor.py:925} INFO - DAG(s) 'dataset_s3_bucket_consumer_with_no_taskflow', 'dataset_s3_bucket_producer_with_no_taskflow', 'dataset_alias_example_alias_consumer_with_no_taskflow', 'dataset_alias_example_alias_producer_with_no_taskflow' retrieved from /home/airflow/.local/lib/python3.12/site-packages/airflow/example_dags/example_dataset_alias_with_no_taskflow.py
[2024-10-08T12:46:19.954+0000] {logging_mixin.py:190} INFO - [2024-10-08T12:46:19.953+0000] {dag.py:3229} INFO - Sync 4 DAGs
[2024-10-08T12:46:19.982+0000] {logging_mixin.py:190} INFO - [2024-10-08T12:46:19.982+0000] {dag.py:4156} INFO - Setting next_dagrun for dataset_alias_example_alias_consumer_with_no_taskflow to None, run_after=None
[2024-10-08T12:46:19.987+0000] {logging_mixin.py:190} INFO - [2024-10-08T12:46:19.987+0000] {dag.py:4156} INFO - Setting next_dagrun for dataset_alias_example_alias_producer_with_no_taskflow to None, run_after=None
[2024-10-08T12:46:19.990+0000] {logging_mixin.py:190} INFO - [2024-10-08T12:46:19.990+0000] {dag.py:4156} INFO - Setting next_dagrun for dataset_s3_bucket_consumer_with_no_taskflow to None, run_after=None
[2024-10-08T12:46:19.992+0000] {logging_mixin.py:190} INFO - [2024-10-08T12:46:19.992+0000] {dag.py:4156} INFO - Setting next_dagrun for dataset_s3_bucket_producer_with_no_taskflow to None, run_after=None
[2024-10-08T12:46:20.027+0000] {processor.py:208} INFO - Processing /home/airflow/.local/lib/python3.12/site-packages/airflow/example_dags/example_dataset_alias_with_no_taskflow.py took 0.282 seconds
[2024-10-08T12:46:50.419+0000] {processor.py:186} INFO - Started process (PID=363) to work on /home/airflow/.local/lib/python3.12/site-packages/airflow/example_dags/example_dataset_alias_with_no_taskflow.py
[2024-10-08T12:46:50.421+0000] {processor.py:914} INFO - Processing file /home/airflow/.local/lib/python3.12/site-packages/airflow/example_dags/example_dataset_alias_with_no_taskflow.py for tasks to queue
[2024-10-08T12:46:50.426+0000] {logging_mixin.py:190} INFO - [2024-10-08T12:46:50.426+0000] {dagbag.py:587} INFO - Filling up the DagBag from /home/airflow/.local/lib/python3.12/site-packages/airflow/example_dags/example_dataset_alias_with_no_taskflow.py
[2024-10-08T12:46:50.687+0000] {processor.py:925} INFO - DAG(s) 'dataset_alias_example_alias_consumer_with_no_taskflow', 'dataset_s3_bucket_producer_with_no_taskflow', 'dataset_alias_example_alias_producer_with_no_taskflow', 'dataset_s3_bucket_consumer_with_no_taskflow' retrieved from /home/airflow/.local/lib/python3.12/site-packages/airflow/example_dags/example_dataset_alias_with_no_taskflow.py
[2024-10-08T12:46:50.731+0000] {logging_mixin.py:190} INFO - [2024-10-08T12:46:50.731+0000] {dag.py:3229} INFO - Sync 4 DAGs
[2024-10-08T12:46:50.781+0000] {logging_mixin.py:190} INFO - [2024-10-08T12:46:50.780+0000] {dag.py:4156} INFO - Setting next_dagrun for dataset_alias_example_alias_consumer_with_no_taskflow to None, run_after=None
[2024-10-08T12:46:50.787+0000] {logging_mixin.py:190} INFO - [2024-10-08T12:46:50.786+0000] {dag.py:4156} INFO - Setting next_dagrun for dataset_alias_example_alias_producer_with_no_taskflow to None, run_after=None
[2024-10-08T12:46:50.791+0000] {logging_mixin.py:190} INFO - [2024-10-08T12:46:50.791+0000] {dag.py:4156} INFO - Setting next_dagrun for dataset_s3_bucket_consumer_with_no_taskflow to None, run_after=None
[2024-10-08T12:46:50.795+0000] {logging_mixin.py:190} INFO - [2024-10-08T12:46:50.794+0000] {dag.py:4156} INFO - Setting next_dagrun for dataset_s3_bucket_producer_with_no_taskflow to None, run_after=None
[2024-10-08T12:46:50.841+0000] {processor.py:208} INFO - Processing /home/airflow/.local/lib/python3.12/site-packages/airflow/example_dags/example_dataset_alias_with_no_taskflow.py took 0.433 seconds
[2024-10-08T12:47:21.416+0000] {processor.py:186} INFO - Started process (PID=425) to work on /home/airflow/.local/lib/python3.12/site-packages/airflow/example_dags/example_dataset_alias_with_no_taskflow.py
[2024-10-08T12:47:21.419+0000] {processor.py:914} INFO - Processing file /home/airflow/.local/lib/python3.12/site-packages/airflow/example_dags/example_dataset_alias_with_no_taskflow.py for tasks to queue
[2024-10-08T12:47:21.425+0000] {logging_mixin.py:190} INFO - [2024-10-08T12:47:21.424+0000] {dagbag.py:587} INFO - Filling up the DagBag from /home/airflow/.local/lib/python3.12/site-packages/airflow/example_dags/example_dataset_alias_with_no_taskflow.py
[2024-10-08T12:47:21.620+0000] {processor.py:925} INFO - DAG(s) 'dataset_s3_bucket_producer_with_no_taskflow', 'dataset_alias_example_alias_producer_with_no_taskflow', 'dataset_s3_bucket_consumer_with_no_taskflow', 'dataset_alias_example_alias_consumer_with_no_taskflow' retrieved from /home/airflow/.local/lib/python3.12/site-packages/airflow/example_dags/example_dataset_alias_with_no_taskflow.py
[2024-10-08T12:47:21.660+0000] {logging_mixin.py:190} INFO - [2024-10-08T12:47:21.659+0000] {dag.py:3229} INFO - Sync 4 DAGs
[2024-10-08T12:47:21.689+0000] {logging_mixin.py:190} INFO - [2024-10-08T12:47:21.689+0000] {dag.py:4156} INFO - Setting next_dagrun for dataset_alias_example_alias_consumer_with_no_taskflow to None, run_after=None
[2024-10-08T12:47:21.694+0000] {logging_mixin.py:190} INFO - [2024-10-08T12:47:21.694+0000] {dag.py:4156} INFO - Setting next_dagrun for dataset_alias_example_alias_producer_with_no_taskflow to None, run_after=None
[2024-10-08T12:47:21.697+0000] {logging_mixin.py:190} INFO - [2024-10-08T12:47:21.696+0000] {dag.py:4156} INFO - Setting next_dagrun for dataset_s3_bucket_consumer_with_no_taskflow to None, run_after=None
[2024-10-08T12:47:21.699+0000] {logging_mixin.py:190} INFO - [2024-10-08T12:47:21.699+0000] {dag.py:4156} INFO - Setting next_dagrun for dataset_s3_bucket_producer_with_no_taskflow to None, run_after=None
[2024-10-08T12:47:21.732+0000] {processor.py:208} INFO - Processing /home/airflow/.local/lib/python3.12/site-packages/airflow/example_dags/example_dataset_alias_with_no_taskflow.py took 0.328 seconds
