[2024-10-08T12:44:37.221+0000] {processor.py:186} INFO - Started process (PID=79) to work on /home/airflow/.local/lib/python3.12/site-packages/airflow/example_dags/example_branch_datetime_operator.py
[2024-10-08T12:44:37.224+0000] {processor.py:914} INFO - Processing file /home/airflow/.local/lib/python3.12/site-packages/airflow/example_dags/example_branch_datetime_operator.py for tasks to queue
[2024-10-08T12:44:37.229+0000] {logging_mixin.py:190} INFO - [2024-10-08T12:44:37.228+0000] {dagbag.py:587} INFO - Filling up the DagBag from /home/airflow/.local/lib/python3.12/site-packages/airflow/example_dags/example_branch_datetime_operator.py
[2024-10-08T12:44:37.257+0000] {processor.py:925} INFO - DAG(s) 'example_branch_datetime_operator', 'example_branch_datetime_operator_2', 'example_branch_datetime_operator_3' retrieved from /home/airflow/.local/lib/python3.12/site-packages/airflow/example_dags/example_branch_datetime_operator.py
[2024-10-08T12:44:37.587+0000] {logging_mixin.py:190} INFO - [2024-10-08T12:44:37.586+0000] {override.py:1900} INFO - Created Permission View: can read on DAG:example_branch_datetime_operator
[2024-10-08T12:44:37.613+0000] {logging_mixin.py:190} INFO - [2024-10-08T12:44:37.612+0000] {override.py:1900} INFO - Created Permission View: can delete on DAG:example_branch_datetime_operator
[2024-10-08T12:44:37.629+0000] {logging_mixin.py:190} INFO - [2024-10-08T12:44:37.628+0000] {override.py:1900} INFO - Created Permission View: can edit on DAG:example_branch_datetime_operator
[2024-10-08T12:44:37.648+0000] {logging_mixin.py:190} INFO - [2024-10-08T12:44:37.648+0000] {override.py:1900} INFO - Created Permission View: can read on DAG Run:example_branch_datetime_operator
[2024-10-08T12:44:37.670+0000] {logging_mixin.py:190} INFO - [2024-10-08T12:44:37.669+0000] {override.py:1900} INFO - Created Permission View: can create on DAG Run:example_branch_datetime_operator
[2024-10-08T12:44:37.688+0000] {logging_mixin.py:190} INFO - [2024-10-08T12:44:37.687+0000] {override.py:1900} INFO - Created Permission View: menu access on DAG Run:example_branch_datetime_operator
[2024-10-08T12:44:37.705+0000] {logging_mixin.py:190} INFO - [2024-10-08T12:44:37.704+0000] {override.py:1900} INFO - Created Permission View: can delete on DAG Run:example_branch_datetime_operator
[2024-10-08T12:44:37.737+0000] {logging_mixin.py:190} INFO - [2024-10-08T12:44:37.737+0000] {override.py:1900} INFO - Created Permission View: can read on DAG:example_branch_datetime_operator_2
[2024-10-08T12:44:37.755+0000] {logging_mixin.py:190} INFO - [2024-10-08T12:44:37.754+0000] {override.py:1900} INFO - Created Permission View: can delete on DAG:example_branch_datetime_operator_2
[2024-10-08T12:44:37.771+0000] {logging_mixin.py:190} INFO - [2024-10-08T12:44:37.771+0000] {override.py:1900} INFO - Created Permission View: can edit on DAG:example_branch_datetime_operator_2
[2024-10-08T12:44:37.789+0000] {logging_mixin.py:190} INFO - [2024-10-08T12:44:37.789+0000] {override.py:1900} INFO - Created Permission View: can read on DAG Run:example_branch_datetime_operator_2
[2024-10-08T12:44:37.807+0000] {logging_mixin.py:190} INFO - [2024-10-08T12:44:37.806+0000] {override.py:1900} INFO - Created Permission View: can create on DAG Run:example_branch_datetime_operator_2
[2024-10-08T12:44:37.823+0000] {logging_mixin.py:190} INFO - [2024-10-08T12:44:37.822+0000] {override.py:1900} INFO - Created Permission View: menu access on DAG Run:example_branch_datetime_operator_2
[2024-10-08T12:44:37.838+0000] {logging_mixin.py:190} INFO - [2024-10-08T12:44:37.837+0000] {override.py:1900} INFO - Created Permission View: can delete on DAG Run:example_branch_datetime_operator_2
[2024-10-08T12:44:37.893+0000] {logging_mixin.py:190} INFO - [2024-10-08T12:44:37.886+0000] {override.py:1900} INFO - Created Permission View: can read on DAG:example_branch_datetime_operator_3
[2024-10-08T12:44:37.931+0000] {logging_mixin.py:190} INFO - [2024-10-08T12:44:37.930+0000] {override.py:1900} INFO - Created Permission View: can delete on DAG:example_branch_datetime_operator_3
[2024-10-08T12:44:37.973+0000] {logging_mixin.py:190} INFO - [2024-10-08T12:44:37.972+0000] {override.py:1900} INFO - Created Permission View: can edit on DAG:example_branch_datetime_operator_3
[2024-10-08T12:44:37.996+0000] {logging_mixin.py:190} INFO - [2024-10-08T12:44:37.995+0000] {override.py:1900} INFO - Created Permission View: can read on DAG Run:example_branch_datetime_operator_3
[2024-10-08T12:44:38.021+0000] {logging_mixin.py:190} INFO - [2024-10-08T12:44:38.020+0000] {override.py:1900} INFO - Created Permission View: can create on DAG Run:example_branch_datetime_operator_3
[2024-10-08T12:44:38.039+0000] {logging_mixin.py:190} INFO - [2024-10-08T12:44:38.038+0000] {override.py:1900} INFO - Created Permission View: menu access on DAG Run:example_branch_datetime_operator_3
[2024-10-08T12:44:38.053+0000] {logging_mixin.py:190} INFO - [2024-10-08T12:44:38.052+0000] {override.py:1900} INFO - Created Permission View: can delete on DAG Run:example_branch_datetime_operator_3
[2024-10-08T12:44:38.054+0000] {logging_mixin.py:190} INFO - [2024-10-08T12:44:38.054+0000] {dag.py:3229} INFO - Sync 3 DAGs
[2024-10-08T12:44:38.085+0000] {logging_mixin.py:190} INFO - [2024-10-08T12:44:38.084+0000] {dag.py:3252} INFO - Creating ORM DAG for example_branch_datetime_operator_3
[2024-10-08T12:44:38.087+0000] {logging_mixin.py:190} INFO - [2024-10-08T12:44:38.086+0000] {dag.py:3252} INFO - Creating ORM DAG for example_branch_datetime_operator_2
[2024-10-08T12:44:38.088+0000] {logging_mixin.py:190} INFO - [2024-10-08T12:44:38.088+0000] {dag.py:3252} INFO - Creating ORM DAG for example_branch_datetime_operator
[2024-10-08T12:44:38.114+0000] {logging_mixin.py:190} INFO - [2024-10-08T12:44:38.113+0000] {dag.py:4156} INFO - Setting next_dagrun for example_branch_datetime_operator to 2024-10-07 00:00:00+00:00, run_after=2024-10-08 00:00:00+00:00
[2024-10-08T12:44:38.118+0000] {logging_mixin.py:190} INFO - [2024-10-08T12:44:38.118+0000] {dag.py:4156} INFO - Setting next_dagrun for example_branch_datetime_operator_2 to 2024-10-07 00:00:00+00:00, run_after=2024-10-08 00:00:00+00:00
[2024-10-08T12:44:38.122+0000] {logging_mixin.py:190} INFO - [2024-10-08T12:44:38.122+0000] {dag.py:4156} INFO - Setting next_dagrun for example_branch_datetime_operator_3 to 2024-10-07 00:00:00+00:00, run_after=2024-10-08 00:00:00+00:00
[2024-10-08T12:44:38.159+0000] {processor.py:208} INFO - Processing /home/airflow/.local/lib/python3.12/site-packages/airflow/example_dags/example_branch_datetime_operator.py took 0.951 seconds
[2024-10-08T12:45:08.745+0000] {processor.py:186} INFO - Started process (PID=141) to work on /home/airflow/.local/lib/python3.12/site-packages/airflow/example_dags/example_branch_datetime_operator.py
[2024-10-08T12:45:08.746+0000] {processor.py:914} INFO - Processing file /home/airflow/.local/lib/python3.12/site-packages/airflow/example_dags/example_branch_datetime_operator.py for tasks to queue
[2024-10-08T12:45:08.750+0000] {logging_mixin.py:190} INFO - [2024-10-08T12:45:08.749+0000] {dagbag.py:587} INFO - Filling up the DagBag from /home/airflow/.local/lib/python3.12/site-packages/airflow/example_dags/example_branch_datetime_operator.py
[2024-10-08T12:45:08.761+0000] {processor.py:925} INFO - DAG(s) 'example_branch_datetime_operator_2', 'example_branch_datetime_operator', 'example_branch_datetime_operator_3' retrieved from /home/airflow/.local/lib/python3.12/site-packages/airflow/example_dags/example_branch_datetime_operator.py
[2024-10-08T12:45:08.791+0000] {logging_mixin.py:190} INFO - [2024-10-08T12:45:08.791+0000] {dag.py:3229} INFO - Sync 3 DAGs
[2024-10-08T12:45:08.816+0000] {logging_mixin.py:190} INFO - [2024-10-08T12:45:08.816+0000] {dag.py:4156} INFO - Setting next_dagrun for example_branch_datetime_operator to 2024-10-07 00:00:00+00:00, run_after=2024-10-08 00:00:00+00:00
[2024-10-08T12:45:08.822+0000] {logging_mixin.py:190} INFO - [2024-10-08T12:45:08.822+0000] {dag.py:4156} INFO - Setting next_dagrun for example_branch_datetime_operator_2 to 2024-10-07 00:00:00+00:00, run_after=2024-10-08 00:00:00+00:00
[2024-10-08T12:45:08.825+0000] {logging_mixin.py:190} INFO - [2024-10-08T12:45:08.825+0000] {dag.py:4156} INFO - Setting next_dagrun for example_branch_datetime_operator_3 to 2024-10-07 00:00:00+00:00, run_after=2024-10-08 00:00:00+00:00
[2024-10-08T12:45:08.849+0000] {processor.py:208} INFO - Processing /home/airflow/.local/lib/python3.12/site-packages/airflow/example_dags/example_branch_datetime_operator.py took 0.109 seconds
[2024-10-08T12:45:39.773+0000] {processor.py:186} INFO - Started process (PID=203) to work on /home/airflow/.local/lib/python3.12/site-packages/airflow/example_dags/example_branch_datetime_operator.py
[2024-10-08T12:45:39.775+0000] {processor.py:914} INFO - Processing file /home/airflow/.local/lib/python3.12/site-packages/airflow/example_dags/example_branch_datetime_operator.py for tasks to queue
[2024-10-08T12:45:39.782+0000] {logging_mixin.py:190} INFO - [2024-10-08T12:45:39.781+0000] {dagbag.py:587} INFO - Filling up the DagBag from /home/airflow/.local/lib/python3.12/site-packages/airflow/example_dags/example_branch_datetime_operator.py
[2024-10-08T12:45:39.805+0000] {processor.py:925} INFO - DAG(s) 'example_branch_datetime_operator_3', 'example_branch_datetime_operator', 'example_branch_datetime_operator_2' retrieved from /home/airflow/.local/lib/python3.12/site-packages/airflow/example_dags/example_branch_datetime_operator.py
[2024-10-08T12:45:39.844+0000] {logging_mixin.py:190} INFO - [2024-10-08T12:45:39.844+0000] {dag.py:3229} INFO - Sync 3 DAGs
[2024-10-08T12:45:39.875+0000] {logging_mixin.py:190} INFO - [2024-10-08T12:45:39.875+0000] {dag.py:4156} INFO - Setting next_dagrun for example_branch_datetime_operator to 2024-10-07 00:00:00+00:00, run_after=2024-10-08 00:00:00+00:00
[2024-10-08T12:45:39.881+0000] {logging_mixin.py:190} INFO - [2024-10-08T12:45:39.880+0000] {dag.py:4156} INFO - Setting next_dagrun for example_branch_datetime_operator_2 to 2024-10-07 00:00:00+00:00, run_after=2024-10-08 00:00:00+00:00
[2024-10-08T12:45:39.885+0000] {logging_mixin.py:190} INFO - [2024-10-08T12:45:39.885+0000] {dag.py:4156} INFO - Setting next_dagrun for example_branch_datetime_operator_3 to 2024-10-07 00:00:00+00:00, run_after=2024-10-08 00:00:00+00:00
[2024-10-08T12:45:39.912+0000] {processor.py:208} INFO - Processing /home/airflow/.local/lib/python3.12/site-packages/airflow/example_dags/example_branch_datetime_operator.py took 0.150 seconds
[2024-10-08T12:46:10.399+0000] {processor.py:186} INFO - Started process (PID=265) to work on /home/airflow/.local/lib/python3.12/site-packages/airflow/example_dags/example_branch_datetime_operator.py
[2024-10-08T12:46:10.400+0000] {processor.py:914} INFO - Processing file /home/airflow/.local/lib/python3.12/site-packages/airflow/example_dags/example_branch_datetime_operator.py for tasks to queue
[2024-10-08T12:46:10.404+0000] {logging_mixin.py:190} INFO - [2024-10-08T12:46:10.403+0000] {dagbag.py:587} INFO - Filling up the DagBag from /home/airflow/.local/lib/python3.12/site-packages/airflow/example_dags/example_branch_datetime_operator.py
[2024-10-08T12:46:10.419+0000] {processor.py:925} INFO - DAG(s) 'example_branch_datetime_operator_3', 'example_branch_datetime_operator', 'example_branch_datetime_operator_2' retrieved from /home/airflow/.local/lib/python3.12/site-packages/airflow/example_dags/example_branch_datetime_operator.py
[2024-10-08T12:46:10.454+0000] {logging_mixin.py:190} INFO - [2024-10-08T12:46:10.454+0000] {dag.py:3229} INFO - Sync 3 DAGs
[2024-10-08T12:46:10.480+0000] {logging_mixin.py:190} INFO - [2024-10-08T12:46:10.480+0000] {dag.py:4156} INFO - Setting next_dagrun for example_branch_datetime_operator to 2024-10-07 00:00:00+00:00, run_after=2024-10-08 00:00:00+00:00
[2024-10-08T12:46:10.485+0000] {logging_mixin.py:190} INFO - [2024-10-08T12:46:10.485+0000] {dag.py:4156} INFO - Setting next_dagrun for example_branch_datetime_operator_2 to 2024-10-07 00:00:00+00:00, run_after=2024-10-08 00:00:00+00:00
[2024-10-08T12:46:10.488+0000] {logging_mixin.py:190} INFO - [2024-10-08T12:46:10.487+0000] {dag.py:4156} INFO - Setting next_dagrun for example_branch_datetime_operator_3 to 2024-10-07 00:00:00+00:00, run_after=2024-10-08 00:00:00+00:00
[2024-10-08T12:46:10.509+0000] {processor.py:208} INFO - Processing /home/airflow/.local/lib/python3.12/site-packages/airflow/example_dags/example_branch_datetime_operator.py took 0.120 seconds
[2024-10-08T12:46:41.506+0000] {processor.py:186} INFO - Started process (PID=327) to work on /home/airflow/.local/lib/python3.12/site-packages/airflow/example_dags/example_branch_datetime_operator.py
[2024-10-08T12:46:41.507+0000] {processor.py:914} INFO - Processing file /home/airflow/.local/lib/python3.12/site-packages/airflow/example_dags/example_branch_datetime_operator.py for tasks to queue
[2024-10-08T12:46:41.511+0000] {logging_mixin.py:190} INFO - [2024-10-08T12:46:41.510+0000] {dagbag.py:587} INFO - Filling up the DagBag from /home/airflow/.local/lib/python3.12/site-packages/airflow/example_dags/example_branch_datetime_operator.py
[2024-10-08T12:46:41.525+0000] {processor.py:925} INFO - DAG(s) 'example_branch_datetime_operator', 'example_branch_datetime_operator_2', 'example_branch_datetime_operator_3' retrieved from /home/airflow/.local/lib/python3.12/site-packages/airflow/example_dags/example_branch_datetime_operator.py
[2024-10-08T12:46:41.557+0000] {logging_mixin.py:190} INFO - [2024-10-08T12:46:41.556+0000] {dag.py:3229} INFO - Sync 3 DAGs
[2024-10-08T12:46:41.584+0000] {logging_mixin.py:190} INFO - [2024-10-08T12:46:41.583+0000] {dag.py:4156} INFO - Setting next_dagrun for example_branch_datetime_operator to 2024-10-07 00:00:00+00:00, run_after=2024-10-08 00:00:00+00:00
[2024-10-08T12:46:41.589+0000] {logging_mixin.py:190} INFO - [2024-10-08T12:46:41.588+0000] {dag.py:4156} INFO - Setting next_dagrun for example_branch_datetime_operator_2 to 2024-10-07 00:00:00+00:00, run_after=2024-10-08 00:00:00+00:00
[2024-10-08T12:46:41.591+0000] {logging_mixin.py:190} INFO - [2024-10-08T12:46:41.591+0000] {dag.py:4156} INFO - Setting next_dagrun for example_branch_datetime_operator_3 to 2024-10-07 00:00:00+00:00, run_after=2024-10-08 00:00:00+00:00
[2024-10-08T12:46:41.611+0000] {processor.py:208} INFO - Processing /home/airflow/.local/lib/python3.12/site-packages/airflow/example_dags/example_branch_datetime_operator.py took 0.114 seconds
[2024-10-08T12:47:12.555+0000] {processor.py:186} INFO - Started process (PID=389) to work on /home/airflow/.local/lib/python3.12/site-packages/airflow/example_dags/example_branch_datetime_operator.py
[2024-10-08T12:47:12.556+0000] {processor.py:914} INFO - Processing file /home/airflow/.local/lib/python3.12/site-packages/airflow/example_dags/example_branch_datetime_operator.py for tasks to queue
[2024-10-08T12:47:12.561+0000] {logging_mixin.py:190} INFO - [2024-10-08T12:47:12.560+0000] {dagbag.py:587} INFO - Filling up the DagBag from /home/airflow/.local/lib/python3.12/site-packages/airflow/example_dags/example_branch_datetime_operator.py
[2024-10-08T12:47:12.578+0000] {processor.py:925} INFO - DAG(s) 'example_branch_datetime_operator_3', 'example_branch_datetime_operator', 'example_branch_datetime_operator_2' retrieved from /home/airflow/.local/lib/python3.12/site-packages/airflow/example_dags/example_branch_datetime_operator.py
[2024-10-08T12:47:12.607+0000] {logging_mixin.py:190} INFO - [2024-10-08T12:47:12.607+0000] {dag.py:3229} INFO - Sync 3 DAGs
[2024-10-08T12:47:12.632+0000] {logging_mixin.py:190} INFO - [2024-10-08T12:47:12.632+0000] {dag.py:4156} INFO - Setting next_dagrun for example_branch_datetime_operator to 2024-10-07 00:00:00+00:00, run_after=2024-10-08 00:00:00+00:00
[2024-10-08T12:47:12.638+0000] {logging_mixin.py:190} INFO - [2024-10-08T12:47:12.638+0000] {dag.py:4156} INFO - Setting next_dagrun for example_branch_datetime_operator_2 to 2024-10-07 00:00:00+00:00, run_after=2024-10-08 00:00:00+00:00
[2024-10-08T12:47:12.641+0000] {logging_mixin.py:190} INFO - [2024-10-08T12:47:12.640+0000] {dag.py:4156} INFO - Setting next_dagrun for example_branch_datetime_operator_3 to 2024-10-07 00:00:00+00:00, run_after=2024-10-08 00:00:00+00:00
[2024-10-08T12:47:12.663+0000] {processor.py:208} INFO - Processing /home/airflow/.local/lib/python3.12/site-packages/airflow/example_dags/example_branch_datetime_operator.py took 0.118 seconds
