[2024-10-08T12:44:46.403+0000] {processor.py:186} INFO - Started process (PID=112) to work on /home/airflow/.local/lib/python3.12/site-packages/airflow/example_dags/example_trigger_controller_dag.py
[2024-10-08T12:44:46.405+0000] {processor.py:914} INFO - Processing file /home/airflow/.local/lib/python3.12/site-packages/airflow/example_dags/example_trigger_controller_dag.py for tasks to queue
[2024-10-08T12:44:46.409+0000] {logging_mixin.py:190} INFO - [2024-10-08T12:44:46.408+0000] {dagbag.py:587} INFO - Filling up the DagBag from /home/airflow/.local/lib/python3.12/site-packages/airflow/example_dags/example_trigger_controller_dag.py
[2024-10-08T12:44:46.421+0000] {processor.py:925} INFO - DAG(s) 'example_trigger_controller_dag' retrieved from /home/airflow/.local/lib/python3.12/site-packages/airflow/example_dags/example_trigger_controller_dag.py
[2024-10-08T12:44:46.596+0000] {logging_mixin.py:190} INFO - [2024-10-08T12:44:46.594+0000] {override.py:1900} INFO - Created Permission View: can read on DAG:example_trigger_controller_dag
[2024-10-08T12:44:46.615+0000] {logging_mixin.py:190} INFO - [2024-10-08T12:44:46.614+0000] {override.py:1900} INFO - Created Permission View: can delete on DAG:example_trigger_controller_dag
[2024-10-08T12:44:46.628+0000] {logging_mixin.py:190} INFO - [2024-10-08T12:44:46.627+0000] {override.py:1900} INFO - Created Permission View: can edit on DAG:example_trigger_controller_dag
[2024-10-08T12:44:46.641+0000] {logging_mixin.py:190} INFO - [2024-10-08T12:44:46.641+0000] {override.py:1900} INFO - Created Permission View: can read on DAG Run:example_trigger_controller_dag
[2024-10-08T12:44:46.652+0000] {logging_mixin.py:190} INFO - [2024-10-08T12:44:46.652+0000] {override.py:1900} INFO - Created Permission View: can create on DAG Run:example_trigger_controller_dag
[2024-10-08T12:44:46.663+0000] {logging_mixin.py:190} INFO - [2024-10-08T12:44:46.663+0000] {override.py:1900} INFO - Created Permission View: menu access on DAG Run:example_trigger_controller_dag
[2024-10-08T12:44:46.675+0000] {logging_mixin.py:190} INFO - [2024-10-08T12:44:46.675+0000] {override.py:1900} INFO - Created Permission View: can delete on DAG Run:example_trigger_controller_dag
[2024-10-08T12:44:46.676+0000] {logging_mixin.py:190} INFO - [2024-10-08T12:44:46.676+0000] {dag.py:3229} INFO - Sync 1 DAGs
[2024-10-08T12:44:46.698+0000] {logging_mixin.py:190} INFO - [2024-10-08T12:44:46.698+0000] {dag.py:3252} INFO - Creating ORM DAG for example_trigger_controller_dag
[2024-10-08T12:44:46.713+0000] {logging_mixin.py:190} INFO - [2024-10-08T12:44:46.713+0000] {dag.py:4156} INFO - Setting next_dagrun for example_trigger_controller_dag to 2021-01-01 00:00:00+00:00, run_after=2021-01-01 00:00:00+00:00
[2024-10-08T12:44:46.739+0000] {processor.py:208} INFO - Processing /home/airflow/.local/lib/python3.12/site-packages/airflow/example_dags/example_trigger_controller_dag.py took 0.346 seconds
[2024-10-08T12:45:17.203+0000] {processor.py:186} INFO - Started process (PID=174) to work on /home/airflow/.local/lib/python3.12/site-packages/airflow/example_dags/example_trigger_controller_dag.py
[2024-10-08T12:45:17.205+0000] {processor.py:914} INFO - Processing file /home/airflow/.local/lib/python3.12/site-packages/airflow/example_dags/example_trigger_controller_dag.py for tasks to queue
[2024-10-08T12:45:17.209+0000] {logging_mixin.py:190} INFO - [2024-10-08T12:45:17.208+0000] {dagbag.py:587} INFO - Filling up the DagBag from /home/airflow/.local/lib/python3.12/site-packages/airflow/example_dags/example_trigger_controller_dag.py
[2024-10-08T12:45:17.221+0000] {processor.py:925} INFO - DAG(s) 'example_trigger_controller_dag' retrieved from /home/airflow/.local/lib/python3.12/site-packages/airflow/example_dags/example_trigger_controller_dag.py
[2024-10-08T12:45:17.256+0000] {logging_mixin.py:190} INFO - [2024-10-08T12:45:17.255+0000] {dag.py:3229} INFO - Sync 1 DAGs
[2024-10-08T12:45:17.294+0000] {logging_mixin.py:190} INFO - [2024-10-08T12:45:17.294+0000] {dag.py:4156} INFO - Setting next_dagrun for example_trigger_controller_dag to 2021-01-01 00:00:00+00:00, run_after=2021-01-01 00:00:00+00:00
[2024-10-08T12:45:17.336+0000] {processor.py:208} INFO - Processing /home/airflow/.local/lib/python3.12/site-packages/airflow/example_dags/example_trigger_controller_dag.py took 0.140 seconds
[2024-10-08T12:45:47.848+0000] {processor.py:186} INFO - Started process (PID=236) to work on /home/airflow/.local/lib/python3.12/site-packages/airflow/example_dags/example_trigger_controller_dag.py
[2024-10-08T12:45:47.850+0000] {processor.py:914} INFO - Processing file /home/airflow/.local/lib/python3.12/site-packages/airflow/example_dags/example_trigger_controller_dag.py for tasks to queue
[2024-10-08T12:45:47.854+0000] {logging_mixin.py:190} INFO - [2024-10-08T12:45:47.854+0000] {dagbag.py:587} INFO - Filling up the DagBag from /home/airflow/.local/lib/python3.12/site-packages/airflow/example_dags/example_trigger_controller_dag.py
[2024-10-08T12:45:47.867+0000] {processor.py:925} INFO - DAG(s) 'example_trigger_controller_dag' retrieved from /home/airflow/.local/lib/python3.12/site-packages/airflow/example_dags/example_trigger_controller_dag.py
[2024-10-08T12:45:47.898+0000] {logging_mixin.py:190} INFO - [2024-10-08T12:45:47.898+0000] {dag.py:3229} INFO - Sync 1 DAGs
[2024-10-08T12:45:47.933+0000] {logging_mixin.py:190} INFO - [2024-10-08T12:45:47.933+0000] {dag.py:4156} INFO - Setting next_dagrun for example_trigger_controller_dag to 2021-01-01 00:00:00+00:00, run_after=2021-01-01 00:00:00+00:00
[2024-10-08T12:45:47.974+0000] {processor.py:208} INFO - Processing /home/airflow/.local/lib/python3.12/site-packages/airflow/example_dags/example_trigger_controller_dag.py took 0.135 seconds
[2024-10-08T12:46:18.429+0000] {processor.py:186} INFO - Started process (PID=298) to work on /home/airflow/.local/lib/python3.12/site-packages/airflow/example_dags/example_trigger_controller_dag.py
[2024-10-08T12:46:18.431+0000] {processor.py:914} INFO - Processing file /home/airflow/.local/lib/python3.12/site-packages/airflow/example_dags/example_trigger_controller_dag.py for tasks to queue
[2024-10-08T12:46:18.434+0000] {logging_mixin.py:190} INFO - [2024-10-08T12:46:18.434+0000] {dagbag.py:587} INFO - Filling up the DagBag from /home/airflow/.local/lib/python3.12/site-packages/airflow/example_dags/example_trigger_controller_dag.py
[2024-10-08T12:46:18.444+0000] {processor.py:925} INFO - DAG(s) 'example_trigger_controller_dag' retrieved from /home/airflow/.local/lib/python3.12/site-packages/airflow/example_dags/example_trigger_controller_dag.py
[2024-10-08T12:46:18.477+0000] {logging_mixin.py:190} INFO - [2024-10-08T12:46:18.477+0000] {dag.py:3229} INFO - Sync 1 DAGs
[2024-10-08T12:46:18.521+0000] {logging_mixin.py:190} INFO - [2024-10-08T12:46:18.521+0000] {dag.py:4156} INFO - Setting next_dagrun for example_trigger_controller_dag to 2021-01-01 00:00:00+00:00, run_after=2021-01-01 00:00:00+00:00
[2024-10-08T12:46:18.559+0000] {processor.py:208} INFO - Processing /home/airflow/.local/lib/python3.12/site-packages/airflow/example_dags/example_trigger_controller_dag.py took 0.139 seconds
[2024-10-08T12:46:49.073+0000] {processor.py:186} INFO - Started process (PID=360) to work on /home/airflow/.local/lib/python3.12/site-packages/airflow/example_dags/example_trigger_controller_dag.py
[2024-10-08T12:46:49.075+0000] {processor.py:914} INFO - Processing file /home/airflow/.local/lib/python3.12/site-packages/airflow/example_dags/example_trigger_controller_dag.py for tasks to queue
[2024-10-08T12:46:49.078+0000] {logging_mixin.py:190} INFO - [2024-10-08T12:46:49.078+0000] {dagbag.py:587} INFO - Filling up the DagBag from /home/airflow/.local/lib/python3.12/site-packages/airflow/example_dags/example_trigger_controller_dag.py
[2024-10-08T12:46:49.089+0000] {processor.py:925} INFO - DAG(s) 'example_trigger_controller_dag' retrieved from /home/airflow/.local/lib/python3.12/site-packages/airflow/example_dags/example_trigger_controller_dag.py
[2024-10-08T12:46:49.120+0000] {logging_mixin.py:190} INFO - [2024-10-08T12:46:49.120+0000] {dag.py:3229} INFO - Sync 1 DAGs
[2024-10-08T12:46:49.153+0000] {logging_mixin.py:190} INFO - [2024-10-08T12:46:49.152+0000] {dag.py:4156} INFO - Setting next_dagrun for example_trigger_controller_dag to 2021-01-01 00:00:00+00:00, run_after=2021-01-01 00:00:00+00:00
[2024-10-08T12:46:49.201+0000] {processor.py:208} INFO - Processing /home/airflow/.local/lib/python3.12/site-packages/airflow/example_dags/example_trigger_controller_dag.py took 0.137 seconds
[2024-10-08T12:47:20.025+0000] {processor.py:186} INFO - Started process (PID=422) to work on /home/airflow/.local/lib/python3.12/site-packages/airflow/example_dags/example_trigger_controller_dag.py
[2024-10-08T12:47:20.027+0000] {processor.py:914} INFO - Processing file /home/airflow/.local/lib/python3.12/site-packages/airflow/example_dags/example_trigger_controller_dag.py for tasks to queue
[2024-10-08T12:47:20.031+0000] {logging_mixin.py:190} INFO - [2024-10-08T12:47:20.031+0000] {dagbag.py:587} INFO - Filling up the DagBag from /home/airflow/.local/lib/python3.12/site-packages/airflow/example_dags/example_trigger_controller_dag.py
[2024-10-08T12:47:20.043+0000] {processor.py:925} INFO - DAG(s) 'example_trigger_controller_dag' retrieved from /home/airflow/.local/lib/python3.12/site-packages/airflow/example_dags/example_trigger_controller_dag.py
[2024-10-08T12:47:20.078+0000] {logging_mixin.py:190} INFO - [2024-10-08T12:47:20.078+0000] {dag.py:3229} INFO - Sync 1 DAGs
[2024-10-08T12:47:20.119+0000] {logging_mixin.py:190} INFO - [2024-10-08T12:47:20.118+0000] {dag.py:4156} INFO - Setting next_dagrun for example_trigger_controller_dag to 2021-01-01 00:00:00+00:00, run_after=2021-01-01 00:00:00+00:00
[2024-10-08T12:47:20.187+0000] {processor.py:208} INFO - Processing /home/airflow/.local/lib/python3.12/site-packages/airflow/example_dags/example_trigger_controller_dag.py took 0.171 seconds
