[2024-10-08T12:44:42.656+0000] {processor.py:186} INFO - Started process (PID=100) to work on /home/airflow/.local/lib/python3.12/site-packages/airflow/example_dags/example_subdag_operator.py
[2024-10-08T12:44:42.658+0000] {processor.py:914} INFO - Processing file /home/airflow/.local/lib/python3.12/site-packages/airflow/example_dags/example_subdag_operator.py for tasks to queue
[2024-10-08T12:44:42.663+0000] {logging_mixin.py:190} INFO - [2024-10-08T12:44:42.662+0000] {dagbag.py:587} INFO - Filling up the DagBag from /home/airflow/.local/lib/python3.12/site-packages/airflow/example_dags/example_subdag_operator.py
[2024-10-08T12:44:42.730+0000] {processor.py:925} INFO - DAG(s) 'example_subdag_operator.section-1', 'example_subdag_operator.section-2', 'example_subdag_operator' retrieved from /home/airflow/.local/lib/python3.12/site-packages/airflow/example_dags/example_subdag_operator.py
[2024-10-08T12:44:42.997+0000] {logging_mixin.py:190} INFO - [2024-10-08T12:44:42.996+0000] {override.py:1900} INFO - Created Permission View: can read on DAG:example_subdag_operator
[2024-10-08T12:44:43.022+0000] {logging_mixin.py:190} INFO - [2024-10-08T12:44:43.021+0000] {override.py:1900} INFO - Created Permission View: can delete on DAG:example_subdag_operator
[2024-10-08T12:44:43.038+0000] {logging_mixin.py:190} INFO - [2024-10-08T12:44:43.038+0000] {override.py:1900} INFO - Created Permission View: can edit on DAG:example_subdag_operator
[2024-10-08T12:44:43.056+0000] {logging_mixin.py:190} INFO - [2024-10-08T12:44:43.056+0000] {override.py:1900} INFO - Created Permission View: can read on DAG Run:example_subdag_operator
[2024-10-08T12:44:43.071+0000] {logging_mixin.py:190} INFO - [2024-10-08T12:44:43.071+0000] {override.py:1900} INFO - Created Permission View: can create on DAG Run:example_subdag_operator
[2024-10-08T12:44:43.086+0000] {logging_mixin.py:190} INFO - [2024-10-08T12:44:43.085+0000] {override.py:1900} INFO - Created Permission View: menu access on DAG Run:example_subdag_operator
[2024-10-08T12:44:43.101+0000] {logging_mixin.py:190} INFO - [2024-10-08T12:44:43.100+0000] {override.py:1900} INFO - Created Permission View: can delete on DAG Run:example_subdag_operator
[2024-10-08T12:44:43.102+0000] {logging_mixin.py:190} INFO - [2024-10-08T12:44:43.102+0000] {dag.py:3229} INFO - Sync 3 DAGs
[2024-10-08T12:44:43.127+0000] {logging_mixin.py:190} INFO - [2024-10-08T12:44:43.127+0000] {dag.py:3252} INFO - Creating ORM DAG for example_subdag_operator.section-1
[2024-10-08T12:44:43.129+0000] {logging_mixin.py:190} INFO - [2024-10-08T12:44:43.129+0000] {dag.py:3252} INFO - Creating ORM DAG for example_subdag_operator.section-2
[2024-10-08T12:44:43.131+0000] {logging_mixin.py:190} INFO - [2024-10-08T12:44:43.131+0000] {dag.py:3252} INFO - Creating ORM DAG for example_subdag_operator
[2024-10-08T12:44:43.150+0000] {logging_mixin.py:190} INFO - [2024-10-08T12:44:43.150+0000] {dag.py:4156} INFO - Setting next_dagrun for example_subdag_operator to 2022-01-01 00:00:00+00:00, run_after=2022-01-01 00:00:00+00:00
[2024-10-08T12:44:43.152+0000] {logging_mixin.py:190} INFO - [2024-10-08T12:44:43.152+0000] {dag.py:4156} INFO - Setting next_dagrun for example_subdag_operator.section-1 to None, run_after=None
[2024-10-08T12:44:43.153+0000] {logging_mixin.py:190} INFO - [2024-10-08T12:44:43.153+0000] {dag.py:4156} INFO - Setting next_dagrun for example_subdag_operator.section-2 to None, run_after=None
[2024-10-08T12:44:43.174+0000] {logging_mixin.py:190} INFO - [2024-10-08T12:44:43.174+0000] {dag.py:3229} INFO - Sync 2 DAGs
[2024-10-08T12:44:43.185+0000] {logging_mixin.py:190} INFO - [2024-10-08T12:44:43.185+0000] {dag.py:4156} INFO - Setting next_dagrun for example_subdag_operator.section-1 to None, run_after=None
[2024-10-08T12:44:43.192+0000] {logging_mixin.py:190} INFO - [2024-10-08T12:44:43.192+0000] {dag.py:4156} INFO - Setting next_dagrun for example_subdag_operator.section-2 to None, run_after=None
[2024-10-08T12:44:43.221+0000] {processor.py:208} INFO - Processing /home/airflow/.local/lib/python3.12/site-packages/airflow/example_dags/example_subdag_operator.py took 0.580 seconds
[2024-10-08T12:45:13.971+0000] {processor.py:186} INFO - Started process (PID=162) to work on /home/airflow/.local/lib/python3.12/site-packages/airflow/example_dags/example_subdag_operator.py
[2024-10-08T12:45:14.000+0000] {processor.py:914} INFO - Processing file /home/airflow/.local/lib/python3.12/site-packages/airflow/example_dags/example_subdag_operator.py for tasks to queue
[2024-10-08T12:45:14.004+0000] {logging_mixin.py:190} INFO - [2024-10-08T12:45:14.003+0000] {dagbag.py:587} INFO - Filling up the DagBag from /home/airflow/.local/lib/python3.12/site-packages/airflow/example_dags/example_subdag_operator.py
[2024-10-08T12:45:14.038+0000] {processor.py:925} INFO - DAG(s) 'example_subdag_operator.section-1', 'example_subdag_operator.section-2', 'example_subdag_operator' retrieved from /home/airflow/.local/lib/python3.12/site-packages/airflow/example_dags/example_subdag_operator.py
[2024-10-08T12:45:14.054+0000] {logging_mixin.py:190} INFO - [2024-10-08T12:45:14.054+0000] {dag.py:3229} INFO - Sync 3 DAGs
[2024-10-08T12:45:14.077+0000] {logging_mixin.py:190} INFO - [2024-10-08T12:45:14.077+0000] {dag.py:4156} INFO - Setting next_dagrun for example_subdag_operator to 2022-01-01 00:00:00+00:00, run_after=2022-01-01 00:00:00+00:00
[2024-10-08T12:45:14.082+0000] {logging_mixin.py:190} INFO - [2024-10-08T12:45:14.082+0000] {dag.py:4156} INFO - Setting next_dagrun for example_subdag_operator.section-1 to None, run_after=None
[2024-10-08T12:45:14.084+0000] {logging_mixin.py:190} INFO - [2024-10-08T12:45:14.084+0000] {dag.py:4156} INFO - Setting next_dagrun for example_subdag_operator.section-2 to None, run_after=None
[2024-10-08T12:45:14.094+0000] {logging_mixin.py:190} INFO - [2024-10-08T12:45:14.093+0000] {dag.py:3229} INFO - Sync 2 DAGs
[2024-10-08T12:45:14.101+0000] {logging_mixin.py:190} INFO - [2024-10-08T12:45:14.101+0000] {dag.py:4156} INFO - Setting next_dagrun for example_subdag_operator.section-1 to None, run_after=None
[2024-10-08T12:45:14.103+0000] {logging_mixin.py:190} INFO - [2024-10-08T12:45:14.102+0000] {dag.py:4156} INFO - Setting next_dagrun for example_subdag_operator.section-2 to None, run_after=None
[2024-10-08T12:45:14.127+0000] {processor.py:208} INFO - Processing /home/airflow/.local/lib/python3.12/site-packages/airflow/example_dags/example_subdag_operator.py took 0.165 seconds
[2024-10-08T12:45:44.371+0000] {processor.py:186} INFO - Started process (PID=218) to work on /home/airflow/.local/lib/python3.12/site-packages/airflow/example_dags/example_subdag_operator.py
[2024-10-08T12:45:44.373+0000] {processor.py:914} INFO - Processing file /home/airflow/.local/lib/python3.12/site-packages/airflow/example_dags/example_subdag_operator.py for tasks to queue
[2024-10-08T12:45:44.378+0000] {logging_mixin.py:190} INFO - [2024-10-08T12:45:44.377+0000] {dagbag.py:587} INFO - Filling up the DagBag from /home/airflow/.local/lib/python3.12/site-packages/airflow/example_dags/example_subdag_operator.py
[2024-10-08T12:45:44.416+0000] {processor.py:925} INFO - DAG(s) 'example_subdag_operator.section-1', 'example_subdag_operator.section-2', 'example_subdag_operator' retrieved from /home/airflow/.local/lib/python3.12/site-packages/airflow/example_dags/example_subdag_operator.py
[2024-10-08T12:45:44.438+0000] {logging_mixin.py:190} INFO - [2024-10-08T12:45:44.438+0000] {dag.py:3229} INFO - Sync 3 DAGs
[2024-10-08T12:45:44.476+0000] {logging_mixin.py:190} INFO - [2024-10-08T12:45:44.476+0000] {dag.py:4156} INFO - Setting next_dagrun for example_subdag_operator to 2022-01-01 00:00:00+00:00, run_after=2022-01-01 00:00:00+00:00
[2024-10-08T12:45:44.481+0000] {logging_mixin.py:190} INFO - [2024-10-08T12:45:44.481+0000] {dag.py:4156} INFO - Setting next_dagrun for example_subdag_operator.section-1 to None, run_after=None
[2024-10-08T12:45:44.486+0000] {logging_mixin.py:190} INFO - [2024-10-08T12:45:44.485+0000] {dag.py:4156} INFO - Setting next_dagrun for example_subdag_operator.section-2 to None, run_after=None
[2024-10-08T12:45:44.499+0000] {logging_mixin.py:190} INFO - [2024-10-08T12:45:44.499+0000] {dag.py:3229} INFO - Sync 2 DAGs
[2024-10-08T12:45:44.508+0000] {logging_mixin.py:190} INFO - [2024-10-08T12:45:44.508+0000] {dag.py:4156} INFO - Setting next_dagrun for example_subdag_operator.section-1 to None, run_after=None
[2024-10-08T12:45:44.510+0000] {logging_mixin.py:190} INFO - [2024-10-08T12:45:44.510+0000] {dag.py:4156} INFO - Setting next_dagrun for example_subdag_operator.section-2 to None, run_after=None
[2024-10-08T12:45:44.538+0000] {processor.py:208} INFO - Processing /home/airflow/.local/lib/python3.12/site-packages/airflow/example_dags/example_subdag_operator.py took 0.177 seconds
[2024-10-08T12:46:15.088+0000] {processor.py:186} INFO - Started process (PID=280) to work on /home/airflow/.local/lib/python3.12/site-packages/airflow/example_dags/example_subdag_operator.py
[2024-10-08T12:46:15.090+0000] {processor.py:914} INFO - Processing file /home/airflow/.local/lib/python3.12/site-packages/airflow/example_dags/example_subdag_operator.py for tasks to queue
[2024-10-08T12:46:15.094+0000] {logging_mixin.py:190} INFO - [2024-10-08T12:46:15.093+0000] {dagbag.py:587} INFO - Filling up the DagBag from /home/airflow/.local/lib/python3.12/site-packages/airflow/example_dags/example_subdag_operator.py
[2024-10-08T12:46:15.135+0000] {processor.py:925} INFO - DAG(s) 'example_subdag_operator.section-1', 'example_subdag_operator.section-2', 'example_subdag_operator' retrieved from /home/airflow/.local/lib/python3.12/site-packages/airflow/example_dags/example_subdag_operator.py
[2024-10-08T12:46:15.152+0000] {logging_mixin.py:190} INFO - [2024-10-08T12:46:15.152+0000] {dag.py:3229} INFO - Sync 3 DAGs
[2024-10-08T12:46:15.181+0000] {logging_mixin.py:190} INFO - [2024-10-08T12:46:15.181+0000] {dag.py:4156} INFO - Setting next_dagrun for example_subdag_operator to 2022-01-01 00:00:00+00:00, run_after=2022-01-01 00:00:00+00:00
[2024-10-08T12:46:15.185+0000] {logging_mixin.py:190} INFO - [2024-10-08T12:46:15.185+0000] {dag.py:4156} INFO - Setting next_dagrun for example_subdag_operator.section-1 to None, run_after=None
[2024-10-08T12:46:15.188+0000] {logging_mixin.py:190} INFO - [2024-10-08T12:46:15.188+0000] {dag.py:4156} INFO - Setting next_dagrun for example_subdag_operator.section-2 to None, run_after=None
[2024-10-08T12:46:15.199+0000] {logging_mixin.py:190} INFO - [2024-10-08T12:46:15.199+0000] {dag.py:3229} INFO - Sync 2 DAGs
[2024-10-08T12:46:15.208+0000] {logging_mixin.py:190} INFO - [2024-10-08T12:46:15.207+0000] {dag.py:4156} INFO - Setting next_dagrun for example_subdag_operator.section-1 to None, run_after=None
[2024-10-08T12:46:15.209+0000] {logging_mixin.py:190} INFO - [2024-10-08T12:46:15.209+0000] {dag.py:4156} INFO - Setting next_dagrun for example_subdag_operator.section-2 to None, run_after=None
[2024-10-08T12:46:15.236+0000] {processor.py:208} INFO - Processing /home/airflow/.local/lib/python3.12/site-packages/airflow/example_dags/example_subdag_operator.py took 0.160 seconds
[2024-10-08T12:46:45.932+0000] {processor.py:186} INFO - Started process (PID=342) to work on /home/airflow/.local/lib/python3.12/site-packages/airflow/example_dags/example_subdag_operator.py
[2024-10-08T12:46:45.934+0000] {processor.py:914} INFO - Processing file /home/airflow/.local/lib/python3.12/site-packages/airflow/example_dags/example_subdag_operator.py for tasks to queue
[2024-10-08T12:46:45.937+0000] {logging_mixin.py:190} INFO - [2024-10-08T12:46:45.936+0000] {dagbag.py:587} INFO - Filling up the DagBag from /home/airflow/.local/lib/python3.12/site-packages/airflow/example_dags/example_subdag_operator.py
[2024-10-08T12:46:45.965+0000] {processor.py:925} INFO - DAG(s) 'example_subdag_operator.section-1', 'example_subdag_operator.section-2', 'example_subdag_operator' retrieved from /home/airflow/.local/lib/python3.12/site-packages/airflow/example_dags/example_subdag_operator.py
[2024-10-08T12:46:45.979+0000] {logging_mixin.py:190} INFO - [2024-10-08T12:46:45.979+0000] {dag.py:3229} INFO - Sync 3 DAGs
[2024-10-08T12:46:46.000+0000] {logging_mixin.py:190} INFO - [2024-10-08T12:46:46.000+0000] {dag.py:4156} INFO - Setting next_dagrun for example_subdag_operator to 2022-01-01 00:00:00+00:00, run_after=2022-01-01 00:00:00+00:00
[2024-10-08T12:46:46.004+0000] {logging_mixin.py:190} INFO - [2024-10-08T12:46:46.004+0000] {dag.py:4156} INFO - Setting next_dagrun for example_subdag_operator.section-1 to None, run_after=None
[2024-10-08T12:46:46.007+0000] {logging_mixin.py:190} INFO - [2024-10-08T12:46:46.006+0000] {dag.py:4156} INFO - Setting next_dagrun for example_subdag_operator.section-2 to None, run_after=None
[2024-10-08T12:46:46.014+0000] {logging_mixin.py:190} INFO - [2024-10-08T12:46:46.014+0000] {dag.py:3229} INFO - Sync 2 DAGs
[2024-10-08T12:46:46.021+0000] {logging_mixin.py:190} INFO - [2024-10-08T12:46:46.020+0000] {dag.py:4156} INFO - Setting next_dagrun for example_subdag_operator.section-1 to None, run_after=None
[2024-10-08T12:46:46.022+0000] {logging_mixin.py:190} INFO - [2024-10-08T12:46:46.022+0000] {dag.py:4156} INFO - Setting next_dagrun for example_subdag_operator.section-2 to None, run_after=None
[2024-10-08T12:46:46.046+0000] {processor.py:208} INFO - Processing /home/airflow/.local/lib/python3.12/site-packages/airflow/example_dags/example_subdag_operator.py took 0.119 seconds
[2024-10-08T12:47:16.602+0000] {processor.py:186} INFO - Started process (PID=404) to work on /home/airflow/.local/lib/python3.12/site-packages/airflow/example_dags/example_subdag_operator.py
[2024-10-08T12:47:16.605+0000] {processor.py:914} INFO - Processing file /home/airflow/.local/lib/python3.12/site-packages/airflow/example_dags/example_subdag_operator.py for tasks to queue
[2024-10-08T12:47:16.609+0000] {logging_mixin.py:190} INFO - [2024-10-08T12:47:16.609+0000] {dagbag.py:587} INFO - Filling up the DagBag from /home/airflow/.local/lib/python3.12/site-packages/airflow/example_dags/example_subdag_operator.py
[2024-10-08T12:47:16.652+0000] {processor.py:925} INFO - DAG(s) 'example_subdag_operator.section-1', 'example_subdag_operator.section-2', 'example_subdag_operator' retrieved from /home/airflow/.local/lib/python3.12/site-packages/airflow/example_dags/example_subdag_operator.py
[2024-10-08T12:47:16.672+0000] {logging_mixin.py:190} INFO - [2024-10-08T12:47:16.672+0000] {dag.py:3229} INFO - Sync 3 DAGs
[2024-10-08T12:47:16.701+0000] {logging_mixin.py:190} INFO - [2024-10-08T12:47:16.701+0000] {dag.py:4156} INFO - Setting next_dagrun for example_subdag_operator to 2022-01-01 00:00:00+00:00, run_after=2022-01-01 00:00:00+00:00
[2024-10-08T12:47:16.706+0000] {logging_mixin.py:190} INFO - [2024-10-08T12:47:16.706+0000] {dag.py:4156} INFO - Setting next_dagrun for example_subdag_operator.section-1 to None, run_after=None
[2024-10-08T12:47:16.708+0000] {logging_mixin.py:190} INFO - [2024-10-08T12:47:16.708+0000] {dag.py:4156} INFO - Setting next_dagrun for example_subdag_operator.section-2 to None, run_after=None
[2024-10-08T12:47:16.718+0000] {logging_mixin.py:190} INFO - [2024-10-08T12:47:16.718+0000] {dag.py:3229} INFO - Sync 2 DAGs
[2024-10-08T12:47:16.726+0000] {logging_mixin.py:190} INFO - [2024-10-08T12:47:16.726+0000] {dag.py:4156} INFO - Setting next_dagrun for example_subdag_operator.section-1 to None, run_after=None
[2024-10-08T12:47:16.728+0000] {logging_mixin.py:190} INFO - [2024-10-08T12:47:16.727+0000] {dag.py:4156} INFO - Setting next_dagrun for example_subdag_operator.section-2 to None, run_after=None
[2024-10-08T12:47:16.755+0000] {processor.py:208} INFO - Processing /home/airflow/.local/lib/python3.12/site-packages/airflow/example_dags/example_subdag_operator.py took 0.162 seconds
