[2024-10-08T12:44:41.626+0000] {processor.py:186} INFO - Started process (PID=90) to work on /home/airflow/.local/lib/python3.12/site-packages/airflow/example_dags/example_external_task_marker_dag.py
[2024-10-08T12:44:41.628+0000] {processor.py:914} INFO - Processing file /home/airflow/.local/lib/python3.12/site-packages/airflow/example_dags/example_external_task_marker_dag.py for tasks to queue
[2024-10-08T12:44:41.633+0000] {logging_mixin.py:190} INFO - [2024-10-08T12:44:41.632+0000] {dagbag.py:587} INFO - Filling up the DagBag from /home/airflow/.local/lib/python3.12/site-packages/airflow/example_dags/example_external_task_marker_dag.py
[2024-10-08T12:44:41.650+0000] {processor.py:925} INFO - DAG(s) 'example_external_task_marker_child', 'example_external_task_marker_parent' retrieved from /home/airflow/.local/lib/python3.12/site-packages/airflow/example_dags/example_external_task_marker_dag.py
[2024-10-08T12:44:41.851+0000] {logging_mixin.py:190} INFO - [2024-10-08T12:44:41.850+0000] {override.py:1900} INFO - Created Permission View: can read on DAG:example_external_task_marker_child
[2024-10-08T12:44:41.869+0000] {logging_mixin.py:190} INFO - [2024-10-08T12:44:41.869+0000] {override.py:1900} INFO - Created Permission View: can delete on DAG:example_external_task_marker_child
[2024-10-08T12:44:41.885+0000] {logging_mixin.py:190} INFO - [2024-10-08T12:44:41.884+0000] {override.py:1900} INFO - Created Permission View: can edit on DAG:example_external_task_marker_child
[2024-10-08T12:44:41.899+0000] {logging_mixin.py:190} INFO - [2024-10-08T12:44:41.898+0000] {override.py:1900} INFO - Created Permission View: can read on DAG Run:example_external_task_marker_child
[2024-10-08T12:44:41.911+0000] {logging_mixin.py:190} INFO - [2024-10-08T12:44:41.911+0000] {override.py:1900} INFO - Created Permission View: can create on DAG Run:example_external_task_marker_child
[2024-10-08T12:44:41.924+0000] {logging_mixin.py:190} INFO - [2024-10-08T12:44:41.924+0000] {override.py:1900} INFO - Created Permission View: menu access on DAG Run:example_external_task_marker_child
[2024-10-08T12:44:41.937+0000] {logging_mixin.py:190} INFO - [2024-10-08T12:44:41.937+0000] {override.py:1900} INFO - Created Permission View: can delete on DAG Run:example_external_task_marker_child
[2024-10-08T12:44:41.963+0000] {logging_mixin.py:190} INFO - [2024-10-08T12:44:41.962+0000] {override.py:1900} INFO - Created Permission View: can read on DAG:example_external_task_marker_parent
[2024-10-08T12:44:41.979+0000] {logging_mixin.py:190} INFO - [2024-10-08T12:44:41.979+0000] {override.py:1900} INFO - Created Permission View: can delete on DAG:example_external_task_marker_parent
[2024-10-08T12:44:41.996+0000] {logging_mixin.py:190} INFO - [2024-10-08T12:44:41.995+0000] {override.py:1900} INFO - Created Permission View: can edit on DAG:example_external_task_marker_parent
[2024-10-08T12:44:42.013+0000] {logging_mixin.py:190} INFO - [2024-10-08T12:44:42.013+0000] {override.py:1900} INFO - Created Permission View: can read on DAG Run:example_external_task_marker_parent
[2024-10-08T12:44:42.028+0000] {logging_mixin.py:190} INFO - [2024-10-08T12:44:42.027+0000] {override.py:1900} INFO - Created Permission View: can create on DAG Run:example_external_task_marker_parent
[2024-10-08T12:44:42.042+0000] {logging_mixin.py:190} INFO - [2024-10-08T12:44:42.041+0000] {override.py:1900} INFO - Created Permission View: menu access on DAG Run:example_external_task_marker_parent
[2024-10-08T12:44:42.056+0000] {logging_mixin.py:190} INFO - [2024-10-08T12:44:42.055+0000] {override.py:1900} INFO - Created Permission View: can delete on DAG Run:example_external_task_marker_parent
[2024-10-08T12:44:42.057+0000] {logging_mixin.py:190} INFO - [2024-10-08T12:44:42.057+0000] {dag.py:3229} INFO - Sync 2 DAGs
[2024-10-08T12:44:42.083+0000] {logging_mixin.py:190} INFO - [2024-10-08T12:44:42.083+0000] {dag.py:3252} INFO - Creating ORM DAG for example_external_task_marker_child
[2024-10-08T12:44:42.085+0000] {logging_mixin.py:190} INFO - [2024-10-08T12:44:42.085+0000] {dag.py:3252} INFO - Creating ORM DAG for example_external_task_marker_parent
[2024-10-08T12:44:42.087+0000] {logging_mixin.py:190} INFO - [2024-10-08T12:44:42.086+0000] {dag.py:4156} INFO - Setting next_dagrun for example_external_task_marker_child to None, run_after=None
[2024-10-08T12:44:42.089+0000] {logging_mixin.py:190} INFO - [2024-10-08T12:44:42.089+0000] {dag.py:4156} INFO - Setting next_dagrun for example_external_task_marker_parent to None, run_after=None
[2024-10-08T12:44:42.123+0000] {processor.py:208} INFO - Processing /home/airflow/.local/lib/python3.12/site-packages/airflow/example_dags/example_external_task_marker_dag.py took 0.508 seconds
[2024-10-08T12:45:12.712+0000] {processor.py:186} INFO - Started process (PID=152) to work on /home/airflow/.local/lib/python3.12/site-packages/airflow/example_dags/example_external_task_marker_dag.py
[2024-10-08T12:45:12.715+0000] {processor.py:914} INFO - Processing file /home/airflow/.local/lib/python3.12/site-packages/airflow/example_dags/example_external_task_marker_dag.py for tasks to queue
[2024-10-08T12:45:12.719+0000] {logging_mixin.py:190} INFO - [2024-10-08T12:45:12.719+0000] {dagbag.py:587} INFO - Filling up the DagBag from /home/airflow/.local/lib/python3.12/site-packages/airflow/example_dags/example_external_task_marker_dag.py
[2024-10-08T12:45:12.731+0000] {processor.py:925} INFO - DAG(s) 'example_external_task_marker_parent', 'example_external_task_marker_child' retrieved from /home/airflow/.local/lib/python3.12/site-packages/airflow/example_dags/example_external_task_marker_dag.py
[2024-10-08T12:45:12.775+0000] {logging_mixin.py:190} INFO - [2024-10-08T12:45:12.774+0000] {dag.py:3229} INFO - Sync 2 DAGs
[2024-10-08T12:45:12.803+0000] {logging_mixin.py:190} INFO - [2024-10-08T12:45:12.802+0000] {dag.py:4156} INFO - Setting next_dagrun for example_external_task_marker_child to None, run_after=None
[2024-10-08T12:45:12.812+0000] {logging_mixin.py:190} INFO - [2024-10-08T12:45:12.812+0000] {dag.py:4156} INFO - Setting next_dagrun for example_external_task_marker_parent to None, run_after=None
[2024-10-08T12:45:12.853+0000] {processor.py:208} INFO - Processing /home/airflow/.local/lib/python3.12/site-packages/airflow/example_dags/example_external_task_marker_dag.py took 0.150 seconds
[2024-10-08T12:45:43.145+0000] {processor.py:186} INFO - Started process (PID=214) to work on /home/airflow/.local/lib/python3.12/site-packages/airflow/example_dags/example_external_task_marker_dag.py
[2024-10-08T12:45:43.147+0000] {processor.py:914} INFO - Processing file /home/airflow/.local/lib/python3.12/site-packages/airflow/example_dags/example_external_task_marker_dag.py for tasks to queue
[2024-10-08T12:45:43.152+0000] {logging_mixin.py:190} INFO - [2024-10-08T12:45:43.151+0000] {dagbag.py:587} INFO - Filling up the DagBag from /home/airflow/.local/lib/python3.12/site-packages/airflow/example_dags/example_external_task_marker_dag.py
[2024-10-08T12:45:43.166+0000] {processor.py:925} INFO - DAG(s) 'example_external_task_marker_parent', 'example_external_task_marker_child' retrieved from /home/airflow/.local/lib/python3.12/site-packages/airflow/example_dags/example_external_task_marker_dag.py
[2024-10-08T12:45:43.209+0000] {logging_mixin.py:190} INFO - [2024-10-08T12:45:43.209+0000] {dag.py:3229} INFO - Sync 2 DAGs
[2024-10-08T12:45:43.227+0000] {logging_mixin.py:190} INFO - [2024-10-08T12:45:43.227+0000] {dag.py:4156} INFO - Setting next_dagrun for example_external_task_marker_child to None, run_after=None
[2024-10-08T12:45:43.235+0000] {logging_mixin.py:190} INFO - [2024-10-08T12:45:43.234+0000] {dag.py:4156} INFO - Setting next_dagrun for example_external_task_marker_parent to None, run_after=None
[2024-10-08T12:45:43.269+0000] {processor.py:208} INFO - Processing /home/airflow/.local/lib/python3.12/site-packages/airflow/example_dags/example_external_task_marker_dag.py took 0.136 seconds
[2024-10-08T12:46:13.624+0000] {processor.py:186} INFO - Started process (PID=276) to work on /home/airflow/.local/lib/python3.12/site-packages/airflow/example_dags/example_external_task_marker_dag.py
[2024-10-08T12:46:13.627+0000] {processor.py:914} INFO - Processing file /home/airflow/.local/lib/python3.12/site-packages/airflow/example_dags/example_external_task_marker_dag.py for tasks to queue
[2024-10-08T12:46:13.633+0000] {logging_mixin.py:190} INFO - [2024-10-08T12:46:13.632+0000] {dagbag.py:587} INFO - Filling up the DagBag from /home/airflow/.local/lib/python3.12/site-packages/airflow/example_dags/example_external_task_marker_dag.py
[2024-10-08T12:46:13.651+0000] {processor.py:925} INFO - DAG(s) 'example_external_task_marker_child', 'example_external_task_marker_parent' retrieved from /home/airflow/.local/lib/python3.12/site-packages/airflow/example_dags/example_external_task_marker_dag.py
[2024-10-08T12:46:13.714+0000] {logging_mixin.py:190} INFO - [2024-10-08T12:46:13.713+0000] {dag.py:3229} INFO - Sync 2 DAGs
[2024-10-08T12:46:13.743+0000] {logging_mixin.py:190} INFO - [2024-10-08T12:46:13.743+0000] {dag.py:4156} INFO - Setting next_dagrun for example_external_task_marker_child to None, run_after=None
[2024-10-08T12:46:13.750+0000] {logging_mixin.py:190} INFO - [2024-10-08T12:46:13.749+0000] {dag.py:4156} INFO - Setting next_dagrun for example_external_task_marker_parent to None, run_after=None
[2024-10-08T12:46:13.794+0000] {processor.py:208} INFO - Processing /home/airflow/.local/lib/python3.12/site-packages/airflow/example_dags/example_external_task_marker_dag.py took 0.186 seconds
[2024-10-08T12:46:44.576+0000] {processor.py:186} INFO - Started process (PID=338) to work on /home/airflow/.local/lib/python3.12/site-packages/airflow/example_dags/example_external_task_marker_dag.py
[2024-10-08T12:46:44.578+0000] {processor.py:914} INFO - Processing file /home/airflow/.local/lib/python3.12/site-packages/airflow/example_dags/example_external_task_marker_dag.py for tasks to queue
[2024-10-08T12:46:44.582+0000] {logging_mixin.py:190} INFO - [2024-10-08T12:46:44.581+0000] {dagbag.py:587} INFO - Filling up the DagBag from /home/airflow/.local/lib/python3.12/site-packages/airflow/example_dags/example_external_task_marker_dag.py
[2024-10-08T12:46:44.594+0000] {processor.py:925} INFO - DAG(s) 'example_external_task_marker_child', 'example_external_task_marker_parent' retrieved from /home/airflow/.local/lib/python3.12/site-packages/airflow/example_dags/example_external_task_marker_dag.py
[2024-10-08T12:46:44.629+0000] {logging_mixin.py:190} INFO - [2024-10-08T12:46:44.629+0000] {dag.py:3229} INFO - Sync 2 DAGs
[2024-10-08T12:46:44.646+0000] {logging_mixin.py:190} INFO - [2024-10-08T12:46:44.646+0000] {dag.py:4156} INFO - Setting next_dagrun for example_external_task_marker_child to None, run_after=None
[2024-10-08T12:46:44.651+0000] {logging_mixin.py:190} INFO - [2024-10-08T12:46:44.651+0000] {dag.py:4156} INFO - Setting next_dagrun for example_external_task_marker_parent to None, run_after=None
[2024-10-08T12:46:44.691+0000] {processor.py:208} INFO - Processing /home/airflow/.local/lib/python3.12/site-packages/airflow/example_dags/example_external_task_marker_dag.py took 0.124 seconds
[2024-10-08T12:47:15.459+0000] {processor.py:186} INFO - Started process (PID=400) to work on /home/airflow/.local/lib/python3.12/site-packages/airflow/example_dags/example_external_task_marker_dag.py
[2024-10-08T12:47:15.460+0000] {processor.py:914} INFO - Processing file /home/airflow/.local/lib/python3.12/site-packages/airflow/example_dags/example_external_task_marker_dag.py for tasks to queue
[2024-10-08T12:47:15.463+0000] {logging_mixin.py:190} INFO - [2024-10-08T12:47:15.463+0000] {dagbag.py:587} INFO - Filling up the DagBag from /home/airflow/.local/lib/python3.12/site-packages/airflow/example_dags/example_external_task_marker_dag.py
[2024-10-08T12:47:15.471+0000] {processor.py:925} INFO - DAG(s) 'example_external_task_marker_parent', 'example_external_task_marker_child' retrieved from /home/airflow/.local/lib/python3.12/site-packages/airflow/example_dags/example_external_task_marker_dag.py
[2024-10-08T12:47:15.495+0000] {logging_mixin.py:190} INFO - [2024-10-08T12:47:15.495+0000] {dag.py:3229} INFO - Sync 2 DAGs
[2024-10-08T12:47:15.513+0000] {logging_mixin.py:190} INFO - [2024-10-08T12:47:15.513+0000] {dag.py:4156} INFO - Setting next_dagrun for example_external_task_marker_child to None, run_after=None
[2024-10-08T12:47:15.518+0000] {logging_mixin.py:190} INFO - [2024-10-08T12:47:15.517+0000] {dag.py:4156} INFO - Setting next_dagrun for example_external_task_marker_parent to None, run_after=None
[2024-10-08T12:47:15.535+0000] {processor.py:208} INFO - Processing /home/airflow/.local/lib/python3.12/site-packages/airflow/example_dags/example_external_task_marker_dag.py took 0.083 seconds
