[2024-10-08T12:44:48.105+0000] {processor.py:186} INFO - Started process (PID=118) to work on /home/airflow/.local/lib/python3.12/site-packages/airflow/example_dags/example_skip_dag.py
[2024-10-08T12:44:48.106+0000] {processor.py:914} INFO - Processing file /home/airflow/.local/lib/python3.12/site-packages/airflow/example_dags/example_skip_dag.py for tasks to queue
[2024-10-08T12:44:48.111+0000] {logging_mixin.py:190} INFO - [2024-10-08T12:44:48.111+0000] {dagbag.py:587} INFO - Filling up the DagBag from /home/airflow/.local/lib/python3.12/site-packages/airflow/example_dags/example_skip_dag.py
[2024-10-08T12:44:48.129+0000] {processor.py:925} INFO - DAG(s) 'example_skip_dag' retrieved from /home/airflow/.local/lib/python3.12/site-packages/airflow/example_dags/example_skip_dag.py
[2024-10-08T12:44:48.299+0000] {logging_mixin.py:190} INFO - [2024-10-08T12:44:48.298+0000] {override.py:1900} INFO - Created Permission View: can read on DAG:example_skip_dag
[2024-10-08T12:44:48.318+0000] {logging_mixin.py:190} INFO - [2024-10-08T12:44:48.317+0000] {override.py:1900} INFO - Created Permission View: can delete on DAG:example_skip_dag
[2024-10-08T12:44:48.331+0000] {logging_mixin.py:190} INFO - [2024-10-08T12:44:48.330+0000] {override.py:1900} INFO - Created Permission View: can edit on DAG:example_skip_dag
[2024-10-08T12:44:48.344+0000] {logging_mixin.py:190} INFO - [2024-10-08T12:44:48.344+0000] {override.py:1900} INFO - Created Permission View: can read on DAG Run:example_skip_dag
[2024-10-08T12:44:48.355+0000] {logging_mixin.py:190} INFO - [2024-10-08T12:44:48.355+0000] {override.py:1900} INFO - Created Permission View: can create on DAG Run:example_skip_dag
[2024-10-08T12:44:48.366+0000] {logging_mixin.py:190} INFO - [2024-10-08T12:44:48.366+0000] {override.py:1900} INFO - Created Permission View: menu access on DAG Run:example_skip_dag
[2024-10-08T12:44:48.380+0000] {logging_mixin.py:190} INFO - [2024-10-08T12:44:48.379+0000] {override.py:1900} INFO - Created Permission View: can delete on DAG Run:example_skip_dag
[2024-10-08T12:44:48.381+0000] {logging_mixin.py:190} INFO - [2024-10-08T12:44:48.381+0000] {dag.py:3229} INFO - Sync 1 DAGs
[2024-10-08T12:44:48.401+0000] {logging_mixin.py:190} INFO - [2024-10-08T12:44:48.400+0000] {dag.py:3252} INFO - Creating ORM DAG for example_skip_dag
[2024-10-08T12:44:48.418+0000] {logging_mixin.py:190} INFO - [2024-10-08T12:44:48.417+0000] {dag.py:4156} INFO - Setting next_dagrun for example_skip_dag to 2024-10-07 00:00:00+00:00, run_after=2024-10-08 00:00:00+00:00
[2024-10-08T12:44:48.446+0000] {processor.py:208} INFO - Processing /home/airflow/.local/lib/python3.12/site-packages/airflow/example_dags/example_skip_dag.py took 0.350 seconds
[2024-10-08T12:45:18.720+0000] {processor.py:186} INFO - Started process (PID=179) to work on /home/airflow/.local/lib/python3.12/site-packages/airflow/example_dags/example_skip_dag.py
[2024-10-08T12:45:18.722+0000] {processor.py:914} INFO - Processing file /home/airflow/.local/lib/python3.12/site-packages/airflow/example_dags/example_skip_dag.py for tasks to queue
[2024-10-08T12:45:18.726+0000] {logging_mixin.py:190} INFO - [2024-10-08T12:45:18.725+0000] {dagbag.py:587} INFO - Filling up the DagBag from /home/airflow/.local/lib/python3.12/site-packages/airflow/example_dags/example_skip_dag.py
[2024-10-08T12:45:18.736+0000] {processor.py:925} INFO - DAG(s) 'example_skip_dag' retrieved from /home/airflow/.local/lib/python3.12/site-packages/airflow/example_dags/example_skip_dag.py
[2024-10-08T12:45:18.760+0000] {logging_mixin.py:190} INFO - [2024-10-08T12:45:18.760+0000] {dag.py:3229} INFO - Sync 1 DAGs
[2024-10-08T12:45:18.785+0000] {logging_mixin.py:190} INFO - [2024-10-08T12:45:18.784+0000] {dag.py:4156} INFO - Setting next_dagrun for example_skip_dag to 2024-10-07 00:00:00+00:00, run_after=2024-10-08 00:00:00+00:00
[2024-10-08T12:45:18.815+0000] {processor.py:208} INFO - Processing /home/airflow/.local/lib/python3.12/site-packages/airflow/example_dags/example_skip_dag.py took 0.102 seconds
[2024-10-08T12:45:49.412+0000] {processor.py:186} INFO - Started process (PID=241) to work on /home/airflow/.local/lib/python3.12/site-packages/airflow/example_dags/example_skip_dag.py
[2024-10-08T12:45:49.414+0000] {processor.py:914} INFO - Processing file /home/airflow/.local/lib/python3.12/site-packages/airflow/example_dags/example_skip_dag.py for tasks to queue
[2024-10-08T12:45:49.418+0000] {logging_mixin.py:190} INFO - [2024-10-08T12:45:49.417+0000] {dagbag.py:587} INFO - Filling up the DagBag from /home/airflow/.local/lib/python3.12/site-packages/airflow/example_dags/example_skip_dag.py
[2024-10-08T12:45:49.429+0000] {processor.py:925} INFO - DAG(s) 'example_skip_dag' retrieved from /home/airflow/.local/lib/python3.12/site-packages/airflow/example_dags/example_skip_dag.py
[2024-10-08T12:45:49.459+0000] {logging_mixin.py:190} INFO - [2024-10-08T12:45:49.459+0000] {dag.py:3229} INFO - Sync 1 DAGs
[2024-10-08T12:45:49.491+0000] {logging_mixin.py:190} INFO - [2024-10-08T12:45:49.491+0000] {dag.py:4156} INFO - Setting next_dagrun for example_skip_dag to 2024-10-07 00:00:00+00:00, run_after=2024-10-08 00:00:00+00:00
[2024-10-08T12:45:49.518+0000] {processor.py:208} INFO - Processing /home/airflow/.local/lib/python3.12/site-packages/airflow/example_dags/example_skip_dag.py took 0.114 seconds
[2024-10-08T12:46:19.916+0000] {processor.py:186} INFO - Started process (PID=303) to work on /home/airflow/.local/lib/python3.12/site-packages/airflow/example_dags/example_skip_dag.py
[2024-10-08T12:46:19.917+0000] {processor.py:914} INFO - Processing file /home/airflow/.local/lib/python3.12/site-packages/airflow/example_dags/example_skip_dag.py for tasks to queue
[2024-10-08T12:46:19.921+0000] {logging_mixin.py:190} INFO - [2024-10-08T12:46:19.920+0000] {dagbag.py:587} INFO - Filling up the DagBag from /home/airflow/.local/lib/python3.12/site-packages/airflow/example_dags/example_skip_dag.py
[2024-10-08T12:46:19.929+0000] {processor.py:925} INFO - DAG(s) 'example_skip_dag' retrieved from /home/airflow/.local/lib/python3.12/site-packages/airflow/example_dags/example_skip_dag.py
[2024-10-08T12:46:19.957+0000] {logging_mixin.py:190} INFO - [2024-10-08T12:46:19.957+0000] {dag.py:3229} INFO - Sync 1 DAGs
[2024-10-08T12:46:19.985+0000] {logging_mixin.py:190} INFO - [2024-10-08T12:46:19.985+0000] {dag.py:4156} INFO - Setting next_dagrun for example_skip_dag to 2024-10-07 00:00:00+00:00, run_after=2024-10-08 00:00:00+00:00
[2024-10-08T12:46:20.024+0000] {processor.py:208} INFO - Processing /home/airflow/.local/lib/python3.12/site-packages/airflow/example_dags/example_skip_dag.py took 0.116 seconds
[2024-10-08T12:46:50.654+0000] {processor.py:186} INFO - Started process (PID=365) to work on /home/airflow/.local/lib/python3.12/site-packages/airflow/example_dags/example_skip_dag.py
[2024-10-08T12:46:50.656+0000] {processor.py:914} INFO - Processing file /home/airflow/.local/lib/python3.12/site-packages/airflow/example_dags/example_skip_dag.py for tasks to queue
[2024-10-08T12:46:50.661+0000] {logging_mixin.py:190} INFO - [2024-10-08T12:46:50.661+0000] {dagbag.py:587} INFO - Filling up the DagBag from /home/airflow/.local/lib/python3.12/site-packages/airflow/example_dags/example_skip_dag.py
[2024-10-08T12:46:50.675+0000] {processor.py:925} INFO - DAG(s) 'example_skip_dag' retrieved from /home/airflow/.local/lib/python3.12/site-packages/airflow/example_dags/example_skip_dag.py
[2024-10-08T12:46:50.715+0000] {logging_mixin.py:190} INFO - [2024-10-08T12:46:50.714+0000] {dag.py:3229} INFO - Sync 1 DAGs
[2024-10-08T12:46:50.761+0000] {logging_mixin.py:190} INFO - [2024-10-08T12:46:50.761+0000] {dag.py:4156} INFO - Setting next_dagrun for example_skip_dag to 2024-10-07 00:00:00+00:00, run_after=2024-10-08 00:00:00+00:00
[2024-10-08T12:46:50.814+0000] {processor.py:208} INFO - Processing /home/airflow/.local/lib/python3.12/site-packages/airflow/example_dags/example_skip_dag.py took 0.169 seconds
[2024-10-08T12:47:21.598+0000] {processor.py:186} INFO - Started process (PID=427) to work on /home/airflow/.local/lib/python3.12/site-packages/airflow/example_dags/example_skip_dag.py
[2024-10-08T12:47:21.600+0000] {processor.py:914} INFO - Processing file /home/airflow/.local/lib/python3.12/site-packages/airflow/example_dags/example_skip_dag.py for tasks to queue
[2024-10-08T12:47:21.604+0000] {logging_mixin.py:190} INFO - [2024-10-08T12:47:21.604+0000] {dagbag.py:587} INFO - Filling up the DagBag from /home/airflow/.local/lib/python3.12/site-packages/airflow/example_dags/example_skip_dag.py
[2024-10-08T12:47:21.616+0000] {processor.py:925} INFO - DAG(s) 'example_skip_dag' retrieved from /home/airflow/.local/lib/python3.12/site-packages/airflow/example_dags/example_skip_dag.py
[2024-10-08T12:47:21.652+0000] {logging_mixin.py:190} INFO - [2024-10-08T12:47:21.651+0000] {dag.py:3229} INFO - Sync 1 DAGs
[2024-10-08T12:47:21.683+0000] {logging_mixin.py:190} INFO - [2024-10-08T12:47:21.682+0000] {dag.py:4156} INFO - Setting next_dagrun for example_skip_dag to 2024-10-07 00:00:00+00:00, run_after=2024-10-08 00:00:00+00:00
[2024-10-08T12:47:21.710+0000] {processor.py:208} INFO - Processing /home/airflow/.local/lib/python3.12/site-packages/airflow/example_dags/example_skip_dag.py took 0.121 seconds
