[2024-10-08T12:44:45.954+0000] {processor.py:186} INFO - Started process (PID=110) to work on /home/airflow/.local/lib/python3.12/site-packages/airflow/example_dags/example_branch_python_dop_operator_3.py
[2024-10-08T12:44:45.956+0000] {processor.py:914} INFO - Processing file /home/airflow/.local/lib/python3.12/site-packages/airflow/example_dags/example_branch_python_dop_operator_3.py for tasks to queue
[2024-10-08T12:44:45.960+0000] {logging_mixin.py:190} INFO - [2024-10-08T12:44:45.959+0000] {dagbag.py:587} INFO - Filling up the DagBag from /home/airflow/.local/lib/python3.12/site-packages/airflow/example_dags/example_branch_python_dop_operator_3.py
[2024-10-08T12:44:45.984+0000] {processor.py:925} INFO - DAG(s) 'example_branch_dop_operator_v3' retrieved from /home/airflow/.local/lib/python3.12/site-packages/airflow/example_dags/example_branch_python_dop_operator_3.py
[2024-10-08T12:44:46.180+0000] {logging_mixin.py:190} INFO - [2024-10-08T12:44:46.179+0000] {override.py:1900} INFO - Created Permission View: can read on DAG:example_branch_dop_operator_v3
[2024-10-08T12:44:46.197+0000] {logging_mixin.py:190} INFO - [2024-10-08T12:44:46.196+0000] {override.py:1900} INFO - Created Permission View: can delete on DAG:example_branch_dop_operator_v3
[2024-10-08T12:44:46.212+0000] {logging_mixin.py:190} INFO - [2024-10-08T12:44:46.211+0000] {override.py:1900} INFO - Created Permission View: can edit on DAG:example_branch_dop_operator_v3
[2024-10-08T12:44:46.227+0000] {logging_mixin.py:190} INFO - [2024-10-08T12:44:46.226+0000] {override.py:1900} INFO - Created Permission View: can read on DAG Run:example_branch_dop_operator_v3
[2024-10-08T12:44:46.241+0000] {logging_mixin.py:190} INFO - [2024-10-08T12:44:46.241+0000] {override.py:1900} INFO - Created Permission View: can create on DAG Run:example_branch_dop_operator_v3
[2024-10-08T12:44:46.255+0000] {logging_mixin.py:190} INFO - [2024-10-08T12:44:46.254+0000] {override.py:1900} INFO - Created Permission View: menu access on DAG Run:example_branch_dop_operator_v3
[2024-10-08T12:44:46.267+0000] {logging_mixin.py:190} INFO - [2024-10-08T12:44:46.266+0000] {override.py:1900} INFO - Created Permission View: can delete on DAG Run:example_branch_dop_operator_v3
[2024-10-08T12:44:46.268+0000] {logging_mixin.py:190} INFO - [2024-10-08T12:44:46.268+0000] {dag.py:3229} INFO - Sync 1 DAGs
[2024-10-08T12:44:46.291+0000] {logging_mixin.py:190} INFO - [2024-10-08T12:44:46.290+0000] {dag.py:3252} INFO - Creating ORM DAG for example_branch_dop_operator_v3
[2024-10-08T12:44:46.312+0000] {logging_mixin.py:190} INFO - [2024-10-08T12:44:46.312+0000] {dag.py:4156} INFO - Setting next_dagrun for example_branch_dop_operator_v3 to 2024-10-08 12:43:00+00:00, run_after=2024-10-08 12:44:00+00:00
[2024-10-08T12:44:46.342+0000] {processor.py:208} INFO - Processing /home/airflow/.local/lib/python3.12/site-packages/airflow/example_dags/example_branch_python_dop_operator_3.py took 0.402 seconds
[2024-10-08T12:45:17.006+0000] {processor.py:186} INFO - Started process (PID=172) to work on /home/airflow/.local/lib/python3.12/site-packages/airflow/example_dags/example_branch_python_dop_operator_3.py
[2024-10-08T12:45:17.009+0000] {processor.py:914} INFO - Processing file /home/airflow/.local/lib/python3.12/site-packages/airflow/example_dags/example_branch_python_dop_operator_3.py for tasks to queue
[2024-10-08T12:45:17.013+0000] {logging_mixin.py:190} INFO - [2024-10-08T12:45:17.012+0000] {dagbag.py:587} INFO - Filling up the DagBag from /home/airflow/.local/lib/python3.12/site-packages/airflow/example_dags/example_branch_python_dop_operator_3.py
[2024-10-08T12:45:17.026+0000] {processor.py:925} INFO - DAG(s) 'example_branch_dop_operator_v3' retrieved from /home/airflow/.local/lib/python3.12/site-packages/airflow/example_dags/example_branch_python_dop_operator_3.py
[2024-10-08T12:45:17.054+0000] {logging_mixin.py:190} INFO - [2024-10-08T12:45:17.054+0000] {dag.py:3229} INFO - Sync 1 DAGs
[2024-10-08T12:45:17.097+0000] {logging_mixin.py:190} INFO - [2024-10-08T12:45:17.097+0000] {dag.py:4156} INFO - Setting next_dagrun for example_branch_dop_operator_v3 to 2024-10-08 12:44:00+00:00, run_after=2024-10-08 12:45:00+00:00
[2024-10-08T12:45:17.145+0000] {processor.py:208} INFO - Processing /home/airflow/.local/lib/python3.12/site-packages/airflow/example_dags/example_branch_python_dop_operator_3.py took 0.150 seconds
[2024-10-08T12:45:47.702+0000] {processor.py:186} INFO - Started process (PID=234) to work on /home/airflow/.local/lib/python3.12/site-packages/airflow/example_dags/example_branch_python_dop_operator_3.py
[2024-10-08T12:45:47.704+0000] {processor.py:914} INFO - Processing file /home/airflow/.local/lib/python3.12/site-packages/airflow/example_dags/example_branch_python_dop_operator_3.py for tasks to queue
[2024-10-08T12:45:47.707+0000] {logging_mixin.py:190} INFO - [2024-10-08T12:45:47.706+0000] {dagbag.py:587} INFO - Filling up the DagBag from /home/airflow/.local/lib/python3.12/site-packages/airflow/example_dags/example_branch_python_dop_operator_3.py
[2024-10-08T12:45:47.720+0000] {processor.py:925} INFO - DAG(s) 'example_branch_dop_operator_v3' retrieved from /home/airflow/.local/lib/python3.12/site-packages/airflow/example_dags/example_branch_python_dop_operator_3.py
[2024-10-08T12:45:47.743+0000] {logging_mixin.py:190} INFO - [2024-10-08T12:45:47.742+0000] {dag.py:3229} INFO - Sync 1 DAGs
[2024-10-08T12:45:47.773+0000] {logging_mixin.py:190} INFO - [2024-10-08T12:45:47.773+0000] {dag.py:4156} INFO - Setting next_dagrun for example_branch_dop_operator_v3 to 2024-10-08 12:44:00+00:00, run_after=2024-10-08 12:45:00+00:00
[2024-10-08T12:45:47.801+0000] {processor.py:208} INFO - Processing /home/airflow/.local/lib/python3.12/site-packages/airflow/example_dags/example_branch_python_dop_operator_3.py took 0.107 seconds
[2024-10-08T12:46:18.245+0000] {processor.py:186} INFO - Started process (PID=296) to work on /home/airflow/.local/lib/python3.12/site-packages/airflow/example_dags/example_branch_python_dop_operator_3.py
[2024-10-08T12:46:18.247+0000] {processor.py:914} INFO - Processing file /home/airflow/.local/lib/python3.12/site-packages/airflow/example_dags/example_branch_python_dop_operator_3.py for tasks to queue
[2024-10-08T12:46:18.250+0000] {logging_mixin.py:190} INFO - [2024-10-08T12:46:18.250+0000] {dagbag.py:587} INFO - Filling up the DagBag from /home/airflow/.local/lib/python3.12/site-packages/airflow/example_dags/example_branch_python_dop_operator_3.py
[2024-10-08T12:46:18.263+0000] {processor.py:925} INFO - DAG(s) 'example_branch_dop_operator_v3' retrieved from /home/airflow/.local/lib/python3.12/site-packages/airflow/example_dags/example_branch_python_dop_operator_3.py
[2024-10-08T12:46:18.288+0000] {logging_mixin.py:190} INFO - [2024-10-08T12:46:18.288+0000] {dag.py:3229} INFO - Sync 1 DAGs
[2024-10-08T12:46:18.327+0000] {logging_mixin.py:190} INFO - [2024-10-08T12:46:18.326+0000] {dag.py:4156} INFO - Setting next_dagrun for example_branch_dop_operator_v3 to 2024-10-08 12:45:00+00:00, run_after=2024-10-08 12:46:00+00:00
[2024-10-08T12:46:18.370+0000] {processor.py:208} INFO - Processing /home/airflow/.local/lib/python3.12/site-packages/airflow/example_dags/example_branch_python_dop_operator_3.py took 0.132 seconds
[2024-10-08T12:46:48.883+0000] {processor.py:186} INFO - Started process (PID=358) to work on /home/airflow/.local/lib/python3.12/site-packages/airflow/example_dags/example_branch_python_dop_operator_3.py
[2024-10-08T12:46:48.885+0000] {processor.py:914} INFO - Processing file /home/airflow/.local/lib/python3.12/site-packages/airflow/example_dags/example_branch_python_dop_operator_3.py for tasks to queue
[2024-10-08T12:46:48.888+0000] {logging_mixin.py:190} INFO - [2024-10-08T12:46:48.888+0000] {dagbag.py:587} INFO - Filling up the DagBag from /home/airflow/.local/lib/python3.12/site-packages/airflow/example_dags/example_branch_python_dop_operator_3.py
[2024-10-08T12:46:48.902+0000] {processor.py:925} INFO - DAG(s) 'example_branch_dop_operator_v3' retrieved from /home/airflow/.local/lib/python3.12/site-packages/airflow/example_dags/example_branch_python_dop_operator_3.py
[2024-10-08T12:46:48.932+0000] {logging_mixin.py:190} INFO - [2024-10-08T12:46:48.932+0000] {dag.py:3229} INFO - Sync 1 DAGs
[2024-10-08T12:46:48.972+0000] {logging_mixin.py:190} INFO - [2024-10-08T12:46:48.972+0000] {dag.py:4156} INFO - Setting next_dagrun for example_branch_dop_operator_v3 to 2024-10-08 12:45:00+00:00, run_after=2024-10-08 12:46:00+00:00
[2024-10-08T12:46:49.019+0000] {processor.py:208} INFO - Processing /home/airflow/.local/lib/python3.12/site-packages/airflow/example_dags/example_branch_python_dop_operator_3.py took 0.144 seconds
[2024-10-08T12:47:19.839+0000] {processor.py:186} INFO - Started process (PID=420) to work on /home/airflow/.local/lib/python3.12/site-packages/airflow/example_dags/example_branch_python_dop_operator_3.py
[2024-10-08T12:47:19.841+0000] {processor.py:914} INFO - Processing file /home/airflow/.local/lib/python3.12/site-packages/airflow/example_dags/example_branch_python_dop_operator_3.py for tasks to queue
[2024-10-08T12:47:19.845+0000] {logging_mixin.py:190} INFO - [2024-10-08T12:47:19.845+0000] {dagbag.py:587} INFO - Filling up the DagBag from /home/airflow/.local/lib/python3.12/site-packages/airflow/example_dags/example_branch_python_dop_operator_3.py
[2024-10-08T12:47:19.859+0000] {processor.py:925} INFO - DAG(s) 'example_branch_dop_operator_v3' retrieved from /home/airflow/.local/lib/python3.12/site-packages/airflow/example_dags/example_branch_python_dop_operator_3.py
[2024-10-08T12:47:19.887+0000] {logging_mixin.py:190} INFO - [2024-10-08T12:47:19.886+0000] {dag.py:3229} INFO - Sync 1 DAGs
[2024-10-08T12:47:19.927+0000] {logging_mixin.py:190} INFO - [2024-10-08T12:47:19.927+0000] {dag.py:4156} INFO - Setting next_dagrun for example_branch_dop_operator_v3 to 2024-10-08 12:46:00+00:00, run_after=2024-10-08 12:47:00+00:00
[2024-10-08T12:47:19.973+0000] {processor.py:208} INFO - Processing /home/airflow/.local/lib/python3.12/site-packages/airflow/example_dags/example_branch_python_dop_operator_3.py took 0.143 seconds
