[2024-10-08T12:44:44.978+0000] {processor.py:186} INFO - Started process (PID=106) to work on /home/airflow/.local/lib/python3.12/site-packages/airflow/example_dags/example_latest_only_with_trigger.py
[2024-10-08T12:44:44.980+0000] {processor.py:914} INFO - Processing file /home/airflow/.local/lib/python3.12/site-packages/airflow/example_dags/example_latest_only_with_trigger.py for tasks to queue
[2024-10-08T12:44:44.985+0000] {logging_mixin.py:190} INFO - [2024-10-08T12:44:44.985+0000] {dagbag.py:587} INFO - Filling up the DagBag from /home/airflow/.local/lib/python3.12/site-packages/airflow/example_dags/example_latest_only_with_trigger.py
[2024-10-08T12:44:45.003+0000] {processor.py:925} INFO - DAG(s) 'latest_only_with_trigger' retrieved from /home/airflow/.local/lib/python3.12/site-packages/airflow/example_dags/example_latest_only_with_trigger.py
[2024-10-08T12:44:45.217+0000] {logging_mixin.py:190} INFO - [2024-10-08T12:44:45.216+0000] {override.py:1900} INFO - Created Permission View: can read on DAG:latest_only_with_trigger
[2024-10-08T12:44:45.236+0000] {logging_mixin.py:190} INFO - [2024-10-08T12:44:45.236+0000] {override.py:1900} INFO - Created Permission View: can delete on DAG:latest_only_with_trigger
[2024-10-08T12:44:45.249+0000] {logging_mixin.py:190} INFO - [2024-10-08T12:44:45.248+0000] {override.py:1900} INFO - Created Permission View: can edit on DAG:latest_only_with_trigger
[2024-10-08T12:44:45.265+0000] {logging_mixin.py:190} INFO - [2024-10-08T12:44:45.264+0000] {override.py:1900} INFO - Created Permission View: can read on DAG Run:latest_only_with_trigger
[2024-10-08T12:44:45.278+0000] {logging_mixin.py:190} INFO - [2024-10-08T12:44:45.278+0000] {override.py:1900} INFO - Created Permission View: can create on DAG Run:latest_only_with_trigger
[2024-10-08T12:44:45.293+0000] {logging_mixin.py:190} INFO - [2024-10-08T12:44:45.292+0000] {override.py:1900} INFO - Created Permission View: menu access on DAG Run:latest_only_with_trigger
[2024-10-08T12:44:45.309+0000] {logging_mixin.py:190} INFO - [2024-10-08T12:44:45.308+0000] {override.py:1900} INFO - Created Permission View: can delete on DAG Run:latest_only_with_trigger
[2024-10-08T12:44:45.310+0000] {logging_mixin.py:190} INFO - [2024-10-08T12:44:45.310+0000] {dag.py:3229} INFO - Sync 1 DAGs
[2024-10-08T12:44:45.334+0000] {logging_mixin.py:190} INFO - [2024-10-08T12:44:45.334+0000] {dag.py:3252} INFO - Creating ORM DAG for latest_only_with_trigger
[2024-10-08T12:44:45.357+0000] {logging_mixin.py:190} INFO - [2024-10-08T12:44:45.357+0000] {dag.py:4156} INFO - Setting next_dagrun for latest_only_with_trigger to 2024-10-08 08:00:00+00:00, run_after=2024-10-08 12:00:00+00:00
[2024-10-08T12:44:45.387+0000] {processor.py:208} INFO - Processing /home/airflow/.local/lib/python3.12/site-packages/airflow/example_dags/example_latest_only_with_trigger.py took 0.420 seconds
[2024-10-08T12:45:15.785+0000] {processor.py:186} INFO - Started process (PID=168) to work on /home/airflow/.local/lib/python3.12/site-packages/airflow/example_dags/example_latest_only_with_trigger.py
[2024-10-08T12:45:15.786+0000] {processor.py:914} INFO - Processing file /home/airflow/.local/lib/python3.12/site-packages/airflow/example_dags/example_latest_only_with_trigger.py for tasks to queue
[2024-10-08T12:45:15.791+0000] {logging_mixin.py:190} INFO - [2024-10-08T12:45:15.790+0000] {dagbag.py:587} INFO - Filling up the DagBag from /home/airflow/.local/lib/python3.12/site-packages/airflow/example_dags/example_latest_only_with_trigger.py
[2024-10-08T12:45:15.801+0000] {processor.py:925} INFO - DAG(s) 'latest_only_with_trigger' retrieved from /home/airflow/.local/lib/python3.12/site-packages/airflow/example_dags/example_latest_only_with_trigger.py
[2024-10-08T12:45:15.826+0000] {logging_mixin.py:190} INFO - [2024-10-08T12:45:15.825+0000] {dag.py:3229} INFO - Sync 1 DAGs
[2024-10-08T12:45:15.852+0000] {logging_mixin.py:190} INFO - [2024-10-08T12:45:15.851+0000] {dag.py:4156} INFO - Setting next_dagrun for latest_only_with_trigger to 2024-10-08 08:00:00+00:00, run_after=2024-10-08 12:00:00+00:00
[2024-10-08T12:45:15.876+0000] {processor.py:208} INFO - Processing /home/airflow/.local/lib/python3.12/site-packages/airflow/example_dags/example_latest_only_with_trigger.py took 0.099 seconds
[2024-10-08T12:45:46.284+0000] {processor.py:186} INFO - Started process (PID=230) to work on /home/airflow/.local/lib/python3.12/site-packages/airflow/example_dags/example_latest_only_with_trigger.py
[2024-10-08T12:45:46.287+0000] {processor.py:914} INFO - Processing file /home/airflow/.local/lib/python3.12/site-packages/airflow/example_dags/example_latest_only_with_trigger.py for tasks to queue
[2024-10-08T12:45:46.292+0000] {logging_mixin.py:190} INFO - [2024-10-08T12:45:46.291+0000] {dagbag.py:587} INFO - Filling up the DagBag from /home/airflow/.local/lib/python3.12/site-packages/airflow/example_dags/example_latest_only_with_trigger.py
[2024-10-08T12:45:46.307+0000] {processor.py:925} INFO - DAG(s) 'latest_only_with_trigger' retrieved from /home/airflow/.local/lib/python3.12/site-packages/airflow/example_dags/example_latest_only_with_trigger.py
[2024-10-08T12:45:46.338+0000] {logging_mixin.py:190} INFO - [2024-10-08T12:45:46.338+0000] {dag.py:3229} INFO - Sync 1 DAGs
[2024-10-08T12:45:46.371+0000] {logging_mixin.py:190} INFO - [2024-10-08T12:45:46.371+0000] {dag.py:4156} INFO - Setting next_dagrun for latest_only_with_trigger to 2024-10-08 08:00:00+00:00, run_after=2024-10-08 12:00:00+00:00
[2024-10-08T12:45:46.422+0000] {processor.py:208} INFO - Processing /home/airflow/.local/lib/python3.12/site-packages/airflow/example_dags/example_latest_only_with_trigger.py took 0.148 seconds
[2024-10-08T12:46:16.794+0000] {processor.py:186} INFO - Started process (PID=292) to work on /home/airflow/.local/lib/python3.12/site-packages/airflow/example_dags/example_latest_only_with_trigger.py
[2024-10-08T12:46:16.796+0000] {processor.py:914} INFO - Processing file /home/airflow/.local/lib/python3.12/site-packages/airflow/example_dags/example_latest_only_with_trigger.py for tasks to queue
[2024-10-08T12:46:16.801+0000] {logging_mixin.py:190} INFO - [2024-10-08T12:46:16.801+0000] {dagbag.py:587} INFO - Filling up the DagBag from /home/airflow/.local/lib/python3.12/site-packages/airflow/example_dags/example_latest_only_with_trigger.py
[2024-10-08T12:46:16.814+0000] {processor.py:925} INFO - DAG(s) 'latest_only_with_trigger' retrieved from /home/airflow/.local/lib/python3.12/site-packages/airflow/example_dags/example_latest_only_with_trigger.py
[2024-10-08T12:46:16.851+0000] {logging_mixin.py:190} INFO - [2024-10-08T12:46:16.851+0000] {dag.py:3229} INFO - Sync 1 DAGs
[2024-10-08T12:46:16.887+0000] {logging_mixin.py:190} INFO - [2024-10-08T12:46:16.886+0000] {dag.py:4156} INFO - Setting next_dagrun for latest_only_with_trigger to 2024-10-08 08:00:00+00:00, run_after=2024-10-08 12:00:00+00:00
[2024-10-08T12:46:16.936+0000] {processor.py:208} INFO - Processing /home/airflow/.local/lib/python3.12/site-packages/airflow/example_dags/example_latest_only_with_trigger.py took 0.151 seconds
[2024-10-08T12:46:47.522+0000] {processor.py:186} INFO - Started process (PID=348) to work on /home/airflow/.local/lib/python3.12/site-packages/airflow/example_dags/example_latest_only_with_trigger.py
[2024-10-08T12:46:47.524+0000] {processor.py:914} INFO - Processing file /home/airflow/.local/lib/python3.12/site-packages/airflow/example_dags/example_latest_only_with_trigger.py for tasks to queue
[2024-10-08T12:46:47.527+0000] {logging_mixin.py:190} INFO - [2024-10-08T12:46:47.527+0000] {dagbag.py:587} INFO - Filling up the DagBag from /home/airflow/.local/lib/python3.12/site-packages/airflow/example_dags/example_latest_only_with_trigger.py
[2024-10-08T12:46:47.537+0000] {processor.py:925} INFO - DAG(s) 'latest_only_with_trigger' retrieved from /home/airflow/.local/lib/python3.12/site-packages/airflow/example_dags/example_latest_only_with_trigger.py
[2024-10-08T12:46:47.563+0000] {logging_mixin.py:190} INFO - [2024-10-08T12:46:47.563+0000] {dag.py:3229} INFO - Sync 1 DAGs
[2024-10-08T12:46:47.588+0000] {logging_mixin.py:190} INFO - [2024-10-08T12:46:47.588+0000] {dag.py:4156} INFO - Setting next_dagrun for latest_only_with_trigger to 2024-10-08 08:00:00+00:00, run_after=2024-10-08 12:00:00+00:00
[2024-10-08T12:46:47.612+0000] {processor.py:208} INFO - Processing /home/airflow/.local/lib/python3.12/site-packages/airflow/example_dags/example_latest_only_with_trigger.py took 0.096 seconds
[2024-10-08T12:47:18.444+0000] {processor.py:186} INFO - Started process (PID=410) to work on /home/airflow/.local/lib/python3.12/site-packages/airflow/example_dags/example_latest_only_with_trigger.py
[2024-10-08T12:47:18.445+0000] {processor.py:914} INFO - Processing file /home/airflow/.local/lib/python3.12/site-packages/airflow/example_dags/example_latest_only_with_trigger.py for tasks to queue
[2024-10-08T12:47:18.450+0000] {logging_mixin.py:190} INFO - [2024-10-08T12:47:18.449+0000] {dagbag.py:587} INFO - Filling up the DagBag from /home/airflow/.local/lib/python3.12/site-packages/airflow/example_dags/example_latest_only_with_trigger.py
[2024-10-08T12:47:18.462+0000] {processor.py:925} INFO - DAG(s) 'latest_only_with_trigger' retrieved from /home/airflow/.local/lib/python3.12/site-packages/airflow/example_dags/example_latest_only_with_trigger.py
[2024-10-08T12:47:18.496+0000] {logging_mixin.py:190} INFO - [2024-10-08T12:47:18.495+0000] {dag.py:3229} INFO - Sync 1 DAGs
[2024-10-08T12:47:18.531+0000] {logging_mixin.py:190} INFO - [2024-10-08T12:47:18.531+0000] {dag.py:4156} INFO - Setting next_dagrun for latest_only_with_trigger to 2024-10-08 08:00:00+00:00, run_after=2024-10-08 12:00:00+00:00
[2024-10-08T12:47:18.561+0000] {processor.py:208} INFO - Processing /home/airflow/.local/lib/python3.12/site-packages/airflow/example_dags/example_latest_only_with_trigger.py took 0.127 seconds
