[2024-10-08T12:44:44.356+0000] {processor.py:186} INFO - Started process (PID=104) to work on /home/airflow/.local/lib/python3.12/site-packages/airflow/example_dags/example_workday_timetable.py
[2024-10-08T12:44:44.359+0000] {processor.py:914} INFO - Processing file /home/airflow/.local/lib/python3.12/site-packages/airflow/example_dags/example_workday_timetable.py for tasks to queue
[2024-10-08T12:44:44.367+0000] {logging_mixin.py:190} INFO - [2024-10-08T12:44:44.366+0000] {dagbag.py:587} INFO - Filling up the DagBag from /home/airflow/.local/lib/python3.12/site-packages/airflow/example_dags/example_workday_timetable.py
[2024-10-08T12:44:44.402+0000] {processor.py:925} INFO - DAG(s) 'example_workday_timetable' retrieved from /home/airflow/.local/lib/python3.12/site-packages/airflow/example_dags/example_workday_timetable.py
[2024-10-08T12:44:44.642+0000] {logging_mixin.py:190} INFO - [2024-10-08T12:44:44.641+0000] {override.py:1900} INFO - Created Permission View: can read on DAG:example_workday_timetable
[2024-10-08T12:44:44.665+0000] {logging_mixin.py:190} INFO - [2024-10-08T12:44:44.664+0000] {override.py:1900} INFO - Created Permission View: can delete on DAG:example_workday_timetable
[2024-10-08T12:44:44.678+0000] {logging_mixin.py:190} INFO - [2024-10-08T12:44:44.678+0000] {override.py:1900} INFO - Created Permission View: can edit on DAG:example_workday_timetable
[2024-10-08T12:44:44.696+0000] {logging_mixin.py:190} INFO - [2024-10-08T12:44:44.696+0000] {override.py:1900} INFO - Created Permission View: can read on DAG Run:example_workday_timetable
[2024-10-08T12:44:44.711+0000] {logging_mixin.py:190} INFO - [2024-10-08T12:44:44.711+0000] {override.py:1900} INFO - Created Permission View: can create on DAG Run:example_workday_timetable
[2024-10-08T12:44:44.729+0000] {logging_mixin.py:190} INFO - [2024-10-08T12:44:44.728+0000] {override.py:1900} INFO - Created Permission View: menu access on DAG Run:example_workday_timetable
[2024-10-08T12:44:44.744+0000] {logging_mixin.py:190} INFO - [2024-10-08T12:44:44.744+0000] {override.py:1900} INFO - Created Permission View: can delete on DAG Run:example_workday_timetable
[2024-10-08T12:44:44.745+0000] {logging_mixin.py:190} INFO - [2024-10-08T12:44:44.745+0000] {dag.py:3229} INFO - Sync 1 DAGs
[2024-10-08T12:44:44.769+0000] {logging_mixin.py:190} INFO - [2024-10-08T12:44:44.769+0000] {dag.py:3252} INFO - Creating ORM DAG for example_workday_timetable
[2024-10-08T12:44:44.884+0000] {logging_mixin.py:190} INFO - [2024-10-08T12:44:44.884+0000] {dag.py:4156} INFO - Setting next_dagrun for example_workday_timetable to 2021-01-04 00:00:00+00:00, run_after=2021-01-05 00:00:00+00:00
[2024-10-08T12:44:44.917+0000] {processor.py:208} INFO - Processing /home/airflow/.local/lib/python3.12/site-packages/airflow/example_dags/example_workday_timetable.py took 0.575 seconds
[2024-10-08T12:45:15.333+0000] {processor.py:186} INFO - Started process (PID=166) to work on /home/airflow/.local/lib/python3.12/site-packages/airflow/example_dags/example_workday_timetable.py
[2024-10-08T12:45:15.334+0000] {processor.py:914} INFO - Processing file /home/airflow/.local/lib/python3.12/site-packages/airflow/example_dags/example_workday_timetable.py for tasks to queue
[2024-10-08T12:45:15.337+0000] {logging_mixin.py:190} INFO - [2024-10-08T12:45:15.337+0000] {dagbag.py:587} INFO - Filling up the DagBag from /home/airflow/.local/lib/python3.12/site-packages/airflow/example_dags/example_workday_timetable.py
[2024-10-08T12:45:15.343+0000] {processor.py:925} INFO - DAG(s) 'example_workday_timetable' retrieved from /home/airflow/.local/lib/python3.12/site-packages/airflow/example_dags/example_workday_timetable.py
[2024-10-08T12:45:15.375+0000] {logging_mixin.py:190} INFO - [2024-10-08T12:45:15.375+0000] {dag.py:3229} INFO - Sync 1 DAGs
[2024-10-08T12:45:15.469+0000] {logging_mixin.py:190} INFO - [2024-10-08T12:45:15.469+0000] {dag.py:4156} INFO - Setting next_dagrun for example_workday_timetable to 2021-01-04 00:00:00+00:00, run_after=2021-01-05 00:00:00+00:00
[2024-10-08T12:45:15.508+0000] {processor.py:208} INFO - Processing /home/airflow/.local/lib/python3.12/site-packages/airflow/example_dags/example_workday_timetable.py took 0.181 seconds
[2024-10-08T12:45:46.020+0000] {processor.py:186} INFO - Started process (PID=228) to work on /home/airflow/.local/lib/python3.12/site-packages/airflow/example_dags/example_workday_timetable.py
[2024-10-08T12:45:46.023+0000] {processor.py:914} INFO - Processing file /home/airflow/.local/lib/python3.12/site-packages/airflow/example_dags/example_workday_timetable.py for tasks to queue
[2024-10-08T12:45:46.028+0000] {logging_mixin.py:190} INFO - [2024-10-08T12:45:46.027+0000] {dagbag.py:587} INFO - Filling up the DagBag from /home/airflow/.local/lib/python3.12/site-packages/airflow/example_dags/example_workday_timetable.py
[2024-10-08T12:45:46.039+0000] {processor.py:925} INFO - DAG(s) 'example_workday_timetable' retrieved from /home/airflow/.local/lib/python3.12/site-packages/airflow/example_dags/example_workday_timetable.py
[2024-10-08T12:45:46.091+0000] {logging_mixin.py:190} INFO - [2024-10-08T12:45:46.090+0000] {dag.py:3229} INFO - Sync 1 DAGs
[2024-10-08T12:45:46.172+0000] {logging_mixin.py:190} INFO - [2024-10-08T12:45:46.171+0000] {dag.py:4156} INFO - Setting next_dagrun for example_workday_timetable to 2021-01-04 00:00:00+00:00, run_after=2021-01-05 00:00:00+00:00
[2024-10-08T12:45:46.210+0000] {processor.py:208} INFO - Processing /home/airflow/.local/lib/python3.12/site-packages/airflow/example_dags/example_workday_timetable.py took 0.203 seconds
[2024-10-08T12:46:16.539+0000] {processor.py:186} INFO - Started process (PID=284) to work on /home/airflow/.local/lib/python3.12/site-packages/airflow/example_dags/example_workday_timetable.py
[2024-10-08T12:46:16.542+0000] {processor.py:914} INFO - Processing file /home/airflow/.local/lib/python3.12/site-packages/airflow/example_dags/example_workday_timetable.py for tasks to queue
[2024-10-08T12:46:16.547+0000] {logging_mixin.py:190} INFO - [2024-10-08T12:46:16.546+0000] {dagbag.py:587} INFO - Filling up the DagBag from /home/airflow/.local/lib/python3.12/site-packages/airflow/example_dags/example_workday_timetable.py
[2024-10-08T12:46:16.555+0000] {processor.py:925} INFO - DAG(s) 'example_workday_timetable' retrieved from /home/airflow/.local/lib/python3.12/site-packages/airflow/example_dags/example_workday_timetable.py
[2024-10-08T12:46:16.580+0000] {logging_mixin.py:190} INFO - [2024-10-08T12:46:16.580+0000] {dag.py:3229} INFO - Sync 1 DAGs
[2024-10-08T12:46:16.677+0000] {logging_mixin.py:190} INFO - [2024-10-08T12:46:16.677+0000] {dag.py:4156} INFO - Setting next_dagrun for example_workday_timetable to 2021-01-04 00:00:00+00:00, run_after=2021-01-05 00:00:00+00:00
[2024-10-08T12:46:16.714+0000] {processor.py:208} INFO - Processing /home/airflow/.local/lib/python3.12/site-packages/airflow/example_dags/example_workday_timetable.py took 0.186 seconds
[2024-10-08T12:46:47.314+0000] {processor.py:186} INFO - Started process (PID=346) to work on /home/airflow/.local/lib/python3.12/site-packages/airflow/example_dags/example_workday_timetable.py
[2024-10-08T12:46:47.317+0000] {processor.py:914} INFO - Processing file /home/airflow/.local/lib/python3.12/site-packages/airflow/example_dags/example_workday_timetable.py for tasks to queue
[2024-10-08T12:46:47.321+0000] {logging_mixin.py:190} INFO - [2024-10-08T12:46:47.320+0000] {dagbag.py:587} INFO - Filling up the DagBag from /home/airflow/.local/lib/python3.12/site-packages/airflow/example_dags/example_workday_timetable.py
[2024-10-08T12:46:47.332+0000] {processor.py:925} INFO - DAG(s) 'example_workday_timetable' retrieved from /home/airflow/.local/lib/python3.12/site-packages/airflow/example_dags/example_workday_timetable.py
[2024-10-08T12:46:47.367+0000] {logging_mixin.py:190} INFO - [2024-10-08T12:46:47.366+0000] {dag.py:3229} INFO - Sync 1 DAGs
[2024-10-08T12:46:47.424+0000] {logging_mixin.py:190} INFO - [2024-10-08T12:46:47.423+0000] {dag.py:4156} INFO - Setting next_dagrun for example_workday_timetable to 2021-01-04 00:00:00+00:00, run_after=2021-01-05 00:00:00+00:00
[2024-10-08T12:46:47.457+0000] {processor.py:208} INFO - Processing /home/airflow/.local/lib/python3.12/site-packages/airflow/example_dags/example_workday_timetable.py took 0.154 seconds
[2024-10-08T12:47:18.209+0000] {processor.py:186} INFO - Started process (PID=408) to work on /home/airflow/.local/lib/python3.12/site-packages/airflow/example_dags/example_workday_timetable.py
[2024-10-08T12:47:18.213+0000] {processor.py:914} INFO - Processing file /home/airflow/.local/lib/python3.12/site-packages/airflow/example_dags/example_workday_timetable.py for tasks to queue
[2024-10-08T12:47:18.221+0000] {logging_mixin.py:190} INFO - [2024-10-08T12:47:18.220+0000] {dagbag.py:587} INFO - Filling up the DagBag from /home/airflow/.local/lib/python3.12/site-packages/airflow/example_dags/example_workday_timetable.py
[2024-10-08T12:47:18.240+0000] {processor.py:925} INFO - DAG(s) 'example_workday_timetable' retrieved from /home/airflow/.local/lib/python3.12/site-packages/airflow/example_dags/example_workday_timetable.py
[2024-10-08T12:47:18.280+0000] {logging_mixin.py:190} INFO - [2024-10-08T12:47:18.280+0000] {dag.py:3229} INFO - Sync 1 DAGs
[2024-10-08T12:47:18.403+0000] {logging_mixin.py:190} INFO - [2024-10-08T12:47:18.402+0000] {dag.py:4156} INFO - Setting next_dagrun for example_workday_timetable to 2021-01-04 00:00:00+00:00, run_after=2021-01-05 00:00:00+00:00
[2024-10-08T12:47:18.433+0000] {processor.py:208} INFO - Processing /home/airflow/.local/lib/python3.12/site-packages/airflow/example_dags/example_workday_timetable.py took 0.234 seconds
