[2024-10-08T12:44:45.502+0000] {processor.py:186} INFO - Started process (PID=109) to work on /home/airflow/.local/lib/python3.12/site-packages/airflow/example_dags/example_bash_decorator.py
[2024-10-08T12:44:45.504+0000] {processor.py:914} INFO - Processing file /home/airflow/.local/lib/python3.12/site-packages/airflow/example_dags/example_bash_decorator.py for tasks to queue
[2024-10-08T12:44:45.512+0000] {logging_mixin.py:190} INFO - [2024-10-08T12:44:45.511+0000] {dagbag.py:587} INFO - Filling up the DagBag from /home/airflow/.local/lib/python3.12/site-packages/airflow/example_dags/example_bash_decorator.py
[2024-10-08T12:44:45.569+0000] {processor.py:925} INFO - DAG(s) 'example_bash_decorator' retrieved from /home/airflow/.local/lib/python3.12/site-packages/airflow/example_dags/example_bash_decorator.py
[2024-10-08T12:44:45.793+0000] {logging_mixin.py:190} INFO - [2024-10-08T12:44:45.792+0000] {override.py:1900} INFO - Created Permission View: can read on DAG:example_bash_decorator
[2024-10-08T12:44:45.813+0000] {logging_mixin.py:190} INFO - [2024-10-08T12:44:45.813+0000] {override.py:1900} INFO - Created Permission View: can delete on DAG:example_bash_decorator
[2024-10-08T12:44:45.828+0000] {logging_mixin.py:190} INFO - [2024-10-08T12:44:45.827+0000] {override.py:1900} INFO - Created Permission View: can edit on DAG:example_bash_decorator
[2024-10-08T12:44:45.843+0000] {logging_mixin.py:190} INFO - [2024-10-08T12:44:45.842+0000] {override.py:1900} INFO - Created Permission View: can read on DAG Run:example_bash_decorator
[2024-10-08T12:44:45.856+0000] {logging_mixin.py:190} INFO - [2024-10-08T12:44:45.856+0000] {override.py:1900} INFO - Created Permission View: can create on DAG Run:example_bash_decorator
[2024-10-08T12:44:45.871+0000] {logging_mixin.py:190} INFO - [2024-10-08T12:44:45.870+0000] {override.py:1900} INFO - Created Permission View: menu access on DAG Run:example_bash_decorator
[2024-10-08T12:44:45.884+0000] {logging_mixin.py:190} INFO - [2024-10-08T12:44:45.883+0000] {override.py:1900} INFO - Created Permission View: can delete on DAG Run:example_bash_decorator
[2024-10-08T12:44:45.885+0000] {logging_mixin.py:190} INFO - [2024-10-08T12:44:45.885+0000] {dag.py:3229} INFO - Sync 1 DAGs
[2024-10-08T12:44:45.920+0000] {logging_mixin.py:190} INFO - [2024-10-08T12:44:45.919+0000] {dag.py:3252} INFO - Creating ORM DAG for example_bash_decorator
[2024-10-08T12:44:45.922+0000] {logging_mixin.py:190} INFO - [2024-10-08T12:44:45.922+0000] {dag.py:4156} INFO - Setting next_dagrun for example_bash_decorator to None, run_after=None
[2024-10-08T12:44:45.956+0000] {processor.py:208} INFO - Processing /home/airflow/.local/lib/python3.12/site-packages/airflow/example_dags/example_bash_decorator.py took 0.465 seconds
[2024-10-08T12:45:16.837+0000] {processor.py:186} INFO - Started process (PID=171) to work on /home/airflow/.local/lib/python3.12/site-packages/airflow/example_dags/example_bash_decorator.py
[2024-10-08T12:45:16.839+0000] {processor.py:914} INFO - Processing file /home/airflow/.local/lib/python3.12/site-packages/airflow/example_dags/example_bash_decorator.py for tasks to queue
[2024-10-08T12:45:16.844+0000] {logging_mixin.py:190} INFO - [2024-10-08T12:45:16.843+0000] {dagbag.py:587} INFO - Filling up the DagBag from /home/airflow/.local/lib/python3.12/site-packages/airflow/example_dags/example_bash_decorator.py
[2024-10-08T12:45:16.865+0000] {processor.py:925} INFO - DAG(s) 'example_bash_decorator' retrieved from /home/airflow/.local/lib/python3.12/site-packages/airflow/example_dags/example_bash_decorator.py
[2024-10-08T12:45:16.902+0000] {logging_mixin.py:190} INFO - [2024-10-08T12:45:16.902+0000] {dag.py:3229} INFO - Sync 1 DAGs
[2024-10-08T12:45:16.923+0000] {logging_mixin.py:190} INFO - [2024-10-08T12:45:16.922+0000] {dag.py:4156} INFO - Setting next_dagrun for example_bash_decorator to None, run_after=None
[2024-10-08T12:45:16.957+0000] {processor.py:208} INFO - Processing /home/airflow/.local/lib/python3.12/site-packages/airflow/example_dags/example_bash_decorator.py took 0.128 seconds
[2024-10-08T12:45:47.538+0000] {processor.py:186} INFO - Started process (PID=233) to work on /home/airflow/.local/lib/python3.12/site-packages/airflow/example_dags/example_bash_decorator.py
[2024-10-08T12:45:47.540+0000] {processor.py:914} INFO - Processing file /home/airflow/.local/lib/python3.12/site-packages/airflow/example_dags/example_bash_decorator.py for tasks to queue
[2024-10-08T12:45:47.545+0000] {logging_mixin.py:190} INFO - [2024-10-08T12:45:47.544+0000] {dagbag.py:587} INFO - Filling up the DagBag from /home/airflow/.local/lib/python3.12/site-packages/airflow/example_dags/example_bash_decorator.py
[2024-10-08T12:45:47.576+0000] {processor.py:925} INFO - DAG(s) 'example_bash_decorator' retrieved from /home/airflow/.local/lib/python3.12/site-packages/airflow/example_dags/example_bash_decorator.py
[2024-10-08T12:45:47.613+0000] {logging_mixin.py:190} INFO - [2024-10-08T12:45:47.613+0000] {dag.py:3229} INFO - Sync 1 DAGs
[2024-10-08T12:45:47.631+0000] {logging_mixin.py:190} INFO - [2024-10-08T12:45:47.630+0000] {dag.py:4156} INFO - Setting next_dagrun for example_bash_decorator to None, run_after=None
[2024-10-08T12:45:47.655+0000] {processor.py:208} INFO - Processing /home/airflow/.local/lib/python3.12/site-packages/airflow/example_dags/example_bash_decorator.py took 0.126 seconds
[2024-10-08T12:46:18.049+0000] {processor.py:186} INFO - Started process (PID=295) to work on /home/airflow/.local/lib/python3.12/site-packages/airflow/example_dags/example_bash_decorator.py
[2024-10-08T12:46:18.050+0000] {processor.py:914} INFO - Processing file /home/airflow/.local/lib/python3.12/site-packages/airflow/example_dags/example_bash_decorator.py for tasks to queue
[2024-10-08T12:46:18.056+0000] {logging_mixin.py:190} INFO - [2024-10-08T12:46:18.055+0000] {dagbag.py:587} INFO - Filling up the DagBag from /home/airflow/.local/lib/python3.12/site-packages/airflow/example_dags/example_bash_decorator.py
[2024-10-08T12:46:18.076+0000] {processor.py:925} INFO - DAG(s) 'example_bash_decorator' retrieved from /home/airflow/.local/lib/python3.12/site-packages/airflow/example_dags/example_bash_decorator.py
[2024-10-08T12:46:18.148+0000] {logging_mixin.py:190} INFO - [2024-10-08T12:46:18.144+0000] {dag.py:3229} INFO - Sync 1 DAGs
[2024-10-08T12:46:18.174+0000] {logging_mixin.py:190} INFO - [2024-10-08T12:46:18.174+0000] {dag.py:4156} INFO - Setting next_dagrun for example_bash_decorator to None, run_after=None
[2024-10-08T12:46:18.208+0000] {processor.py:208} INFO - Processing /home/airflow/.local/lib/python3.12/site-packages/airflow/example_dags/example_bash_decorator.py took 0.170 seconds
[2024-10-08T12:46:48.729+0000] {processor.py:186} INFO - Started process (PID=357) to work on /home/airflow/.local/lib/python3.12/site-packages/airflow/example_dags/example_bash_decorator.py
[2024-10-08T12:46:48.732+0000] {processor.py:914} INFO - Processing file /home/airflow/.local/lib/python3.12/site-packages/airflow/example_dags/example_bash_decorator.py for tasks to queue
[2024-10-08T12:46:48.736+0000] {logging_mixin.py:190} INFO - [2024-10-08T12:46:48.736+0000] {dagbag.py:587} INFO - Filling up the DagBag from /home/airflow/.local/lib/python3.12/site-packages/airflow/example_dags/example_bash_decorator.py
[2024-10-08T12:46:48.757+0000] {processor.py:925} INFO - DAG(s) 'example_bash_decorator' retrieved from /home/airflow/.local/lib/python3.12/site-packages/airflow/example_dags/example_bash_decorator.py
[2024-10-08T12:46:48.786+0000] {logging_mixin.py:190} INFO - [2024-10-08T12:46:48.785+0000] {dag.py:3229} INFO - Sync 1 DAGs
[2024-10-08T12:46:48.800+0000] {logging_mixin.py:190} INFO - [2024-10-08T12:46:48.800+0000] {dag.py:4156} INFO - Setting next_dagrun for example_bash_decorator to None, run_after=None
[2024-10-08T12:46:48.836+0000] {processor.py:208} INFO - Processing /home/airflow/.local/lib/python3.12/site-packages/airflow/example_dags/example_bash_decorator.py took 0.117 seconds
[2024-10-08T12:47:19.669+0000] {processor.py:186} INFO - Started process (PID=419) to work on /home/airflow/.local/lib/python3.12/site-packages/airflow/example_dags/example_bash_decorator.py
[2024-10-08T12:47:19.672+0000] {processor.py:914} INFO - Processing file /home/airflow/.local/lib/python3.12/site-packages/airflow/example_dags/example_bash_decorator.py for tasks to queue
[2024-10-08T12:47:19.679+0000] {logging_mixin.py:190} INFO - [2024-10-08T12:47:19.678+0000] {dagbag.py:587} INFO - Filling up the DagBag from /home/airflow/.local/lib/python3.12/site-packages/airflow/example_dags/example_bash_decorator.py
[2024-10-08T12:47:19.707+0000] {processor.py:925} INFO - DAG(s) 'example_bash_decorator' retrieved from /home/airflow/.local/lib/python3.12/site-packages/airflow/example_dags/example_bash_decorator.py
[2024-10-08T12:47:19.741+0000] {logging_mixin.py:190} INFO - [2024-10-08T12:47:19.741+0000] {dag.py:3229} INFO - Sync 1 DAGs
[2024-10-08T12:47:19.758+0000] {logging_mixin.py:190} INFO - [2024-10-08T12:47:19.758+0000] {dag.py:4156} INFO - Setting next_dagrun for example_bash_decorator to None, run_after=None
[2024-10-08T12:47:19.792+0000] {processor.py:208} INFO - Processing /home/airflow/.local/lib/python3.12/site-packages/airflow/example_dags/example_bash_decorator.py took 0.136 seconds
