[2024-10-08T12:44:43.297+0000] {processor.py:186} INFO - Started process (PID=101) to work on /home/airflow/.local/lib/python3.12/site-packages/airflow/example_dags/example_task_group_decorator.py
[2024-10-08T12:44:43.299+0000] {processor.py:914} INFO - Processing file /home/airflow/.local/lib/python3.12/site-packages/airflow/example_dags/example_task_group_decorator.py for tasks to queue
[2024-10-08T12:44:43.305+0000] {logging_mixin.py:190} INFO - [2024-10-08T12:44:43.304+0000] {dagbag.py:587} INFO - Filling up the DagBag from /home/airflow/.local/lib/python3.12/site-packages/airflow/example_dags/example_task_group_decorator.py
[2024-10-08T12:44:43.349+0000] {processor.py:925} INFO - DAG(s) 'example_task_group_decorator' retrieved from /home/airflow/.local/lib/python3.12/site-packages/airflow/example_dags/example_task_group_decorator.py
[2024-10-08T12:44:43.637+0000] {logging_mixin.py:190} INFO - [2024-10-08T12:44:43.635+0000] {override.py:1900} INFO - Created Permission View: can read on DAG:example_task_group_decorator
[2024-10-08T12:44:43.665+0000] {logging_mixin.py:190} INFO - [2024-10-08T12:44:43.665+0000] {override.py:1900} INFO - Created Permission View: can delete on DAG:example_task_group_decorator
[2024-10-08T12:44:43.681+0000] {logging_mixin.py:190} INFO - [2024-10-08T12:44:43.680+0000] {override.py:1900} INFO - Created Permission View: can edit on DAG:example_task_group_decorator
[2024-10-08T12:44:43.701+0000] {logging_mixin.py:190} INFO - [2024-10-08T12:44:43.701+0000] {override.py:1900} INFO - Created Permission View: can read on DAG Run:example_task_group_decorator
[2024-10-08T12:44:43.715+0000] {logging_mixin.py:190} INFO - [2024-10-08T12:44:43.715+0000] {override.py:1900} INFO - Created Permission View: can create on DAG Run:example_task_group_decorator
[2024-10-08T12:44:43.730+0000] {logging_mixin.py:190} INFO - [2024-10-08T12:44:43.729+0000] {override.py:1900} INFO - Created Permission View: menu access on DAG Run:example_task_group_decorator
[2024-10-08T12:44:43.744+0000] {logging_mixin.py:190} INFO - [2024-10-08T12:44:43.743+0000] {override.py:1900} INFO - Created Permission View: can delete on DAG Run:example_task_group_decorator
[2024-10-08T12:44:43.745+0000] {logging_mixin.py:190} INFO - [2024-10-08T12:44:43.745+0000] {dag.py:3229} INFO - Sync 1 DAGs
[2024-10-08T12:44:43.771+0000] {logging_mixin.py:190} INFO - [2024-10-08T12:44:43.770+0000] {dag.py:3252} INFO - Creating ORM DAG for example_task_group_decorator
[2024-10-08T12:44:43.773+0000] {logging_mixin.py:190} INFO - [2024-10-08T12:44:43.772+0000] {dag.py:4156} INFO - Setting next_dagrun for example_task_group_decorator to None, run_after=None
[2024-10-08T12:44:43.806+0000] {processor.py:208} INFO - Processing /home/airflow/.local/lib/python3.12/site-packages/airflow/example_dags/example_task_group_decorator.py took 0.526 seconds
[2024-10-08T12:45:14.161+0000] {processor.py:186} INFO - Started process (PID=163) to work on /home/airflow/.local/lib/python3.12/site-packages/airflow/example_dags/example_task_group_decorator.py
[2024-10-08T12:45:14.163+0000] {processor.py:914} INFO - Processing file /home/airflow/.local/lib/python3.12/site-packages/airflow/example_dags/example_task_group_decorator.py for tasks to queue
[2024-10-08T12:45:14.166+0000] {logging_mixin.py:190} INFO - [2024-10-08T12:45:14.166+0000] {dagbag.py:587} INFO - Filling up the DagBag from /home/airflow/.local/lib/python3.12/site-packages/airflow/example_dags/example_task_group_decorator.py
[2024-10-08T12:45:14.185+0000] {processor.py:925} INFO - DAG(s) 'example_task_group_decorator' retrieved from /home/airflow/.local/lib/python3.12/site-packages/airflow/example_dags/example_task_group_decorator.py
[2024-10-08T12:45:14.214+0000] {logging_mixin.py:190} INFO - [2024-10-08T12:45:14.213+0000] {dag.py:3229} INFO - Sync 1 DAGs
[2024-10-08T12:45:14.231+0000] {logging_mixin.py:190} INFO - [2024-10-08T12:45:14.231+0000] {dag.py:4156} INFO - Setting next_dagrun for example_task_group_decorator to None, run_after=None
[2024-10-08T12:45:14.262+0000] {processor.py:208} INFO - Processing /home/airflow/.local/lib/python3.12/site-packages/airflow/example_dags/example_task_group_decorator.py took 0.109 seconds
[2024-10-08T12:45:44.589+0000] {processor.py:186} INFO - Started process (PID=219) to work on /home/airflow/.local/lib/python3.12/site-packages/airflow/example_dags/example_task_group_decorator.py
[2024-10-08T12:45:44.590+0000] {processor.py:914} INFO - Processing file /home/airflow/.local/lib/python3.12/site-packages/airflow/example_dags/example_task_group_decorator.py for tasks to queue
[2024-10-08T12:45:44.594+0000] {logging_mixin.py:190} INFO - [2024-10-08T12:45:44.593+0000] {dagbag.py:587} INFO - Filling up the DagBag from /home/airflow/.local/lib/python3.12/site-packages/airflow/example_dags/example_task_group_decorator.py
[2024-10-08T12:45:44.611+0000] {processor.py:925} INFO - DAG(s) 'example_task_group_decorator' retrieved from /home/airflow/.local/lib/python3.12/site-packages/airflow/example_dags/example_task_group_decorator.py
[2024-10-08T12:45:44.646+0000] {logging_mixin.py:190} INFO - [2024-10-08T12:45:44.646+0000] {dag.py:3229} INFO - Sync 1 DAGs
[2024-10-08T12:45:44.666+0000] {logging_mixin.py:190} INFO - [2024-10-08T12:45:44.666+0000] {dag.py:4156} INFO - Setting next_dagrun for example_task_group_decorator to None, run_after=None
[2024-10-08T12:45:44.693+0000] {processor.py:208} INFO - Processing /home/airflow/.local/lib/python3.12/site-packages/airflow/example_dags/example_task_group_decorator.py took 0.112 seconds
[2024-10-08T12:46:15.279+0000] {processor.py:186} INFO - Started process (PID=281) to work on /home/airflow/.local/lib/python3.12/site-packages/airflow/example_dags/example_task_group_decorator.py
[2024-10-08T12:46:15.281+0000] {processor.py:914} INFO - Processing file /home/airflow/.local/lib/python3.12/site-packages/airflow/example_dags/example_task_group_decorator.py for tasks to queue
[2024-10-08T12:46:15.284+0000] {logging_mixin.py:190} INFO - [2024-10-08T12:46:15.284+0000] {dagbag.py:587} INFO - Filling up the DagBag from /home/airflow/.local/lib/python3.12/site-packages/airflow/example_dags/example_task_group_decorator.py
[2024-10-08T12:46:15.306+0000] {processor.py:925} INFO - DAG(s) 'example_task_group_decorator' retrieved from /home/airflow/.local/lib/python3.12/site-packages/airflow/example_dags/example_task_group_decorator.py
[2024-10-08T12:46:15.342+0000] {logging_mixin.py:190} INFO - [2024-10-08T12:46:15.341+0000] {dag.py:3229} INFO - Sync 1 DAGs
[2024-10-08T12:46:15.360+0000] {logging_mixin.py:190} INFO - [2024-10-08T12:46:15.359+0000] {dag.py:4156} INFO - Setting next_dagrun for example_task_group_decorator to None, run_after=None
[2024-10-08T12:46:15.396+0000] {processor.py:208} INFO - Processing /home/airflow/.local/lib/python3.12/site-packages/airflow/example_dags/example_task_group_decorator.py took 0.125 seconds
[2024-10-08T12:46:46.089+0000] {processor.py:186} INFO - Started process (PID=343) to work on /home/airflow/.local/lib/python3.12/site-packages/airflow/example_dags/example_task_group_decorator.py
[2024-10-08T12:46:46.091+0000] {processor.py:914} INFO - Processing file /home/airflow/.local/lib/python3.12/site-packages/airflow/example_dags/example_task_group_decorator.py for tasks to queue
[2024-10-08T12:46:46.095+0000] {logging_mixin.py:190} INFO - [2024-10-08T12:46:46.094+0000] {dagbag.py:587} INFO - Filling up the DagBag from /home/airflow/.local/lib/python3.12/site-packages/airflow/example_dags/example_task_group_decorator.py
[2024-10-08T12:46:46.112+0000] {processor.py:925} INFO - DAG(s) 'example_task_group_decorator' retrieved from /home/airflow/.local/lib/python3.12/site-packages/airflow/example_dags/example_task_group_decorator.py
[2024-10-08T12:46:46.140+0000] {logging_mixin.py:190} INFO - [2024-10-08T12:46:46.139+0000] {dag.py:3229} INFO - Sync 1 DAGs
[2024-10-08T12:46:46.156+0000] {logging_mixin.py:190} INFO - [2024-10-08T12:46:46.156+0000] {dag.py:4156} INFO - Setting next_dagrun for example_task_group_decorator to None, run_after=None
[2024-10-08T12:46:46.187+0000] {processor.py:208} INFO - Processing /home/airflow/.local/lib/python3.12/site-packages/airflow/example_dags/example_task_group_decorator.py took 0.104 seconds
[2024-10-08T12:47:16.798+0000] {processor.py:186} INFO - Started process (PID=405) to work on /home/airflow/.local/lib/python3.12/site-packages/airflow/example_dags/example_task_group_decorator.py
[2024-10-08T12:47:16.799+0000] {processor.py:914} INFO - Processing file /home/airflow/.local/lib/python3.12/site-packages/airflow/example_dags/example_task_group_decorator.py for tasks to queue
[2024-10-08T12:47:16.803+0000] {logging_mixin.py:190} INFO - [2024-10-08T12:47:16.802+0000] {dagbag.py:587} INFO - Filling up the DagBag from /home/airflow/.local/lib/python3.12/site-packages/airflow/example_dags/example_task_group_decorator.py
[2024-10-08T12:47:16.823+0000] {processor.py:925} INFO - DAG(s) 'example_task_group_decorator' retrieved from /home/airflow/.local/lib/python3.12/site-packages/airflow/example_dags/example_task_group_decorator.py
[2024-10-08T12:47:16.861+0000] {logging_mixin.py:190} INFO - [2024-10-08T12:47:16.860+0000] {dag.py:3229} INFO - Sync 1 DAGs
[2024-10-08T12:47:16.883+0000] {logging_mixin.py:190} INFO - [2024-10-08T12:47:16.883+0000] {dag.py:4156} INFO - Setting next_dagrun for example_task_group_decorator to None, run_after=None
[2024-10-08T12:47:16.928+0000] {processor.py:208} INFO - Processing /home/airflow/.local/lib/python3.12/site-packages/airflow/example_dags/example_task_group_decorator.py took 0.137 seconds
