[2024-10-08T12:44:52.525+0000] {processor.py:186} INFO - Started process (PID=130) to work on /home/airflow/.local/lib/python3.12/site-packages/airflow/example_dags/example_python_operator.py
[2024-10-08T12:44:52.528+0000] {processor.py:914} INFO - Processing file /home/airflow/.local/lib/python3.12/site-packages/airflow/example_dags/example_python_operator.py for tasks to queue
[2024-10-08T12:44:52.534+0000] {logging_mixin.py:190} INFO - [2024-10-08T12:44:52.533+0000] {dagbag.py:587} INFO - Filling up the DagBag from /home/airflow/.local/lib/python3.12/site-packages/airflow/example_dags/example_python_operator.py
[2024-10-08T12:44:52.566+0000] {processor.py:925} INFO - DAG(s) 'example_python_operator' retrieved from /home/airflow/.local/lib/python3.12/site-packages/airflow/example_dags/example_python_operator.py
[2024-10-08T12:44:52.764+0000] {logging_mixin.py:190} INFO - [2024-10-08T12:44:52.763+0000] {override.py:1900} INFO - Created Permission View: can read on DAG:example_python_operator
[2024-10-08T12:44:52.784+0000] {logging_mixin.py:190} INFO - [2024-10-08T12:44:52.783+0000] {override.py:1900} INFO - Created Permission View: can delete on DAG:example_python_operator
[2024-10-08T12:44:52.800+0000] {logging_mixin.py:190} INFO - [2024-10-08T12:44:52.799+0000] {override.py:1900} INFO - Created Permission View: can edit on DAG:example_python_operator
[2024-10-08T12:44:52.821+0000] {logging_mixin.py:190} INFO - [2024-10-08T12:44:52.820+0000] {override.py:1900} INFO - Created Permission View: can read on DAG Run:example_python_operator
[2024-10-08T12:44:52.838+0000] {logging_mixin.py:190} INFO - [2024-10-08T12:44:52.837+0000] {override.py:1900} INFO - Created Permission View: can create on DAG Run:example_python_operator
[2024-10-08T12:44:52.852+0000] {logging_mixin.py:190} INFO - [2024-10-08T12:44:52.852+0000] {override.py:1900} INFO - Created Permission View: menu access on DAG Run:example_python_operator
[2024-10-08T12:44:52.868+0000] {logging_mixin.py:190} INFO - [2024-10-08T12:44:52.868+0000] {override.py:1900} INFO - Created Permission View: can delete on DAG Run:example_python_operator
[2024-10-08T12:44:52.869+0000] {logging_mixin.py:190} INFO - [2024-10-08T12:44:52.869+0000] {dag.py:3229} INFO - Sync 1 DAGs
[2024-10-08T12:44:52.901+0000] {logging_mixin.py:190} INFO - [2024-10-08T12:44:52.901+0000] {dag.py:3252} INFO - Creating ORM DAG for example_python_operator
[2024-10-08T12:44:52.904+0000] {logging_mixin.py:190} INFO - [2024-10-08T12:44:52.903+0000] {dag.py:4156} INFO - Setting next_dagrun for example_python_operator to None, run_after=None
[2024-10-08T12:44:52.941+0000] {processor.py:208} INFO - Processing /home/airflow/.local/lib/python3.12/site-packages/airflow/example_dags/example_python_operator.py took 0.428 seconds
[2024-10-08T12:45:23.872+0000] {processor.py:186} INFO - Started process (PID=192) to work on /home/airflow/.local/lib/python3.12/site-packages/airflow/example_dags/example_python_operator.py
[2024-10-08T12:45:23.874+0000] {processor.py:914} INFO - Processing file /home/airflow/.local/lib/python3.12/site-packages/airflow/example_dags/example_python_operator.py for tasks to queue
[2024-10-08T12:45:23.877+0000] {logging_mixin.py:190} INFO - [2024-10-08T12:45:23.877+0000] {dagbag.py:587} INFO - Filling up the DagBag from /home/airflow/.local/lib/python3.12/site-packages/airflow/example_dags/example_python_operator.py
[2024-10-08T12:45:23.896+0000] {processor.py:925} INFO - DAG(s) 'example_python_operator' retrieved from /home/airflow/.local/lib/python3.12/site-packages/airflow/example_dags/example_python_operator.py
[2024-10-08T12:45:23.923+0000] {logging_mixin.py:190} INFO - [2024-10-08T12:45:23.922+0000] {dag.py:3229} INFO - Sync 1 DAGs
[2024-10-08T12:45:23.940+0000] {logging_mixin.py:190} INFO - [2024-10-08T12:45:23.939+0000] {dag.py:4156} INFO - Setting next_dagrun for example_python_operator to None, run_after=None
[2024-10-08T12:45:23.977+0000] {processor.py:208} INFO - Processing /home/airflow/.local/lib/python3.12/site-packages/airflow/example_dags/example_python_operator.py took 0.114 seconds
[2024-10-08T12:45:55.425+0000] {processor.py:186} INFO - Started process (PID=254) to work on /home/airflow/.local/lib/python3.12/site-packages/airflow/example_dags/example_python_operator.py
[2024-10-08T12:45:55.428+0000] {processor.py:914} INFO - Processing file /home/airflow/.local/lib/python3.12/site-packages/airflow/example_dags/example_python_operator.py for tasks to queue
[2024-10-08T12:45:55.433+0000] {logging_mixin.py:190} INFO - [2024-10-08T12:45:55.432+0000] {dagbag.py:587} INFO - Filling up the DagBag from /home/airflow/.local/lib/python3.12/site-packages/airflow/example_dags/example_python_operator.py
[2024-10-08T12:45:55.453+0000] {processor.py:925} INFO - DAG(s) 'example_python_operator' retrieved from /home/airflow/.local/lib/python3.12/site-packages/airflow/example_dags/example_python_operator.py
[2024-10-08T12:45:55.492+0000] {logging_mixin.py:190} INFO - [2024-10-08T12:45:55.492+0000] {dag.py:3229} INFO - Sync 1 DAGs
[2024-10-08T12:45:55.523+0000] {logging_mixin.py:190} INFO - [2024-10-08T12:45:55.523+0000] {dag.py:4156} INFO - Setting next_dagrun for example_python_operator to None, run_after=None
[2024-10-08T12:45:55.561+0000] {processor.py:208} INFO - Processing /home/airflow/.local/lib/python3.12/site-packages/airflow/example_dags/example_python_operator.py took 0.147 seconds
[2024-10-08T12:46:26.486+0000] {processor.py:186} INFO - Started process (PID=316) to work on /home/airflow/.local/lib/python3.12/site-packages/airflow/example_dags/example_python_operator.py
[2024-10-08T12:46:26.488+0000] {processor.py:914} INFO - Processing file /home/airflow/.local/lib/python3.12/site-packages/airflow/example_dags/example_python_operator.py for tasks to queue
[2024-10-08T12:46:26.492+0000] {logging_mixin.py:190} INFO - [2024-10-08T12:46:26.492+0000] {dagbag.py:587} INFO - Filling up the DagBag from /home/airflow/.local/lib/python3.12/site-packages/airflow/example_dags/example_python_operator.py
[2024-10-08T12:46:26.512+0000] {processor.py:925} INFO - DAG(s) 'example_python_operator' retrieved from /home/airflow/.local/lib/python3.12/site-packages/airflow/example_dags/example_python_operator.py
[2024-10-08T12:46:26.551+0000] {logging_mixin.py:190} INFO - [2024-10-08T12:46:26.551+0000] {dag.py:3229} INFO - Sync 1 DAGs
[2024-10-08T12:46:26.577+0000] {logging_mixin.py:190} INFO - [2024-10-08T12:46:26.576+0000] {dag.py:4156} INFO - Setting next_dagrun for example_python_operator to None, run_after=None
[2024-10-08T12:46:26.618+0000] {processor.py:208} INFO - Processing /home/airflow/.local/lib/python3.12/site-packages/airflow/example_dags/example_python_operator.py took 0.140 seconds
[2024-10-08T12:46:57.597+0000] {processor.py:186} INFO - Started process (PID=378) to work on /home/airflow/.local/lib/python3.12/site-packages/airflow/example_dags/example_python_operator.py
[2024-10-08T12:46:57.599+0000] {processor.py:914} INFO - Processing file /home/airflow/.local/lib/python3.12/site-packages/airflow/example_dags/example_python_operator.py for tasks to queue
[2024-10-08T12:46:57.612+0000] {logging_mixin.py:190} INFO - [2024-10-08T12:46:57.611+0000] {dagbag.py:587} INFO - Filling up the DagBag from /home/airflow/.local/lib/python3.12/site-packages/airflow/example_dags/example_python_operator.py
[2024-10-08T12:46:57.627+0000] {processor.py:925} INFO - DAG(s) 'example_python_operator' retrieved from /home/airflow/.local/lib/python3.12/site-packages/airflow/example_dags/example_python_operator.py
[2024-10-08T12:46:57.649+0000] {logging_mixin.py:190} INFO - [2024-10-08T12:46:57.649+0000] {dag.py:3229} INFO - Sync 1 DAGs
[2024-10-08T12:46:57.662+0000] {logging_mixin.py:190} INFO - [2024-10-08T12:46:57.662+0000] {dag.py:4156} INFO - Setting next_dagrun for example_python_operator to None, run_after=None
[2024-10-08T12:46:57.696+0000] {processor.py:208} INFO - Processing /home/airflow/.local/lib/python3.12/site-packages/airflow/example_dags/example_python_operator.py took 0.105 seconds
[2024-10-08T12:47:28.051+0000] {processor.py:186} INFO - Started process (PID=440) to work on /home/airflow/.local/lib/python3.12/site-packages/airflow/example_dags/example_python_operator.py
[2024-10-08T12:47:28.052+0000] {processor.py:914} INFO - Processing file /home/airflow/.local/lib/python3.12/site-packages/airflow/example_dags/example_python_operator.py for tasks to queue
[2024-10-08T12:47:28.055+0000] {logging_mixin.py:190} INFO - [2024-10-08T12:47:28.054+0000] {dagbag.py:587} INFO - Filling up the DagBag from /home/airflow/.local/lib/python3.12/site-packages/airflow/example_dags/example_python_operator.py
[2024-10-08T12:47:28.067+0000] {processor.py:925} INFO - DAG(s) 'example_python_operator' retrieved from /home/airflow/.local/lib/python3.12/site-packages/airflow/example_dags/example_python_operator.py
[2024-10-08T12:47:28.088+0000] {logging_mixin.py:190} INFO - [2024-10-08T12:47:28.088+0000] {dag.py:3229} INFO - Sync 1 DAGs
[2024-10-08T12:47:28.105+0000] {logging_mixin.py:190} INFO - [2024-10-08T12:47:28.105+0000] {dag.py:4156} INFO - Setting next_dagrun for example_python_operator to None, run_after=None
[2024-10-08T12:47:28.139+0000] {processor.py:208} INFO - Processing /home/airflow/.local/lib/python3.12/site-packages/airflow/example_dags/example_python_operator.py took 0.094 seconds
