[2024-10-08T12:44:51.199+0000] {processor.py:186} INFO - Started process (PID=128) to work on /home/airflow/.local/lib/python3.12/site-packages/airflow/example_dags/example_sensor_decorator.py
[2024-10-08T12:44:51.202+0000] {processor.py:914} INFO - Processing file /home/airflow/.local/lib/python3.12/site-packages/airflow/example_dags/example_sensor_decorator.py for tasks to queue
[2024-10-08T12:44:51.212+0000] {logging_mixin.py:190} INFO - [2024-10-08T12:44:51.211+0000] {dagbag.py:587} INFO - Filling up the DagBag from /home/airflow/.local/lib/python3.12/site-packages/airflow/example_dags/example_sensor_decorator.py
[2024-10-08T12:44:51.230+0000] {processor.py:925} INFO - DAG(s) 'example_sensor_decorator' retrieved from /home/airflow/.local/lib/python3.12/site-packages/airflow/example_dags/example_sensor_decorator.py
[2024-10-08T12:44:51.505+0000] {logging_mixin.py:190} INFO - [2024-10-08T12:44:51.503+0000] {override.py:1900} INFO - Created Permission View: can read on DAG:example_sensor_decorator
[2024-10-08T12:44:51.529+0000] {logging_mixin.py:190} INFO - [2024-10-08T12:44:51.528+0000] {override.py:1900} INFO - Created Permission View: can delete on DAG:example_sensor_decorator
[2024-10-08T12:44:51.544+0000] {logging_mixin.py:190} INFO - [2024-10-08T12:44:51.544+0000] {override.py:1900} INFO - Created Permission View: can edit on DAG:example_sensor_decorator
[2024-10-08T12:44:52.237+0000] {logging_mixin.py:190} INFO - [2024-10-08T12:44:52.236+0000] {override.py:1900} INFO - Created Permission View: can read on DAG Run:example_sensor_decorator
[2024-10-08T12:44:52.253+0000] {logging_mixin.py:190} INFO - [2024-10-08T12:44:52.252+0000] {override.py:1900} INFO - Created Permission View: can create on DAG Run:example_sensor_decorator
[2024-10-08T12:44:52.269+0000] {logging_mixin.py:190} INFO - [2024-10-08T12:44:52.268+0000] {override.py:1900} INFO - Created Permission View: menu access on DAG Run:example_sensor_decorator
[2024-10-08T12:44:52.285+0000] {logging_mixin.py:190} INFO - [2024-10-08T12:44:52.284+0000] {override.py:1900} INFO - Created Permission View: can delete on DAG Run:example_sensor_decorator
[2024-10-08T12:44:52.286+0000] {logging_mixin.py:190} INFO - [2024-10-08T12:44:52.286+0000] {dag.py:3229} INFO - Sync 1 DAGs
[2024-10-08T12:44:52.313+0000] {logging_mixin.py:190} INFO - [2024-10-08T12:44:52.312+0000] {dag.py:3252} INFO - Creating ORM DAG for example_sensor_decorator
[2024-10-08T12:44:52.315+0000] {logging_mixin.py:190} INFO - [2024-10-08T12:44:52.315+0000] {dag.py:4156} INFO - Setting next_dagrun for example_sensor_decorator to None, run_after=None
[2024-10-08T12:44:52.348+0000] {processor.py:208} INFO - Processing /home/airflow/.local/lib/python3.12/site-packages/airflow/example_dags/example_sensor_decorator.py took 0.496 seconds
[2024-10-08T12:45:23.549+0000] {processor.py:186} INFO - Started process (PID=190) to work on /home/airflow/.local/lib/python3.12/site-packages/airflow/example_dags/example_sensor_decorator.py
[2024-10-08T12:45:23.551+0000] {processor.py:914} INFO - Processing file /home/airflow/.local/lib/python3.12/site-packages/airflow/example_dags/example_sensor_decorator.py for tasks to queue
[2024-10-08T12:45:23.555+0000] {logging_mixin.py:190} INFO - [2024-10-08T12:45:23.555+0000] {dagbag.py:587} INFO - Filling up the DagBag from /home/airflow/.local/lib/python3.12/site-packages/airflow/example_dags/example_sensor_decorator.py
[2024-10-08T12:45:23.566+0000] {processor.py:925} INFO - DAG(s) 'example_sensor_decorator' retrieved from /home/airflow/.local/lib/python3.12/site-packages/airflow/example_dags/example_sensor_decorator.py
[2024-10-08T12:45:23.595+0000] {logging_mixin.py:190} INFO - [2024-10-08T12:45:23.595+0000] {dag.py:3229} INFO - Sync 1 DAGs
[2024-10-08T12:45:23.611+0000] {logging_mixin.py:190} INFO - [2024-10-08T12:45:23.611+0000] {dag.py:4156} INFO - Setting next_dagrun for example_sensor_decorator to None, run_after=None
[2024-10-08T12:45:23.643+0000] {processor.py:208} INFO - Processing /home/airflow/.local/lib/python3.12/site-packages/airflow/example_dags/example_sensor_decorator.py took 0.100 seconds
[2024-10-08T12:45:55.055+0000] {processor.py:186} INFO - Started process (PID=252) to work on /home/airflow/.local/lib/python3.12/site-packages/airflow/example_dags/example_sensor_decorator.py
[2024-10-08T12:45:55.056+0000] {processor.py:914} INFO - Processing file /home/airflow/.local/lib/python3.12/site-packages/airflow/example_dags/example_sensor_decorator.py for tasks to queue
[2024-10-08T12:45:55.060+0000] {logging_mixin.py:190} INFO - [2024-10-08T12:45:55.059+0000] {dagbag.py:587} INFO - Filling up the DagBag from /home/airflow/.local/lib/python3.12/site-packages/airflow/example_dags/example_sensor_decorator.py
[2024-10-08T12:45:55.069+0000] {processor.py:925} INFO - DAG(s) 'example_sensor_decorator' retrieved from /home/airflow/.local/lib/python3.12/site-packages/airflow/example_dags/example_sensor_decorator.py
[2024-10-08T12:45:55.096+0000] {logging_mixin.py:190} INFO - [2024-10-08T12:45:55.096+0000] {dag.py:3229} INFO - Sync 1 DAGs
[2024-10-08T12:45:55.110+0000] {logging_mixin.py:190} INFO - [2024-10-08T12:45:55.110+0000] {dag.py:4156} INFO - Setting next_dagrun for example_sensor_decorator to None, run_after=None
[2024-10-08T12:45:55.142+0000] {processor.py:208} INFO - Processing /home/airflow/.local/lib/python3.12/site-packages/airflow/example_dags/example_sensor_decorator.py took 0.094 seconds
[2024-10-08T12:46:25.289+0000] {processor.py:186} INFO - Started process (PID=313) to work on /home/airflow/.local/lib/python3.12/site-packages/airflow/example_dags/example_sensor_decorator.py
[2024-10-08T12:46:25.292+0000] {processor.py:914} INFO - Processing file /home/airflow/.local/lib/python3.12/site-packages/airflow/example_dags/example_sensor_decorator.py for tasks to queue
[2024-10-08T12:46:25.299+0000] {logging_mixin.py:190} INFO - [2024-10-08T12:46:25.298+0000] {dagbag.py:587} INFO - Filling up the DagBag from /home/airflow/.local/lib/python3.12/site-packages/airflow/example_dags/example_sensor_decorator.py
[2024-10-08T12:46:25.321+0000] {processor.py:925} INFO - DAG(s) 'example_sensor_decorator' retrieved from /home/airflow/.local/lib/python3.12/site-packages/airflow/example_dags/example_sensor_decorator.py
[2024-10-08T12:46:25.365+0000] {logging_mixin.py:190} INFO - [2024-10-08T12:46:25.365+0000] {dag.py:3229} INFO - Sync 1 DAGs
[2024-10-08T12:46:25.386+0000] {logging_mixin.py:190} INFO - [2024-10-08T12:46:25.386+0000] {dag.py:4156} INFO - Setting next_dagrun for example_sensor_decorator to None, run_after=None
[2024-10-08T12:46:26.204+0000] {processor.py:208} INFO - Processing /home/airflow/.local/lib/python3.12/site-packages/airflow/example_dags/example_sensor_decorator.py took 0.173 seconds
[2024-10-08T12:46:56.653+0000] {processor.py:186} INFO - Started process (PID=375) to work on /home/airflow/.local/lib/python3.12/site-packages/airflow/example_dags/example_sensor_decorator.py
[2024-10-08T12:46:56.654+0000] {processor.py:914} INFO - Processing file /home/airflow/.local/lib/python3.12/site-packages/airflow/example_dags/example_sensor_decorator.py for tasks to queue
[2024-10-08T12:46:56.659+0000] {logging_mixin.py:190} INFO - [2024-10-08T12:46:56.658+0000] {dagbag.py:587} INFO - Filling up the DagBag from /home/airflow/.local/lib/python3.12/site-packages/airflow/example_dags/example_sensor_decorator.py
[2024-10-08T12:46:56.667+0000] {processor.py:925} INFO - DAG(s) 'example_sensor_decorator' retrieved from /home/airflow/.local/lib/python3.12/site-packages/airflow/example_dags/example_sensor_decorator.py
[2024-10-08T12:46:56.694+0000] {logging_mixin.py:190} INFO - [2024-10-08T12:46:56.694+0000] {dag.py:3229} INFO - Sync 1 DAGs
[2024-10-08T12:46:56.710+0000] {logging_mixin.py:190} INFO - [2024-10-08T12:46:56.710+0000] {dag.py:4156} INFO - Setting next_dagrun for example_sensor_decorator to None, run_after=None
[2024-10-08T12:46:56.742+0000] {processor.py:208} INFO - Processing /home/airflow/.local/lib/python3.12/site-packages/airflow/example_dags/example_sensor_decorator.py took 0.095 seconds
[2024-10-08T12:47:27.870+0000] {processor.py:186} INFO - Started process (PID=437) to work on /home/airflow/.local/lib/python3.12/site-packages/airflow/example_dags/example_sensor_decorator.py
[2024-10-08T12:47:27.872+0000] {processor.py:914} INFO - Processing file /home/airflow/.local/lib/python3.12/site-packages/airflow/example_dags/example_sensor_decorator.py for tasks to queue
[2024-10-08T12:47:27.875+0000] {logging_mixin.py:190} INFO - [2024-10-08T12:47:27.875+0000] {dagbag.py:587} INFO - Filling up the DagBag from /home/airflow/.local/lib/python3.12/site-packages/airflow/example_dags/example_sensor_decorator.py
[2024-10-08T12:47:27.882+0000] {processor.py:925} INFO - DAG(s) 'example_sensor_decorator' retrieved from /home/airflow/.local/lib/python3.12/site-packages/airflow/example_dags/example_sensor_decorator.py
[2024-10-08T12:47:27.914+0000] {logging_mixin.py:190} INFO - [2024-10-08T12:47:27.913+0000] {dag.py:3229} INFO - Sync 1 DAGs
[2024-10-08T12:47:27.943+0000] {logging_mixin.py:190} INFO - [2024-10-08T12:47:27.942+0000] {dag.py:4156} INFO - Setting next_dagrun for example_sensor_decorator to None, run_after=None
[2024-10-08T12:47:27.981+0000] {processor.py:208} INFO - Processing /home/airflow/.local/lib/python3.12/site-packages/airflow/example_dags/example_sensor_decorator.py took 0.117 seconds
