[2024-10-08T12:44:41.556+0000] {processor.py:186} INFO - Started process (PID=89) to work on /home/airflow/.local/lib/python3.12/site-packages/airflow/example_dags/example_kubernetes_executor.py
[2024-10-08T12:44:41.558+0000] {processor.py:914} INFO - Processing file /home/airflow/.local/lib/python3.12/site-packages/airflow/example_dags/example_kubernetes_executor.py for tasks to queue
[2024-10-08T12:44:41.564+0000] {logging_mixin.py:190} INFO - [2024-10-08T12:44:41.563+0000] {dagbag.py:587} INFO - Filling up the DagBag from /home/airflow/.local/lib/python3.12/site-packages/airflow/example_dags/example_kubernetes_executor.py
[2024-10-08T12:44:41.596+0000] {processor.py:925} INFO - DAG(s) 'example_kubernetes_executor' retrieved from /home/airflow/.local/lib/python3.12/site-packages/airflow/example_dags/example_kubernetes_executor.py
[2024-10-08T12:44:41.837+0000] {logging_mixin.py:190} INFO - [2024-10-08T12:44:41.836+0000] {override.py:1900} INFO - Created Permission View: can read on DAG:example_kubernetes_executor
[2024-10-08T12:44:41.854+0000] {logging_mixin.py:190} INFO - [2024-10-08T12:44:41.854+0000] {override.py:1900} INFO - Created Permission View: can delete on DAG:example_kubernetes_executor
[2024-10-08T12:44:41.867+0000] {logging_mixin.py:190} INFO - [2024-10-08T12:44:41.866+0000] {override.py:1900} INFO - Created Permission View: can edit on DAG:example_kubernetes_executor
[2024-10-08T12:44:41.882+0000] {logging_mixin.py:190} INFO - [2024-10-08T12:44:41.882+0000] {override.py:1900} INFO - Created Permission View: can read on DAG Run:example_kubernetes_executor
[2024-10-08T12:44:41.896+0000] {logging_mixin.py:190} INFO - [2024-10-08T12:44:41.895+0000] {override.py:1900} INFO - Created Permission View: can create on DAG Run:example_kubernetes_executor
[2024-10-08T12:44:41.909+0000] {logging_mixin.py:190} INFO - [2024-10-08T12:44:41.908+0000] {override.py:1900} INFO - Created Permission View: menu access on DAG Run:example_kubernetes_executor
[2024-10-08T12:44:41.923+0000] {logging_mixin.py:190} INFO - [2024-10-08T12:44:41.922+0000] {override.py:1900} INFO - Created Permission View: can delete on DAG Run:example_kubernetes_executor
[2024-10-08T12:44:41.924+0000] {logging_mixin.py:190} INFO - [2024-10-08T12:44:41.924+0000] {dag.py:3229} INFO - Sync 1 DAGs
[2024-10-08T12:44:41.946+0000] {logging_mixin.py:190} INFO - [2024-10-08T12:44:41.946+0000] {dag.py:3252} INFO - Creating ORM DAG for example_kubernetes_executor
[2024-10-08T12:44:41.948+0000] {logging_mixin.py:190} INFO - [2024-10-08T12:44:41.948+0000] {dag.py:4156} INFO - Setting next_dagrun for example_kubernetes_executor to None, run_after=None
[2024-10-08T12:44:41.981+0000] {processor.py:208} INFO - Processing /home/airflow/.local/lib/python3.12/site-packages/airflow/example_dags/example_kubernetes_executor.py took 0.437 seconds
[2024-10-08T12:45:12.511+0000] {processor.py:186} INFO - Started process (PID=151) to work on /home/airflow/.local/lib/python3.12/site-packages/airflow/example_dags/example_kubernetes_executor.py
[2024-10-08T12:45:12.513+0000] {processor.py:914} INFO - Processing file /home/airflow/.local/lib/python3.12/site-packages/airflow/example_dags/example_kubernetes_executor.py for tasks to queue
[2024-10-08T12:45:12.518+0000] {logging_mixin.py:190} INFO - [2024-10-08T12:45:12.518+0000] {dagbag.py:587} INFO - Filling up the DagBag from /home/airflow/.local/lib/python3.12/site-packages/airflow/example_dags/example_kubernetes_executor.py
[2024-10-08T12:45:12.540+0000] {processor.py:925} INFO - DAG(s) 'example_kubernetes_executor' retrieved from /home/airflow/.local/lib/python3.12/site-packages/airflow/example_dags/example_kubernetes_executor.py
[2024-10-08T12:45:12.588+0000] {logging_mixin.py:190} INFO - [2024-10-08T12:45:12.588+0000] {dag.py:3229} INFO - Sync 1 DAGs
[2024-10-08T12:45:12.613+0000] {logging_mixin.py:190} INFO - [2024-10-08T12:45:12.613+0000] {dag.py:4156} INFO - Setting next_dagrun for example_kubernetes_executor to None, run_after=None
[2024-10-08T12:45:12.656+0000] {processor.py:208} INFO - Processing /home/airflow/.local/lib/python3.12/site-packages/airflow/example_dags/example_kubernetes_executor.py took 0.156 seconds
[2024-10-08T12:45:42.917+0000] {processor.py:186} INFO - Started process (PID=213) to work on /home/airflow/.local/lib/python3.12/site-packages/airflow/example_dags/example_kubernetes_executor.py
[2024-10-08T12:45:42.919+0000] {processor.py:914} INFO - Processing file /home/airflow/.local/lib/python3.12/site-packages/airflow/example_dags/example_kubernetes_executor.py for tasks to queue
[2024-10-08T12:45:42.923+0000] {logging_mixin.py:190} INFO - [2024-10-08T12:45:42.923+0000] {dagbag.py:587} INFO - Filling up the DagBag from /home/airflow/.local/lib/python3.12/site-packages/airflow/example_dags/example_kubernetes_executor.py
[2024-10-08T12:45:42.941+0000] {processor.py:925} INFO - DAG(s) 'example_kubernetes_executor' retrieved from /home/airflow/.local/lib/python3.12/site-packages/airflow/example_dags/example_kubernetes_executor.py
[2024-10-08T12:45:42.985+0000] {logging_mixin.py:190} INFO - [2024-10-08T12:45:42.985+0000] {dag.py:3229} INFO - Sync 1 DAGs
[2024-10-08T12:45:43.005+0000] {logging_mixin.py:190} INFO - [2024-10-08T12:45:43.005+0000] {dag.py:4156} INFO - Setting next_dagrun for example_kubernetes_executor to None, run_after=None
[2024-10-08T12:45:43.043+0000] {processor.py:208} INFO - Processing /home/airflow/.local/lib/python3.12/site-packages/airflow/example_dags/example_kubernetes_executor.py took 0.133 seconds
[2024-10-08T12:46:13.405+0000] {processor.py:186} INFO - Started process (PID=275) to work on /home/airflow/.local/lib/python3.12/site-packages/airflow/example_dags/example_kubernetes_executor.py
[2024-10-08T12:46:13.408+0000] {processor.py:914} INFO - Processing file /home/airflow/.local/lib/python3.12/site-packages/airflow/example_dags/example_kubernetes_executor.py for tasks to queue
[2024-10-08T12:46:13.413+0000] {logging_mixin.py:190} INFO - [2024-10-08T12:46:13.412+0000] {dagbag.py:587} INFO - Filling up the DagBag from /home/airflow/.local/lib/python3.12/site-packages/airflow/example_dags/example_kubernetes_executor.py
[2024-10-08T12:46:13.442+0000] {processor.py:925} INFO - DAG(s) 'example_kubernetes_executor' retrieved from /home/airflow/.local/lib/python3.12/site-packages/airflow/example_dags/example_kubernetes_executor.py
[2024-10-08T12:46:13.502+0000] {logging_mixin.py:190} INFO - [2024-10-08T12:46:13.502+0000] {dag.py:3229} INFO - Sync 1 DAGs
[2024-10-08T12:46:13.521+0000] {logging_mixin.py:190} INFO - [2024-10-08T12:46:13.521+0000] {dag.py:4156} INFO - Setting next_dagrun for example_kubernetes_executor to None, run_after=None
[2024-10-08T12:46:13.552+0000] {processor.py:208} INFO - Processing /home/airflow/.local/lib/python3.12/site-packages/airflow/example_dags/example_kubernetes_executor.py took 0.161 seconds
[2024-10-08T12:46:44.395+0000] {processor.py:186} INFO - Started process (PID=337) to work on /home/airflow/.local/lib/python3.12/site-packages/airflow/example_dags/example_kubernetes_executor.py
[2024-10-08T12:46:44.396+0000] {processor.py:914} INFO - Processing file /home/airflow/.local/lib/python3.12/site-packages/airflow/example_dags/example_kubernetes_executor.py for tasks to queue
[2024-10-08T12:46:44.400+0000] {logging_mixin.py:190} INFO - [2024-10-08T12:46:44.399+0000] {dagbag.py:587} INFO - Filling up the DagBag from /home/airflow/.local/lib/python3.12/site-packages/airflow/example_dags/example_kubernetes_executor.py
[2024-10-08T12:46:44.417+0000] {processor.py:925} INFO - DAG(s) 'example_kubernetes_executor' retrieved from /home/airflow/.local/lib/python3.12/site-packages/airflow/example_dags/example_kubernetes_executor.py
[2024-10-08T12:46:44.460+0000] {logging_mixin.py:190} INFO - [2024-10-08T12:46:44.460+0000] {dag.py:3229} INFO - Sync 1 DAGs
[2024-10-08T12:46:44.477+0000] {logging_mixin.py:190} INFO - [2024-10-08T12:46:44.477+0000] {dag.py:4156} INFO - Setting next_dagrun for example_kubernetes_executor to None, run_after=None
[2024-10-08T12:46:44.504+0000] {processor.py:208} INFO - Processing /home/airflow/.local/lib/python3.12/site-packages/airflow/example_dags/example_kubernetes_executor.py took 0.115 seconds
[2024-10-08T12:47:15.312+0000] {processor.py:186} INFO - Started process (PID=399) to work on /home/airflow/.local/lib/python3.12/site-packages/airflow/example_dags/example_kubernetes_executor.py
[2024-10-08T12:47:15.313+0000] {processor.py:914} INFO - Processing file /home/airflow/.local/lib/python3.12/site-packages/airflow/example_dags/example_kubernetes_executor.py for tasks to queue
[2024-10-08T12:47:15.319+0000] {logging_mixin.py:190} INFO - [2024-10-08T12:47:15.317+0000] {dagbag.py:587} INFO - Filling up the DagBag from /home/airflow/.local/lib/python3.12/site-packages/airflow/example_dags/example_kubernetes_executor.py
[2024-10-08T12:47:15.338+0000] {processor.py:925} INFO - DAG(s) 'example_kubernetes_executor' retrieved from /home/airflow/.local/lib/python3.12/site-packages/airflow/example_dags/example_kubernetes_executor.py
[2024-10-08T12:47:15.382+0000] {logging_mixin.py:190} INFO - [2024-10-08T12:47:15.381+0000] {dag.py:3229} INFO - Sync 1 DAGs
[2024-10-08T12:47:15.398+0000] {logging_mixin.py:190} INFO - [2024-10-08T12:47:15.398+0000] {dag.py:4156} INFO - Setting next_dagrun for example_kubernetes_executor to None, run_after=None
[2024-10-08T12:47:15.422+0000] {processor.py:208} INFO - Processing /home/airflow/.local/lib/python3.12/site-packages/airflow/example_dags/example_kubernetes_executor.py took 0.120 seconds
