[2024-10-08T12:44:43.745+0000] {processor.py:186} INFO - Started process (PID=102) to work on /home/airflow/.local/lib/python3.12/site-packages/airflow/example_dags/example_bash_operator.py
[2024-10-08T12:44:43.747+0000] {processor.py:914} INFO - Processing file /home/airflow/.local/lib/python3.12/site-packages/airflow/example_dags/example_bash_operator.py for tasks to queue
[2024-10-08T12:44:43.753+0000] {logging_mixin.py:190} INFO - [2024-10-08T12:44:43.751+0000] {dagbag.py:587} INFO - Filling up the DagBag from /home/airflow/.local/lib/python3.12/site-packages/airflow/example_dags/example_bash_operator.py
[2024-10-08T12:44:43.784+0000] {processor.py:925} INFO - DAG(s) 'example_bash_operator' retrieved from /home/airflow/.local/lib/python3.12/site-packages/airflow/example_dags/example_bash_operator.py
[2024-10-08T12:44:44.078+0000] {logging_mixin.py:190} INFO - [2024-10-08T12:44:44.076+0000] {override.py:1900} INFO - Created Permission View: can read on DAG:example_bash_operator
[2024-10-08T12:44:44.102+0000] {logging_mixin.py:190} INFO - [2024-10-08T12:44:44.102+0000] {override.py:1900} INFO - Created Permission View: can delete on DAG:example_bash_operator
[2024-10-08T12:44:44.118+0000] {logging_mixin.py:190} INFO - [2024-10-08T12:44:44.117+0000] {override.py:1900} INFO - Created Permission View: can edit on DAG:example_bash_operator
[2024-10-08T12:44:44.135+0000] {logging_mixin.py:190} INFO - [2024-10-08T12:44:44.135+0000] {override.py:1900} INFO - Created Permission View: can read on DAG Run:example_bash_operator
[2024-10-08T12:44:44.152+0000] {logging_mixin.py:190} INFO - [2024-10-08T12:44:44.151+0000] {override.py:1900} INFO - Created Permission View: can create on DAG Run:example_bash_operator
[2024-10-08T12:44:44.169+0000] {logging_mixin.py:190} INFO - [2024-10-08T12:44:44.168+0000] {override.py:1900} INFO - Created Permission View: menu access on DAG Run:example_bash_operator
[2024-10-08T12:44:44.186+0000] {logging_mixin.py:190} INFO - [2024-10-08T12:44:44.185+0000] {override.py:1900} INFO - Created Permission View: can delete on DAG Run:example_bash_operator
[2024-10-08T12:44:44.187+0000] {logging_mixin.py:190} INFO - [2024-10-08T12:44:44.187+0000] {dag.py:3229} INFO - Sync 1 DAGs
[2024-10-08T12:44:44.214+0000] {logging_mixin.py:190} INFO - [2024-10-08T12:44:44.214+0000] {dag.py:3252} INFO - Creating ORM DAG for example_bash_operator
[2024-10-08T12:44:44.241+0000] {logging_mixin.py:190} INFO - [2024-10-08T12:44:44.241+0000] {dag.py:4156} INFO - Setting next_dagrun for example_bash_operator to 2024-10-07 00:00:00+00:00, run_after=2024-10-08 00:00:00+00:00
[2024-10-08T12:44:44.286+0000] {processor.py:208} INFO - Processing /home/airflow/.local/lib/python3.12/site-packages/airflow/example_dags/example_bash_operator.py took 0.554 seconds
[2024-10-08T12:45:15.193+0000] {processor.py:186} INFO - Started process (PID=164) to work on /home/airflow/.local/lib/python3.12/site-packages/airflow/example_dags/example_bash_operator.py
[2024-10-08T12:45:15.194+0000] {processor.py:914} INFO - Processing file /home/airflow/.local/lib/python3.12/site-packages/airflow/example_dags/example_bash_operator.py for tasks to queue
[2024-10-08T12:45:15.197+0000] {logging_mixin.py:190} INFO - [2024-10-08T12:45:15.197+0000] {dagbag.py:587} INFO - Filling up the DagBag from /home/airflow/.local/lib/python3.12/site-packages/airflow/example_dags/example_bash_operator.py
[2024-10-08T12:45:15.218+0000] {processor.py:925} INFO - DAG(s) 'example_bash_operator' retrieved from /home/airflow/.local/lib/python3.12/site-packages/airflow/example_dags/example_bash_operator.py
[2024-10-08T12:45:15.254+0000] {logging_mixin.py:190} INFO - [2024-10-08T12:45:15.253+0000] {dag.py:3229} INFO - Sync 1 DAGs
[2024-10-08T12:45:15.278+0000] {logging_mixin.py:190} INFO - [2024-10-08T12:45:15.277+0000] {dag.py:4156} INFO - Setting next_dagrun for example_bash_operator to 2024-10-07 00:00:00+00:00, run_after=2024-10-08 00:00:00+00:00
[2024-10-08T12:45:15.297+0000] {processor.py:208} INFO - Processing /home/airflow/.local/lib/python3.12/site-packages/airflow/example_dags/example_bash_operator.py took 0.111 seconds
[2024-10-08T12:45:45.775+0000] {processor.py:186} INFO - Started process (PID=226) to work on /home/airflow/.local/lib/python3.12/site-packages/airflow/example_dags/example_bash_operator.py
[2024-10-08T12:45:45.776+0000] {processor.py:914} INFO - Processing file /home/airflow/.local/lib/python3.12/site-packages/airflow/example_dags/example_bash_operator.py for tasks to queue
[2024-10-08T12:45:45.780+0000] {logging_mixin.py:190} INFO - [2024-10-08T12:45:45.780+0000] {dagbag.py:587} INFO - Filling up the DagBag from /home/airflow/.local/lib/python3.12/site-packages/airflow/example_dags/example_bash_operator.py
[2024-10-08T12:45:45.793+0000] {processor.py:925} INFO - DAG(s) 'example_bash_operator' retrieved from /home/airflow/.local/lib/python3.12/site-packages/airflow/example_dags/example_bash_operator.py
[2024-10-08T12:45:45.827+0000] {logging_mixin.py:190} INFO - [2024-10-08T12:45:45.827+0000] {dag.py:3229} INFO - Sync 1 DAGs
[2024-10-08T12:45:45.861+0000] {logging_mixin.py:190} INFO - [2024-10-08T12:45:45.860+0000] {dag.py:4156} INFO - Setting next_dagrun for example_bash_operator to 2024-10-07 00:00:00+00:00, run_after=2024-10-08 00:00:00+00:00
[2024-10-08T12:45:45.912+0000] {processor.py:208} INFO - Processing /home/airflow/.local/lib/python3.12/site-packages/airflow/example_dags/example_bash_operator.py took 0.146 seconds
[2024-10-08T12:46:16.310+0000] {processor.py:186} INFO - Started process (PID=282) to work on /home/airflow/.local/lib/python3.12/site-packages/airflow/example_dags/example_bash_operator.py
[2024-10-08T12:46:16.312+0000] {processor.py:914} INFO - Processing file /home/airflow/.local/lib/python3.12/site-packages/airflow/example_dags/example_bash_operator.py for tasks to queue
[2024-10-08T12:46:16.315+0000] {logging_mixin.py:190} INFO - [2024-10-08T12:46:16.315+0000] {dagbag.py:587} INFO - Filling up the DagBag from /home/airflow/.local/lib/python3.12/site-packages/airflow/example_dags/example_bash_operator.py
[2024-10-08T12:46:16.332+0000] {processor.py:925} INFO - DAG(s) 'example_bash_operator' retrieved from /home/airflow/.local/lib/python3.12/site-packages/airflow/example_dags/example_bash_operator.py
[2024-10-08T12:46:16.373+0000] {logging_mixin.py:190} INFO - [2024-10-08T12:46:16.373+0000] {dag.py:3229} INFO - Sync 1 DAGs
[2024-10-08T12:46:16.404+0000] {logging_mixin.py:190} INFO - [2024-10-08T12:46:16.404+0000] {dag.py:4156} INFO - Setting next_dagrun for example_bash_operator to 2024-10-07 00:00:00+00:00, run_after=2024-10-08 00:00:00+00:00
[2024-10-08T12:46:16.441+0000] {processor.py:208} INFO - Processing /home/airflow/.local/lib/python3.12/site-packages/airflow/example_dags/example_bash_operator.py took 0.140 seconds
[2024-10-08T12:46:47.126+0000] {processor.py:186} INFO - Started process (PID=344) to work on /home/airflow/.local/lib/python3.12/site-packages/airflow/example_dags/example_bash_operator.py
[2024-10-08T12:46:47.128+0000] {processor.py:914} INFO - Processing file /home/airflow/.local/lib/python3.12/site-packages/airflow/example_dags/example_bash_operator.py for tasks to queue
[2024-10-08T12:46:47.131+0000] {logging_mixin.py:190} INFO - [2024-10-08T12:46:47.131+0000] {dagbag.py:587} INFO - Filling up the DagBag from /home/airflow/.local/lib/python3.12/site-packages/airflow/example_dags/example_bash_operator.py
[2024-10-08T12:46:47.144+0000] {processor.py:925} INFO - DAG(s) 'example_bash_operator' retrieved from /home/airflow/.local/lib/python3.12/site-packages/airflow/example_dags/example_bash_operator.py
[2024-10-08T12:46:47.173+0000] {logging_mixin.py:190} INFO - [2024-10-08T12:46:47.173+0000] {dag.py:3229} INFO - Sync 1 DAGs
[2024-10-08T12:46:47.201+0000] {logging_mixin.py:190} INFO - [2024-10-08T12:46:47.201+0000] {dag.py:4156} INFO - Setting next_dagrun for example_bash_operator to 2024-10-07 00:00:00+00:00, run_after=2024-10-08 00:00:00+00:00
[2024-10-08T12:46:47.227+0000] {processor.py:208} INFO - Processing /home/airflow/.local/lib/python3.12/site-packages/airflow/example_dags/example_bash_operator.py took 0.106 seconds
[2024-10-08T12:47:18.011+0000] {processor.py:186} INFO - Started process (PID=406) to work on /home/airflow/.local/lib/python3.12/site-packages/airflow/example_dags/example_bash_operator.py
[2024-10-08T12:47:18.013+0000] {processor.py:914} INFO - Processing file /home/airflow/.local/lib/python3.12/site-packages/airflow/example_dags/example_bash_operator.py for tasks to queue
[2024-10-08T12:47:18.016+0000] {logging_mixin.py:190} INFO - [2024-10-08T12:47:18.016+0000] {dagbag.py:587} INFO - Filling up the DagBag from /home/airflow/.local/lib/python3.12/site-packages/airflow/example_dags/example_bash_operator.py
[2024-10-08T12:47:18.034+0000] {processor.py:925} INFO - DAG(s) 'example_bash_operator' retrieved from /home/airflow/.local/lib/python3.12/site-packages/airflow/example_dags/example_bash_operator.py
[2024-10-08T12:47:18.070+0000] {logging_mixin.py:190} INFO - [2024-10-08T12:47:18.070+0000] {dag.py:3229} INFO - Sync 1 DAGs
[2024-10-08T12:47:18.102+0000] {logging_mixin.py:190} INFO - [2024-10-08T12:47:18.101+0000] {dag.py:4156} INFO - Setting next_dagrun for example_bash_operator to 2024-10-07 00:00:00+00:00, run_after=2024-10-08 00:00:00+00:00
[2024-10-08T12:47:18.139+0000] {processor.py:208} INFO - Processing /home/airflow/.local/lib/python3.12/site-packages/airflow/example_dags/example_bash_operator.py took 0.136 seconds
