[2024-10-08T12:44:49.603+0000] {processor.py:186} INFO - Started process (PID=124) to work on /home/airflow/.local/lib/python3.12/site-packages/airflow/example_dags/example_task_group.py
[2024-10-08T12:44:49.605+0000] {processor.py:914} INFO - Processing file /home/airflow/.local/lib/python3.12/site-packages/airflow/example_dags/example_task_group.py for tasks to queue
[2024-10-08T12:44:49.611+0000] {logging_mixin.py:190} INFO - [2024-10-08T12:44:49.610+0000] {dagbag.py:587} INFO - Filling up the DagBag from /home/airflow/.local/lib/python3.12/site-packages/airflow/example_dags/example_task_group.py
[2024-10-08T12:44:49.635+0000] {processor.py:925} INFO - DAG(s) 'example_task_group' retrieved from /home/airflow/.local/lib/python3.12/site-packages/airflow/example_dags/example_task_group.py
[2024-10-08T12:44:49.839+0000] {logging_mixin.py:190} INFO - [2024-10-08T12:44:49.838+0000] {override.py:1900} INFO - Created Permission View: can read on DAG:example_task_group
[2024-10-08T12:44:49.859+0000] {logging_mixin.py:190} INFO - [2024-10-08T12:44:49.858+0000] {override.py:1900} INFO - Created Permission View: can delete on DAG:example_task_group
[2024-10-08T12:44:49.874+0000] {logging_mixin.py:190} INFO - [2024-10-08T12:44:49.873+0000] {override.py:1900} INFO - Created Permission View: can edit on DAG:example_task_group
[2024-10-08T12:44:49.892+0000] {logging_mixin.py:190} INFO - [2024-10-08T12:44:49.891+0000] {override.py:1900} INFO - Created Permission View: can read on DAG Run:example_task_group
[2024-10-08T12:44:49.906+0000] {logging_mixin.py:190} INFO - [2024-10-08T12:44:49.906+0000] {override.py:1900} INFO - Created Permission View: can create on DAG Run:example_task_group
[2024-10-08T12:44:49.921+0000] {logging_mixin.py:190} INFO - [2024-10-08T12:44:49.920+0000] {override.py:1900} INFO - Created Permission View: menu access on DAG Run:example_task_group
[2024-10-08T12:44:49.935+0000] {logging_mixin.py:190} INFO - [2024-10-08T12:44:49.935+0000] {override.py:1900} INFO - Created Permission View: can delete on DAG Run:example_task_group
[2024-10-08T12:44:49.937+0000] {logging_mixin.py:190} INFO - [2024-10-08T12:44:49.936+0000] {dag.py:3229} INFO - Sync 1 DAGs
[2024-10-08T12:44:49.960+0000] {logging_mixin.py:190} INFO - [2024-10-08T12:44:49.959+0000] {dag.py:3252} INFO - Creating ORM DAG for example_task_group
[2024-10-08T12:44:49.962+0000] {logging_mixin.py:190} INFO - [2024-10-08T12:44:49.961+0000] {dag.py:4156} INFO - Setting next_dagrun for example_task_group to None, run_after=None
[2024-10-08T12:44:49.992+0000] {processor.py:208} INFO - Processing /home/airflow/.local/lib/python3.12/site-packages/airflow/example_dags/example_task_group.py took 0.400 seconds
[2024-10-08T12:45:20.672+0000] {processor.py:186} INFO - Started process (PID=186) to work on /home/airflow/.local/lib/python3.12/site-packages/airflow/example_dags/example_task_group.py
[2024-10-08T12:45:20.676+0000] {processor.py:914} INFO - Processing file /home/airflow/.local/lib/python3.12/site-packages/airflow/example_dags/example_task_group.py for tasks to queue
[2024-10-08T12:45:20.682+0000] {logging_mixin.py:190} INFO - [2024-10-08T12:45:20.682+0000] {dagbag.py:587} INFO - Filling up the DagBag from /home/airflow/.local/lib/python3.12/site-packages/airflow/example_dags/example_task_group.py
[2024-10-08T12:45:20.700+0000] {processor.py:925} INFO - DAG(s) 'example_task_group' retrieved from /home/airflow/.local/lib/python3.12/site-packages/airflow/example_dags/example_task_group.py
[2024-10-08T12:45:20.736+0000] {logging_mixin.py:190} INFO - [2024-10-08T12:45:20.735+0000] {dag.py:3229} INFO - Sync 1 DAGs
[2024-10-08T12:45:20.756+0000] {logging_mixin.py:190} INFO - [2024-10-08T12:45:20.755+0000] {dag.py:4156} INFO - Setting next_dagrun for example_task_group to None, run_after=None
[2024-10-08T12:45:20.803+0000] {processor.py:208} INFO - Processing /home/airflow/.local/lib/python3.12/site-packages/airflow/example_dags/example_task_group.py took 0.144 seconds
[2024-10-08T12:45:51.333+0000] {processor.py:186} INFO - Started process (PID=248) to work on /home/airflow/.local/lib/python3.12/site-packages/airflow/example_dags/example_task_group.py
[2024-10-08T12:45:51.335+0000] {processor.py:914} INFO - Processing file /home/airflow/.local/lib/python3.12/site-packages/airflow/example_dags/example_task_group.py for tasks to queue
[2024-10-08T12:45:51.339+0000] {logging_mixin.py:190} INFO - [2024-10-08T12:45:51.339+0000] {dagbag.py:587} INFO - Filling up the DagBag from /home/airflow/.local/lib/python3.12/site-packages/airflow/example_dags/example_task_group.py
[2024-10-08T12:45:51.348+0000] {processor.py:925} INFO - DAG(s) 'example_task_group' retrieved from /home/airflow/.local/lib/python3.12/site-packages/airflow/example_dags/example_task_group.py
[2024-10-08T12:45:51.379+0000] {logging_mixin.py:190} INFO - [2024-10-08T12:45:51.378+0000] {dag.py:3229} INFO - Sync 1 DAGs
[2024-10-08T12:45:51.396+0000] {logging_mixin.py:190} INFO - [2024-10-08T12:45:51.396+0000] {dag.py:4156} INFO - Setting next_dagrun for example_task_group to None, run_after=None
[2024-10-08T12:45:51.436+0000] {processor.py:208} INFO - Processing /home/airflow/.local/lib/python3.12/site-packages/airflow/example_dags/example_task_group.py took 0.110 seconds
[2024-10-08T12:46:21.958+0000] {processor.py:186} INFO - Started process (PID=310) to work on /home/airflow/.local/lib/python3.12/site-packages/airflow/example_dags/example_task_group.py
[2024-10-08T12:46:21.960+0000] {processor.py:914} INFO - Processing file /home/airflow/.local/lib/python3.12/site-packages/airflow/example_dags/example_task_group.py for tasks to queue
[2024-10-08T12:46:21.965+0000] {logging_mixin.py:190} INFO - [2024-10-08T12:46:21.965+0000] {dagbag.py:587} INFO - Filling up the DagBag from /home/airflow/.local/lib/python3.12/site-packages/airflow/example_dags/example_task_group.py
[2024-10-08T12:46:21.976+0000] {processor.py:925} INFO - DAG(s) 'example_task_group' retrieved from /home/airflow/.local/lib/python3.12/site-packages/airflow/example_dags/example_task_group.py
[2024-10-08T12:46:22.005+0000] {logging_mixin.py:190} INFO - [2024-10-08T12:46:22.004+0000] {dag.py:3229} INFO - Sync 1 DAGs
[2024-10-08T12:46:22.020+0000] {logging_mixin.py:190} INFO - [2024-10-08T12:46:22.019+0000] {dag.py:4156} INFO - Setting next_dagrun for example_task_group to None, run_after=None
[2024-10-08T12:46:22.061+0000] {processor.py:208} INFO - Processing /home/airflow/.local/lib/python3.12/site-packages/airflow/example_dags/example_task_group.py took 0.113 seconds
[2024-10-08T12:46:52.524+0000] {processor.py:186} INFO - Started process (PID=372) to work on /home/airflow/.local/lib/python3.12/site-packages/airflow/example_dags/example_task_group.py
[2024-10-08T12:46:52.526+0000] {processor.py:914} INFO - Processing file /home/airflow/.local/lib/python3.12/site-packages/airflow/example_dags/example_task_group.py for tasks to queue
[2024-10-08T12:46:52.530+0000] {logging_mixin.py:190} INFO - [2024-10-08T12:46:52.530+0000] {dagbag.py:587} INFO - Filling up the DagBag from /home/airflow/.local/lib/python3.12/site-packages/airflow/example_dags/example_task_group.py
[2024-10-08T12:46:52.543+0000] {processor.py:925} INFO - DAG(s) 'example_task_group' retrieved from /home/airflow/.local/lib/python3.12/site-packages/airflow/example_dags/example_task_group.py
[2024-10-08T12:46:52.570+0000] {logging_mixin.py:190} INFO - [2024-10-08T12:46:52.570+0000] {dag.py:3229} INFO - Sync 1 DAGs
[2024-10-08T12:46:52.587+0000] {logging_mixin.py:190} INFO - [2024-10-08T12:46:52.587+0000] {dag.py:4156} INFO - Setting next_dagrun for example_task_group to None, run_after=None
[2024-10-08T12:46:52.611+0000] {processor.py:208} INFO - Processing /home/airflow/.local/lib/python3.12/site-packages/airflow/example_dags/example_task_group.py took 0.095 seconds
[2024-10-08T12:47:22.992+0000] {processor.py:186} INFO - Started process (PID=434) to work on /home/airflow/.local/lib/python3.12/site-packages/airflow/example_dags/example_task_group.py
[2024-10-08T12:47:22.994+0000] {processor.py:914} INFO - Processing file /home/airflow/.local/lib/python3.12/site-packages/airflow/example_dags/example_task_group.py for tasks to queue
[2024-10-08T12:47:23.000+0000] {logging_mixin.py:190} INFO - [2024-10-08T12:47:23.000+0000] {dagbag.py:587} INFO - Filling up the DagBag from /home/airflow/.local/lib/python3.12/site-packages/airflow/example_dags/example_task_group.py
[2024-10-08T12:47:23.013+0000] {processor.py:925} INFO - DAG(s) 'example_task_group' retrieved from /home/airflow/.local/lib/python3.12/site-packages/airflow/example_dags/example_task_group.py
[2024-10-08T12:47:23.050+0000] {logging_mixin.py:190} INFO - [2024-10-08T12:47:23.050+0000] {dag.py:3229} INFO - Sync 1 DAGs
[2024-10-08T12:47:23.072+0000] {logging_mixin.py:190} INFO - [2024-10-08T12:47:23.072+0000] {dag.py:4156} INFO - Setting next_dagrun for example_task_group to None, run_after=None
[2024-10-08T12:47:23.121+0000] {processor.py:208} INFO - Processing /home/airflow/.local/lib/python3.12/site-packages/airflow/example_dags/example_task_group.py took 0.139 seconds
