[2024-10-08T12:44:47.210+0000] {processor.py:186} INFO - Started process (PID=116) to work on /home/airflow/.local/lib/python3.12/site-packages/airflow/example_dags/example_datasets.py
[2024-10-08T12:44:47.212+0000] {processor.py:914} INFO - Processing file /home/airflow/.local/lib/python3.12/site-packages/airflow/example_dags/example_datasets.py for tasks to queue
[2024-10-08T12:44:47.216+0000] {logging_mixin.py:190} INFO - [2024-10-08T12:44:47.215+0000] {dagbag.py:587} INFO - Filling up the DagBag from /home/airflow/.local/lib/python3.12/site-packages/airflow/example_dags/example_datasets.py
[2024-10-08T12:44:47.445+0000] {processor.py:925} INFO - DAG(s) 'consume_1_or_2_with_dataset_expressions', 'consume_1_or_both_2_and_3_with_dataset_expressions', 'dataset_produces_1', 'dataset_consumes_1_never_scheduled', 'conditional_dataset_and_time_based_timetable', 'dataset_consumes_1', 'dataset_consumes_unknown_never_scheduled', 'dataset_produces_2', 'dataset_consumes_1_and_2', 'consume_1_and_2_with_dataset_expressions' retrieved from /home/airflow/.local/lib/python3.12/site-packages/airflow/example_dags/example_datasets.py
[2024-10-08T12:44:47.618+0000] {logging_mixin.py:190} INFO - [2024-10-08T12:44:47.615+0000] {override.py:1900} INFO - Created Permission View: can read on DAG:consume_1_or_2_with_dataset_expressions
[2024-10-08T12:44:47.635+0000] {logging_mixin.py:190} INFO - [2024-10-08T12:44:47.634+0000] {override.py:1900} INFO - Created Permission View: can delete on DAG:consume_1_or_2_with_dataset_expressions
[2024-10-08T12:44:47.646+0000] {logging_mixin.py:190} INFO - [2024-10-08T12:44:47.645+0000] {override.py:1900} INFO - Created Permission View: can edit on DAG:consume_1_or_2_with_dataset_expressions
[2024-10-08T12:44:47.663+0000] {logging_mixin.py:190} INFO - [2024-10-08T12:44:47.662+0000] {override.py:1900} INFO - Created Permission View: can read on DAG Run:consume_1_or_2_with_dataset_expressions
[2024-10-08T12:44:47.677+0000] {logging_mixin.py:190} INFO - [2024-10-08T12:44:47.676+0000] {override.py:1900} INFO - Created Permission View: can create on DAG Run:consume_1_or_2_with_dataset_expressions
[2024-10-08T12:44:47.688+0000] {logging_mixin.py:190} INFO - [2024-10-08T12:44:47.687+0000] {override.py:1900} INFO - Created Permission View: menu access on DAG Run:consume_1_or_2_with_dataset_expressions
[2024-10-08T12:44:47.697+0000] {logging_mixin.py:190} INFO - [2024-10-08T12:44:47.696+0000] {override.py:1900} INFO - Created Permission View: can delete on DAG Run:consume_1_or_2_with_dataset_expressions
[2024-10-08T12:44:47.716+0000] {logging_mixin.py:190} INFO - [2024-10-08T12:44:47.715+0000] {override.py:1900} INFO - Created Permission View: can read on DAG:consume_1_or_both_2_and_3_with_dataset_expressions
[2024-10-08T12:44:47.727+0000] {logging_mixin.py:190} INFO - [2024-10-08T12:44:47.726+0000] {override.py:1900} INFO - Created Permission View: can delete on DAG:consume_1_or_both_2_and_3_with_dataset_expressions
[2024-10-08T12:44:47.737+0000] {logging_mixin.py:190} INFO - [2024-10-08T12:44:47.737+0000] {override.py:1900} INFO - Created Permission View: can edit on DAG:consume_1_or_both_2_and_3_with_dataset_expressions
[2024-10-08T12:44:47.749+0000] {logging_mixin.py:190} INFO - [2024-10-08T12:44:47.748+0000] {override.py:1900} INFO - Created Permission View: can read on DAG Run:consume_1_or_both_2_and_3_with_dataset_expressions
[2024-10-08T12:44:47.759+0000] {logging_mixin.py:190} INFO - [2024-10-08T12:44:47.759+0000] {override.py:1900} INFO - Created Permission View: can create on DAG Run:consume_1_or_both_2_and_3_with_dataset_expressions
[2024-10-08T12:44:47.770+0000] {logging_mixin.py:190} INFO - [2024-10-08T12:44:47.770+0000] {override.py:1900} INFO - Created Permission View: menu access on DAG Run:consume_1_or_both_2_and_3_with_dataset_expressions
[2024-10-08T12:44:47.781+0000] {logging_mixin.py:190} INFO - [2024-10-08T12:44:47.780+0000] {override.py:1900} INFO - Created Permission View: can delete on DAG Run:consume_1_or_both_2_and_3_with_dataset_expressions
[2024-10-08T12:44:47.800+0000] {logging_mixin.py:190} INFO - [2024-10-08T12:44:47.800+0000] {override.py:1900} INFO - Created Permission View: can read on DAG:dataset_produces_1
[2024-10-08T12:44:47.812+0000] {logging_mixin.py:190} INFO - [2024-10-08T12:44:47.811+0000] {override.py:1900} INFO - Created Permission View: can delete on DAG:dataset_produces_1
[2024-10-08T12:44:47.823+0000] {logging_mixin.py:190} INFO - [2024-10-08T12:44:47.823+0000] {override.py:1900} INFO - Created Permission View: can edit on DAG:dataset_produces_1
[2024-10-08T12:44:47.836+0000] {logging_mixin.py:190} INFO - [2024-10-08T12:44:47.836+0000] {override.py:1900} INFO - Created Permission View: can read on DAG Run:dataset_produces_1
[2024-10-08T12:44:47.847+0000] {logging_mixin.py:190} INFO - [2024-10-08T12:44:47.846+0000] {override.py:1900} INFO - Created Permission View: can create on DAG Run:dataset_produces_1
[2024-10-08T12:44:47.859+0000] {logging_mixin.py:190} INFO - [2024-10-08T12:44:47.858+0000] {override.py:1900} INFO - Created Permission View: menu access on DAG Run:dataset_produces_1
[2024-10-08T12:44:47.870+0000] {logging_mixin.py:190} INFO - [2024-10-08T12:44:47.869+0000] {override.py:1900} INFO - Created Permission View: can delete on DAG Run:dataset_produces_1
[2024-10-08T12:44:47.891+0000] {logging_mixin.py:190} INFO - [2024-10-08T12:44:47.890+0000] {override.py:1900} INFO - Created Permission View: can read on DAG:dataset_consumes_1_never_scheduled
[2024-10-08T12:44:47.902+0000] {logging_mixin.py:190} INFO - [2024-10-08T12:44:47.901+0000] {override.py:1900} INFO - Created Permission View: can delete on DAG:dataset_consumes_1_never_scheduled
[2024-10-08T12:44:47.913+0000] {logging_mixin.py:190} INFO - [2024-10-08T12:44:47.913+0000] {override.py:1900} INFO - Created Permission View: can edit on DAG:dataset_consumes_1_never_scheduled
[2024-10-08T12:44:47.927+0000] {logging_mixin.py:190} INFO - [2024-10-08T12:44:47.926+0000] {override.py:1900} INFO - Created Permission View: can read on DAG Run:dataset_consumes_1_never_scheduled
[2024-10-08T12:44:47.938+0000] {logging_mixin.py:190} INFO - [2024-10-08T12:44:47.937+0000] {override.py:1900} INFO - Created Permission View: can create on DAG Run:dataset_consumes_1_never_scheduled
[2024-10-08T12:44:47.950+0000] {logging_mixin.py:190} INFO - [2024-10-08T12:44:47.949+0000] {override.py:1900} INFO - Created Permission View: menu access on DAG Run:dataset_consumes_1_never_scheduled
[2024-10-08T12:44:47.963+0000] {logging_mixin.py:190} INFO - [2024-10-08T12:44:47.962+0000] {override.py:1900} INFO - Created Permission View: can delete on DAG Run:dataset_consumes_1_never_scheduled
[2024-10-08T12:44:47.983+0000] {logging_mixin.py:190} INFO - [2024-10-08T12:44:47.983+0000] {override.py:1900} INFO - Created Permission View: can read on DAG:conditional_dataset_and_time_based_timetable
[2024-10-08T12:44:47.994+0000] {logging_mixin.py:190} INFO - [2024-10-08T12:44:47.994+0000] {override.py:1900} INFO - Created Permission View: can delete on DAG:conditional_dataset_and_time_based_timetable
[2024-10-08T12:44:48.005+0000] {logging_mixin.py:190} INFO - [2024-10-08T12:44:48.005+0000] {override.py:1900} INFO - Created Permission View: can edit on DAG:conditional_dataset_and_time_based_timetable
[2024-10-08T12:44:48.018+0000] {logging_mixin.py:190} INFO - [2024-10-08T12:44:48.018+0000] {override.py:1900} INFO - Created Permission View: can read on DAG Run:conditional_dataset_and_time_based_timetable
[2024-10-08T12:44:48.029+0000] {logging_mixin.py:190} INFO - [2024-10-08T12:44:48.029+0000] {override.py:1900} INFO - Created Permission View: can create on DAG Run:conditional_dataset_and_time_based_timetable
[2024-10-08T12:44:48.043+0000] {logging_mixin.py:190} INFO - [2024-10-08T12:44:48.043+0000] {override.py:1900} INFO - Created Permission View: menu access on DAG Run:conditional_dataset_and_time_based_timetable
[2024-10-08T12:44:48.055+0000] {logging_mixin.py:190} INFO - [2024-10-08T12:44:48.054+0000] {override.py:1900} INFO - Created Permission View: can delete on DAG Run:conditional_dataset_and_time_based_timetable
[2024-10-08T12:44:48.079+0000] {logging_mixin.py:190} INFO - [2024-10-08T12:44:48.079+0000] {override.py:1900} INFO - Created Permission View: can read on DAG:dataset_consumes_1
[2024-10-08T12:44:48.092+0000] {logging_mixin.py:190} INFO - [2024-10-08T12:44:48.091+0000] {override.py:1900} INFO - Created Permission View: can delete on DAG:dataset_consumes_1
[2024-10-08T12:44:48.103+0000] {logging_mixin.py:190} INFO - [2024-10-08T12:44:48.103+0000] {override.py:1900} INFO - Created Permission View: can edit on DAG:dataset_consumes_1
[2024-10-08T12:44:48.117+0000] {logging_mixin.py:190} INFO - [2024-10-08T12:44:48.116+0000] {override.py:1900} INFO - Created Permission View: can read on DAG Run:dataset_consumes_1
[2024-10-08T12:44:48.127+0000] {logging_mixin.py:190} INFO - [2024-10-08T12:44:48.127+0000] {override.py:1900} INFO - Created Permission View: can create on DAG Run:dataset_consumes_1
[2024-10-08T12:44:48.138+0000] {logging_mixin.py:190} INFO - [2024-10-08T12:44:48.138+0000] {override.py:1900} INFO - Created Permission View: menu access on DAG Run:dataset_consumes_1
[2024-10-08T12:44:48.149+0000] {logging_mixin.py:190} INFO - [2024-10-08T12:44:48.149+0000] {override.py:1900} INFO - Created Permission View: can delete on DAG Run:dataset_consumes_1
[2024-10-08T12:44:48.168+0000] {logging_mixin.py:190} INFO - [2024-10-08T12:44:48.167+0000] {override.py:1900} INFO - Created Permission View: can read on DAG:dataset_consumes_unknown_never_scheduled
[2024-10-08T12:44:48.178+0000] {logging_mixin.py:190} INFO - [2024-10-08T12:44:48.178+0000] {override.py:1900} INFO - Created Permission View: can delete on DAG:dataset_consumes_unknown_never_scheduled
[2024-10-08T12:44:48.190+0000] {logging_mixin.py:190} INFO - [2024-10-08T12:44:48.190+0000] {override.py:1900} INFO - Created Permission View: can edit on DAG:dataset_consumes_unknown_never_scheduled
[2024-10-08T12:44:48.204+0000] {logging_mixin.py:190} INFO - [2024-10-08T12:44:48.204+0000] {override.py:1900} INFO - Created Permission View: can read on DAG Run:dataset_consumes_unknown_never_scheduled
[2024-10-08T12:44:48.217+0000] {logging_mixin.py:190} INFO - [2024-10-08T12:44:48.216+0000] {override.py:1900} INFO - Created Permission View: can create on DAG Run:dataset_consumes_unknown_never_scheduled
[2024-10-08T12:44:48.229+0000] {logging_mixin.py:190} INFO - [2024-10-08T12:44:48.229+0000] {override.py:1900} INFO - Created Permission View: menu access on DAG Run:dataset_consumes_unknown_never_scheduled
[2024-10-08T12:44:48.242+0000] {logging_mixin.py:190} INFO - [2024-10-08T12:44:48.242+0000] {override.py:1900} INFO - Created Permission View: can delete on DAG Run:dataset_consumes_unknown_never_scheduled
[2024-10-08T12:44:48.265+0000] {logging_mixin.py:190} INFO - [2024-10-08T12:44:48.265+0000] {override.py:1900} INFO - Created Permission View: can read on DAG:dataset_produces_2
[2024-10-08T12:44:48.277+0000] {logging_mixin.py:190} INFO - [2024-10-08T12:44:48.277+0000] {override.py:1900} INFO - Created Permission View: can delete on DAG:dataset_produces_2
[2024-10-08T12:44:48.291+0000] {logging_mixin.py:190} INFO - [2024-10-08T12:44:48.290+0000] {override.py:1900} INFO - Created Permission View: can edit on DAG:dataset_produces_2
[2024-10-08T12:44:48.306+0000] {logging_mixin.py:190} INFO - [2024-10-08T12:44:48.305+0000] {override.py:1900} INFO - Created Permission View: can read on DAG Run:dataset_produces_2
[2024-10-08T12:44:48.317+0000] {logging_mixin.py:190} INFO - [2024-10-08T12:44:48.317+0000] {override.py:1900} INFO - Created Permission View: can create on DAG Run:dataset_produces_2
[2024-10-08T12:44:48.329+0000] {logging_mixin.py:190} INFO - [2024-10-08T12:44:48.329+0000] {override.py:1900} INFO - Created Permission View: menu access on DAG Run:dataset_produces_2
[2024-10-08T12:44:48.342+0000] {logging_mixin.py:190} INFO - [2024-10-08T12:44:48.341+0000] {override.py:1900} INFO - Created Permission View: can delete on DAG Run:dataset_produces_2
[2024-10-08T12:44:48.363+0000] {logging_mixin.py:190} INFO - [2024-10-08T12:44:48.362+0000] {override.py:1900} INFO - Created Permission View: can read on DAG:dataset_consumes_1_and_2
[2024-10-08T12:44:48.374+0000] {logging_mixin.py:190} INFO - [2024-10-08T12:44:48.374+0000] {override.py:1900} INFO - Created Permission View: can delete on DAG:dataset_consumes_1_and_2
[2024-10-08T12:44:48.386+0000] {logging_mixin.py:190} INFO - [2024-10-08T12:44:48.386+0000] {override.py:1900} INFO - Created Permission View: can edit on DAG:dataset_consumes_1_and_2
[2024-10-08T12:44:48.400+0000] {logging_mixin.py:190} INFO - [2024-10-08T12:44:48.400+0000] {override.py:1900} INFO - Created Permission View: can read on DAG Run:dataset_consumes_1_and_2
[2024-10-08T12:44:48.414+0000] {logging_mixin.py:190} INFO - [2024-10-08T12:44:48.414+0000] {override.py:1900} INFO - Created Permission View: can create on DAG Run:dataset_consumes_1_and_2
[2024-10-08T12:44:48.426+0000] {logging_mixin.py:190} INFO - [2024-10-08T12:44:48.426+0000] {override.py:1900} INFO - Created Permission View: menu access on DAG Run:dataset_consumes_1_and_2
[2024-10-08T12:44:48.439+0000] {logging_mixin.py:190} INFO - [2024-10-08T12:44:48.439+0000] {override.py:1900} INFO - Created Permission View: can delete on DAG Run:dataset_consumes_1_and_2
[2024-10-08T12:44:48.462+0000] {logging_mixin.py:190} INFO - [2024-10-08T12:44:48.461+0000] {override.py:1900} INFO - Created Permission View: can read on DAG:consume_1_and_2_with_dataset_expressions
[2024-10-08T12:44:48.476+0000] {logging_mixin.py:190} INFO - [2024-10-08T12:44:48.476+0000] {override.py:1900} INFO - Created Permission View: can delete on DAG:consume_1_and_2_with_dataset_expressions
[2024-10-08T12:44:48.491+0000] {logging_mixin.py:190} INFO - [2024-10-08T12:44:48.491+0000] {override.py:1900} INFO - Created Permission View: can edit on DAG:consume_1_and_2_with_dataset_expressions
[2024-10-08T12:44:48.508+0000] {logging_mixin.py:190} INFO - [2024-10-08T12:44:48.507+0000] {override.py:1900} INFO - Created Permission View: can read on DAG Run:consume_1_and_2_with_dataset_expressions
[2024-10-08T12:44:48.522+0000] {logging_mixin.py:190} INFO - [2024-10-08T12:44:48.521+0000] {override.py:1900} INFO - Created Permission View: can create on DAG Run:consume_1_and_2_with_dataset_expressions
[2024-10-08T12:44:48.535+0000] {logging_mixin.py:190} INFO - [2024-10-08T12:44:48.535+0000] {override.py:1900} INFO - Created Permission View: menu access on DAG Run:consume_1_and_2_with_dataset_expressions
[2024-10-08T12:44:48.549+0000] {logging_mixin.py:190} INFO - [2024-10-08T12:44:48.548+0000] {override.py:1900} INFO - Created Permission View: can delete on DAG Run:consume_1_and_2_with_dataset_expressions
[2024-10-08T12:44:48.550+0000] {logging_mixin.py:190} INFO - [2024-10-08T12:44:48.550+0000] {dag.py:3229} INFO - Sync 10 DAGs
[2024-10-08T12:44:48.571+0000] {logging_mixin.py:190} INFO - [2024-10-08T12:44:48.570+0000] {dag.py:3252} INFO - Creating ORM DAG for dataset_produces_2
[2024-10-08T12:44:48.573+0000] {logging_mixin.py:190} INFO - [2024-10-08T12:44:48.572+0000] {dag.py:3252} INFO - Creating ORM DAG for dataset_consumes_1_never_scheduled
[2024-10-08T12:44:48.574+0000] {logging_mixin.py:190} INFO - [2024-10-08T12:44:48.574+0000] {dag.py:3252} INFO - Creating ORM DAG for consume_1_or_2_with_dataset_expressions
[2024-10-08T12:44:48.576+0000] {logging_mixin.py:190} INFO - [2024-10-08T12:44:48.576+0000] {dag.py:3252} INFO - Creating ORM DAG for dataset_produces_1
[2024-10-08T12:44:48.578+0000] {logging_mixin.py:190} INFO - [2024-10-08T12:44:48.577+0000] {dag.py:3252} INFO - Creating ORM DAG for dataset_consumes_1
[2024-10-08T12:44:48.579+0000] {logging_mixin.py:190} INFO - [2024-10-08T12:44:48.579+0000] {dag.py:3252} INFO - Creating ORM DAG for consume_1_and_2_with_dataset_expressions
[2024-10-08T12:44:48.581+0000] {logging_mixin.py:190} INFO - [2024-10-08T12:44:48.580+0000] {dag.py:3252} INFO - Creating ORM DAG for dataset_consumes_1_and_2
[2024-10-08T12:44:48.582+0000] {logging_mixin.py:190} INFO - [2024-10-08T12:44:48.582+0000] {dag.py:3252} INFO - Creating ORM DAG for consume_1_or_both_2_and_3_with_dataset_expressions
[2024-10-08T12:44:48.584+0000] {logging_mixin.py:190} INFO - [2024-10-08T12:44:48.584+0000] {dag.py:3252} INFO - Creating ORM DAG for conditional_dataset_and_time_based_timetable
[2024-10-08T12:44:48.586+0000] {logging_mixin.py:190} INFO - [2024-10-08T12:44:48.585+0000] {dag.py:3252} INFO - Creating ORM DAG for dataset_consumes_unknown_never_scheduled
[2024-10-08T12:44:48.601+0000] {logging_mixin.py:190} INFO - [2024-10-08T12:44:48.601+0000] {dag.py:4156} INFO - Setting next_dagrun for conditional_dataset_and_time_based_timetable to 2024-10-02 01:00:00+00:00, run_after=2024-10-02 01:00:00+00:00
[2024-10-08T12:44:48.603+0000] {logging_mixin.py:190} INFO - [2024-10-08T12:44:48.603+0000] {dag.py:4156} INFO - Setting next_dagrun for consume_1_and_2_with_dataset_expressions to None, run_after=None
[2024-10-08T12:44:48.604+0000] {logging_mixin.py:190} INFO - [2024-10-08T12:44:48.604+0000] {dag.py:4156} INFO - Setting next_dagrun for consume_1_or_2_with_dataset_expressions to None, run_after=None
[2024-10-08T12:44:48.606+0000] {logging_mixin.py:190} INFO - [2024-10-08T12:44:48.605+0000] {dag.py:4156} INFO - Setting next_dagrun for consume_1_or_both_2_and_3_with_dataset_expressions to None, run_after=None
[2024-10-08T12:44:48.607+0000] {logging_mixin.py:190} INFO - [2024-10-08T12:44:48.607+0000] {dag.py:4156} INFO - Setting next_dagrun for dataset_consumes_1 to None, run_after=None
[2024-10-08T12:44:48.608+0000] {logging_mixin.py:190} INFO - [2024-10-08T12:44:48.608+0000] {dag.py:4156} INFO - Setting next_dagrun for dataset_consumes_1_and_2 to None, run_after=None
[2024-10-08T12:44:48.610+0000] {logging_mixin.py:190} INFO - [2024-10-08T12:44:48.610+0000] {dag.py:4156} INFO - Setting next_dagrun for dataset_consumes_1_never_scheduled to None, run_after=None
[2024-10-08T12:44:48.612+0000] {logging_mixin.py:190} INFO - [2024-10-08T12:44:48.611+0000] {dag.py:4156} INFO - Setting next_dagrun for dataset_consumes_unknown_never_scheduled to None, run_after=None
[2024-10-08T12:44:48.616+0000] {logging_mixin.py:190} INFO - [2024-10-08T12:44:48.615+0000] {dag.py:4156} INFO - Setting next_dagrun for dataset_produces_1 to 2024-10-07 00:00:00+00:00, run_after=2024-10-08 00:00:00+00:00
[2024-10-08T12:44:48.618+0000] {logging_mixin.py:190} INFO - [2024-10-08T12:44:48.617+0000] {dag.py:4156} INFO - Setting next_dagrun for dataset_produces_2 to None, run_after=None
[2024-10-08T12:44:48.701+0000] {processor.py:208} INFO - Processing /home/airflow/.local/lib/python3.12/site-packages/airflow/example_dags/example_datasets.py took 1.500 seconds
[2024-10-08T12:45:18.851+0000] {processor.py:186} INFO - Started process (PID=180) to work on /home/airflow/.local/lib/python3.12/site-packages/airflow/example_dags/example_datasets.py
[2024-10-08T12:45:18.852+0000] {processor.py:914} INFO - Processing file /home/airflow/.local/lib/python3.12/site-packages/airflow/example_dags/example_datasets.py for tasks to queue
[2024-10-08T12:45:18.856+0000] {logging_mixin.py:190} INFO - [2024-10-08T12:45:18.855+0000] {dagbag.py:587} INFO - Filling up the DagBag from /home/airflow/.local/lib/python3.12/site-packages/airflow/example_dags/example_datasets.py
[2024-10-08T12:45:19.018+0000] {processor.py:925} INFO - DAG(s) 'consume_1_and_2_with_dataset_expressions', 'consume_1_or_both_2_and_3_with_dataset_expressions', 'dataset_consumes_1', 'conditional_dataset_and_time_based_timetable', 'dataset_produces_1', 'dataset_produces_2', 'consume_1_or_2_with_dataset_expressions', 'dataset_consumes_1_never_scheduled', 'dataset_consumes_unknown_never_scheduled', 'dataset_consumes_1_and_2' retrieved from /home/airflow/.local/lib/python3.12/site-packages/airflow/example_dags/example_datasets.py
[2024-10-08T12:45:19.081+0000] {logging_mixin.py:190} INFO - [2024-10-08T12:45:19.080+0000] {dag.py:3229} INFO - Sync 10 DAGs
[2024-10-08T12:45:19.111+0000] {logging_mixin.py:190} INFO - [2024-10-08T12:45:19.110+0000] {dag.py:4156} INFO - Setting next_dagrun for conditional_dataset_and_time_based_timetable to 2024-10-02 01:00:00+00:00, run_after=2024-10-02 01:00:00+00:00
[2024-10-08T12:45:19.117+0000] {logging_mixin.py:190} INFO - [2024-10-08T12:45:19.117+0000] {dag.py:4156} INFO - Setting next_dagrun for consume_1_and_2_with_dataset_expressions to None, run_after=None
[2024-10-08T12:45:19.119+0000] {logging_mixin.py:190} INFO - [2024-10-08T12:45:19.119+0000] {dag.py:4156} INFO - Setting next_dagrun for consume_1_or_2_with_dataset_expressions to None, run_after=None
[2024-10-08T12:45:19.121+0000] {logging_mixin.py:190} INFO - [2024-10-08T12:45:19.121+0000] {dag.py:4156} INFO - Setting next_dagrun for consume_1_or_both_2_and_3_with_dataset_expressions to None, run_after=None
[2024-10-08T12:45:19.124+0000] {logging_mixin.py:190} INFO - [2024-10-08T12:45:19.124+0000] {dag.py:4156} INFO - Setting next_dagrun for dataset_consumes_1 to None, run_after=None
[2024-10-08T12:45:19.128+0000] {logging_mixin.py:190} INFO - [2024-10-08T12:45:19.127+0000] {dag.py:4156} INFO - Setting next_dagrun for dataset_consumes_1_and_2 to None, run_after=None
[2024-10-08T12:45:19.131+0000] {logging_mixin.py:190} INFO - [2024-10-08T12:45:19.131+0000] {dag.py:4156} INFO - Setting next_dagrun for dataset_consumes_1_never_scheduled to None, run_after=None
[2024-10-08T12:45:19.134+0000] {logging_mixin.py:190} INFO - [2024-10-08T12:45:19.134+0000] {dag.py:4156} INFO - Setting next_dagrun for dataset_consumes_unknown_never_scheduled to None, run_after=None
[2024-10-08T12:45:19.137+0000] {logging_mixin.py:190} INFO - [2024-10-08T12:45:19.136+0000] {dag.py:4156} INFO - Setting next_dagrun for dataset_produces_1 to 2024-10-07 00:00:00+00:00, run_after=2024-10-08 00:00:00+00:00
[2024-10-08T12:45:19.139+0000] {logging_mixin.py:190} INFO - [2024-10-08T12:45:19.139+0000] {dag.py:4156} INFO - Setting next_dagrun for dataset_produces_2 to None, run_after=None
[2024-10-08T12:45:19.195+0000] {processor.py:208} INFO - Processing /home/airflow/.local/lib/python3.12/site-packages/airflow/example_dags/example_datasets.py took 0.351 seconds
[2024-10-08T12:45:49.600+0000] {processor.py:186} INFO - Started process (PID=242) to work on /home/airflow/.local/lib/python3.12/site-packages/airflow/example_dags/example_datasets.py
[2024-10-08T12:45:49.602+0000] {processor.py:914} INFO - Processing file /home/airflow/.local/lib/python3.12/site-packages/airflow/example_dags/example_datasets.py for tasks to queue
[2024-10-08T12:45:49.605+0000] {logging_mixin.py:190} INFO - [2024-10-08T12:45:49.604+0000] {dagbag.py:587} INFO - Filling up the DagBag from /home/airflow/.local/lib/python3.12/site-packages/airflow/example_dags/example_datasets.py
[2024-10-08T12:45:49.741+0000] {processor.py:925} INFO - DAG(s) 'consume_1_and_2_with_dataset_expressions', 'dataset_produces_1', 'consume_1_or_2_with_dataset_expressions', 'conditional_dataset_and_time_based_timetable', 'dataset_consumes_1', 'dataset_consumes_1_and_2', 'consume_1_or_both_2_and_3_with_dataset_expressions', 'dataset_consumes_unknown_never_scheduled', 'dataset_produces_2', 'dataset_consumes_1_never_scheduled' retrieved from /home/airflow/.local/lib/python3.12/site-packages/airflow/example_dags/example_datasets.py
[2024-10-08T12:45:49.794+0000] {logging_mixin.py:190} INFO - [2024-10-08T12:45:49.794+0000] {dag.py:3229} INFO - Sync 10 DAGs
[2024-10-08T12:45:49.821+0000] {logging_mixin.py:190} INFO - [2024-10-08T12:45:49.821+0000] {dag.py:4156} INFO - Setting next_dagrun for conditional_dataset_and_time_based_timetable to 2024-10-02 01:00:00+00:00, run_after=2024-10-02 01:00:00+00:00
[2024-10-08T12:45:49.827+0000] {logging_mixin.py:190} INFO - [2024-10-08T12:45:49.826+0000] {dag.py:4156} INFO - Setting next_dagrun for consume_1_and_2_with_dataset_expressions to None, run_after=None
[2024-10-08T12:45:49.829+0000] {logging_mixin.py:190} INFO - [2024-10-08T12:45:49.829+0000] {dag.py:4156} INFO - Setting next_dagrun for consume_1_or_2_with_dataset_expressions to None, run_after=None
[2024-10-08T12:45:49.831+0000] {logging_mixin.py:190} INFO - [2024-10-08T12:45:49.831+0000] {dag.py:4156} INFO - Setting next_dagrun for consume_1_or_both_2_and_3_with_dataset_expressions to None, run_after=None
[2024-10-08T12:45:49.833+0000] {logging_mixin.py:190} INFO - [2024-10-08T12:45:49.833+0000] {dag.py:4156} INFO - Setting next_dagrun for dataset_consumes_1 to None, run_after=None
[2024-10-08T12:45:49.836+0000] {logging_mixin.py:190} INFO - [2024-10-08T12:45:49.835+0000] {dag.py:4156} INFO - Setting next_dagrun for dataset_consumes_1_and_2 to None, run_after=None
[2024-10-08T12:45:49.838+0000] {logging_mixin.py:190} INFO - [2024-10-08T12:45:49.838+0000] {dag.py:4156} INFO - Setting next_dagrun for dataset_consumes_1_never_scheduled to None, run_after=None
[2024-10-08T12:45:49.841+0000] {logging_mixin.py:190} INFO - [2024-10-08T12:45:49.841+0000] {dag.py:4156} INFO - Setting next_dagrun for dataset_consumes_unknown_never_scheduled to None, run_after=None
[2024-10-08T12:45:49.844+0000] {logging_mixin.py:190} INFO - [2024-10-08T12:45:49.843+0000] {dag.py:4156} INFO - Setting next_dagrun for dataset_produces_1 to 2024-10-07 00:00:00+00:00, run_after=2024-10-08 00:00:00+00:00
[2024-10-08T12:45:49.846+0000] {logging_mixin.py:190} INFO - [2024-10-08T12:45:49.846+0000] {dag.py:4156} INFO - Setting next_dagrun for dataset_produces_2 to None, run_after=None
[2024-10-08T12:45:49.901+0000] {processor.py:208} INFO - Processing /home/airflow/.local/lib/python3.12/site-packages/airflow/example_dags/example_datasets.py took 0.307 seconds
[2024-10-08T12:46:20.107+0000] {processor.py:186} INFO - Started process (PID=304) to work on /home/airflow/.local/lib/python3.12/site-packages/airflow/example_dags/example_datasets.py
[2024-10-08T12:46:20.109+0000] {processor.py:914} INFO - Processing file /home/airflow/.local/lib/python3.12/site-packages/airflow/example_dags/example_datasets.py for tasks to queue
[2024-10-08T12:46:20.113+0000] {logging_mixin.py:190} INFO - [2024-10-08T12:46:20.113+0000] {dagbag.py:587} INFO - Filling up the DagBag from /home/airflow/.local/lib/python3.12/site-packages/airflow/example_dags/example_datasets.py
[2024-10-08T12:46:20.298+0000] {processor.py:925} INFO - DAG(s) 'consume_1_and_2_with_dataset_expressions', 'conditional_dataset_and_time_based_timetable', 'dataset_consumes_1', 'dataset_consumes_1_never_scheduled', 'dataset_consumes_unknown_never_scheduled', 'dataset_consumes_1_and_2', 'consume_1_or_both_2_and_3_with_dataset_expressions', 'dataset_produces_2', 'consume_1_or_2_with_dataset_expressions', 'dataset_produces_1' retrieved from /home/airflow/.local/lib/python3.12/site-packages/airflow/example_dags/example_datasets.py
[2024-10-08T12:46:20.358+0000] {logging_mixin.py:190} INFO - [2024-10-08T12:46:20.358+0000] {dag.py:3229} INFO - Sync 10 DAGs
[2024-10-08T12:46:20.390+0000] {logging_mixin.py:190} INFO - [2024-10-08T12:46:20.390+0000] {dag.py:4156} INFO - Setting next_dagrun for conditional_dataset_and_time_based_timetable to 2024-10-02 01:00:00+00:00, run_after=2024-10-02 01:00:00+00:00
[2024-10-08T12:46:20.395+0000] {logging_mixin.py:190} INFO - [2024-10-08T12:46:20.395+0000] {dag.py:4156} INFO - Setting next_dagrun for consume_1_and_2_with_dataset_expressions to None, run_after=None
[2024-10-08T12:46:20.398+0000] {logging_mixin.py:190} INFO - [2024-10-08T12:46:20.398+0000] {dag.py:4156} INFO - Setting next_dagrun for consume_1_or_2_with_dataset_expressions to None, run_after=None
[2024-10-08T12:46:20.401+0000] {logging_mixin.py:190} INFO - [2024-10-08T12:46:20.401+0000] {dag.py:4156} INFO - Setting next_dagrun for consume_1_or_both_2_and_3_with_dataset_expressions to None, run_after=None
[2024-10-08T12:46:20.404+0000] {logging_mixin.py:190} INFO - [2024-10-08T12:46:20.404+0000] {dag.py:4156} INFO - Setting next_dagrun for dataset_consumes_1 to None, run_after=None
[2024-10-08T12:46:20.407+0000] {logging_mixin.py:190} INFO - [2024-10-08T12:46:20.406+0000] {dag.py:4156} INFO - Setting next_dagrun for dataset_consumes_1_and_2 to None, run_after=None
[2024-10-08T12:46:20.409+0000] {logging_mixin.py:190} INFO - [2024-10-08T12:46:20.409+0000] {dag.py:4156} INFO - Setting next_dagrun for dataset_consumes_1_never_scheduled to None, run_after=None
[2024-10-08T12:46:20.412+0000] {logging_mixin.py:190} INFO - [2024-10-08T12:46:20.411+0000] {dag.py:4156} INFO - Setting next_dagrun for dataset_consumes_unknown_never_scheduled to None, run_after=None
[2024-10-08T12:46:20.416+0000] {logging_mixin.py:190} INFO - [2024-10-08T12:46:20.416+0000] {dag.py:4156} INFO - Setting next_dagrun for dataset_produces_1 to 2024-10-07 00:00:00+00:00, run_after=2024-10-08 00:00:00+00:00
[2024-10-08T12:46:20.419+0000] {logging_mixin.py:190} INFO - [2024-10-08T12:46:20.419+0000] {dag.py:4156} INFO - Setting next_dagrun for dataset_produces_2 to None, run_after=None
[2024-10-08T12:46:20.477+0000] {processor.py:208} INFO - Processing /home/airflow/.local/lib/python3.12/site-packages/airflow/example_dags/example_datasets.py took 0.379 seconds
[2024-10-08T12:46:50.878+0000] {processor.py:186} INFO - Started process (PID=366) to work on /home/airflow/.local/lib/python3.12/site-packages/airflow/example_dags/example_datasets.py
[2024-10-08T12:46:50.881+0000] {processor.py:914} INFO - Processing file /home/airflow/.local/lib/python3.12/site-packages/airflow/example_dags/example_datasets.py for tasks to queue
[2024-10-08T12:46:50.887+0000] {logging_mixin.py:190} INFO - [2024-10-08T12:46:50.886+0000] {dagbag.py:587} INFO - Filling up the DagBag from /home/airflow/.local/lib/python3.12/site-packages/airflow/example_dags/example_datasets.py
[2024-10-08T12:46:51.168+0000] {processor.py:925} INFO - DAG(s) 'dataset_consumes_1_and_2', 'dataset_produces_2', 'dataset_consumes_1', 'consume_1_or_2_with_dataset_expressions', 'consume_1_and_2_with_dataset_expressions', 'dataset_consumes_unknown_never_scheduled', 'dataset_produces_1', 'conditional_dataset_and_time_based_timetable', 'dataset_consumes_1_never_scheduled', 'consume_1_or_both_2_and_3_with_dataset_expressions' retrieved from /home/airflow/.local/lib/python3.12/site-packages/airflow/example_dags/example_datasets.py
[2024-10-08T12:46:51.253+0000] {logging_mixin.py:190} INFO - [2024-10-08T12:46:51.252+0000] {dag.py:3229} INFO - Sync 10 DAGs
[2024-10-08T12:46:51.299+0000] {logging_mixin.py:190} INFO - [2024-10-08T12:46:51.298+0000] {dag.py:4156} INFO - Setting next_dagrun for conditional_dataset_and_time_based_timetable to 2024-10-02 01:00:00+00:00, run_after=2024-10-02 01:00:00+00:00
[2024-10-08T12:46:51.306+0000] {logging_mixin.py:190} INFO - [2024-10-08T12:46:51.305+0000] {dag.py:4156} INFO - Setting next_dagrun for consume_1_and_2_with_dataset_expressions to None, run_after=None
[2024-10-08T12:46:51.309+0000] {logging_mixin.py:190} INFO - [2024-10-08T12:46:51.309+0000] {dag.py:4156} INFO - Setting next_dagrun for consume_1_or_2_with_dataset_expressions to None, run_after=None
[2024-10-08T12:46:51.313+0000] {logging_mixin.py:190} INFO - [2024-10-08T12:46:51.312+0000] {dag.py:4156} INFO - Setting next_dagrun for consume_1_or_both_2_and_3_with_dataset_expressions to None, run_after=None
[2024-10-08T12:46:51.316+0000] {logging_mixin.py:190} INFO - [2024-10-08T12:46:51.316+0000] {dag.py:4156} INFO - Setting next_dagrun for dataset_consumes_1 to None, run_after=None
[2024-10-08T12:46:51.320+0000] {logging_mixin.py:190} INFO - [2024-10-08T12:46:51.320+0000] {dag.py:4156} INFO - Setting next_dagrun for dataset_consumes_1_and_2 to None, run_after=None
[2024-10-08T12:46:51.326+0000] {logging_mixin.py:190} INFO - [2024-10-08T12:46:51.326+0000] {dag.py:4156} INFO - Setting next_dagrun for dataset_consumes_1_never_scheduled to None, run_after=None
[2024-10-08T12:46:51.330+0000] {logging_mixin.py:190} INFO - [2024-10-08T12:46:51.329+0000] {dag.py:4156} INFO - Setting next_dagrun for dataset_consumes_unknown_never_scheduled to None, run_after=None
[2024-10-08T12:46:51.336+0000] {logging_mixin.py:190} INFO - [2024-10-08T12:46:51.335+0000] {dag.py:4156} INFO - Setting next_dagrun for dataset_produces_1 to 2024-10-07 00:00:00+00:00, run_after=2024-10-08 00:00:00+00:00
[2024-10-08T12:46:51.339+0000] {logging_mixin.py:190} INFO - [2024-10-08T12:46:51.339+0000] {dag.py:4156} INFO - Setting next_dagrun for dataset_produces_2 to None, run_after=None
[2024-10-08T12:46:51.421+0000] {processor.py:208} INFO - Processing /home/airflow/.local/lib/python3.12/site-packages/airflow/example_dags/example_datasets.py took 0.553 seconds
[2024-10-08T12:47:21.974+0000] {processor.py:186} INFO - Started process (PID=430) to work on /home/airflow/.local/lib/python3.12/site-packages/airflow/example_dags/example_datasets.py
[2024-10-08T12:47:21.977+0000] {processor.py:914} INFO - Processing file /home/airflow/.local/lib/python3.12/site-packages/airflow/example_dags/example_datasets.py for tasks to queue
[2024-10-08T12:47:21.984+0000] {logging_mixin.py:190} INFO - [2024-10-08T12:47:21.984+0000] {dagbag.py:587} INFO - Filling up the DagBag from /home/airflow/.local/lib/python3.12/site-packages/airflow/example_dags/example_datasets.py
[2024-10-08T12:47:22.199+0000] {processor.py:925} INFO - DAG(s) 'dataset_produces_1', 'consume_1_and_2_with_dataset_expressions', 'dataset_consumes_1', 'consume_1_or_2_with_dataset_expressions', 'consume_1_or_both_2_and_3_with_dataset_expressions', 'dataset_consumes_1_and_2', 'conditional_dataset_and_time_based_timetable', 'dataset_consumes_1_never_scheduled', 'dataset_produces_2', 'dataset_consumes_unknown_never_scheduled' retrieved from /home/airflow/.local/lib/python3.12/site-packages/airflow/example_dags/example_datasets.py
[2024-10-08T12:47:22.282+0000] {logging_mixin.py:190} INFO - [2024-10-08T12:47:22.281+0000] {dag.py:3229} INFO - Sync 10 DAGs
[2024-10-08T12:47:22.320+0000] {logging_mixin.py:190} INFO - [2024-10-08T12:47:22.319+0000] {dag.py:4156} INFO - Setting next_dagrun for conditional_dataset_and_time_based_timetable to 2024-10-02 01:00:00+00:00, run_after=2024-10-02 01:00:00+00:00
[2024-10-08T12:47:22.326+0000] {logging_mixin.py:190} INFO - [2024-10-08T12:47:22.326+0000] {dag.py:4156} INFO - Setting next_dagrun for consume_1_and_2_with_dataset_expressions to None, run_after=None
[2024-10-08T12:47:22.329+0000] {logging_mixin.py:190} INFO - [2024-10-08T12:47:22.329+0000] {dag.py:4156} INFO - Setting next_dagrun for consume_1_or_2_with_dataset_expressions to None, run_after=None
[2024-10-08T12:47:22.333+0000] {logging_mixin.py:190} INFO - [2024-10-08T12:47:22.332+0000] {dag.py:4156} INFO - Setting next_dagrun for consume_1_or_both_2_and_3_with_dataset_expressions to None, run_after=None
[2024-10-08T12:47:22.337+0000] {logging_mixin.py:190} INFO - [2024-10-08T12:47:22.336+0000] {dag.py:4156} INFO - Setting next_dagrun for dataset_consumes_1 to None, run_after=None
[2024-10-08T12:47:22.340+0000] {logging_mixin.py:190} INFO - [2024-10-08T12:47:22.339+0000] {dag.py:4156} INFO - Setting next_dagrun for dataset_consumes_1_and_2 to None, run_after=None
[2024-10-08T12:47:22.343+0000] {logging_mixin.py:190} INFO - [2024-10-08T12:47:22.342+0000] {dag.py:4156} INFO - Setting next_dagrun for dataset_consumes_1_never_scheduled to None, run_after=None
[2024-10-08T12:47:22.345+0000] {logging_mixin.py:190} INFO - [2024-10-08T12:47:22.345+0000] {dag.py:4156} INFO - Setting next_dagrun for dataset_consumes_unknown_never_scheduled to None, run_after=None
[2024-10-08T12:47:22.349+0000] {logging_mixin.py:190} INFO - [2024-10-08T12:47:22.349+0000] {dag.py:4156} INFO - Setting next_dagrun for dataset_produces_1 to 2024-10-07 00:00:00+00:00, run_after=2024-10-08 00:00:00+00:00
[2024-10-08T12:47:22.353+0000] {logging_mixin.py:190} INFO - [2024-10-08T12:47:22.353+0000] {dag.py:4156} INFO - Setting next_dagrun for dataset_produces_2 to None, run_after=None
[2024-10-08T12:47:22.420+0000] {processor.py:208} INFO - Processing /home/airflow/.local/lib/python3.12/site-packages/airflow/example_dags/example_datasets.py took 0.460 seconds
