[2024-10-08T12:44:49.828+0000] {processor.py:186} INFO - Started process (PID=125) to work on /home/airflow/.local/lib/python3.12/site-packages/airflow/example_dags/example_short_circuit_operator.py
[2024-10-08T12:44:49.830+0000] {processor.py:914} INFO - Processing file /home/airflow/.local/lib/python3.12/site-packages/airflow/example_dags/example_short_circuit_operator.py for tasks to queue
[2024-10-08T12:44:49.839+0000] {logging_mixin.py:190} INFO - [2024-10-08T12:44:49.838+0000] {dagbag.py:587} INFO - Filling up the DagBag from /home/airflow/.local/lib/python3.12/site-packages/airflow/example_dags/example_short_circuit_operator.py
[2024-10-08T12:44:49.856+0000] {processor.py:925} INFO - DAG(s) 'example_short_circuit_operator' retrieved from /home/airflow/.local/lib/python3.12/site-packages/airflow/example_dags/example_short_circuit_operator.py
[2024-10-08T12:44:50.083+0000] {logging_mixin.py:190} INFO - [2024-10-08T12:44:50.081+0000] {override.py:1900} INFO - Created Permission View: can read on DAG:example_short_circuit_operator
[2024-10-08T12:44:50.102+0000] {logging_mixin.py:190} INFO - [2024-10-08T12:44:50.102+0000] {override.py:1900} INFO - Created Permission View: can delete on DAG:example_short_circuit_operator
[2024-10-08T12:44:50.116+0000] {logging_mixin.py:190} INFO - [2024-10-08T12:44:50.116+0000] {override.py:1900} INFO - Created Permission View: can edit on DAG:example_short_circuit_operator
[2024-10-08T12:44:50.132+0000] {logging_mixin.py:190} INFO - [2024-10-08T12:44:50.131+0000] {override.py:1900} INFO - Created Permission View: can read on DAG Run:example_short_circuit_operator
[2024-10-08T12:44:50.145+0000] {logging_mixin.py:190} INFO - [2024-10-08T12:44:50.144+0000] {override.py:1900} INFO - Created Permission View: can create on DAG Run:example_short_circuit_operator
[2024-10-08T12:44:50.159+0000] {logging_mixin.py:190} INFO - [2024-10-08T12:44:50.158+0000] {override.py:1900} INFO - Created Permission View: menu access on DAG Run:example_short_circuit_operator
[2024-10-08T12:44:50.172+0000] {logging_mixin.py:190} INFO - [2024-10-08T12:44:50.171+0000] {override.py:1900} INFO - Created Permission View: can delete on DAG Run:example_short_circuit_operator
[2024-10-08T12:44:50.173+0000] {logging_mixin.py:190} INFO - [2024-10-08T12:44:50.173+0000] {dag.py:3229} INFO - Sync 1 DAGs
[2024-10-08T12:44:50.201+0000] {logging_mixin.py:190} INFO - [2024-10-08T12:44:50.201+0000] {dag.py:3252} INFO - Creating ORM DAG for example_short_circuit_operator
[2024-10-08T12:44:50.203+0000] {logging_mixin.py:190} INFO - [2024-10-08T12:44:50.203+0000] {dag.py:4156} INFO - Setting next_dagrun for example_short_circuit_operator to None, run_after=None
[2024-10-08T12:44:50.238+0000] {processor.py:208} INFO - Processing /home/airflow/.local/lib/python3.12/site-packages/airflow/example_dags/example_short_circuit_operator.py took 0.422 seconds
[2024-10-08T12:45:20.907+0000] {processor.py:186} INFO - Started process (PID=187) to work on /home/airflow/.local/lib/python3.12/site-packages/airflow/example_dags/example_short_circuit_operator.py
[2024-10-08T12:45:20.910+0000] {processor.py:914} INFO - Processing file /home/airflow/.local/lib/python3.12/site-packages/airflow/example_dags/example_short_circuit_operator.py for tasks to queue
[2024-10-08T12:45:20.916+0000] {logging_mixin.py:190} INFO - [2024-10-08T12:45:20.915+0000] {dagbag.py:587} INFO - Filling up the DagBag from /home/airflow/.local/lib/python3.12/site-packages/airflow/example_dags/example_short_circuit_operator.py
[2024-10-08T12:45:20.936+0000] {processor.py:925} INFO - DAG(s) 'example_short_circuit_operator' retrieved from /home/airflow/.local/lib/python3.12/site-packages/airflow/example_dags/example_short_circuit_operator.py
[2024-10-08T12:45:20.994+0000] {logging_mixin.py:190} INFO - [2024-10-08T12:45:20.993+0000] {dag.py:3229} INFO - Sync 1 DAGs
[2024-10-08T12:45:21.028+0000] {logging_mixin.py:190} INFO - [2024-10-08T12:45:21.027+0000] {dag.py:4156} INFO - Setting next_dagrun for example_short_circuit_operator to None, run_after=None
[2024-10-08T12:45:21.083+0000] {processor.py:208} INFO - Processing /home/airflow/.local/lib/python3.12/site-packages/airflow/example_dags/example_short_circuit_operator.py took 0.191 seconds
[2024-10-08T12:45:51.534+0000] {processor.py:186} INFO - Started process (PID=249) to work on /home/airflow/.local/lib/python3.12/site-packages/airflow/example_dags/example_short_circuit_operator.py
[2024-10-08T12:45:51.537+0000] {processor.py:914} INFO - Processing file /home/airflow/.local/lib/python3.12/site-packages/airflow/example_dags/example_short_circuit_operator.py for tasks to queue
[2024-10-08T12:45:51.541+0000] {logging_mixin.py:190} INFO - [2024-10-08T12:45:51.541+0000] {dagbag.py:587} INFO - Filling up the DagBag from /home/airflow/.local/lib/python3.12/site-packages/airflow/example_dags/example_short_circuit_operator.py
[2024-10-08T12:45:51.555+0000] {processor.py:925} INFO - DAG(s) 'example_short_circuit_operator' retrieved from /home/airflow/.local/lib/python3.12/site-packages/airflow/example_dags/example_short_circuit_operator.py
[2024-10-08T12:45:51.595+0000] {logging_mixin.py:190} INFO - [2024-10-08T12:45:51.595+0000] {dag.py:3229} INFO - Sync 1 DAGs
[2024-10-08T12:45:51.611+0000] {logging_mixin.py:190} INFO - [2024-10-08T12:45:51.610+0000] {dag.py:4156} INFO - Setting next_dagrun for example_short_circuit_operator to None, run_after=None
[2024-10-08T12:45:51.633+0000] {processor.py:208} INFO - Processing /home/airflow/.local/lib/python3.12/site-packages/airflow/example_dags/example_short_circuit_operator.py took 0.110 seconds
[2024-10-08T12:46:22.153+0000] {processor.py:186} INFO - Started process (PID=311) to work on /home/airflow/.local/lib/python3.12/site-packages/airflow/example_dags/example_short_circuit_operator.py
[2024-10-08T12:46:22.155+0000] {processor.py:914} INFO - Processing file /home/airflow/.local/lib/python3.12/site-packages/airflow/example_dags/example_short_circuit_operator.py for tasks to queue
[2024-10-08T12:46:22.160+0000] {logging_mixin.py:190} INFO - [2024-10-08T12:46:22.159+0000] {dagbag.py:587} INFO - Filling up the DagBag from /home/airflow/.local/lib/python3.12/site-packages/airflow/example_dags/example_short_circuit_operator.py
[2024-10-08T12:46:22.175+0000] {processor.py:925} INFO - DAG(s) 'example_short_circuit_operator' retrieved from /home/airflow/.local/lib/python3.12/site-packages/airflow/example_dags/example_short_circuit_operator.py
[2024-10-08T12:46:22.235+0000] {logging_mixin.py:190} INFO - [2024-10-08T12:46:22.235+0000] {dag.py:3229} INFO - Sync 1 DAGs
[2024-10-08T12:46:22.264+0000] {logging_mixin.py:190} INFO - [2024-10-08T12:46:22.264+0000] {dag.py:4156} INFO - Setting next_dagrun for example_short_circuit_operator to None, run_after=None
[2024-10-08T12:46:22.302+0000] {processor.py:208} INFO - Processing /home/airflow/.local/lib/python3.12/site-packages/airflow/example_dags/example_short_circuit_operator.py took 0.161 seconds
[2024-10-08T12:46:52.694+0000] {processor.py:186} INFO - Started process (PID=373) to work on /home/airflow/.local/lib/python3.12/site-packages/airflow/example_dags/example_short_circuit_operator.py
[2024-10-08T12:46:52.696+0000] {processor.py:914} INFO - Processing file /home/airflow/.local/lib/python3.12/site-packages/airflow/example_dags/example_short_circuit_operator.py for tasks to queue
[2024-10-08T12:46:52.700+0000] {logging_mixin.py:190} INFO - [2024-10-08T12:46:52.700+0000] {dagbag.py:587} INFO - Filling up the DagBag from /home/airflow/.local/lib/python3.12/site-packages/airflow/example_dags/example_short_circuit_operator.py
[2024-10-08T12:46:52.711+0000] {processor.py:925} INFO - DAG(s) 'example_short_circuit_operator' retrieved from /home/airflow/.local/lib/python3.12/site-packages/airflow/example_dags/example_short_circuit_operator.py
[2024-10-08T12:46:52.741+0000] {logging_mixin.py:190} INFO - [2024-10-08T12:46:52.741+0000] {dag.py:3229} INFO - Sync 1 DAGs
[2024-10-08T12:46:52.757+0000] {logging_mixin.py:190} INFO - [2024-10-08T12:46:52.757+0000] {dag.py:4156} INFO - Setting next_dagrun for example_short_circuit_operator to None, run_after=None
[2024-10-08T12:46:52.792+0000] {processor.py:208} INFO - Processing /home/airflow/.local/lib/python3.12/site-packages/airflow/example_dags/example_short_circuit_operator.py took 0.108 seconds
[2024-10-08T12:47:23.190+0000] {processor.py:186} INFO - Started process (PID=435) to work on /home/airflow/.local/lib/python3.12/site-packages/airflow/example_dags/example_short_circuit_operator.py
[2024-10-08T12:47:23.191+0000] {processor.py:914} INFO - Processing file /home/airflow/.local/lib/python3.12/site-packages/airflow/example_dags/example_short_circuit_operator.py for tasks to queue
[2024-10-08T12:47:23.195+0000] {logging_mixin.py:190} INFO - [2024-10-08T12:47:23.194+0000] {dagbag.py:587} INFO - Filling up the DagBag from /home/airflow/.local/lib/python3.12/site-packages/airflow/example_dags/example_short_circuit_operator.py
[2024-10-08T12:47:23.209+0000] {processor.py:925} INFO - DAG(s) 'example_short_circuit_operator' retrieved from /home/airflow/.local/lib/python3.12/site-packages/airflow/example_dags/example_short_circuit_operator.py
[2024-10-08T12:47:23.246+0000] {logging_mixin.py:190} INFO - [2024-10-08T12:47:23.246+0000] {dag.py:3229} INFO - Sync 1 DAGs
[2024-10-08T12:47:23.327+0000] {logging_mixin.py:190} INFO - [2024-10-08T12:47:23.327+0000] {dag.py:4156} INFO - Setting next_dagrun for example_short_circuit_operator to None, run_after=None
[2024-10-08T12:47:23.427+0000] {processor.py:208} INFO - Processing /home/airflow/.local/lib/python3.12/site-packages/airflow/example_dags/example_short_circuit_operator.py took 0.246 seconds
