[2024-10-08T12:44:50.298+0000] {processor.py:186} INFO - Started process (PID=127) to work on /home/airflow/.local/lib/python3.12/site-packages/airflow/example_dags/example_inlet_event_extra.py
[2024-10-08T12:44:50.300+0000] {processor.py:914} INFO - Processing file /home/airflow/.local/lib/python3.12/site-packages/airflow/example_dags/example_inlet_event_extra.py for tasks to queue
[2024-10-08T12:44:50.308+0000] {logging_mixin.py:190} INFO - [2024-10-08T12:44:50.307+0000] {dagbag.py:587} INFO - Filling up the DagBag from /home/airflow/.local/lib/python3.12/site-packages/airflow/example_dags/example_inlet_event_extra.py
[2024-10-08T12:44:51.216+0000] {processor.py:925} INFO - DAG(s) 'read_dataset_event_from_classic', 'read_dataset_event' retrieved from /home/airflow/.local/lib/python3.12/site-packages/airflow/example_dags/example_inlet_event_extra.py
[2024-10-08T12:44:51.463+0000] {logging_mixin.py:190} INFO - [2024-10-08T12:44:51.462+0000] {override.py:1900} INFO - Created Permission View: can read on DAG:read_dataset_event_from_classic
[2024-10-08T12:44:51.492+0000] {logging_mixin.py:190} INFO - [2024-10-08T12:44:51.491+0000] {override.py:1900} INFO - Created Permission View: can delete on DAG:read_dataset_event_from_classic
[2024-10-08T12:44:51.509+0000] {logging_mixin.py:190} INFO - [2024-10-08T12:44:51.509+0000] {override.py:1900} INFO - Created Permission View: can edit on DAG:read_dataset_event_from_classic
[2024-10-08T12:44:51.525+0000] {logging_mixin.py:190} INFO - [2024-10-08T12:44:51.525+0000] {override.py:1900} INFO - Created Permission View: can read on DAG Run:read_dataset_event_from_classic
[2024-10-08T12:44:51.541+0000] {logging_mixin.py:190} INFO - [2024-10-08T12:44:51.540+0000] {override.py:1900} INFO - Created Permission View: can create on DAG Run:read_dataset_event_from_classic
[2024-10-08T12:44:52.232+0000] {logging_mixin.py:190} INFO - [2024-10-08T12:44:52.232+0000] {override.py:1900} INFO - Created Permission View: menu access on DAG Run:read_dataset_event_from_classic
[2024-10-08T12:44:52.249+0000] {logging_mixin.py:190} INFO - [2024-10-08T12:44:52.248+0000] {override.py:1900} INFO - Created Permission View: can delete on DAG Run:read_dataset_event_from_classic
[2024-10-08T12:44:52.277+0000] {logging_mixin.py:190} INFO - [2024-10-08T12:44:52.276+0000] {override.py:1900} INFO - Created Permission View: can read on DAG:read_dataset_event
[2024-10-08T12:44:52.294+0000] {logging_mixin.py:190} INFO - [2024-10-08T12:44:52.293+0000] {override.py:1900} INFO - Created Permission View: can delete on DAG:read_dataset_event
[2024-10-08T12:44:52.308+0000] {logging_mixin.py:190} INFO - [2024-10-08T12:44:52.308+0000] {override.py:1900} INFO - Created Permission View: can edit on DAG:read_dataset_event
[2024-10-08T12:44:52.325+0000] {logging_mixin.py:190} INFO - [2024-10-08T12:44:52.325+0000] {override.py:1900} INFO - Created Permission View: can read on DAG Run:read_dataset_event
[2024-10-08T12:44:52.340+0000] {logging_mixin.py:190} INFO - [2024-10-08T12:44:52.340+0000] {override.py:1900} INFO - Created Permission View: can create on DAG Run:read_dataset_event
[2024-10-08T12:44:52.355+0000] {logging_mixin.py:190} INFO - [2024-10-08T12:44:52.354+0000] {override.py:1900} INFO - Created Permission View: menu access on DAG Run:read_dataset_event
[2024-10-08T12:44:52.370+0000] {logging_mixin.py:190} INFO - [2024-10-08T12:44:52.370+0000] {override.py:1900} INFO - Created Permission View: can delete on DAG Run:read_dataset_event
[2024-10-08T12:44:52.372+0000] {logging_mixin.py:190} INFO - [2024-10-08T12:44:52.371+0000] {dag.py:3229} INFO - Sync 2 DAGs
[2024-10-08T12:44:52.398+0000] {logging_mixin.py:190} INFO - [2024-10-08T12:44:52.398+0000] {dag.py:3252} INFO - Creating ORM DAG for read_dataset_event
[2024-10-08T12:44:52.400+0000] {logging_mixin.py:190} INFO - [2024-10-08T12:44:52.400+0000] {dag.py:3252} INFO - Creating ORM DAG for read_dataset_event_from_classic
[2024-10-08T12:44:52.421+0000] {logging_mixin.py:190} INFO - [2024-10-08T12:44:52.420+0000] {dag.py:4156} INFO - Setting next_dagrun for read_dataset_event to 2024-10-07 00:00:00+00:00, run_after=2024-10-08 00:00:00+00:00
[2024-10-08T12:44:52.425+0000] {logging_mixin.py:190} INFO - [2024-10-08T12:44:52.425+0000] {dag.py:4156} INFO - Setting next_dagrun for read_dataset_event_from_classic to 2024-10-07 00:00:00+00:00, run_after=2024-10-08 00:00:00+00:00
[2024-10-08T12:44:52.459+0000] {processor.py:208} INFO - Processing /home/airflow/.local/lib/python3.12/site-packages/airflow/example_dags/example_inlet_event_extra.py took 0.928 seconds
[2024-10-08T12:45:23.550+0000] {processor.py:186} INFO - Started process (PID=189) to work on /home/airflow/.local/lib/python3.12/site-packages/airflow/example_dags/example_inlet_event_extra.py
[2024-10-08T12:45:23.552+0000] {processor.py:914} INFO - Processing file /home/airflow/.local/lib/python3.12/site-packages/airflow/example_dags/example_inlet_event_extra.py for tasks to queue
[2024-10-08T12:45:23.556+0000] {logging_mixin.py:190} INFO - [2024-10-08T12:45:23.555+0000] {dagbag.py:587} INFO - Filling up the DagBag from /home/airflow/.local/lib/python3.12/site-packages/airflow/example_dags/example_inlet_event_extra.py
[2024-10-08T12:45:23.699+0000] {processor.py:925} INFO - DAG(s) 'read_dataset_event_from_classic', 'read_dataset_event' retrieved from /home/airflow/.local/lib/python3.12/site-packages/airflow/example_dags/example_inlet_event_extra.py
[2024-10-08T12:45:23.726+0000] {logging_mixin.py:190} INFO - [2024-10-08T12:45:23.726+0000] {dag.py:3229} INFO - Sync 2 DAGs
[2024-10-08T12:45:23.758+0000] {logging_mixin.py:190} INFO - [2024-10-08T12:45:23.758+0000] {dag.py:4156} INFO - Setting next_dagrun for read_dataset_event to 2024-10-07 00:00:00+00:00, run_after=2024-10-08 00:00:00+00:00
[2024-10-08T12:45:23.765+0000] {logging_mixin.py:190} INFO - [2024-10-08T12:45:23.764+0000] {dag.py:4156} INFO - Setting next_dagrun for read_dataset_event_from_classic to 2024-10-07 00:00:00+00:00, run_after=2024-10-08 00:00:00+00:00
[2024-10-08T12:45:23.788+0000] {processor.py:208} INFO - Processing /home/airflow/.local/lib/python3.12/site-packages/airflow/example_dags/example_inlet_event_extra.py took 0.245 seconds
[2024-10-08T12:45:55.054+0000] {processor.py:186} INFO - Started process (PID=251) to work on /home/airflow/.local/lib/python3.12/site-packages/airflow/example_dags/example_inlet_event_extra.py
[2024-10-08T12:45:55.056+0000] {processor.py:914} INFO - Processing file /home/airflow/.local/lib/python3.12/site-packages/airflow/example_dags/example_inlet_event_extra.py for tasks to queue
[2024-10-08T12:45:55.060+0000] {logging_mixin.py:190} INFO - [2024-10-08T12:45:55.060+0000] {dagbag.py:587} INFO - Filling up the DagBag from /home/airflow/.local/lib/python3.12/site-packages/airflow/example_dags/example_inlet_event_extra.py
[2024-10-08T12:45:55.219+0000] {processor.py:925} INFO - DAG(s) 'read_dataset_event_from_classic', 'read_dataset_event' retrieved from /home/airflow/.local/lib/python3.12/site-packages/airflow/example_dags/example_inlet_event_extra.py
[2024-10-08T12:45:55.248+0000] {logging_mixin.py:190} INFO - [2024-10-08T12:45:55.248+0000] {dag.py:3229} INFO - Sync 2 DAGs
[2024-10-08T12:45:55.281+0000] {logging_mixin.py:190} INFO - [2024-10-08T12:45:55.280+0000] {dag.py:4156} INFO - Setting next_dagrun for read_dataset_event to 2024-10-07 00:00:00+00:00, run_after=2024-10-08 00:00:00+00:00
[2024-10-08T12:45:55.287+0000] {logging_mixin.py:190} INFO - [2024-10-08T12:45:55.287+0000] {dag.py:4156} INFO - Setting next_dagrun for read_dataset_event_from_classic to 2024-10-07 00:00:00+00:00, run_after=2024-10-08 00:00:00+00:00
[2024-10-08T12:45:55.329+0000] {processor.py:208} INFO - Processing /home/airflow/.local/lib/python3.12/site-packages/airflow/example_dags/example_inlet_event_extra.py took 0.283 seconds
[2024-10-08T12:46:26.300+0000] {processor.py:186} INFO - Started process (PID=314) to work on /home/airflow/.local/lib/python3.12/site-packages/airflow/example_dags/example_inlet_event_extra.py
[2024-10-08T12:46:26.302+0000] {processor.py:914} INFO - Processing file /home/airflow/.local/lib/python3.12/site-packages/airflow/example_dags/example_inlet_event_extra.py for tasks to queue
[2024-10-08T12:46:26.307+0000] {logging_mixin.py:190} INFO - [2024-10-08T12:46:26.306+0000] {dagbag.py:587} INFO - Filling up the DagBag from /home/airflow/.local/lib/python3.12/site-packages/airflow/example_dags/example_inlet_event_extra.py
[2024-10-08T12:46:26.480+0000] {processor.py:925} INFO - DAG(s) 'read_dataset_event_from_classic', 'read_dataset_event' retrieved from /home/airflow/.local/lib/python3.12/site-packages/airflow/example_dags/example_inlet_event_extra.py
[2024-10-08T12:46:26.510+0000] {logging_mixin.py:190} INFO - [2024-10-08T12:46:26.510+0000] {dag.py:3229} INFO - Sync 2 DAGs
[2024-10-08T12:46:26.547+0000] {logging_mixin.py:190} INFO - [2024-10-08T12:46:26.547+0000] {dag.py:4156} INFO - Setting next_dagrun for read_dataset_event to 2024-10-07 00:00:00+00:00, run_after=2024-10-08 00:00:00+00:00
[2024-10-08T12:46:26.556+0000] {logging_mixin.py:190} INFO - [2024-10-08T12:46:26.555+0000] {dag.py:4156} INFO - Setting next_dagrun for read_dataset_event_from_classic to 2024-10-07 00:00:00+00:00, run_after=2024-10-08 00:00:00+00:00
[2024-10-08T12:46:26.599+0000] {processor.py:208} INFO - Processing /home/airflow/.local/lib/python3.12/site-packages/airflow/example_dags/example_inlet_event_extra.py took 0.310 seconds
[2024-10-08T12:46:56.796+0000] {processor.py:186} INFO - Started process (PID=377) to work on /home/airflow/.local/lib/python3.12/site-packages/airflow/example_dags/example_inlet_event_extra.py
[2024-10-08T12:46:56.802+0000] {processor.py:914} INFO - Processing file /home/airflow/.local/lib/python3.12/site-packages/airflow/example_dags/example_inlet_event_extra.py for tasks to queue
[2024-10-08T12:46:57.557+0000] {logging_mixin.py:190} INFO - [2024-10-08T12:46:57.557+0000] {dagbag.py:587} INFO - Filling up the DagBag from /home/airflow/.local/lib/python3.12/site-packages/airflow/example_dags/example_inlet_event_extra.py
[2024-10-08T12:46:57.739+0000] {processor.py:925} INFO - DAG(s) 'read_dataset_event_from_classic', 'read_dataset_event' retrieved from /home/airflow/.local/lib/python3.12/site-packages/airflow/example_dags/example_inlet_event_extra.py
[2024-10-08T12:46:57.772+0000] {logging_mixin.py:190} INFO - [2024-10-08T12:46:57.771+0000] {dag.py:3229} INFO - Sync 2 DAGs
[2024-10-08T12:46:57.809+0000] {logging_mixin.py:190} INFO - [2024-10-08T12:46:57.809+0000] {dag.py:4156} INFO - Setting next_dagrun for read_dataset_event to 2024-10-07 00:00:00+00:00, run_after=2024-10-08 00:00:00+00:00
[2024-10-08T12:46:57.816+0000] {logging_mixin.py:190} INFO - [2024-10-08T12:46:57.816+0000] {dag.py:4156} INFO - Setting next_dagrun for read_dataset_event_from_classic to 2024-10-07 00:00:00+00:00, run_after=2024-10-08 00:00:00+00:00
[2024-10-08T12:46:57.839+0000] {processor.py:208} INFO - Processing /home/airflow/.local/lib/python3.12/site-packages/airflow/example_dags/example_inlet_event_extra.py took 0.351 seconds
[2024-10-08T12:47:28.023+0000] {processor.py:186} INFO - Started process (PID=439) to work on /home/airflow/.local/lib/python3.12/site-packages/airflow/example_dags/example_inlet_event_extra.py
[2024-10-08T12:47:28.024+0000] {processor.py:914} INFO - Processing file /home/airflow/.local/lib/python3.12/site-packages/airflow/example_dags/example_inlet_event_extra.py for tasks to queue
[2024-10-08T12:47:28.027+0000] {logging_mixin.py:190} INFO - [2024-10-08T12:47:28.027+0000] {dagbag.py:587} INFO - Filling up the DagBag from /home/airflow/.local/lib/python3.12/site-packages/airflow/example_dags/example_inlet_event_extra.py
[2024-10-08T12:47:28.892+0000] {processor.py:925} INFO - DAG(s) 'read_dataset_event_from_classic', 'read_dataset_event' retrieved from /home/airflow/.local/lib/python3.12/site-packages/airflow/example_dags/example_inlet_event_extra.py
[2024-10-08T12:47:28.929+0000] {logging_mixin.py:190} INFO - [2024-10-08T12:47:28.929+0000] {dag.py:3229} INFO - Sync 2 DAGs
[2024-10-08T12:47:28.978+0000] {logging_mixin.py:190} INFO - [2024-10-08T12:47:28.978+0000] {dag.py:4156} INFO - Setting next_dagrun for read_dataset_event to 2024-10-07 00:00:00+00:00, run_after=2024-10-08 00:00:00+00:00
[2024-10-08T12:47:28.988+0000] {logging_mixin.py:190} INFO - [2024-10-08T12:47:28.988+0000] {dag.py:4156} INFO - Setting next_dagrun for read_dataset_event_from_classic to 2024-10-07 00:00:00+00:00, run_after=2024-10-08 00:00:00+00:00
[2024-10-08T12:47:29.032+0000] {processor.py:208} INFO - Processing /home/airflow/.local/lib/python3.12/site-packages/airflow/example_dags/example_inlet_event_extra.py took 0.302 seconds
