[2024-10-08T12:44:40.435+0000] {processor.py:186} INFO - Started process (PID=86) to work on /home/airflow/.local/lib/python3.12/site-packages/airflow/example_dags/example_xcomargs.py
[2024-10-08T12:44:40.438+0000] {processor.py:914} INFO - Processing file /home/airflow/.local/lib/python3.12/site-packages/airflow/example_dags/example_xcomargs.py for tasks to queue
[2024-10-08T12:44:40.442+0000] {logging_mixin.py:190} INFO - [2024-10-08T12:44:40.442+0000] {dagbag.py:587} INFO - Filling up the DagBag from /home/airflow/.local/lib/python3.12/site-packages/airflow/example_dags/example_xcomargs.py
[2024-10-08T12:44:40.464+0000] {processor.py:925} INFO - DAG(s) 'example_xcom_args', 'example_xcom_args_with_operators' retrieved from /home/airflow/.local/lib/python3.12/site-packages/airflow/example_dags/example_xcomargs.py
[2024-10-08T12:44:40.668+0000] {logging_mixin.py:190} INFO - [2024-10-08T12:44:40.667+0000] {override.py:1900} INFO - Created Permission View: can read on DAG:example_xcom_args
[2024-10-08T12:44:40.688+0000] {logging_mixin.py:190} INFO - [2024-10-08T12:44:40.687+0000] {override.py:1900} INFO - Created Permission View: can delete on DAG:example_xcom_args
[2024-10-08T12:44:40.706+0000] {logging_mixin.py:190} INFO - [2024-10-08T12:44:40.705+0000] {override.py:1900} INFO - Created Permission View: can edit on DAG:example_xcom_args
[2024-10-08T12:44:40.731+0000] {logging_mixin.py:190} INFO - [2024-10-08T12:44:40.731+0000] {override.py:1900} INFO - Created Permission View: can read on DAG Run:example_xcom_args
[2024-10-08T12:44:40.751+0000] {logging_mixin.py:190} INFO - [2024-10-08T12:44:40.750+0000] {override.py:1900} INFO - Created Permission View: can create on DAG Run:example_xcom_args
[2024-10-08T12:44:40.768+0000] {logging_mixin.py:190} INFO - [2024-10-08T12:44:40.768+0000] {override.py:1900} INFO - Created Permission View: menu access on DAG Run:example_xcom_args
[2024-10-08T12:44:40.784+0000] {logging_mixin.py:190} INFO - [2024-10-08T12:44:40.783+0000] {override.py:1900} INFO - Created Permission View: can delete on DAG Run:example_xcom_args
[2024-10-08T12:44:40.815+0000] {logging_mixin.py:190} INFO - [2024-10-08T12:44:40.814+0000] {override.py:1900} INFO - Created Permission View: can read on DAG:example_xcom_args_with_operators
[2024-10-08T12:44:40.829+0000] {logging_mixin.py:190} INFO - [2024-10-08T12:44:40.828+0000] {override.py:1900} INFO - Created Permission View: can delete on DAG:example_xcom_args_with_operators
[2024-10-08T12:44:40.847+0000] {logging_mixin.py:190} INFO - [2024-10-08T12:44:40.846+0000] {override.py:1900} INFO - Created Permission View: can edit on DAG:example_xcom_args_with_operators
[2024-10-08T12:44:40.862+0000] {logging_mixin.py:190} INFO - [2024-10-08T12:44:40.861+0000] {override.py:1900} INFO - Created Permission View: can read on DAG Run:example_xcom_args_with_operators
[2024-10-08T12:44:40.878+0000] {logging_mixin.py:190} INFO - [2024-10-08T12:44:40.877+0000] {override.py:1900} INFO - Created Permission View: can create on DAG Run:example_xcom_args_with_operators
[2024-10-08T12:44:40.897+0000] {logging_mixin.py:190} INFO - [2024-10-08T12:44:40.897+0000] {override.py:1900} INFO - Created Permission View: menu access on DAG Run:example_xcom_args_with_operators
[2024-10-08T12:44:40.922+0000] {logging_mixin.py:190} INFO - [2024-10-08T12:44:40.921+0000] {override.py:1900} INFO - Created Permission View: can delete on DAG Run:example_xcom_args_with_operators
[2024-10-08T12:44:40.924+0000] {logging_mixin.py:190} INFO - [2024-10-08T12:44:40.923+0000] {dag.py:3229} INFO - Sync 2 DAGs
[2024-10-08T12:44:40.960+0000] {logging_mixin.py:190} INFO - [2024-10-08T12:44:40.959+0000] {dag.py:3252} INFO - Creating ORM DAG for example_xcom_args_with_operators
[2024-10-08T12:44:40.962+0000] {logging_mixin.py:190} INFO - [2024-10-08T12:44:40.962+0000] {dag.py:3252} INFO - Creating ORM DAG for example_xcom_args
[2024-10-08T12:44:40.964+0000] {logging_mixin.py:190} INFO - [2024-10-08T12:44:40.963+0000] {dag.py:4156} INFO - Setting next_dagrun for example_xcom_args to None, run_after=None
[2024-10-08T12:44:40.965+0000] {logging_mixin.py:190} INFO - [2024-10-08T12:44:40.965+0000] {dag.py:4156} INFO - Setting next_dagrun for example_xcom_args_with_operators to None, run_after=None
[2024-10-08T12:44:41.024+0000] {processor.py:208} INFO - Processing /home/airflow/.local/lib/python3.12/site-packages/airflow/example_dags/example_xcomargs.py took 0.599 seconds
[2024-10-08T12:45:11.241+0000] {processor.py:186} INFO - Started process (PID=148) to work on /home/airflow/.local/lib/python3.12/site-packages/airflow/example_dags/example_xcomargs.py
[2024-10-08T12:45:11.243+0000] {processor.py:914} INFO - Processing file /home/airflow/.local/lib/python3.12/site-packages/airflow/example_dags/example_xcomargs.py for tasks to queue
[2024-10-08T12:45:11.247+0000] {logging_mixin.py:190} INFO - [2024-10-08T12:45:11.246+0000] {dagbag.py:587} INFO - Filling up the DagBag from /home/airflow/.local/lib/python3.12/site-packages/airflow/example_dags/example_xcomargs.py
[2024-10-08T12:45:11.270+0000] {processor.py:925} INFO - DAG(s) 'example_xcom_args_with_operators', 'example_xcom_args' retrieved from /home/airflow/.local/lib/python3.12/site-packages/airflow/example_dags/example_xcomargs.py
[2024-10-08T12:45:11.325+0000] {logging_mixin.py:190} INFO - [2024-10-08T12:45:11.325+0000] {dag.py:3229} INFO - Sync 2 DAGs
[2024-10-08T12:45:11.349+0000] {logging_mixin.py:190} INFO - [2024-10-08T12:45:11.349+0000] {dag.py:4156} INFO - Setting next_dagrun for example_xcom_args to None, run_after=None
[2024-10-08T12:45:11.355+0000] {logging_mixin.py:190} INFO - [2024-10-08T12:45:11.355+0000] {dag.py:4156} INFO - Setting next_dagrun for example_xcom_args_with_operators to None, run_after=None
[2024-10-08T12:45:11.383+0000] {processor.py:208} INFO - Processing /home/airflow/.local/lib/python3.12/site-packages/airflow/example_dags/example_xcomargs.py took 0.154 seconds
[2024-10-08T12:45:41.713+0000] {processor.py:186} INFO - Started process (PID=210) to work on /home/airflow/.local/lib/python3.12/site-packages/airflow/example_dags/example_xcomargs.py
[2024-10-08T12:45:41.715+0000] {processor.py:914} INFO - Processing file /home/airflow/.local/lib/python3.12/site-packages/airflow/example_dags/example_xcomargs.py for tasks to queue
[2024-10-08T12:45:41.719+0000] {logging_mixin.py:190} INFO - [2024-10-08T12:45:41.718+0000] {dagbag.py:587} INFO - Filling up the DagBag from /home/airflow/.local/lib/python3.12/site-packages/airflow/example_dags/example_xcomargs.py
[2024-10-08T12:45:41.731+0000] {processor.py:925} INFO - DAG(s) 'example_xcom_args_with_operators', 'example_xcom_args' retrieved from /home/airflow/.local/lib/python3.12/site-packages/airflow/example_dags/example_xcomargs.py
[2024-10-08T12:45:41.765+0000] {logging_mixin.py:190} INFO - [2024-10-08T12:45:41.764+0000] {dag.py:3229} INFO - Sync 2 DAGs
[2024-10-08T12:45:41.785+0000] {logging_mixin.py:190} INFO - [2024-10-08T12:45:41.785+0000] {dag.py:4156} INFO - Setting next_dagrun for example_xcom_args to None, run_after=None
[2024-10-08T12:45:41.791+0000] {logging_mixin.py:190} INFO - [2024-10-08T12:45:41.791+0000] {dag.py:4156} INFO - Setting next_dagrun for example_xcom_args_with_operators to None, run_after=None
[2024-10-08T12:45:41.824+0000] {processor.py:208} INFO - Processing /home/airflow/.local/lib/python3.12/site-packages/airflow/example_dags/example_xcomargs.py took 0.119 seconds
[2024-10-08T12:46:12.163+0000] {processor.py:186} INFO - Started process (PID=272) to work on /home/airflow/.local/lib/python3.12/site-packages/airflow/example_dags/example_xcomargs.py
[2024-10-08T12:46:12.165+0000] {processor.py:914} INFO - Processing file /home/airflow/.local/lib/python3.12/site-packages/airflow/example_dags/example_xcomargs.py for tasks to queue
[2024-10-08T12:46:12.169+0000] {logging_mixin.py:190} INFO - [2024-10-08T12:46:12.168+0000] {dagbag.py:587} INFO - Filling up the DagBag from /home/airflow/.local/lib/python3.12/site-packages/airflow/example_dags/example_xcomargs.py
[2024-10-08T12:46:12.182+0000] {processor.py:925} INFO - DAG(s) 'example_xcom_args_with_operators', 'example_xcom_args' retrieved from /home/airflow/.local/lib/python3.12/site-packages/airflow/example_dags/example_xcomargs.py
[2024-10-08T12:46:12.212+0000] {logging_mixin.py:190} INFO - [2024-10-08T12:46:12.211+0000] {dag.py:3229} INFO - Sync 2 DAGs
[2024-10-08T12:46:12.228+0000] {logging_mixin.py:190} INFO - [2024-10-08T12:46:12.228+0000] {dag.py:4156} INFO - Setting next_dagrun for example_xcom_args to None, run_after=None
[2024-10-08T12:46:12.233+0000] {logging_mixin.py:190} INFO - [2024-10-08T12:46:12.233+0000] {dag.py:4156} INFO - Setting next_dagrun for example_xcom_args_with_operators to None, run_after=None
[2024-10-08T12:46:12.267+0000] {processor.py:208} INFO - Processing /home/airflow/.local/lib/python3.12/site-packages/airflow/example_dags/example_xcomargs.py took 0.112 seconds
[2024-10-08T12:46:43.157+0000] {processor.py:186} INFO - Started process (PID=334) to work on /home/airflow/.local/lib/python3.12/site-packages/airflow/example_dags/example_xcomargs.py
[2024-10-08T12:46:43.159+0000] {processor.py:914} INFO - Processing file /home/airflow/.local/lib/python3.12/site-packages/airflow/example_dags/example_xcomargs.py for tasks to queue
[2024-10-08T12:46:43.163+0000] {logging_mixin.py:190} INFO - [2024-10-08T12:46:43.162+0000] {dagbag.py:587} INFO - Filling up the DagBag from /home/airflow/.local/lib/python3.12/site-packages/airflow/example_dags/example_xcomargs.py
[2024-10-08T12:46:43.178+0000] {processor.py:925} INFO - DAG(s) 'example_xcom_args_with_operators', 'example_xcom_args' retrieved from /home/airflow/.local/lib/python3.12/site-packages/airflow/example_dags/example_xcomargs.py
[2024-10-08T12:46:43.220+0000] {logging_mixin.py:190} INFO - [2024-10-08T12:46:43.219+0000] {dag.py:3229} INFO - Sync 2 DAGs
[2024-10-08T12:46:43.243+0000] {logging_mixin.py:190} INFO - [2024-10-08T12:46:43.243+0000] {dag.py:4156} INFO - Setting next_dagrun for example_xcom_args to None, run_after=None
[2024-10-08T12:46:43.249+0000] {logging_mixin.py:190} INFO - [2024-10-08T12:46:43.249+0000] {dag.py:4156} INFO - Setting next_dagrun for example_xcom_args_with_operators to None, run_after=None
[2024-10-08T12:46:43.296+0000] {processor.py:208} INFO - Processing /home/airflow/.local/lib/python3.12/site-packages/airflow/example_dags/example_xcomargs.py took 0.147 seconds
[2024-10-08T12:47:14.182+0000] {processor.py:186} INFO - Started process (PID=396) to work on /home/airflow/.local/lib/python3.12/site-packages/airflow/example_dags/example_xcomargs.py
[2024-10-08T12:47:14.183+0000] {processor.py:914} INFO - Processing file /home/airflow/.local/lib/python3.12/site-packages/airflow/example_dags/example_xcomargs.py for tasks to queue
[2024-10-08T12:47:14.185+0000] {logging_mixin.py:190} INFO - [2024-10-08T12:47:14.185+0000] {dagbag.py:587} INFO - Filling up the DagBag from /home/airflow/.local/lib/python3.12/site-packages/airflow/example_dags/example_xcomargs.py
[2024-10-08T12:47:14.195+0000] {processor.py:925} INFO - DAG(s) 'example_xcom_args_with_operators', 'example_xcom_args' retrieved from /home/airflow/.local/lib/python3.12/site-packages/airflow/example_dags/example_xcomargs.py
[2024-10-08T12:47:14.216+0000] {logging_mixin.py:190} INFO - [2024-10-08T12:47:14.216+0000] {dag.py:3229} INFO - Sync 2 DAGs
[2024-10-08T12:47:14.234+0000] {logging_mixin.py:190} INFO - [2024-10-08T12:47:14.234+0000] {dag.py:4156} INFO - Setting next_dagrun for example_xcom_args to None, run_after=None
[2024-10-08T12:47:14.239+0000] {logging_mixin.py:190} INFO - [2024-10-08T12:47:14.239+0000] {dag.py:4156} INFO - Setting next_dagrun for example_xcom_args_with_operators to None, run_after=None
[2024-10-08T12:47:14.255+0000] {processor.py:208} INFO - Processing /home/airflow/.local/lib/python3.12/site-packages/airflow/example_dags/example_xcomargs.py took 0.080 seconds
