[2024-10-08T12:44:38.934+0000] {processor.py:186} INFO - Started process (PID=83) to work on /home/airflow/.local/lib/python3.12/site-packages/airflow/example_dags/example_branch_labels.py
[2024-10-08T12:44:38.936+0000] {processor.py:914} INFO - Processing file /home/airflow/.local/lib/python3.12/site-packages/airflow/example_dags/example_branch_labels.py for tasks to queue
[2024-10-08T12:44:38.942+0000] {logging_mixin.py:190} INFO - [2024-10-08T12:44:38.942+0000] {dagbag.py:587} INFO - Filling up the DagBag from /home/airflow/.local/lib/python3.12/site-packages/airflow/example_dags/example_branch_labels.py
[2024-10-08T12:44:38.962+0000] {processor.py:925} INFO - DAG(s) 'example_branch_labels' retrieved from /home/airflow/.local/lib/python3.12/site-packages/airflow/example_dags/example_branch_labels.py
[2024-10-08T12:44:39.205+0000] {logging_mixin.py:190} INFO - [2024-10-08T12:44:39.203+0000] {override.py:1900} INFO - Created Permission View: can read on DAG:example_branch_labels
[2024-10-08T12:44:39.228+0000] {logging_mixin.py:190} INFO - [2024-10-08T12:44:39.227+0000] {override.py:1900} INFO - Created Permission View: can delete on DAG:example_branch_labels
[2024-10-08T12:44:39.242+0000] {logging_mixin.py:190} INFO - [2024-10-08T12:44:39.241+0000] {override.py:1900} INFO - Created Permission View: can edit on DAG:example_branch_labels
[2024-10-08T12:44:39.257+0000] {logging_mixin.py:190} INFO - [2024-10-08T12:44:39.257+0000] {override.py:1900} INFO - Created Permission View: can read on DAG Run:example_branch_labels
[2024-10-08T12:44:39.270+0000] {logging_mixin.py:190} INFO - [2024-10-08T12:44:39.270+0000] {override.py:1900} INFO - Created Permission View: can create on DAG Run:example_branch_labels
[2024-10-08T12:44:39.283+0000] {logging_mixin.py:190} INFO - [2024-10-08T12:44:39.283+0000] {override.py:1900} INFO - Created Permission View: menu access on DAG Run:example_branch_labels
[2024-10-08T12:44:39.297+0000] {logging_mixin.py:190} INFO - [2024-10-08T12:44:39.297+0000] {override.py:1900} INFO - Created Permission View: can delete on DAG Run:example_branch_labels
[2024-10-08T12:44:39.299+0000] {logging_mixin.py:190} INFO - [2024-10-08T12:44:39.298+0000] {dag.py:3229} INFO - Sync 1 DAGs
[2024-10-08T12:44:39.330+0000] {logging_mixin.py:190} INFO - [2024-10-08T12:44:39.329+0000] {dag.py:3252} INFO - Creating ORM DAG for example_branch_labels
[2024-10-08T12:44:39.357+0000] {logging_mixin.py:190} INFO - [2024-10-08T12:44:39.356+0000] {dag.py:4156} INFO - Setting next_dagrun for example_branch_labels to 2024-10-07 00:00:00+00:00, run_after=2024-10-08 00:00:00+00:00
[2024-10-08T12:44:39.391+0000] {processor.py:208} INFO - Processing /home/airflow/.local/lib/python3.12/site-packages/airflow/example_dags/example_branch_labels.py took 0.470 seconds
[2024-10-08T12:45:09.913+0000] {processor.py:186} INFO - Started process (PID=144) to work on /home/airflow/.local/lib/python3.12/site-packages/airflow/example_dags/example_branch_labels.py
[2024-10-08T12:45:09.915+0000] {processor.py:914} INFO - Processing file /home/airflow/.local/lib/python3.12/site-packages/airflow/example_dags/example_branch_labels.py for tasks to queue
[2024-10-08T12:45:09.920+0000] {logging_mixin.py:190} INFO - [2024-10-08T12:45:09.919+0000] {dagbag.py:587} INFO - Filling up the DagBag from /home/airflow/.local/lib/python3.12/site-packages/airflow/example_dags/example_branch_labels.py
[2024-10-08T12:45:09.934+0000] {processor.py:925} INFO - DAG(s) 'example_branch_labels' retrieved from /home/airflow/.local/lib/python3.12/site-packages/airflow/example_dags/example_branch_labels.py
[2024-10-08T12:45:09.956+0000] {logging_mixin.py:190} INFO - [2024-10-08T12:45:09.956+0000] {dag.py:3229} INFO - Sync 1 DAGs
[2024-10-08T12:45:09.980+0000] {logging_mixin.py:190} INFO - [2024-10-08T12:45:09.979+0000] {dag.py:4156} INFO - Setting next_dagrun for example_branch_labels to 2024-10-07 00:00:00+00:00, run_after=2024-10-08 00:00:00+00:00
[2024-10-08T12:45:10.007+0000] {processor.py:208} INFO - Processing /home/airflow/.local/lib/python3.12/site-packages/airflow/example_dags/example_branch_labels.py took 0.100 seconds
[2024-10-08T12:45:41.006+0000] {processor.py:186} INFO - Started process (PID=206) to work on /home/airflow/.local/lib/python3.12/site-packages/airflow/example_dags/example_branch_labels.py
[2024-10-08T12:45:41.009+0000] {processor.py:914} INFO - Processing file /home/airflow/.local/lib/python3.12/site-packages/airflow/example_dags/example_branch_labels.py for tasks to queue
[2024-10-08T12:45:41.015+0000] {logging_mixin.py:190} INFO - [2024-10-08T12:45:41.014+0000] {dagbag.py:587} INFO - Filling up the DagBag from /home/airflow/.local/lib/python3.12/site-packages/airflow/example_dags/example_branch_labels.py
[2024-10-08T12:45:41.036+0000] {processor.py:925} INFO - DAG(s) 'example_branch_labels' retrieved from /home/airflow/.local/lib/python3.12/site-packages/airflow/example_dags/example_branch_labels.py
[2024-10-08T12:45:41.076+0000] {logging_mixin.py:190} INFO - [2024-10-08T12:45:41.076+0000] {dag.py:3229} INFO - Sync 1 DAGs
[2024-10-08T12:45:41.113+0000] {logging_mixin.py:190} INFO - [2024-10-08T12:45:41.112+0000] {dag.py:4156} INFO - Setting next_dagrun for example_branch_labels to 2024-10-07 00:00:00+00:00, run_after=2024-10-08 00:00:00+00:00
[2024-10-08T12:45:41.147+0000] {processor.py:208} INFO - Processing /home/airflow/.local/lib/python3.12/site-packages/airflow/example_dags/example_branch_labels.py took 0.156 seconds
[2024-10-08T12:46:11.583+0000] {processor.py:186} INFO - Started process (PID=268) to work on /home/airflow/.local/lib/python3.12/site-packages/airflow/example_dags/example_branch_labels.py
[2024-10-08T12:46:11.585+0000] {processor.py:914} INFO - Processing file /home/airflow/.local/lib/python3.12/site-packages/airflow/example_dags/example_branch_labels.py for tasks to queue
[2024-10-08T12:46:11.590+0000] {logging_mixin.py:190} INFO - [2024-10-08T12:46:11.590+0000] {dagbag.py:587} INFO - Filling up the DagBag from /home/airflow/.local/lib/python3.12/site-packages/airflow/example_dags/example_branch_labels.py
[2024-10-08T12:46:11.606+0000] {processor.py:925} INFO - DAG(s) 'example_branch_labels' retrieved from /home/airflow/.local/lib/python3.12/site-packages/airflow/example_dags/example_branch_labels.py
[2024-10-08T12:46:11.632+0000] {logging_mixin.py:190} INFO - [2024-10-08T12:46:11.632+0000] {dag.py:3229} INFO - Sync 1 DAGs
[2024-10-08T12:46:11.666+0000] {logging_mixin.py:190} INFO - [2024-10-08T12:46:11.666+0000] {dag.py:4156} INFO - Setting next_dagrun for example_branch_labels to 2024-10-07 00:00:00+00:00, run_after=2024-10-08 00:00:00+00:00
[2024-10-08T12:46:11.700+0000] {processor.py:208} INFO - Processing /home/airflow/.local/lib/python3.12/site-packages/airflow/example_dags/example_branch_labels.py took 0.126 seconds
[2024-10-08T12:46:42.803+0000] {processor.py:186} INFO - Started process (PID=331) to work on /home/airflow/.local/lib/python3.12/site-packages/airflow/example_dags/example_branch_labels.py
[2024-10-08T12:46:42.804+0000] {processor.py:914} INFO - Processing file /home/airflow/.local/lib/python3.12/site-packages/airflow/example_dags/example_branch_labels.py for tasks to queue
[2024-10-08T12:46:42.808+0000] {logging_mixin.py:190} INFO - [2024-10-08T12:46:42.807+0000] {dagbag.py:587} INFO - Filling up the DagBag from /home/airflow/.local/lib/python3.12/site-packages/airflow/example_dags/example_branch_labels.py
[2024-10-08T12:46:42.821+0000] {processor.py:925} INFO - DAG(s) 'example_branch_labels' retrieved from /home/airflow/.local/lib/python3.12/site-packages/airflow/example_dags/example_branch_labels.py
[2024-10-08T12:46:42.851+0000] {logging_mixin.py:190} INFO - [2024-10-08T12:46:42.851+0000] {dag.py:3229} INFO - Sync 1 DAGs
[2024-10-08T12:46:42.890+0000] {logging_mixin.py:190} INFO - [2024-10-08T12:46:42.890+0000] {dag.py:4156} INFO - Setting next_dagrun for example_branch_labels to 2024-10-07 00:00:00+00:00, run_after=2024-10-08 00:00:00+00:00
[2024-10-08T12:46:42.938+0000] {processor.py:208} INFO - Processing /home/airflow/.local/lib/python3.12/site-packages/airflow/example_dags/example_branch_labels.py took 0.142 seconds
[2024-10-08T12:47:13.854+0000] {processor.py:186} INFO - Started process (PID=393) to work on /home/airflow/.local/lib/python3.12/site-packages/airflow/example_dags/example_branch_labels.py
[2024-10-08T12:47:13.855+0000] {processor.py:914} INFO - Processing file /home/airflow/.local/lib/python3.12/site-packages/airflow/example_dags/example_branch_labels.py for tasks to queue
[2024-10-08T12:47:13.858+0000] {logging_mixin.py:190} INFO - [2024-10-08T12:47:13.858+0000] {dagbag.py:587} INFO - Filling up the DagBag from /home/airflow/.local/lib/python3.12/site-packages/airflow/example_dags/example_branch_labels.py
[2024-10-08T12:47:13.869+0000] {processor.py:925} INFO - DAG(s) 'example_branch_labels' retrieved from /home/airflow/.local/lib/python3.12/site-packages/airflow/example_dags/example_branch_labels.py
[2024-10-08T12:47:13.892+0000] {logging_mixin.py:190} INFO - [2024-10-08T12:47:13.891+0000] {dag.py:3229} INFO - Sync 1 DAGs
[2024-10-08T12:47:13.917+0000] {logging_mixin.py:190} INFO - [2024-10-08T12:47:13.916+0000] {dag.py:4156} INFO - Setting next_dagrun for example_branch_labels to 2024-10-07 00:00:00+00:00, run_after=2024-10-08 00:00:00+00:00
[2024-10-08T12:47:13.948+0000] {processor.py:208} INFO - Processing /home/airflow/.local/lib/python3.12/site-packages/airflow/example_dags/example_branch_labels.py took 0.099 seconds
