[2024-10-08T12:44:40.529+0000] {processor.py:186} INFO - Started process (PID=87) to work on /home/airflow/.local/lib/python3.12/site-packages/airflow/example_dags/example_branch_operator.py
[2024-10-08T12:44:40.531+0000] {processor.py:914} INFO - Processing file /home/airflow/.local/lib/python3.12/site-packages/airflow/example_dags/example_branch_operator.py for tasks to queue
[2024-10-08T12:44:40.535+0000] {logging_mixin.py:190} INFO - [2024-10-08T12:44:40.535+0000] {dagbag.py:587} INFO - Filling up the DagBag from /home/airflow/.local/lib/python3.12/site-packages/airflow/example_dags/example_branch_operator.py
[2024-10-08T12:44:40.570+0000] {processor.py:925} INFO - DAG(s) 'example_branch_operator' retrieved from /home/airflow/.local/lib/python3.12/site-packages/airflow/example_dags/example_branch_operator.py
[2024-10-08T12:44:40.812+0000] {logging_mixin.py:190} INFO - [2024-10-08T12:44:40.811+0000] {override.py:1900} INFO - Created Permission View: can read on DAG:example_branch_operator
[2024-10-08T12:44:40.841+0000] {logging_mixin.py:190} INFO - [2024-10-08T12:44:40.840+0000] {override.py:1900} INFO - Created Permission View: can delete on DAG:example_branch_operator
[2024-10-08T12:44:40.854+0000] {logging_mixin.py:190} INFO - [2024-10-08T12:44:40.854+0000] {override.py:1900} INFO - Created Permission View: can edit on DAG:example_branch_operator
[2024-10-08T12:44:40.871+0000] {logging_mixin.py:190} INFO - [2024-10-08T12:44:40.870+0000] {override.py:1900} INFO - Created Permission View: can read on DAG Run:example_branch_operator
[2024-10-08T12:44:40.890+0000] {logging_mixin.py:190} INFO - [2024-10-08T12:44:40.886+0000] {override.py:1900} INFO - Created Permission View: can create on DAG Run:example_branch_operator
[2024-10-08T12:44:40.912+0000] {logging_mixin.py:190} INFO - [2024-10-08T12:44:40.911+0000] {override.py:1900} INFO - Created Permission View: menu access on DAG Run:example_branch_operator
[2024-10-08T12:44:40.934+0000] {logging_mixin.py:190} INFO - [2024-10-08T12:44:40.933+0000] {override.py:1900} INFO - Created Permission View: can delete on DAG Run:example_branch_operator
[2024-10-08T12:44:40.935+0000] {logging_mixin.py:190} INFO - [2024-10-08T12:44:40.935+0000] {dag.py:3229} INFO - Sync 1 DAGs
[2024-10-08T12:44:40.967+0000] {logging_mixin.py:190} INFO - [2024-10-08T12:44:40.966+0000] {dag.py:3252} INFO - Creating ORM DAG for example_branch_operator
[2024-10-08T12:44:40.991+0000] {logging_mixin.py:190} INFO - [2024-10-08T12:44:40.991+0000] {dag.py:4156} INFO - Setting next_dagrun for example_branch_operator to 2024-10-07 00:00:00+00:00, run_after=2024-10-08 00:00:00+00:00
[2024-10-08T12:44:41.029+0000] {processor.py:208} INFO - Processing /home/airflow/.local/lib/python3.12/site-packages/airflow/example_dags/example_branch_operator.py took 0.512 seconds
[2024-10-08T12:45:11.415+0000] {processor.py:186} INFO - Started process (PID=149) to work on /home/airflow/.local/lib/python3.12/site-packages/airflow/example_dags/example_branch_operator.py
[2024-10-08T12:45:11.416+0000] {processor.py:914} INFO - Processing file /home/airflow/.local/lib/python3.12/site-packages/airflow/example_dags/example_branch_operator.py for tasks to queue
[2024-10-08T12:45:11.420+0000] {logging_mixin.py:190} INFO - [2024-10-08T12:45:11.419+0000] {dagbag.py:587} INFO - Filling up the DagBag from /home/airflow/.local/lib/python3.12/site-packages/airflow/example_dags/example_branch_operator.py
[2024-10-08T12:45:11.439+0000] {processor.py:925} INFO - DAG(s) 'example_branch_operator' retrieved from /home/airflow/.local/lib/python3.12/site-packages/airflow/example_dags/example_branch_operator.py
[2024-10-08T12:45:11.475+0000] {logging_mixin.py:190} INFO - [2024-10-08T12:45:11.474+0000] {dag.py:3229} INFO - Sync 1 DAGs
[2024-10-08T12:45:11.497+0000] {logging_mixin.py:190} INFO - [2024-10-08T12:45:11.497+0000] {dag.py:4156} INFO - Setting next_dagrun for example_branch_operator to 2024-10-07 00:00:00+00:00, run_after=2024-10-08 00:00:00+00:00
[2024-10-08T12:45:11.525+0000] {processor.py:208} INFO - Processing /home/airflow/.local/lib/python3.12/site-packages/airflow/example_dags/example_branch_operator.py took 0.116 seconds
[2024-10-08T12:45:41.924+0000] {processor.py:186} INFO - Started process (PID=211) to work on /home/airflow/.local/lib/python3.12/site-packages/airflow/example_dags/example_branch_operator.py
[2024-10-08T12:45:41.926+0000] {processor.py:914} INFO - Processing file /home/airflow/.local/lib/python3.12/site-packages/airflow/example_dags/example_branch_operator.py for tasks to queue
[2024-10-08T12:45:41.932+0000] {logging_mixin.py:190} INFO - [2024-10-08T12:45:41.931+0000] {dagbag.py:587} INFO - Filling up the DagBag from /home/airflow/.local/lib/python3.12/site-packages/airflow/example_dags/example_branch_operator.py
[2024-10-08T12:45:41.963+0000] {processor.py:925} INFO - DAG(s) 'example_branch_operator' retrieved from /home/airflow/.local/lib/python3.12/site-packages/airflow/example_dags/example_branch_operator.py
[2024-10-08T12:45:42.002+0000] {logging_mixin.py:190} INFO - [2024-10-08T12:45:42.002+0000] {dag.py:3229} INFO - Sync 1 DAGs
[2024-10-08T12:45:42.027+0000] {logging_mixin.py:190} INFO - [2024-10-08T12:45:42.027+0000] {dag.py:4156} INFO - Setting next_dagrun for example_branch_operator to 2024-10-07 00:00:00+00:00, run_after=2024-10-08 00:00:00+00:00
[2024-10-08T12:45:42.064+0000] {processor.py:208} INFO - Processing /home/airflow/.local/lib/python3.12/site-packages/airflow/example_dags/example_branch_operator.py took 0.154 seconds
[2024-10-08T12:46:12.326+0000] {processor.py:186} INFO - Started process (PID=273) to work on /home/airflow/.local/lib/python3.12/site-packages/airflow/example_dags/example_branch_operator.py
[2024-10-08T12:46:12.328+0000] {processor.py:914} INFO - Processing file /home/airflow/.local/lib/python3.12/site-packages/airflow/example_dags/example_branch_operator.py for tasks to queue
[2024-10-08T12:46:12.332+0000] {logging_mixin.py:190} INFO - [2024-10-08T12:46:12.332+0000] {dagbag.py:587} INFO - Filling up the DagBag from /home/airflow/.local/lib/python3.12/site-packages/airflow/example_dags/example_branch_operator.py
[2024-10-08T12:46:12.360+0000] {processor.py:925} INFO - DAG(s) 'example_branch_operator' retrieved from /home/airflow/.local/lib/python3.12/site-packages/airflow/example_dags/example_branch_operator.py
[2024-10-08T12:46:12.412+0000] {logging_mixin.py:190} INFO - [2024-10-08T12:46:12.412+0000] {dag.py:3229} INFO - Sync 1 DAGs
[2024-10-08T12:46:12.453+0000] {logging_mixin.py:190} INFO - [2024-10-08T12:46:12.453+0000] {dag.py:4156} INFO - Setting next_dagrun for example_branch_operator to 2024-10-07 00:00:00+00:00, run_after=2024-10-08 00:00:00+00:00
[2024-10-08T12:46:12.498+0000] {processor.py:208} INFO - Processing /home/airflow/.local/lib/python3.12/site-packages/airflow/example_dags/example_branch_operator.py took 0.180 seconds
[2024-10-08T12:46:43.234+0000] {processor.py:186} INFO - Started process (PID=335) to work on /home/airflow/.local/lib/python3.12/site-packages/airflow/example_dags/example_branch_operator.py
[2024-10-08T12:46:43.236+0000] {processor.py:914} INFO - Processing file /home/airflow/.local/lib/python3.12/site-packages/airflow/example_dags/example_branch_operator.py for tasks to queue
[2024-10-08T12:46:43.241+0000] {logging_mixin.py:190} INFO - [2024-10-08T12:46:43.240+0000] {dagbag.py:587} INFO - Filling up the DagBag from /home/airflow/.local/lib/python3.12/site-packages/airflow/example_dags/example_branch_operator.py
[2024-10-08T12:46:43.279+0000] {processor.py:925} INFO - DAG(s) 'example_branch_operator' retrieved from /home/airflow/.local/lib/python3.12/site-packages/airflow/example_dags/example_branch_operator.py
[2024-10-08T12:46:43.337+0000] {logging_mixin.py:190} INFO - [2024-10-08T12:46:43.336+0000] {dag.py:3229} INFO - Sync 1 DAGs
[2024-10-08T12:46:43.378+0000] {logging_mixin.py:190} INFO - [2024-10-08T12:46:43.377+0000] {dag.py:4156} INFO - Setting next_dagrun for example_branch_operator to 2024-10-07 00:00:00+00:00, run_after=2024-10-08 00:00:00+00:00
[2024-10-08T12:46:43.421+0000] {processor.py:208} INFO - Processing /home/airflow/.local/lib/python3.12/site-packages/airflow/example_dags/example_branch_operator.py took 0.198 seconds
[2024-10-08T12:47:14.249+0000] {processor.py:186} INFO - Started process (PID=397) to work on /home/airflow/.local/lib/python3.12/site-packages/airflow/example_dags/example_branch_operator.py
[2024-10-08T12:47:14.251+0000] {processor.py:914} INFO - Processing file /home/airflow/.local/lib/python3.12/site-packages/airflow/example_dags/example_branch_operator.py for tasks to queue
[2024-10-08T12:47:14.254+0000] {logging_mixin.py:190} INFO - [2024-10-08T12:47:14.253+0000] {dagbag.py:587} INFO - Filling up the DagBag from /home/airflow/.local/lib/python3.12/site-packages/airflow/example_dags/example_branch_operator.py
[2024-10-08T12:47:14.274+0000] {processor.py:925} INFO - DAG(s) 'example_branch_operator' retrieved from /home/airflow/.local/lib/python3.12/site-packages/airflow/example_dags/example_branch_operator.py
[2024-10-08T12:47:14.303+0000] {logging_mixin.py:190} INFO - [2024-10-08T12:47:14.303+0000] {dag.py:3229} INFO - Sync 1 DAGs
[2024-10-08T12:47:14.338+0000] {logging_mixin.py:190} INFO - [2024-10-08T12:47:14.338+0000] {dag.py:4156} INFO - Setting next_dagrun for example_branch_operator to 2024-10-07 00:00:00+00:00, run_after=2024-10-08 00:00:00+00:00
[2024-10-08T12:47:14.368+0000] {processor.py:208} INFO - Processing /home/airflow/.local/lib/python3.12/site-packages/airflow/example_dags/example_branch_operator.py took 0.123 seconds
