[2024-10-08T12:44:38.344+0000] {processor.py:186} INFO - Started process (PID=82) to work on /home/airflow/.local/lib/python3.12/site-packages/airflow/example_dags/example_time_delta_sensor_async.py
[2024-10-08T12:44:38.347+0000] {processor.py:914} INFO - Processing file /home/airflow/.local/lib/python3.12/site-packages/airflow/example_dags/example_time_delta_sensor_async.py for tasks to queue
[2024-10-08T12:44:38.356+0000] {logging_mixin.py:190} INFO - [2024-10-08T12:44:38.355+0000] {dagbag.py:587} INFO - Filling up the DagBag from /home/airflow/.local/lib/python3.12/site-packages/airflow/example_dags/example_time_delta_sensor_async.py
[2024-10-08T12:44:38.394+0000] {processor.py:925} INFO - DAG(s) 'example_time_delta_sensor_async' retrieved from /home/airflow/.local/lib/python3.12/site-packages/airflow/example_dags/example_time_delta_sensor_async.py
[2024-10-08T12:44:38.680+0000] {logging_mixin.py:190} INFO - [2024-10-08T12:44:38.679+0000] {override.py:1900} INFO - Created Permission View: can read on DAG:example_time_delta_sensor_async
[2024-10-08T12:44:38.704+0000] {logging_mixin.py:190} INFO - [2024-10-08T12:44:38.703+0000] {override.py:1900} INFO - Created Permission View: can delete on DAG:example_time_delta_sensor_async
[2024-10-08T12:44:38.726+0000] {logging_mixin.py:190} INFO - [2024-10-08T12:44:38.725+0000] {override.py:1900} INFO - Created Permission View: can edit on DAG:example_time_delta_sensor_async
[2024-10-08T12:44:38.748+0000] {logging_mixin.py:190} INFO - [2024-10-08T12:44:38.747+0000] {override.py:1900} INFO - Created Permission View: can read on DAG Run:example_time_delta_sensor_async
[2024-10-08T12:44:38.767+0000] {logging_mixin.py:190} INFO - [2024-10-08T12:44:38.766+0000] {override.py:1900} INFO - Created Permission View: can create on DAG Run:example_time_delta_sensor_async
[2024-10-08T12:44:38.784+0000] {logging_mixin.py:190} INFO - [2024-10-08T12:44:38.783+0000] {override.py:1900} INFO - Created Permission View: menu access on DAG Run:example_time_delta_sensor_async
[2024-10-08T12:44:38.798+0000] {logging_mixin.py:190} INFO - [2024-10-08T12:44:38.797+0000] {override.py:1900} INFO - Created Permission View: can delete on DAG Run:example_time_delta_sensor_async
[2024-10-08T12:44:38.800+0000] {logging_mixin.py:190} INFO - [2024-10-08T12:44:38.799+0000] {dag.py:3229} INFO - Sync 1 DAGs
[2024-10-08T12:44:38.831+0000] {logging_mixin.py:190} INFO - [2024-10-08T12:44:38.830+0000] {dag.py:3252} INFO - Creating ORM DAG for example_time_delta_sensor_async
[2024-10-08T12:44:38.833+0000] {logging_mixin.py:190} INFO - [2024-10-08T12:44:38.832+0000] {dag.py:4156} INFO - Setting next_dagrun for example_time_delta_sensor_async to None, run_after=None
[2024-10-08T12:44:38.869+0000] {processor.py:208} INFO - Processing /home/airflow/.local/lib/python3.12/site-packages/airflow/example_dags/example_time_delta_sensor_async.py took 0.537 seconds
[2024-10-08T12:45:09.913+0000] {processor.py:186} INFO - Started process (PID=143) to work on /home/airflow/.local/lib/python3.12/site-packages/airflow/example_dags/example_time_delta_sensor_async.py
[2024-10-08T12:45:09.915+0000] {processor.py:914} INFO - Processing file /home/airflow/.local/lib/python3.12/site-packages/airflow/example_dags/example_time_delta_sensor_async.py for tasks to queue
[2024-10-08T12:45:09.920+0000] {logging_mixin.py:190} INFO - [2024-10-08T12:45:09.919+0000] {dagbag.py:587} INFO - Filling up the DagBag from /home/airflow/.local/lib/python3.12/site-packages/airflow/example_dags/example_time_delta_sensor_async.py
[2024-10-08T12:45:09.931+0000] {processor.py:925} INFO - DAG(s) 'example_time_delta_sensor_async' retrieved from /home/airflow/.local/lib/python3.12/site-packages/airflow/example_dags/example_time_delta_sensor_async.py
[2024-10-08T12:45:09.954+0000] {logging_mixin.py:190} INFO - [2024-10-08T12:45:09.953+0000] {dag.py:3229} INFO - Sync 1 DAGs
[2024-10-08T12:45:09.969+0000] {logging_mixin.py:190} INFO - [2024-10-08T12:45:09.968+0000] {dag.py:4156} INFO - Setting next_dagrun for example_time_delta_sensor_async to None, run_after=None
[2024-10-08T12:45:10.006+0000] {processor.py:208} INFO - Processing /home/airflow/.local/lib/python3.12/site-packages/airflow/example_dags/example_time_delta_sensor_async.py took 0.099 seconds
[2024-10-08T12:45:41.006+0000] {processor.py:186} INFO - Started process (PID=205) to work on /home/airflow/.local/lib/python3.12/site-packages/airflow/example_dags/example_time_delta_sensor_async.py
[2024-10-08T12:45:41.010+0000] {processor.py:914} INFO - Processing file /home/airflow/.local/lib/python3.12/site-packages/airflow/example_dags/example_time_delta_sensor_async.py for tasks to queue
[2024-10-08T12:45:41.015+0000] {logging_mixin.py:190} INFO - [2024-10-08T12:45:41.015+0000] {dagbag.py:587} INFO - Filling up the DagBag from /home/airflow/.local/lib/python3.12/site-packages/airflow/example_dags/example_time_delta_sensor_async.py
[2024-10-08T12:45:41.030+0000] {processor.py:925} INFO - DAG(s) 'example_time_delta_sensor_async' retrieved from /home/airflow/.local/lib/python3.12/site-packages/airflow/example_dags/example_time_delta_sensor_async.py
[2024-10-08T12:45:41.071+0000] {logging_mixin.py:190} INFO - [2024-10-08T12:45:41.070+0000] {dag.py:3229} INFO - Sync 1 DAGs
[2024-10-08T12:45:41.097+0000] {logging_mixin.py:190} INFO - [2024-10-08T12:45:41.097+0000] {dag.py:4156} INFO - Setting next_dagrun for example_time_delta_sensor_async to None, run_after=None
[2024-10-08T12:45:41.143+0000] {processor.py:208} INFO - Processing /home/airflow/.local/lib/python3.12/site-packages/airflow/example_dags/example_time_delta_sensor_async.py took 0.151 seconds
[2024-10-08T12:46:11.583+0000] {processor.py:186} INFO - Started process (PID=267) to work on /home/airflow/.local/lib/python3.12/site-packages/airflow/example_dags/example_time_delta_sensor_async.py
[2024-10-08T12:46:11.585+0000] {processor.py:914} INFO - Processing file /home/airflow/.local/lib/python3.12/site-packages/airflow/example_dags/example_time_delta_sensor_async.py for tasks to queue
[2024-10-08T12:46:11.590+0000] {logging_mixin.py:190} INFO - [2024-10-08T12:46:11.590+0000] {dagbag.py:587} INFO - Filling up the DagBag from /home/airflow/.local/lib/python3.12/site-packages/airflow/example_dags/example_time_delta_sensor_async.py
[2024-10-08T12:46:11.600+0000] {processor.py:925} INFO - DAG(s) 'example_time_delta_sensor_async' retrieved from /home/airflow/.local/lib/python3.12/site-packages/airflow/example_dags/example_time_delta_sensor_async.py
[2024-10-08T12:46:11.632+0000] {logging_mixin.py:190} INFO - [2024-10-08T12:46:11.631+0000] {dag.py:3229} INFO - Sync 1 DAGs
[2024-10-08T12:46:11.650+0000] {logging_mixin.py:190} INFO - [2024-10-08T12:46:11.650+0000] {dag.py:4156} INFO - Setting next_dagrun for example_time_delta_sensor_async to None, run_after=None
[2024-10-08T12:46:11.696+0000] {processor.py:208} INFO - Processing /home/airflow/.local/lib/python3.12/site-packages/airflow/example_dags/example_time_delta_sensor_async.py took 0.122 seconds
[2024-10-08T12:46:42.661+0000] {processor.py:186} INFO - Started process (PID=330) to work on /home/airflow/.local/lib/python3.12/site-packages/airflow/example_dags/example_time_delta_sensor_async.py
[2024-10-08T12:46:42.663+0000] {processor.py:914} INFO - Processing file /home/airflow/.local/lib/python3.12/site-packages/airflow/example_dags/example_time_delta_sensor_async.py for tasks to queue
[2024-10-08T12:46:42.667+0000] {logging_mixin.py:190} INFO - [2024-10-08T12:46:42.667+0000] {dagbag.py:587} INFO - Filling up the DagBag from /home/airflow/.local/lib/python3.12/site-packages/airflow/example_dags/example_time_delta_sensor_async.py
[2024-10-08T12:46:42.676+0000] {processor.py:925} INFO - DAG(s) 'example_time_delta_sensor_async' retrieved from /home/airflow/.local/lib/python3.12/site-packages/airflow/example_dags/example_time_delta_sensor_async.py
[2024-10-08T12:46:42.701+0000] {logging_mixin.py:190} INFO - [2024-10-08T12:46:42.701+0000] {dag.py:3229} INFO - Sync 1 DAGs
[2024-10-08T12:46:42.720+0000] {logging_mixin.py:190} INFO - [2024-10-08T12:46:42.720+0000] {dag.py:4156} INFO - Setting next_dagrun for example_time_delta_sensor_async to None, run_after=None
[2024-10-08T12:46:42.759+0000] {processor.py:208} INFO - Processing /home/airflow/.local/lib/python3.12/site-packages/airflow/example_dags/example_time_delta_sensor_async.py took 0.105 seconds
[2024-10-08T12:47:13.735+0000] {processor.py:186} INFO - Started process (PID=392) to work on /home/airflow/.local/lib/python3.12/site-packages/airflow/example_dags/example_time_delta_sensor_async.py
[2024-10-08T12:47:13.737+0000] {processor.py:914} INFO - Processing file /home/airflow/.local/lib/python3.12/site-packages/airflow/example_dags/example_time_delta_sensor_async.py for tasks to queue
[2024-10-08T12:47:13.741+0000] {logging_mixin.py:190} INFO - [2024-10-08T12:47:13.740+0000] {dagbag.py:587} INFO - Filling up the DagBag from /home/airflow/.local/lib/python3.12/site-packages/airflow/example_dags/example_time_delta_sensor_async.py
[2024-10-08T12:47:13.750+0000] {processor.py:925} INFO - DAG(s) 'example_time_delta_sensor_async' retrieved from /home/airflow/.local/lib/python3.12/site-packages/airflow/example_dags/example_time_delta_sensor_async.py
[2024-10-08T12:47:13.772+0000] {logging_mixin.py:190} INFO - [2024-10-08T12:47:13.772+0000] {dag.py:3229} INFO - Sync 1 DAGs
[2024-10-08T12:47:13.788+0000] {logging_mixin.py:190} INFO - [2024-10-08T12:47:13.788+0000] {dag.py:4156} INFO - Setting next_dagrun for example_time_delta_sensor_async to None, run_after=None
[2024-10-08T12:47:13.820+0000] {processor.py:208} INFO - Processing /home/airflow/.local/lib/python3.12/site-packages/airflow/example_dags/example_time_delta_sensor_async.py took 0.096 seconds
