[2024-10-08T12:44:45.030+0000] {processor.py:186} INFO - Started process (PID=107) to work on /home/airflow/.local/lib/python3.12/site-packages/airflow/example_dags/example_branch_day_of_week_operator.py
[2024-10-08T12:44:45.032+0000] {processor.py:914} INFO - Processing file /home/airflow/.local/lib/python3.12/site-packages/airflow/example_dags/example_branch_day_of_week_operator.py for tasks to queue
[2024-10-08T12:44:45.036+0000] {logging_mixin.py:190} INFO - [2024-10-08T12:44:45.036+0000] {dagbag.py:587} INFO - Filling up the DagBag from /home/airflow/.local/lib/python3.12/site-packages/airflow/example_dags/example_branch_day_of_week_operator.py
[2024-10-08T12:44:45.062+0000] {processor.py:925} INFO - DAG(s) 'example_weekday_branch_operator' retrieved from /home/airflow/.local/lib/python3.12/site-packages/airflow/example_dags/example_branch_day_of_week_operator.py
[2024-10-08T12:44:45.268+0000] {logging_mixin.py:190} INFO - [2024-10-08T12:44:45.267+0000] {override.py:1900} INFO - Created Permission View: can read on DAG:example_weekday_branch_operator
[2024-10-08T12:44:45.288+0000] {logging_mixin.py:190} INFO - [2024-10-08T12:44:45.288+0000] {override.py:1900} INFO - Created Permission View: can delete on DAG:example_weekday_branch_operator
[2024-10-08T12:44:45.302+0000] {logging_mixin.py:190} INFO - [2024-10-08T12:44:45.301+0000] {override.py:1900} INFO - Created Permission View: can edit on DAG:example_weekday_branch_operator
[2024-10-08T12:44:45.318+0000] {logging_mixin.py:190} INFO - [2024-10-08T12:44:45.318+0000] {override.py:1900} INFO - Created Permission View: can read on DAG Run:example_weekday_branch_operator
[2024-10-08T12:44:45.332+0000] {logging_mixin.py:190} INFO - [2024-10-08T12:44:45.332+0000] {override.py:1900} INFO - Created Permission View: can create on DAG Run:example_weekday_branch_operator
[2024-10-08T12:44:45.348+0000] {logging_mixin.py:190} INFO - [2024-10-08T12:44:45.347+0000] {override.py:1900} INFO - Created Permission View: menu access on DAG Run:example_weekday_branch_operator
[2024-10-08T12:44:45.362+0000] {logging_mixin.py:190} INFO - [2024-10-08T12:44:45.362+0000] {override.py:1900} INFO - Created Permission View: can delete on DAG Run:example_weekday_branch_operator
[2024-10-08T12:44:45.364+0000] {logging_mixin.py:190} INFO - [2024-10-08T12:44:45.363+0000] {dag.py:3229} INFO - Sync 1 DAGs
[2024-10-08T12:44:45.386+0000] {logging_mixin.py:190} INFO - [2024-10-08T12:44:45.386+0000] {dag.py:3252} INFO - Creating ORM DAG for example_weekday_branch_operator
[2024-10-08T12:44:45.408+0000] {logging_mixin.py:190} INFO - [2024-10-08T12:44:45.407+0000] {dag.py:4156} INFO - Setting next_dagrun for example_weekday_branch_operator to 2024-10-07 00:00:00+00:00, run_after=2024-10-08 00:00:00+00:00
[2024-10-08T12:44:45.439+0000] {processor.py:208} INFO - Processing /home/airflow/.local/lib/python3.12/site-packages/airflow/example_dags/example_branch_day_of_week_operator.py took 0.422 seconds
[2024-10-08T12:45:15.787+0000] {processor.py:186} INFO - Started process (PID=169) to work on /home/airflow/.local/lib/python3.12/site-packages/airflow/example_dags/example_branch_day_of_week_operator.py
[2024-10-08T12:45:15.788+0000] {processor.py:914} INFO - Processing file /home/airflow/.local/lib/python3.12/site-packages/airflow/example_dags/example_branch_day_of_week_operator.py for tasks to queue
[2024-10-08T12:45:15.792+0000] {logging_mixin.py:190} INFO - [2024-10-08T12:45:15.791+0000] {dagbag.py:587} INFO - Filling up the DagBag from /home/airflow/.local/lib/python3.12/site-packages/airflow/example_dags/example_branch_day_of_week_operator.py
[2024-10-08T12:45:15.804+0000] {processor.py:925} INFO - DAG(s) 'example_weekday_branch_operator' retrieved from /home/airflow/.local/lib/python3.12/site-packages/airflow/example_dags/example_branch_day_of_week_operator.py
[2024-10-08T12:45:15.826+0000] {logging_mixin.py:190} INFO - [2024-10-08T12:45:15.826+0000] {dag.py:3229} INFO - Sync 1 DAGs
[2024-10-08T12:45:15.852+0000] {logging_mixin.py:190} INFO - [2024-10-08T12:45:15.852+0000] {dag.py:4156} INFO - Setting next_dagrun for example_weekday_branch_operator to 2024-10-07 00:00:00+00:00, run_after=2024-10-08 00:00:00+00:00
[2024-10-08T12:45:15.878+0000] {processor.py:208} INFO - Processing /home/airflow/.local/lib/python3.12/site-packages/airflow/example_dags/example_branch_day_of_week_operator.py took 0.100 seconds
[2024-10-08T12:45:46.527+0000] {processor.py:186} INFO - Started process (PID=231) to work on /home/airflow/.local/lib/python3.12/site-packages/airflow/example_dags/example_branch_day_of_week_operator.py
[2024-10-08T12:45:46.530+0000] {processor.py:914} INFO - Processing file /home/airflow/.local/lib/python3.12/site-packages/airflow/example_dags/example_branch_day_of_week_operator.py for tasks to queue
[2024-10-08T12:45:46.536+0000] {logging_mixin.py:190} INFO - [2024-10-08T12:45:46.535+0000] {dagbag.py:587} INFO - Filling up the DagBag from /home/airflow/.local/lib/python3.12/site-packages/airflow/example_dags/example_branch_day_of_week_operator.py
[2024-10-08T12:45:46.552+0000] {processor.py:925} INFO - DAG(s) 'example_weekday_branch_operator' retrieved from /home/airflow/.local/lib/python3.12/site-packages/airflow/example_dags/example_branch_day_of_week_operator.py
[2024-10-08T12:45:46.579+0000] {logging_mixin.py:190} INFO - [2024-10-08T12:45:46.578+0000] {dag.py:3229} INFO - Sync 1 DAGs
[2024-10-08T12:45:46.622+0000] {logging_mixin.py:190} INFO - [2024-10-08T12:45:46.622+0000] {dag.py:4156} INFO - Setting next_dagrun for example_weekday_branch_operator to 2024-10-07 00:00:00+00:00, run_after=2024-10-08 00:00:00+00:00
[2024-10-08T12:45:46.686+0000] {processor.py:208} INFO - Processing /home/airflow/.local/lib/python3.12/site-packages/airflow/example_dags/example_branch_day_of_week_operator.py took 0.172 seconds
[2024-10-08T12:46:17.038+0000] {processor.py:186} INFO - Started process (PID=293) to work on /home/airflow/.local/lib/python3.12/site-packages/airflow/example_dags/example_branch_day_of_week_operator.py
[2024-10-08T12:46:17.042+0000] {processor.py:914} INFO - Processing file /home/airflow/.local/lib/python3.12/site-packages/airflow/example_dags/example_branch_day_of_week_operator.py for tasks to queue
[2024-10-08T12:46:17.050+0000] {logging_mixin.py:190} INFO - [2024-10-08T12:46:17.049+0000] {dagbag.py:587} INFO - Filling up the DagBag from /home/airflow/.local/lib/python3.12/site-packages/airflow/example_dags/example_branch_day_of_week_operator.py
[2024-10-08T12:46:17.076+0000] {processor.py:925} INFO - DAG(s) 'example_weekday_branch_operator' retrieved from /home/airflow/.local/lib/python3.12/site-packages/airflow/example_dags/example_branch_day_of_week_operator.py
[2024-10-08T12:46:17.121+0000] {logging_mixin.py:190} INFO - [2024-10-08T12:46:17.121+0000] {dag.py:3229} INFO - Sync 1 DAGs
[2024-10-08T12:46:17.159+0000] {logging_mixin.py:190} INFO - [2024-10-08T12:46:17.158+0000] {dag.py:4156} INFO - Setting next_dagrun for example_weekday_branch_operator to 2024-10-07 00:00:00+00:00, run_after=2024-10-08 00:00:00+00:00
[2024-10-08T12:46:17.212+0000] {processor.py:208} INFO - Processing /home/airflow/.local/lib/python3.12/site-packages/airflow/example_dags/example_branch_day_of_week_operator.py took 0.189 seconds
[2024-10-08T12:46:47.676+0000] {processor.py:186} INFO - Started process (PID=349) to work on /home/airflow/.local/lib/python3.12/site-packages/airflow/example_dags/example_branch_day_of_week_operator.py
[2024-10-08T12:46:47.678+0000] {processor.py:914} INFO - Processing file /home/airflow/.local/lib/python3.12/site-packages/airflow/example_dags/example_branch_day_of_week_operator.py for tasks to queue
[2024-10-08T12:46:47.682+0000] {logging_mixin.py:190} INFO - [2024-10-08T12:46:47.681+0000] {dagbag.py:587} INFO - Filling up the DagBag from /home/airflow/.local/lib/python3.12/site-packages/airflow/example_dags/example_branch_day_of_week_operator.py
[2024-10-08T12:46:47.696+0000] {processor.py:925} INFO - DAG(s) 'example_weekday_branch_operator' retrieved from /home/airflow/.local/lib/python3.12/site-packages/airflow/example_dags/example_branch_day_of_week_operator.py
[2024-10-08T12:46:47.721+0000] {logging_mixin.py:190} INFO - [2024-10-08T12:46:47.721+0000] {dag.py:3229} INFO - Sync 1 DAGs
[2024-10-08T12:46:47.745+0000] {logging_mixin.py:190} INFO - [2024-10-08T12:46:47.745+0000] {dag.py:4156} INFO - Setting next_dagrun for example_weekday_branch_operator to 2024-10-07 00:00:00+00:00, run_after=2024-10-08 00:00:00+00:00
[2024-10-08T12:46:47.783+0000] {processor.py:208} INFO - Processing /home/airflow/.local/lib/python3.12/site-packages/airflow/example_dags/example_branch_day_of_week_operator.py took 0.117 seconds
[2024-10-08T12:47:18.486+0000] {processor.py:186} INFO - Started process (PID=411) to work on /home/airflow/.local/lib/python3.12/site-packages/airflow/example_dags/example_branch_day_of_week_operator.py
[2024-10-08T12:47:18.488+0000] {processor.py:914} INFO - Processing file /home/airflow/.local/lib/python3.12/site-packages/airflow/example_dags/example_branch_day_of_week_operator.py for tasks to queue
[2024-10-08T12:47:18.493+0000] {logging_mixin.py:190} INFO - [2024-10-08T12:47:18.492+0000] {dagbag.py:587} INFO - Filling up the DagBag from /home/airflow/.local/lib/python3.12/site-packages/airflow/example_dags/example_branch_day_of_week_operator.py
[2024-10-08T12:47:18.508+0000] {processor.py:925} INFO - DAG(s) 'example_weekday_branch_operator' retrieved from /home/airflow/.local/lib/python3.12/site-packages/airflow/example_dags/example_branch_day_of_week_operator.py
[2024-10-08T12:47:18.540+0000] {logging_mixin.py:190} INFO - [2024-10-08T12:47:18.540+0000] {dag.py:3229} INFO - Sync 1 DAGs
[2024-10-08T12:47:18.578+0000] {logging_mixin.py:190} INFO - [2024-10-08T12:47:18.578+0000] {dag.py:4156} INFO - Setting next_dagrun for example_weekday_branch_operator to 2024-10-07 00:00:00+00:00, run_after=2024-10-08 00:00:00+00:00
[2024-10-08T12:47:18.611+0000] {processor.py:208} INFO - Processing /home/airflow/.local/lib/python3.12/site-packages/airflow/example_dags/example_branch_day_of_week_operator.py took 0.133 seconds
