[2024-10-08T12:44:37.711+0000] {processor.py:186} INFO - Started process (PID=80) to work on /home/airflow/.local/lib/python3.12/site-packages/airflow/example_dags/example_latest_only.py
[2024-10-08T12:44:37.713+0000] {processor.py:914} INFO - Processing file /home/airflow/.local/lib/python3.12/site-packages/airflow/example_dags/example_latest_only.py for tasks to queue
[2024-10-08T12:44:37.721+0000] {logging_mixin.py:190} INFO - [2024-10-08T12:44:37.720+0000] {dagbag.py:587} INFO - Filling up the DagBag from /home/airflow/.local/lib/python3.12/site-packages/airflow/example_dags/example_latest_only.py
[2024-10-08T12:44:37.744+0000] {processor.py:925} INFO - DAG(s) 'latest_only' retrieved from /home/airflow/.local/lib/python3.12/site-packages/airflow/example_dags/example_latest_only.py
[2024-10-08T12:44:38.086+0000] {logging_mixin.py:190} INFO - [2024-10-08T12:44:38.084+0000] {override.py:1900} INFO - Created Permission View: can read on DAG:latest_only
[2024-10-08T12:44:38.107+0000] {logging_mixin.py:190} INFO - [2024-10-08T12:44:38.106+0000] {override.py:1900} INFO - Created Permission View: can delete on DAG:latest_only
[2024-10-08T12:44:38.122+0000] {logging_mixin.py:190} INFO - [2024-10-08T12:44:38.122+0000] {override.py:1900} INFO - Created Permission View: can edit on DAG:latest_only
[2024-10-08T12:44:38.139+0000] {logging_mixin.py:190} INFO - [2024-10-08T12:44:38.138+0000] {override.py:1900} INFO - Created Permission View: can read on DAG Run:latest_only
[2024-10-08T12:44:38.153+0000] {logging_mixin.py:190} INFO - [2024-10-08T12:44:38.153+0000] {override.py:1900} INFO - Created Permission View: can create on DAG Run:latest_only
[2024-10-08T12:44:38.168+0000] {logging_mixin.py:190} INFO - [2024-10-08T12:44:38.167+0000] {override.py:1900} INFO - Created Permission View: menu access on DAG Run:latest_only
[2024-10-08T12:44:38.184+0000] {logging_mixin.py:190} INFO - [2024-10-08T12:44:38.184+0000] {override.py:1900} INFO - Created Permission View: can delete on DAG Run:latest_only
[2024-10-08T12:44:38.186+0000] {logging_mixin.py:190} INFO - [2024-10-08T12:44:38.185+0000] {dag.py:3229} INFO - Sync 1 DAGs
[2024-10-08T12:44:38.221+0000] {logging_mixin.py:190} INFO - [2024-10-08T12:44:38.221+0000] {dag.py:3252} INFO - Creating ORM DAG for latest_only
[2024-10-08T12:44:38.243+0000] {logging_mixin.py:190} INFO - [2024-10-08T12:44:38.243+0000] {dag.py:4156} INFO - Setting next_dagrun for latest_only to 2024-10-08 08:00:00+00:00, run_after=2024-10-08 12:00:00+00:00
[2024-10-08T12:44:38.277+0000] {processor.py:208} INFO - Processing /home/airflow/.local/lib/python3.12/site-packages/airflow/example_dags/example_latest_only.py took 0.585 seconds
[2024-10-08T12:45:08.747+0000] {processor.py:186} INFO - Started process (PID=142) to work on /home/airflow/.local/lib/python3.12/site-packages/airflow/example_dags/example_latest_only.py
[2024-10-08T12:45:08.749+0000] {processor.py:914} INFO - Processing file /home/airflow/.local/lib/python3.12/site-packages/airflow/example_dags/example_latest_only.py for tasks to queue
[2024-10-08T12:45:08.752+0000] {logging_mixin.py:190} INFO - [2024-10-08T12:45:08.752+0000] {dagbag.py:587} INFO - Filling up the DagBag from /home/airflow/.local/lib/python3.12/site-packages/airflow/example_dags/example_latest_only.py
[2024-10-08T12:45:08.759+0000] {processor.py:925} INFO - DAG(s) 'latest_only' retrieved from /home/airflow/.local/lib/python3.12/site-packages/airflow/example_dags/example_latest_only.py
[2024-10-08T12:45:08.784+0000] {logging_mixin.py:190} INFO - [2024-10-08T12:45:08.784+0000] {dag.py:3229} INFO - Sync 1 DAGs
[2024-10-08T12:45:08.805+0000] {logging_mixin.py:190} INFO - [2024-10-08T12:45:08.805+0000] {dag.py:4156} INFO - Setting next_dagrun for latest_only to 2024-10-08 08:00:00+00:00, run_after=2024-10-08 12:00:00+00:00
[2024-10-08T12:45:08.841+0000] {processor.py:208} INFO - Processing /home/airflow/.local/lib/python3.12/site-packages/airflow/example_dags/example_latest_only.py took 0.100 seconds
[2024-10-08T12:45:39.773+0000] {processor.py:186} INFO - Started process (PID=204) to work on /home/airflow/.local/lib/python3.12/site-packages/airflow/example_dags/example_latest_only.py
[2024-10-08T12:45:39.776+0000] {processor.py:914} INFO - Processing file /home/airflow/.local/lib/python3.12/site-packages/airflow/example_dags/example_latest_only.py for tasks to queue
[2024-10-08T12:45:39.782+0000] {logging_mixin.py:190} INFO - [2024-10-08T12:45:39.781+0000] {dagbag.py:587} INFO - Filling up the DagBag from /home/airflow/.local/lib/python3.12/site-packages/airflow/example_dags/example_latest_only.py
[2024-10-08T12:45:39.796+0000] {processor.py:925} INFO - DAG(s) 'latest_only' retrieved from /home/airflow/.local/lib/python3.12/site-packages/airflow/example_dags/example_latest_only.py
[2024-10-08T12:45:39.831+0000] {logging_mixin.py:190} INFO - [2024-10-08T12:45:39.831+0000] {dag.py:3229} INFO - Sync 1 DAGs
[2024-10-08T12:45:39.863+0000] {logging_mixin.py:190} INFO - [2024-10-08T12:45:39.863+0000] {dag.py:4156} INFO - Setting next_dagrun for latest_only to 2024-10-08 08:00:00+00:00, run_after=2024-10-08 12:00:00+00:00
[2024-10-08T12:45:39.900+0000] {processor.py:208} INFO - Processing /home/airflow/.local/lib/python3.12/site-packages/airflow/example_dags/example_latest_only.py took 0.139 seconds
[2024-10-08T12:46:10.400+0000] {processor.py:186} INFO - Started process (PID=266) to work on /home/airflow/.local/lib/python3.12/site-packages/airflow/example_dags/example_latest_only.py
[2024-10-08T12:46:10.401+0000] {processor.py:914} INFO - Processing file /home/airflow/.local/lib/python3.12/site-packages/airflow/example_dags/example_latest_only.py for tasks to queue
[2024-10-08T12:46:10.403+0000] {logging_mixin.py:190} INFO - [2024-10-08T12:46:10.403+0000] {dagbag.py:587} INFO - Filling up the DagBag from /home/airflow/.local/lib/python3.12/site-packages/airflow/example_dags/example_latest_only.py
[2024-10-08T12:46:10.412+0000] {processor.py:925} INFO - DAG(s) 'latest_only' retrieved from /home/airflow/.local/lib/python3.12/site-packages/airflow/example_dags/example_latest_only.py
[2024-10-08T12:46:10.440+0000] {logging_mixin.py:190} INFO - [2024-10-08T12:46:10.439+0000] {dag.py:3229} INFO - Sync 1 DAGs
[2024-10-08T12:46:10.468+0000] {logging_mixin.py:190} INFO - [2024-10-08T12:46:10.467+0000] {dag.py:4156} INFO - Setting next_dagrun for latest_only to 2024-10-08 08:00:00+00:00, run_after=2024-10-08 12:00:00+00:00
[2024-10-08T12:46:10.500+0000] {processor.py:208} INFO - Processing /home/airflow/.local/lib/python3.12/site-packages/airflow/example_dags/example_latest_only.py took 0.110 seconds
[2024-10-08T12:46:41.506+0000] {processor.py:186} INFO - Started process (PID=328) to work on /home/airflow/.local/lib/python3.12/site-packages/airflow/example_dags/example_latest_only.py
[2024-10-08T12:46:41.507+0000] {processor.py:914} INFO - Processing file /home/airflow/.local/lib/python3.12/site-packages/airflow/example_dags/example_latest_only.py for tasks to queue
[2024-10-08T12:46:41.510+0000] {logging_mixin.py:190} INFO - [2024-10-08T12:46:41.510+0000] {dagbag.py:587} INFO - Filling up the DagBag from /home/airflow/.local/lib/python3.12/site-packages/airflow/example_dags/example_latest_only.py
[2024-10-08T12:46:41.520+0000] {processor.py:925} INFO - DAG(s) 'latest_only' retrieved from /home/airflow/.local/lib/python3.12/site-packages/airflow/example_dags/example_latest_only.py
[2024-10-08T12:46:41.544+0000] {logging_mixin.py:190} INFO - [2024-10-08T12:46:41.544+0000] {dag.py:3229} INFO - Sync 1 DAGs
[2024-10-08T12:46:41.572+0000] {logging_mixin.py:190} INFO - [2024-10-08T12:46:41.572+0000] {dag.py:4156} INFO - Setting next_dagrun for latest_only to 2024-10-08 08:00:00+00:00, run_after=2024-10-08 12:00:00+00:00
[2024-10-08T12:46:41.602+0000] {processor.py:208} INFO - Processing /home/airflow/.local/lib/python3.12/site-packages/airflow/example_dags/example_latest_only.py took 0.104 seconds
[2024-10-08T12:47:12.557+0000] {processor.py:186} INFO - Started process (PID=390) to work on /home/airflow/.local/lib/python3.12/site-packages/airflow/example_dags/example_latest_only.py
[2024-10-08T12:47:12.558+0000] {processor.py:914} INFO - Processing file /home/airflow/.local/lib/python3.12/site-packages/airflow/example_dags/example_latest_only.py for tasks to queue
[2024-10-08T12:47:12.562+0000] {logging_mixin.py:190} INFO - [2024-10-08T12:47:12.561+0000] {dagbag.py:587} INFO - Filling up the DagBag from /home/airflow/.local/lib/python3.12/site-packages/airflow/example_dags/example_latest_only.py
[2024-10-08T12:47:12.574+0000] {processor.py:925} INFO - DAG(s) 'latest_only' retrieved from /home/airflow/.local/lib/python3.12/site-packages/airflow/example_dags/example_latest_only.py
[2024-10-08T12:47:12.593+0000] {logging_mixin.py:190} INFO - [2024-10-08T12:47:12.593+0000] {dag.py:3229} INFO - Sync 1 DAGs
[2024-10-08T12:47:12.616+0000] {logging_mixin.py:190} INFO - [2024-10-08T12:47:12.616+0000] {dag.py:4156} INFO - Setting next_dagrun for latest_only to 2024-10-08 08:00:00+00:00, run_after=2024-10-08 12:00:00+00:00
[2024-10-08T12:47:12.648+0000] {processor.py:208} INFO - Processing /home/airflow/.local/lib/python3.12/site-packages/airflow/example_dags/example_latest_only.py took 0.102 seconds
