[2024-10-08T12:44:52.414+0000] {processor.py:186} INFO - Started process (PID=129) to work on /home/airflow/.local/lib/python3.12/site-packages/airflow/example_dags/example_params_trigger_ui.py
[2024-10-08T12:44:52.416+0000] {processor.py:914} INFO - Processing file /home/airflow/.local/lib/python3.12/site-packages/airflow/example_dags/example_params_trigger_ui.py for tasks to queue
[2024-10-08T12:44:52.421+0000] {logging_mixin.py:190} INFO - [2024-10-08T12:44:52.420+0000] {dagbag.py:587} INFO - Filling up the DagBag from /home/airflow/.local/lib/python3.12/site-packages/airflow/example_dags/example_params_trigger_ui.py
[2024-10-08T12:44:52.444+0000] {processor.py:925} INFO - DAG(s) 'example_params_trigger_ui' retrieved from /home/airflow/.local/lib/python3.12/site-packages/airflow/example_dags/example_params_trigger_ui.py
[2024-10-08T12:44:52.714+0000] {logging_mixin.py:190} INFO - [2024-10-08T12:44:52.713+0000] {override.py:1900} INFO - Created Permission View: can read on DAG:example_params_trigger_ui
[2024-10-08T12:44:52.734+0000] {logging_mixin.py:190} INFO - [2024-10-08T12:44:52.734+0000] {override.py:1900} INFO - Created Permission View: can delete on DAG:example_params_trigger_ui
[2024-10-08T12:44:52.748+0000] {logging_mixin.py:190} INFO - [2024-10-08T12:44:52.748+0000] {override.py:1900} INFO - Created Permission View: can edit on DAG:example_params_trigger_ui
[2024-10-08T12:44:52.766+0000] {logging_mixin.py:190} INFO - [2024-10-08T12:44:52.765+0000] {override.py:1900} INFO - Created Permission View: can read on DAG Run:example_params_trigger_ui
[2024-10-08T12:44:52.779+0000] {logging_mixin.py:190} INFO - [2024-10-08T12:44:52.779+0000] {override.py:1900} INFO - Created Permission View: can create on DAG Run:example_params_trigger_ui
[2024-10-08T12:44:52.794+0000] {logging_mixin.py:190} INFO - [2024-10-08T12:44:52.794+0000] {override.py:1900} INFO - Created Permission View: menu access on DAG Run:example_params_trigger_ui
[2024-10-08T12:44:52.813+0000] {logging_mixin.py:190} INFO - [2024-10-08T12:44:52.813+0000] {override.py:1900} INFO - Created Permission View: can delete on DAG Run:example_params_trigger_ui
[2024-10-08T12:44:52.815+0000] {logging_mixin.py:190} INFO - [2024-10-08T12:44:52.815+0000] {dag.py:3229} INFO - Sync 1 DAGs
[2024-10-08T12:44:52.842+0000] {logging_mixin.py:190} INFO - [2024-10-08T12:44:52.842+0000] {dag.py:3252} INFO - Creating ORM DAG for example_params_trigger_ui
[2024-10-08T12:44:52.844+0000] {logging_mixin.py:190} INFO - [2024-10-08T12:44:52.844+0000] {dag.py:4156} INFO - Setting next_dagrun for example_params_trigger_ui to None, run_after=None
[2024-10-08T12:44:52.882+0000] {processor.py:208} INFO - Processing /home/airflow/.local/lib/python3.12/site-packages/airflow/example_dags/example_params_trigger_ui.py took 0.480 seconds
[2024-10-08T12:45:23.693+0000] {processor.py:186} INFO - Started process (PID=191) to work on /home/airflow/.local/lib/python3.12/site-packages/airflow/example_dags/example_params_trigger_ui.py
[2024-10-08T12:45:23.694+0000] {processor.py:914} INFO - Processing file /home/airflow/.local/lib/python3.12/site-packages/airflow/example_dags/example_params_trigger_ui.py for tasks to queue
[2024-10-08T12:45:23.697+0000] {logging_mixin.py:190} INFO - [2024-10-08T12:45:23.697+0000] {dagbag.py:587} INFO - Filling up the DagBag from /home/airflow/.local/lib/python3.12/site-packages/airflow/example_dags/example_params_trigger_ui.py
[2024-10-08T12:45:23.713+0000] {processor.py:925} INFO - DAG(s) 'example_params_trigger_ui' retrieved from /home/airflow/.local/lib/python3.12/site-packages/airflow/example_dags/example_params_trigger_ui.py
[2024-10-08T12:45:23.760+0000] {logging_mixin.py:190} INFO - [2024-10-08T12:45:23.760+0000] {dag.py:3229} INFO - Sync 1 DAGs
[2024-10-08T12:45:23.774+0000] {logging_mixin.py:190} INFO - [2024-10-08T12:45:23.774+0000] {dag.py:4156} INFO - Setting next_dagrun for example_params_trigger_ui to None, run_after=None
[2024-10-08T12:45:23.803+0000] {processor.py:208} INFO - Processing /home/airflow/.local/lib/python3.12/site-packages/airflow/example_dags/example_params_trigger_ui.py took 0.117 seconds
[2024-10-08T12:45:55.180+0000] {processor.py:186} INFO - Started process (PID=253) to work on /home/airflow/.local/lib/python3.12/site-packages/airflow/example_dags/example_params_trigger_ui.py
[2024-10-08T12:45:55.182+0000] {processor.py:914} INFO - Processing file /home/airflow/.local/lib/python3.12/site-packages/airflow/example_dags/example_params_trigger_ui.py for tasks to queue
[2024-10-08T12:45:55.187+0000] {logging_mixin.py:190} INFO - [2024-10-08T12:45:55.186+0000] {dagbag.py:587} INFO - Filling up the DagBag from /home/airflow/.local/lib/python3.12/site-packages/airflow/example_dags/example_params_trigger_ui.py
[2024-10-08T12:45:55.205+0000] {processor.py:925} INFO - DAG(s) 'example_params_trigger_ui' retrieved from /home/airflow/.local/lib/python3.12/site-packages/airflow/example_dags/example_params_trigger_ui.py
[2024-10-08T12:45:55.265+0000] {logging_mixin.py:190} INFO - [2024-10-08T12:45:55.264+0000] {dag.py:3229} INFO - Sync 1 DAGs
[2024-10-08T12:45:55.285+0000] {logging_mixin.py:190} INFO - [2024-10-08T12:45:55.284+0000] {dag.py:4156} INFO - Setting next_dagrun for example_params_trigger_ui to None, run_after=None
[2024-10-08T12:45:55.330+0000] {processor.py:208} INFO - Processing /home/airflow/.local/lib/python3.12/site-packages/airflow/example_dags/example_params_trigger_ui.py took 0.156 seconds
[2024-10-08T12:46:26.303+0000] {processor.py:186} INFO - Started process (PID=315) to work on /home/airflow/.local/lib/python3.12/site-packages/airflow/example_dags/example_params_trigger_ui.py
[2024-10-08T12:46:26.305+0000] {processor.py:914} INFO - Processing file /home/airflow/.local/lib/python3.12/site-packages/airflow/example_dags/example_params_trigger_ui.py for tasks to queue
[2024-10-08T12:46:26.310+0000] {logging_mixin.py:190} INFO - [2024-10-08T12:46:26.309+0000] {dagbag.py:587} INFO - Filling up the DagBag from /home/airflow/.local/lib/python3.12/site-packages/airflow/example_dags/example_params_trigger_ui.py
[2024-10-08T12:46:26.335+0000] {processor.py:925} INFO - DAG(s) 'example_params_trigger_ui' retrieved from /home/airflow/.local/lib/python3.12/site-packages/airflow/example_dags/example_params_trigger_ui.py
[2024-10-08T12:46:26.391+0000] {logging_mixin.py:190} INFO - [2024-10-08T12:46:26.391+0000] {dag.py:3229} INFO - Sync 1 DAGs
[2024-10-08T12:46:26.411+0000] {logging_mixin.py:190} INFO - [2024-10-08T12:46:26.411+0000] {dag.py:4156} INFO - Setting next_dagrun for example_params_trigger_ui to None, run_after=None
[2024-10-08T12:46:26.438+0000] {processor.py:208} INFO - Processing /home/airflow/.local/lib/python3.12/site-packages/airflow/example_dags/example_params_trigger_ui.py took 0.145 seconds
[2024-10-08T12:46:56.654+0000] {processor.py:186} INFO - Started process (PID=376) to work on /home/airflow/.local/lib/python3.12/site-packages/airflow/example_dags/example_params_trigger_ui.py
[2024-10-08T12:46:56.656+0000] {processor.py:914} INFO - Processing file /home/airflow/.local/lib/python3.12/site-packages/airflow/example_dags/example_params_trigger_ui.py for tasks to queue
[2024-10-08T12:46:56.659+0000] {logging_mixin.py:190} INFO - [2024-10-08T12:46:56.659+0000] {dagbag.py:587} INFO - Filling up the DagBag from /home/airflow/.local/lib/python3.12/site-packages/airflow/example_dags/example_params_trigger_ui.py
[2024-10-08T12:46:56.670+0000] {processor.py:925} INFO - DAG(s) 'example_params_trigger_ui' retrieved from /home/airflow/.local/lib/python3.12/site-packages/airflow/example_dags/example_params_trigger_ui.py
[2024-10-08T12:46:56.721+0000] {logging_mixin.py:190} INFO - [2024-10-08T12:46:56.720+0000] {dag.py:3229} INFO - Sync 1 DAGs
[2024-10-08T12:46:56.738+0000] {logging_mixin.py:190} INFO - [2024-10-08T12:46:56.738+0000] {dag.py:4156} INFO - Setting next_dagrun for example_params_trigger_ui to None, run_after=None
[2024-10-08T12:46:56.765+0000] {processor.py:208} INFO - Processing /home/airflow/.local/lib/python3.12/site-packages/airflow/example_dags/example_params_trigger_ui.py took 0.118 seconds
[2024-10-08T12:47:27.870+0000] {processor.py:186} INFO - Started process (PID=438) to work on /home/airflow/.local/lib/python3.12/site-packages/airflow/example_dags/example_params_trigger_ui.py
[2024-10-08T12:47:27.872+0000] {processor.py:914} INFO - Processing file /home/airflow/.local/lib/python3.12/site-packages/airflow/example_dags/example_params_trigger_ui.py for tasks to queue
[2024-10-08T12:47:27.875+0000] {logging_mixin.py:190} INFO - [2024-10-08T12:47:27.875+0000] {dagbag.py:587} INFO - Filling up the DagBag from /home/airflow/.local/lib/python3.12/site-packages/airflow/example_dags/example_params_trigger_ui.py
[2024-10-08T12:47:27.886+0000] {processor.py:925} INFO - DAG(s) 'example_params_trigger_ui' retrieved from /home/airflow/.local/lib/python3.12/site-packages/airflow/example_dags/example_params_trigger_ui.py
[2024-10-08T12:47:27.961+0000] {logging_mixin.py:190} INFO - [2024-10-08T12:47:27.961+0000] {dag.py:3229} INFO - Sync 1 DAGs
[2024-10-08T12:47:27.979+0000] {logging_mixin.py:190} INFO - [2024-10-08T12:47:27.979+0000] {dag.py:4156} INFO - Setting next_dagrun for example_params_trigger_ui to None, run_after=None
[2024-10-08T12:47:28.014+0000] {processor.py:208} INFO - Processing /home/airflow/.local/lib/python3.12/site-packages/airflow/example_dags/example_params_trigger_ui.py took 0.149 seconds
