[2024-10-08T12:44:42.049+0000] {processor.py:186} INFO - Started process (PID=91) to work on /home/airflow/.local/lib/python3.12/site-packages/airflow/example_dags/example_complex.py
[2024-10-08T12:44:42.051+0000] {processor.py:914} INFO - Processing file /home/airflow/.local/lib/python3.12/site-packages/airflow/example_dags/example_complex.py for tasks to queue
[2024-10-08T12:44:42.056+0000] {logging_mixin.py:190} INFO - [2024-10-08T12:44:42.055+0000] {dagbag.py:587} INFO - Filling up the DagBag from /home/airflow/.local/lib/python3.12/site-packages/airflow/example_dags/example_complex.py
[2024-10-08T12:44:42.086+0000] {processor.py:925} INFO - DAG(s) 'example_complex' retrieved from /home/airflow/.local/lib/python3.12/site-packages/airflow/example_dags/example_complex.py
[2024-10-08T12:44:42.318+0000] {logging_mixin.py:190} INFO - [2024-10-08T12:44:42.317+0000] {override.py:1900} INFO - Created Permission View: can read on DAG:example_complex
[2024-10-08T12:44:42.340+0000] {logging_mixin.py:190} INFO - [2024-10-08T12:44:42.339+0000] {override.py:1900} INFO - Created Permission View: can delete on DAG:example_complex
[2024-10-08T12:44:42.354+0000] {logging_mixin.py:190} INFO - [2024-10-08T12:44:42.353+0000] {override.py:1900} INFO - Created Permission View: can edit on DAG:example_complex
[2024-10-08T12:44:42.372+0000] {logging_mixin.py:190} INFO - [2024-10-08T12:44:42.372+0000] {override.py:1900} INFO - Created Permission View: can read on DAG Run:example_complex
[2024-10-08T12:44:42.387+0000] {logging_mixin.py:190} INFO - [2024-10-08T12:44:42.387+0000] {override.py:1900} INFO - Created Permission View: can create on DAG Run:example_complex
[2024-10-08T12:44:42.402+0000] {logging_mixin.py:190} INFO - [2024-10-08T12:44:42.401+0000] {override.py:1900} INFO - Created Permission View: menu access on DAG Run:example_complex
[2024-10-08T12:44:42.416+0000] {logging_mixin.py:190} INFO - [2024-10-08T12:44:42.415+0000] {override.py:1900} INFO - Created Permission View: can delete on DAG Run:example_complex
[2024-10-08T12:44:42.417+0000] {logging_mixin.py:190} INFO - [2024-10-08T12:44:42.417+0000] {dag.py:3229} INFO - Sync 1 DAGs
[2024-10-08T12:44:42.450+0000] {logging_mixin.py:190} INFO - [2024-10-08T12:44:42.450+0000] {dag.py:3252} INFO - Creating ORM DAG for example_complex
[2024-10-08T12:44:42.452+0000] {logging_mixin.py:190} INFO - [2024-10-08T12:44:42.452+0000] {dag.py:4156} INFO - Setting next_dagrun for example_complex to None, run_after=None
[2024-10-08T12:44:42.497+0000] {processor.py:208} INFO - Processing /home/airflow/.local/lib/python3.12/site-packages/airflow/example_dags/example_complex.py took 0.460 seconds
[2024-10-08T12:45:12.928+0000] {processor.py:186} INFO - Started process (PID=153) to work on /home/airflow/.local/lib/python3.12/site-packages/airflow/example_dags/example_complex.py
[2024-10-08T12:45:12.930+0000] {processor.py:914} INFO - Processing file /home/airflow/.local/lib/python3.12/site-packages/airflow/example_dags/example_complex.py for tasks to queue
[2024-10-08T12:45:12.934+0000] {logging_mixin.py:190} INFO - [2024-10-08T12:45:12.933+0000] {dagbag.py:587} INFO - Filling up the DagBag from /home/airflow/.local/lib/python3.12/site-packages/airflow/example_dags/example_complex.py
[2024-10-08T12:45:12.947+0000] {processor.py:925} INFO - DAG(s) 'example_complex' retrieved from /home/airflow/.local/lib/python3.12/site-packages/airflow/example_dags/example_complex.py
[2024-10-08T12:45:12.987+0000] {logging_mixin.py:190} INFO - [2024-10-08T12:45:12.987+0000] {dag.py:3229} INFO - Sync 1 DAGs
[2024-10-08T12:45:13.003+0000] {logging_mixin.py:190} INFO - [2024-10-08T12:45:13.003+0000] {dag.py:4156} INFO - Setting next_dagrun for example_complex to None, run_after=None
[2024-10-08T12:45:13.029+0000] {processor.py:208} INFO - Processing /home/airflow/.local/lib/python3.12/site-packages/airflow/example_dags/example_complex.py took 0.113 seconds
[2024-10-08T12:45:43.332+0000] {processor.py:186} INFO - Started process (PID=215) to work on /home/airflow/.local/lib/python3.12/site-packages/airflow/example_dags/example_complex.py
[2024-10-08T12:45:43.334+0000] {processor.py:914} INFO - Processing file /home/airflow/.local/lib/python3.12/site-packages/airflow/example_dags/example_complex.py for tasks to queue
[2024-10-08T12:45:43.337+0000] {logging_mixin.py:190} INFO - [2024-10-08T12:45:43.337+0000] {dagbag.py:587} INFO - Filling up the DagBag from /home/airflow/.local/lib/python3.12/site-packages/airflow/example_dags/example_complex.py
[2024-10-08T12:45:43.349+0000] {processor.py:925} INFO - DAG(s) 'example_complex' retrieved from /home/airflow/.local/lib/python3.12/site-packages/airflow/example_dags/example_complex.py
[2024-10-08T12:45:43.383+0000] {logging_mixin.py:190} INFO - [2024-10-08T12:45:43.383+0000] {dag.py:3229} INFO - Sync 1 DAGs
[2024-10-08T12:45:43.398+0000] {logging_mixin.py:190} INFO - [2024-10-08T12:45:43.398+0000] {dag.py:4156} INFO - Setting next_dagrun for example_complex to None, run_after=None
[2024-10-08T12:45:43.432+0000] {processor.py:208} INFO - Processing /home/airflow/.local/lib/python3.12/site-packages/airflow/example_dags/example_complex.py took 0.106 seconds
[2024-10-08T12:46:13.879+0000] {processor.py:186} INFO - Started process (PID=277) to work on /home/airflow/.local/lib/python3.12/site-packages/airflow/example_dags/example_complex.py
[2024-10-08T12:46:13.882+0000] {processor.py:914} INFO - Processing file /home/airflow/.local/lib/python3.12/site-packages/airflow/example_dags/example_complex.py for tasks to queue
[2024-10-08T12:46:13.887+0000] {logging_mixin.py:190} INFO - [2024-10-08T12:46:13.886+0000] {dagbag.py:587} INFO - Filling up the DagBag from /home/airflow/.local/lib/python3.12/site-packages/airflow/example_dags/example_complex.py
[2024-10-08T12:46:13.907+0000] {processor.py:925} INFO - DAG(s) 'example_complex' retrieved from /home/airflow/.local/lib/python3.12/site-packages/airflow/example_dags/example_complex.py
[2024-10-08T12:46:13.956+0000] {logging_mixin.py:190} INFO - [2024-10-08T12:46:13.956+0000] {dag.py:3229} INFO - Sync 1 DAGs
[2024-10-08T12:46:13.974+0000] {logging_mixin.py:190} INFO - [2024-10-08T12:46:13.974+0000] {dag.py:4156} INFO - Setting next_dagrun for example_complex to None, run_after=None
[2024-10-08T12:46:14.010+0000] {processor.py:208} INFO - Processing /home/airflow/.local/lib/python3.12/site-packages/airflow/example_dags/example_complex.py took 0.140 seconds
[2024-10-08T12:46:44.763+0000] {processor.py:186} INFO - Started process (PID=339) to work on /home/airflow/.local/lib/python3.12/site-packages/airflow/example_dags/example_complex.py
[2024-10-08T12:46:44.765+0000] {processor.py:914} INFO - Processing file /home/airflow/.local/lib/python3.12/site-packages/airflow/example_dags/example_complex.py for tasks to queue
[2024-10-08T12:46:44.769+0000] {logging_mixin.py:190} INFO - [2024-10-08T12:46:44.769+0000] {dagbag.py:587} INFO - Filling up the DagBag from /home/airflow/.local/lib/python3.12/site-packages/airflow/example_dags/example_complex.py
[2024-10-08T12:46:44.784+0000] {processor.py:925} INFO - DAG(s) 'example_complex' retrieved from /home/airflow/.local/lib/python3.12/site-packages/airflow/example_dags/example_complex.py
[2024-10-08T12:46:44.826+0000] {logging_mixin.py:190} INFO - [2024-10-08T12:46:44.825+0000] {dag.py:3229} INFO - Sync 1 DAGs
[2024-10-08T12:46:44.844+0000] {logging_mixin.py:190} INFO - [2024-10-08T12:46:44.844+0000] {dag.py:4156} INFO - Setting next_dagrun for example_complex to None, run_after=None
[2024-10-08T12:46:44.872+0000] {processor.py:208} INFO - Processing /home/airflow/.local/lib/python3.12/site-packages/airflow/example_dags/example_complex.py took 0.115 seconds
[2024-10-08T12:47:15.576+0000] {processor.py:186} INFO - Started process (PID=401) to work on /home/airflow/.local/lib/python3.12/site-packages/airflow/example_dags/example_complex.py
[2024-10-08T12:47:15.577+0000] {processor.py:914} INFO - Processing file /home/airflow/.local/lib/python3.12/site-packages/airflow/example_dags/example_complex.py for tasks to queue
[2024-10-08T12:47:15.580+0000] {logging_mixin.py:190} INFO - [2024-10-08T12:47:15.579+0000] {dagbag.py:587} INFO - Filling up the DagBag from /home/airflow/.local/lib/python3.12/site-packages/airflow/example_dags/example_complex.py
[2024-10-08T12:47:15.591+0000] {processor.py:925} INFO - DAG(s) 'example_complex' retrieved from /home/airflow/.local/lib/python3.12/site-packages/airflow/example_dags/example_complex.py
[2024-10-08T12:47:15.625+0000] {logging_mixin.py:190} INFO - [2024-10-08T12:47:15.625+0000] {dag.py:3229} INFO - Sync 1 DAGs
[2024-10-08T12:47:15.639+0000] {logging_mixin.py:190} INFO - [2024-10-08T12:47:15.639+0000] {dag.py:4156} INFO - Setting next_dagrun for example_complex to None, run_after=None
[2024-10-08T12:47:15.660+0000] {processor.py:208} INFO - Processing /home/airflow/.local/lib/python3.12/site-packages/airflow/example_dags/example_complex.py took 0.090 seconds
