[2024-10-08T12:44:46.851+0000] {processor.py:186} INFO - Started process (PID=115) to work on /home/airflow/.local/lib/python3.12/site-packages/airflow/example_dags/tutorial_dag.py
[2024-10-08T12:44:46.853+0000] {processor.py:914} INFO - Processing file /home/airflow/.local/lib/python3.12/site-packages/airflow/example_dags/tutorial_dag.py for tasks to queue
[2024-10-08T12:44:46.857+0000] {logging_mixin.py:190} INFO - [2024-10-08T12:44:46.856+0000] {dagbag.py:587} INFO - Filling up the DagBag from /home/airflow/.local/lib/python3.12/site-packages/airflow/example_dags/tutorial_dag.py
[2024-10-08T12:44:46.872+0000] {processor.py:925} INFO - DAG(s) 'tutorial_dag' retrieved from /home/airflow/.local/lib/python3.12/site-packages/airflow/example_dags/tutorial_dag.py
[2024-10-08T12:44:47.027+0000] {logging_mixin.py:190} INFO - [2024-10-08T12:44:47.026+0000] {override.py:1900} INFO - Created Permission View: can read on DAG:tutorial_dag
[2024-10-08T12:44:47.043+0000] {logging_mixin.py:190} INFO - [2024-10-08T12:44:47.042+0000] {override.py:1900} INFO - Created Permission View: can delete on DAG:tutorial_dag
[2024-10-08T12:44:47.053+0000] {logging_mixin.py:190} INFO - [2024-10-08T12:44:47.052+0000] {override.py:1900} INFO - Created Permission View: can edit on DAG:tutorial_dag
[2024-10-08T12:44:47.065+0000] {logging_mixin.py:190} INFO - [2024-10-08T12:44:47.065+0000] {override.py:1900} INFO - Created Permission View: can read on DAG Run:tutorial_dag
[2024-10-08T12:44:47.077+0000] {logging_mixin.py:190} INFO - [2024-10-08T12:44:47.077+0000] {override.py:1900} INFO - Created Permission View: can create on DAG Run:tutorial_dag
[2024-10-08T12:44:47.090+0000] {logging_mixin.py:190} INFO - [2024-10-08T12:44:47.089+0000] {override.py:1900} INFO - Created Permission View: menu access on DAG Run:tutorial_dag
[2024-10-08T12:44:47.102+0000] {logging_mixin.py:190} INFO - [2024-10-08T12:44:47.102+0000] {override.py:1900} INFO - Created Permission View: can delete on DAG Run:tutorial_dag
[2024-10-08T12:44:47.103+0000] {logging_mixin.py:190} INFO - [2024-10-08T12:44:47.103+0000] {dag.py:3229} INFO - Sync 1 DAGs
[2024-10-08T12:44:47.124+0000] {logging_mixin.py:190} INFO - [2024-10-08T12:44:47.123+0000] {dag.py:3252} INFO - Creating ORM DAG for tutorial_dag
[2024-10-08T12:44:47.126+0000] {logging_mixin.py:190} INFO - [2024-10-08T12:44:47.125+0000] {dag.py:4156} INFO - Setting next_dagrun for tutorial_dag to None, run_after=None
[2024-10-08T12:44:47.154+0000] {processor.py:208} INFO - Processing /home/airflow/.local/lib/python3.12/site-packages/airflow/example_dags/tutorial_dag.py took 0.311 seconds
[2024-10-08T12:45:17.379+0000] {processor.py:186} INFO - Started process (PID=176) to work on /home/airflow/.local/lib/python3.12/site-packages/airflow/example_dags/tutorial_dag.py
[2024-10-08T12:45:17.380+0000] {processor.py:914} INFO - Processing file /home/airflow/.local/lib/python3.12/site-packages/airflow/example_dags/tutorial_dag.py for tasks to queue
[2024-10-08T12:45:17.384+0000] {logging_mixin.py:190} INFO - [2024-10-08T12:45:17.383+0000] {dagbag.py:587} INFO - Filling up the DagBag from /home/airflow/.local/lib/python3.12/site-packages/airflow/example_dags/tutorial_dag.py
[2024-10-08T12:45:17.395+0000] {processor.py:925} INFO - DAG(s) 'tutorial_dag' retrieved from /home/airflow/.local/lib/python3.12/site-packages/airflow/example_dags/tutorial_dag.py
[2024-10-08T12:45:17.430+0000] {logging_mixin.py:190} INFO - [2024-10-08T12:45:17.429+0000] {dag.py:3229} INFO - Sync 1 DAGs
[2024-10-08T12:45:17.456+0000] {logging_mixin.py:190} INFO - [2024-10-08T12:45:17.456+0000] {dag.py:4156} INFO - Setting next_dagrun for tutorial_dag to None, run_after=None
[2024-10-08T12:45:17.508+0000] {processor.py:208} INFO - Processing /home/airflow/.local/lib/python3.12/site-packages/airflow/example_dags/tutorial_dag.py took 0.134 seconds
[2024-10-08T12:45:48.028+0000] {processor.py:186} INFO - Started process (PID=238) to work on /home/airflow/.local/lib/python3.12/site-packages/airflow/example_dags/tutorial_dag.py
[2024-10-08T12:45:48.030+0000] {processor.py:914} INFO - Processing file /home/airflow/.local/lib/python3.12/site-packages/airflow/example_dags/tutorial_dag.py for tasks to queue
[2024-10-08T12:45:48.034+0000] {logging_mixin.py:190} INFO - [2024-10-08T12:45:48.034+0000] {dagbag.py:587} INFO - Filling up the DagBag from /home/airflow/.local/lib/python3.12/site-packages/airflow/example_dags/tutorial_dag.py
[2024-10-08T12:45:48.043+0000] {processor.py:925} INFO - DAG(s) 'tutorial_dag' retrieved from /home/airflow/.local/lib/python3.12/site-packages/airflow/example_dags/tutorial_dag.py
[2024-10-08T12:45:48.067+0000] {logging_mixin.py:190} INFO - [2024-10-08T12:45:48.067+0000] {dag.py:3229} INFO - Sync 1 DAGs
[2024-10-08T12:45:48.088+0000] {logging_mixin.py:190} INFO - [2024-10-08T12:45:48.088+0000] {dag.py:4156} INFO - Setting next_dagrun for tutorial_dag to None, run_after=None
[2024-10-08T12:45:48.122+0000] {processor.py:208} INFO - Processing /home/airflow/.local/lib/python3.12/site-packages/airflow/example_dags/tutorial_dag.py took 0.102 seconds
[2024-10-08T12:46:18.627+0000] {processor.py:186} INFO - Started process (PID=300) to work on /home/airflow/.local/lib/python3.12/site-packages/airflow/example_dags/tutorial_dag.py
[2024-10-08T12:46:18.629+0000] {processor.py:914} INFO - Processing file /home/airflow/.local/lib/python3.12/site-packages/airflow/example_dags/tutorial_dag.py for tasks to queue
[2024-10-08T12:46:18.635+0000] {logging_mixin.py:190} INFO - [2024-10-08T12:46:18.634+0000] {dagbag.py:587} INFO - Filling up the DagBag from /home/airflow/.local/lib/python3.12/site-packages/airflow/example_dags/tutorial_dag.py
[2024-10-08T12:46:18.648+0000] {processor.py:925} INFO - DAG(s) 'tutorial_dag' retrieved from /home/airflow/.local/lib/python3.12/site-packages/airflow/example_dags/tutorial_dag.py
[2024-10-08T12:46:18.683+0000] {logging_mixin.py:190} INFO - [2024-10-08T12:46:18.682+0000] {dag.py:3229} INFO - Sync 1 DAGs
[2024-10-08T12:46:18.705+0000] {logging_mixin.py:190} INFO - [2024-10-08T12:46:18.705+0000] {dag.py:4156} INFO - Setting next_dagrun for tutorial_dag to None, run_after=None
[2024-10-08T12:46:18.751+0000] {processor.py:208} INFO - Processing /home/airflow/.local/lib/python3.12/site-packages/airflow/example_dags/tutorial_dag.py took 0.134 seconds
[2024-10-08T12:46:49.256+0000] {processor.py:186} INFO - Started process (PID=362) to work on /home/airflow/.local/lib/python3.12/site-packages/airflow/example_dags/tutorial_dag.py
[2024-10-08T12:46:49.258+0000] {processor.py:914} INFO - Processing file /home/airflow/.local/lib/python3.12/site-packages/airflow/example_dags/tutorial_dag.py for tasks to queue
[2024-10-08T12:46:49.262+0000] {logging_mixin.py:190} INFO - [2024-10-08T12:46:49.261+0000] {dagbag.py:587} INFO - Filling up the DagBag from /home/airflow/.local/lib/python3.12/site-packages/airflow/example_dags/tutorial_dag.py
[2024-10-08T12:46:49.271+0000] {processor.py:925} INFO - DAG(s) 'tutorial_dag' retrieved from /home/airflow/.local/lib/python3.12/site-packages/airflow/example_dags/tutorial_dag.py
[2024-10-08T12:46:49.307+0000] {logging_mixin.py:190} INFO - [2024-10-08T12:46:49.306+0000] {dag.py:3229} INFO - Sync 1 DAGs
[2024-10-08T12:46:49.334+0000] {logging_mixin.py:190} INFO - [2024-10-08T12:46:49.333+0000] {dag.py:4156} INFO - Setting next_dagrun for tutorial_dag to None, run_after=None
[2024-10-08T12:46:49.364+0000] {processor.py:208} INFO - Processing /home/airflow/.local/lib/python3.12/site-packages/airflow/example_dags/tutorial_dag.py took 0.116 seconds
[2024-10-08T12:47:20.272+0000] {processor.py:186} INFO - Started process (PID=424) to work on /home/airflow/.local/lib/python3.12/site-packages/airflow/example_dags/tutorial_dag.py
[2024-10-08T12:47:20.273+0000] {processor.py:914} INFO - Processing file /home/airflow/.local/lib/python3.12/site-packages/airflow/example_dags/tutorial_dag.py for tasks to queue
[2024-10-08T12:47:20.277+0000] {logging_mixin.py:190} INFO - [2024-10-08T12:47:20.276+0000] {dagbag.py:587} INFO - Filling up the DagBag from /home/airflow/.local/lib/python3.12/site-packages/airflow/example_dags/tutorial_dag.py
[2024-10-08T12:47:20.286+0000] {processor.py:925} INFO - DAG(s) 'tutorial_dag' retrieved from /home/airflow/.local/lib/python3.12/site-packages/airflow/example_dags/tutorial_dag.py
[2024-10-08T12:47:20.310+0000] {logging_mixin.py:190} INFO - [2024-10-08T12:47:20.310+0000] {dag.py:3229} INFO - Sync 1 DAGs
[2024-10-08T12:47:20.330+0000] {logging_mixin.py:190} INFO - [2024-10-08T12:47:20.329+0000] {dag.py:4156} INFO - Setting next_dagrun for tutorial_dag to None, run_after=None
[2024-10-08T12:47:20.355+0000] {processor.py:208} INFO - Processing /home/airflow/.local/lib/python3.12/site-packages/airflow/example_dags/tutorial_dag.py took 0.091 seconds
