[2024-10-08T12:44:49.388+0000] {processor.py:186} INFO - Started process (PID=123) to work on /home/airflow/.local/lib/python3.12/site-packages/airflow/example_dags/tutorial.py
[2024-10-08T12:44:49.390+0000] {processor.py:914} INFO - Processing file /home/airflow/.local/lib/python3.12/site-packages/airflow/example_dags/tutorial.py for tasks to queue
[2024-10-08T12:44:49.395+0000] {logging_mixin.py:190} INFO - [2024-10-08T12:44:49.394+0000] {dagbag.py:587} INFO - Filling up the DagBag from /home/airflow/.local/lib/python3.12/site-packages/airflow/example_dags/tutorial.py
[2024-10-08T12:44:49.412+0000] {processor.py:925} INFO - DAG(s) 'tutorial' retrieved from /home/airflow/.local/lib/python3.12/site-packages/airflow/example_dags/tutorial.py
[2024-10-08T12:44:49.599+0000] {logging_mixin.py:190} INFO - [2024-10-08T12:44:49.597+0000] {override.py:1900} INFO - Created Permission View: can read on DAG:tutorial
[2024-10-08T12:44:49.620+0000] {logging_mixin.py:190} INFO - [2024-10-08T12:44:49.619+0000] {override.py:1900} INFO - Created Permission View: can delete on DAG:tutorial
[2024-10-08T12:44:49.634+0000] {logging_mixin.py:190} INFO - [2024-10-08T12:44:49.633+0000] {override.py:1900} INFO - Created Permission View: can edit on DAG:tutorial
[2024-10-08T12:44:49.650+0000] {logging_mixin.py:190} INFO - [2024-10-08T12:44:49.650+0000] {override.py:1900} INFO - Created Permission View: can read on DAG Run:tutorial
[2024-10-08T12:44:49.666+0000] {logging_mixin.py:190} INFO - [2024-10-08T12:44:49.665+0000] {override.py:1900} INFO - Created Permission View: can create on DAG Run:tutorial
[2024-10-08T12:44:49.680+0000] {logging_mixin.py:190} INFO - [2024-10-08T12:44:49.680+0000] {override.py:1900} INFO - Created Permission View: menu access on DAG Run:tutorial
[2024-10-08T12:44:49.694+0000] {logging_mixin.py:190} INFO - [2024-10-08T12:44:49.694+0000] {override.py:1900} INFO - Created Permission View: can delete on DAG Run:tutorial
[2024-10-08T12:44:49.696+0000] {logging_mixin.py:190} INFO - [2024-10-08T12:44:49.695+0000] {dag.py:3229} INFO - Sync 1 DAGs
[2024-10-08T12:44:49.718+0000] {logging_mixin.py:190} INFO - [2024-10-08T12:44:49.718+0000] {dag.py:3252} INFO - Creating ORM DAG for tutorial
[2024-10-08T12:44:49.736+0000] {logging_mixin.py:190} INFO - [2024-10-08T12:44:49.736+0000] {dag.py:4156} INFO - Setting next_dagrun for tutorial to 2024-10-07 00:00:00+00:00, run_after=2024-10-08 00:00:00+00:00
[2024-10-08T12:44:49.767+0000] {processor.py:208} INFO - Processing /home/airflow/.local/lib/python3.12/site-packages/airflow/example_dags/tutorial.py took 0.390 seconds
[2024-10-08T12:45:20.672+0000] {processor.py:186} INFO - Started process (PID=185) to work on /home/airflow/.local/lib/python3.12/site-packages/airflow/example_dags/tutorial.py
[2024-10-08T12:45:20.676+0000] {processor.py:914} INFO - Processing file /home/airflow/.local/lib/python3.12/site-packages/airflow/example_dags/tutorial.py for tasks to queue
[2024-10-08T12:45:20.683+0000] {logging_mixin.py:190} INFO - [2024-10-08T12:45:20.682+0000] {dagbag.py:587} INFO - Filling up the DagBag from /home/airflow/.local/lib/python3.12/site-packages/airflow/example_dags/tutorial.py
[2024-10-08T12:45:20.699+0000] {processor.py:925} INFO - DAG(s) 'tutorial' retrieved from /home/airflow/.local/lib/python3.12/site-packages/airflow/example_dags/tutorial.py
[2024-10-08T12:45:20.731+0000] {logging_mixin.py:190} INFO - [2024-10-08T12:45:20.731+0000] {dag.py:3229} INFO - Sync 1 DAGs
[2024-10-08T12:45:20.763+0000] {logging_mixin.py:190} INFO - [2024-10-08T12:45:20.762+0000] {dag.py:4156} INFO - Setting next_dagrun for tutorial to 2024-10-07 00:00:00+00:00, run_after=2024-10-08 00:00:00+00:00
[2024-10-08T12:45:20.804+0000] {processor.py:208} INFO - Processing /home/airflow/.local/lib/python3.12/site-packages/airflow/example_dags/tutorial.py took 0.146 seconds
[2024-10-08T12:45:51.332+0000] {processor.py:186} INFO - Started process (PID=247) to work on /home/airflow/.local/lib/python3.12/site-packages/airflow/example_dags/tutorial.py
[2024-10-08T12:45:51.335+0000] {processor.py:914} INFO - Processing file /home/airflow/.local/lib/python3.12/site-packages/airflow/example_dags/tutorial.py for tasks to queue
[2024-10-08T12:45:51.339+0000] {logging_mixin.py:190} INFO - [2024-10-08T12:45:51.339+0000] {dagbag.py:587} INFO - Filling up the DagBag from /home/airflow/.local/lib/python3.12/site-packages/airflow/example_dags/tutorial.py
[2024-10-08T12:45:51.348+0000] {processor.py:925} INFO - DAG(s) 'tutorial' retrieved from /home/airflow/.local/lib/python3.12/site-packages/airflow/example_dags/tutorial.py
[2024-10-08T12:45:51.376+0000] {logging_mixin.py:190} INFO - [2024-10-08T12:45:51.375+0000] {dag.py:3229} INFO - Sync 1 DAGs
[2024-10-08T12:45:51.403+0000] {logging_mixin.py:190} INFO - [2024-10-08T12:45:51.403+0000] {dag.py:4156} INFO - Setting next_dagrun for tutorial to 2024-10-07 00:00:00+00:00, run_after=2024-10-08 00:00:00+00:00
[2024-10-08T12:45:51.439+0000] {processor.py:208} INFO - Processing /home/airflow/.local/lib/python3.12/site-packages/airflow/example_dags/tutorial.py took 0.113 seconds
[2024-10-08T12:46:21.956+0000] {processor.py:186} INFO - Started process (PID=309) to work on /home/airflow/.local/lib/python3.12/site-packages/airflow/example_dags/tutorial.py
[2024-10-08T12:46:21.958+0000] {processor.py:914} INFO - Processing file /home/airflow/.local/lib/python3.12/site-packages/airflow/example_dags/tutorial.py for tasks to queue
[2024-10-08T12:46:21.963+0000] {logging_mixin.py:190} INFO - [2024-10-08T12:46:21.962+0000] {dagbag.py:587} INFO - Filling up the DagBag from /home/airflow/.local/lib/python3.12/site-packages/airflow/example_dags/tutorial.py
[2024-10-08T12:46:21.974+0000] {processor.py:925} INFO - DAG(s) 'tutorial' retrieved from /home/airflow/.local/lib/python3.12/site-packages/airflow/example_dags/tutorial.py
[2024-10-08T12:46:22.000+0000] {logging_mixin.py:190} INFO - [2024-10-08T12:46:22.000+0000] {dag.py:3229} INFO - Sync 1 DAGs
[2024-10-08T12:46:22.027+0000] {logging_mixin.py:190} INFO - [2024-10-08T12:46:22.027+0000] {dag.py:4156} INFO - Setting next_dagrun for tutorial to 2024-10-07 00:00:00+00:00, run_after=2024-10-08 00:00:00+00:00
[2024-10-08T12:46:22.061+0000] {processor.py:208} INFO - Processing /home/airflow/.local/lib/python3.12/site-packages/airflow/example_dags/tutorial.py took 0.114 seconds
[2024-10-08T12:46:52.524+0000] {processor.py:186} INFO - Started process (PID=371) to work on /home/airflow/.local/lib/python3.12/site-packages/airflow/example_dags/tutorial.py
[2024-10-08T12:46:52.526+0000] {processor.py:914} INFO - Processing file /home/airflow/.local/lib/python3.12/site-packages/airflow/example_dags/tutorial.py for tasks to queue
[2024-10-08T12:46:52.530+0000] {logging_mixin.py:190} INFO - [2024-10-08T12:46:52.530+0000] {dagbag.py:587} INFO - Filling up the DagBag from /home/airflow/.local/lib/python3.12/site-packages/airflow/example_dags/tutorial.py
[2024-10-08T12:46:52.541+0000] {processor.py:925} INFO - DAG(s) 'tutorial' retrieved from /home/airflow/.local/lib/python3.12/site-packages/airflow/example_dags/tutorial.py
[2024-10-08T12:46:52.569+0000] {logging_mixin.py:190} INFO - [2024-10-08T12:46:52.569+0000] {dag.py:3229} INFO - Sync 1 DAGs
[2024-10-08T12:46:52.597+0000] {logging_mixin.py:190} INFO - [2024-10-08T12:46:52.596+0000] {dag.py:4156} INFO - Setting next_dagrun for tutorial to 2024-10-07 00:00:00+00:00, run_after=2024-10-08 00:00:00+00:00
[2024-10-08T12:46:52.623+0000] {processor.py:208} INFO - Processing /home/airflow/.local/lib/python3.12/site-packages/airflow/example_dags/tutorial.py took 0.107 seconds
[2024-10-08T12:47:22.711+0000] {processor.py:186} INFO - Started process (PID=433) to work on /home/airflow/.local/lib/python3.12/site-packages/airflow/example_dags/tutorial.py
[2024-10-08T12:47:22.713+0000] {processor.py:914} INFO - Processing file /home/airflow/.local/lib/python3.12/site-packages/airflow/example_dags/tutorial.py for tasks to queue
[2024-10-08T12:47:22.718+0000] {logging_mixin.py:190} INFO - [2024-10-08T12:47:22.717+0000] {dagbag.py:587} INFO - Filling up the DagBag from /home/airflow/.local/lib/python3.12/site-packages/airflow/example_dags/tutorial.py
[2024-10-08T12:47:22.731+0000] {processor.py:925} INFO - DAG(s) 'tutorial' retrieved from /home/airflow/.local/lib/python3.12/site-packages/airflow/example_dags/tutorial.py
[2024-10-08T12:47:22.767+0000] {logging_mixin.py:190} INFO - [2024-10-08T12:47:22.766+0000] {dag.py:3229} INFO - Sync 1 DAGs
[2024-10-08T12:47:22.822+0000] {logging_mixin.py:190} INFO - [2024-10-08T12:47:22.821+0000] {dag.py:4156} INFO - Setting next_dagrun for tutorial to 2024-10-07 00:00:00+00:00, run_after=2024-10-08 00:00:00+00:00
[2024-10-08T12:47:22.881+0000] {processor.py:208} INFO - Processing /home/airflow/.local/lib/python3.12/site-packages/airflow/example_dags/tutorial.py took 0.181 seconds
