[2024-10-16T02:22:28.396+0000] {local_task_job_runner.py:123} INFO - ::group::Pre task execution logs
[2024-10-16T02:22:28.458+0000] {taskinstance.py:2612} INFO - Dependencies all met for dep_context=non-requeueable deps ti=<TaskInstance: etl_update_stock_ferrimac.stock_update scheduled__2024-10-15T00:00:00+00:00 [queued]>
[2024-10-16T02:22:28.494+0000] {taskinstance.py:2612} INFO - Dependencies all met for dep_context=requeueable deps ti=<TaskInstance: etl_update_stock_ferrimac.stock_update scheduled__2024-10-15T00:00:00+00:00 [queued]>
[2024-10-16T02:22:28.496+0000] {taskinstance.py:2865} INFO - Starting attempt 1 of 2
[2024-10-16T02:22:28.537+0000] {taskinstance.py:2888} INFO - Executing <Task(PythonOperator): stock_update> on 2024-10-15 00:00:00+00:00
[2024-10-16T02:22:28.554+0000] {warnings.py:112} WARNING - /home/***/.local/lib/python3.12/site-packages/***/task/task_runner/standard_task_runner.py:70: DeprecationWarning: This process (pid=106) is multi-threaded, use of fork() may lead to deadlocks in the child.
  pid = os.fork()

[2024-10-16T02:22:28.558+0000] {standard_task_runner.py:72} INFO - Started process 117 to run task
[2024-10-16T02:22:28.559+0000] {standard_task_runner.py:104} INFO - Running: ['***', 'tasks', 'run', 'etl_update_stock_ferrimac', 'stock_update', 'scheduled__2024-10-15T00:00:00+00:00', '--job-id', '54', '--raw', '--subdir', 'DAGS_FOLDER/object_dag.py', '--cfg-path', '/tmp/tmps1htia_a']
[2024-10-16T02:22:28.566+0000] {standard_task_runner.py:105} INFO - Job 54: Subtask stock_update
[2024-10-16T02:22:28.710+0000] {task_command.py:467} INFO - Running <TaskInstance: etl_update_stock_ferrimac.stock_update scheduled__2024-10-15T00:00:00+00:00 [running]> on host 2296928c39b5
[2024-10-16T02:22:29.430+0000] {taskinstance.py:3131} INFO - Exporting env vars: AIRFLOW_CTX_DAG_OWNER='***' AIRFLOW_CTX_DAG_ID='etl_update_stock_ferrimac' AIRFLOW_CTX_TASK_ID='stock_update' AIRFLOW_CTX_EXECUTION_DATE='2024-10-15T00:00:00+00:00' AIRFLOW_CTX_TRY_NUMBER='1' AIRFLOW_CTX_DAG_RUN_ID='scheduled__2024-10-15T00:00:00+00:00'
[2024-10-16T02:22:29.433+0000] {taskinstance.py:731} INFO - ::endgroup::
[2024-10-16T02:22:29.479+0000] {logging_mixin.py:190} INFO - One or more files do not exist. Please check the names and paths.
[2024-10-16T02:22:29.480+0000] {python.py:240} INFO - Done. Returned value was: None
[2024-10-16T02:22:29.508+0000] {taskinstance.py:340} INFO - ::group::Post task execution logs
[2024-10-16T02:22:29.510+0000] {taskinstance.py:352} INFO - Marking task as SUCCESS. dag_id=etl_update_stock_ferrimac, task_id=stock_update, run_id=scheduled__2024-10-15T00:00:00+00:00, execution_date=20241015T000000, start_date=20241016T022228, end_date=20241016T022229
[2024-10-16T02:22:29.585+0000] {local_task_job_runner.py:266} INFO - Task exited with return code 0
[2024-10-16T02:22:30.255+0000] {taskinstance.py:3900} INFO - 1 downstream tasks scheduled from follow-on schedule check
[2024-10-16T02:22:30.260+0000] {local_task_job_runner.py:245} INFO - ::endgroup::
[2024-10-16T03:38:09.242+0000] {local_task_job_runner.py:123} INFO - ::group::Pre task execution logs
[2024-10-16T03:38:09.417+0000] {taskinstance.py:2612} INFO - Dependencies all met for dep_context=non-requeueable deps ti=<TaskInstance: etl_update_stock_ferrimac.stock_update scheduled__2024-10-15T00:00:00+00:00 [queued]>
[2024-10-16T03:38:09.475+0000] {taskinstance.py:2612} INFO - Dependencies all met for dep_context=requeueable deps ti=<TaskInstance: etl_update_stock_ferrimac.stock_update scheduled__2024-10-15T00:00:00+00:00 [queued]>
[2024-10-16T03:38:09.476+0000] {taskinstance.py:2865} INFO - Starting attempt 1 of 2
[2024-10-16T03:38:09.542+0000] {taskinstance.py:2888} INFO - Executing <Task(PythonOperator): stock_update> on 2024-10-15 00:00:00+00:00
[2024-10-16T03:38:09.570+0000] {warnings.py:112} WARNING - /home/***/.local/lib/python3.12/site-packages/***/task/task_runner/standard_task_runner.py:70: DeprecationWarning: This process (pid=155) is multi-threaded, use of fork() may lead to deadlocks in the child.
  pid = os.fork()

[2024-10-16T03:38:09.578+0000] {standard_task_runner.py:72} INFO - Started process 158 to run task
[2024-10-16T03:38:09.574+0000] {standard_task_runner.py:104} INFO - Running: ['***', 'tasks', 'run', 'etl_update_stock_ferrimac', 'stock_update', 'scheduled__2024-10-15T00:00:00+00:00', '--job-id', '9', '--raw', '--subdir', 'DAGS_FOLDER/object_dag.py', '--cfg-path', '/tmp/tmprxbrvmid']
[2024-10-16T03:38:09.586+0000] {standard_task_runner.py:105} INFO - Job 9: Subtask stock_update
[2024-10-16T03:38:09.761+0000] {task_command.py:467} INFO - Running <TaskInstance: etl_update_stock_ferrimac.stock_update scheduled__2024-10-15T00:00:00+00:00 [running]> on host 1632cd2c9696
[2024-10-16T03:38:10.667+0000] {taskinstance.py:3131} INFO - Exporting env vars: AIRFLOW_CTX_DAG_OWNER='***' AIRFLOW_CTX_DAG_ID='etl_update_stock_ferrimac' AIRFLOW_CTX_TASK_ID='stock_update' AIRFLOW_CTX_EXECUTION_DATE='2024-10-15T00:00:00+00:00' AIRFLOW_CTX_TRY_NUMBER='1' AIRFLOW_CTX_DAG_RUN_ID='scheduled__2024-10-15T00:00:00+00:00'
[2024-10-16T03:38:10.670+0000] {taskinstance.py:731} INFO - ::endgroup::
[2024-10-16T03:38:10.719+0000] {logging_mixin.py:190} INFO - One or more files do not exist. Please check the names and paths.
[2024-10-16T03:38:10.722+0000] {python.py:240} INFO - Done. Returned value was: None
[2024-10-16T03:38:10.746+0000] {taskinstance.py:340} INFO - ::group::Post task execution logs
[2024-10-16T03:38:10.747+0000] {taskinstance.py:352} INFO - Marking task as SUCCESS. dag_id=etl_update_stock_ferrimac, task_id=stock_update, run_id=scheduled__2024-10-15T00:00:00+00:00, execution_date=20241015T000000, start_date=20241016T033809, end_date=20241016T033810
[2024-10-16T03:38:10.807+0000] {local_task_job_runner.py:266} INFO - Task exited with return code 0
[2024-10-16T03:38:10.874+0000] {taskinstance.py:3900} INFO - 1 downstream tasks scheduled from follow-on schedule check
[2024-10-16T03:38:10.879+0000] {local_task_job_runner.py:245} INFO - ::endgroup::
