[2024-10-14T23:55:29.557+0000] {local_task_job_runner.py:123} INFO - ::group::Pre task execution logs
[2024-10-14T23:55:29.588+0000] {taskinstance.py:2612} INFO - Dependencies all met for dep_context=non-requeueable deps ti=<TaskInstance: etl_update_stock_ferrimac.extract_data_purchases_directory manual__2024-10-14T23:55:25.379907+00:00 [queued]>
[2024-10-14T23:55:29.602+0000] {taskinstance.py:2612} INFO - Dependencies all met for dep_context=requeueable deps ti=<TaskInstance: etl_update_stock_ferrimac.extract_data_purchases_directory manual__2024-10-14T23:55:25.379907+00:00 [queued]>
[2024-10-14T23:55:29.603+0000] {taskinstance.py:2865} INFO - Starting attempt 1 of 2
[2024-10-14T23:55:29.622+0000] {taskinstance.py:2888} INFO - Executing <Task(PythonOperator): extract_data_purchases_directory> on 2024-10-14 23:55:25.379907+00:00
[2024-10-14T23:55:29.636+0000] {warnings.py:112} WARNING - /home/***/.local/lib/python3.12/site-packages/***/task/task_runner/standard_task_runner.py:70: DeprecationWarning: This process (pid=122) is multi-threaded, use of fork() may lead to deadlocks in the child.
  pid = os.fork()

[2024-10-14T23:55:29.638+0000] {standard_task_runner.py:72} INFO - Started process 133 to run task
[2024-10-14T23:55:29.641+0000] {standard_task_runner.py:104} INFO - Running: ['***', 'tasks', 'run', 'etl_update_stock_ferrimac', 'extract_data_purchases_directory', 'manual__2024-10-14T23:55:25.379907+00:00', '--job-id', '4', '--raw', '--subdir', 'DAGS_FOLDER/object_dag.py', '--cfg-path', '/tmp/tmp8co3atjt']
[2024-10-14T23:55:29.649+0000] {standard_task_runner.py:105} INFO - Job 4: Subtask extract_data_purchases_directory
[2024-10-14T23:55:29.738+0000] {task_command.py:467} INFO - Running <TaskInstance: etl_update_stock_ferrimac.extract_data_purchases_directory manual__2024-10-14T23:55:25.379907+00:00 [running]> on host 038337c3b9ed
[2024-10-14T23:55:30.536+0000] {taskinstance.py:3131} INFO - Exporting env vars: AIRFLOW_CTX_DAG_OWNER='***' AIRFLOW_CTX_DAG_ID='etl_update_stock_ferrimac' AIRFLOW_CTX_TASK_ID='extract_data_purchases_directory' AIRFLOW_CTX_EXECUTION_DATE='2024-10-14T23:55:25.379907+00:00' AIRFLOW_CTX_TRY_NUMBER='1' AIRFLOW_CTX_DAG_RUN_ID='manual__2024-10-14T23:55:25.379907+00:00'
[2024-10-14T23:55:30.538+0000] {taskinstance.py:731} INFO - ::endgroup::
[2024-10-14T23:55:30.568+0000] {logging_mixin.py:190} INFO - Directory  base_datos/compras not found.
[2024-10-14T23:55:30.568+0000] {python.py:240} INFO - Done. Returned value was: None
[2024-10-14T23:55:30.584+0000] {taskinstance.py:340} INFO - ::group::Post task execution logs
[2024-10-14T23:55:30.585+0000] {taskinstance.py:352} INFO - Marking task as SUCCESS. dag_id=etl_update_stock_ferrimac, task_id=extract_data_purchases_directory, run_id=manual__2024-10-14T23:55:25.379907+00:00, execution_date=20241014T235525, start_date=20241014T235529, end_date=20241014T235530
[2024-10-14T23:55:30.673+0000] {local_task_job_runner.py:266} INFO - Task exited with return code 0
[2024-10-14T23:55:30.706+0000] {taskinstance.py:3900} INFO - 0 downstream tasks scheduled from follow-on schedule check
[2024-10-14T23:55:30.708+0000] {local_task_job_runner.py:245} INFO - ::endgroup::
