[2024-10-30T13:51:10.602+0000] {local_task_job_runner.py:123} INFO - ::group::Pre task execution logs
[2024-10-30T13:51:10.671+0000] {taskinstance.py:2612} INFO - Dependencies all met for dep_context=non-requeueable deps ti=<TaskInstance: etl_update_stock_ferrimac.load_data_into_Redshif manual__2024-10-30T13:50:15.836055+00:00 [queued]>
[2024-10-30T13:51:10.730+0000] {taskinstance.py:2612} INFO - Dependencies all met for dep_context=requeueable deps ti=<TaskInstance: etl_update_stock_ferrimac.load_data_into_Redshif manual__2024-10-30T13:50:15.836055+00:00 [queued]>
[2024-10-30T13:51:10.732+0000] {taskinstance.py:2865} INFO - Starting attempt 1 of 2
[2024-10-30T13:51:10.806+0000] {taskinstance.py:2888} INFO - Executing <Task(PythonOperator): load_data_into_Redshif> on 2024-10-30 13:50:15.836055+00:00
[2024-10-30T13:51:10.841+0000] {warnings.py:112} WARNING - /home/***/.local/lib/python3.12/site-packages/***/task/task_runner/standard_task_runner.py:70: DeprecationWarning: This process (pid=905) is multi-threaded, use of fork() may lead to deadlocks in the child.
  pid = os.fork()

[2024-10-30T13:51:10.872+0000] {standard_task_runner.py:72} INFO - Started process 907 to run task
[2024-10-30T13:51:10.858+0000] {standard_task_runner.py:104} INFO - Running: ['***', 'tasks', 'run', 'etl_update_stock_ferrimac', 'load_data_into_Redshif', 'manual__2024-10-30T13:50:15.836055+00:00', '--job-id', '35', '--raw', '--subdir', 'DAGS_FOLDER/object_dag.py', '--cfg-path', '/tmp/tmpp2cen7ha']
[2024-10-30T13:51:10.876+0000] {standard_task_runner.py:105} INFO - Job 35: Subtask load_data_into_Redshif
[2024-10-30T13:51:11.061+0000] {task_command.py:467} INFO - Running <TaskInstance: etl_update_stock_ferrimac.load_data_into_Redshif manual__2024-10-30T13:50:15.836055+00:00 [running]> on host 1e26175021c2
[2024-10-30T13:51:12.095+0000] {taskinstance.py:3131} INFO - Exporting env vars: AIRFLOW_CTX_DAG_OWNER='***' AIRFLOW_CTX_DAG_ID='etl_update_stock_ferrimac' AIRFLOW_CTX_TASK_ID='load_data_into_Redshif' AIRFLOW_CTX_EXECUTION_DATE='2024-10-30T13:50:15.836055+00:00' AIRFLOW_CTX_TRY_NUMBER='1' AIRFLOW_CTX_DAG_RUN_ID='manual__2024-10-30T13:50:15.836055+00:00'
[2024-10-30T13:51:12.098+0000] {taskinstance.py:731} INFO - ::endgroup::
[2024-10-30T13:51:14.741+0000] {load_data.py:116} INFO - Connection to Redshift successful.
[2024-10-30T13:51:15.105+0000] {load_data.py:119} INFO - Update from Redshift: 2024-10-30
[2024-10-30T13:51:17.045+0000] {warnings.py:112} WARNING - /home/***/.local/lib/python3.12/site-packages/pandas/io/parquet.py:189: UserWarning: The DataFrame has column names of mixed type. They will be converted to strings and not roundtrip correctly.
  table = self.api.Table.from_pandas(df, **from_pandas_kwargs)

[2024-10-30T13:51:17.247+0000] {load_data.py:60} INFO - Excel file read and converted to Parquet
[2024-10-30T13:58:06.002+0000] {load_data.py:134} INFO - File 'monetized_stock.xlsx' successfully loaded into Redshift table 'stock_monetized'.
[2024-10-30T13:58:06.007+0000] {python.py:240} INFO - Done. Returned value was: None
[2024-10-30T13:58:06.058+0000] {taskinstance.py:340} INFO - ::group::Post task execution logs
[2024-10-30T13:58:06.061+0000] {taskinstance.py:352} INFO - Marking task as SUCCESS. dag_id=etl_update_stock_ferrimac, task_id=load_data_into_Redshif, run_id=manual__2024-10-30T13:50:15.836055+00:00, execution_date=20241030T135015, start_date=20241030T135110, end_date=20241030T135806
[2024-10-30T13:58:06.194+0000] {local_task_job_runner.py:266} INFO - Task exited with return code 0
[2024-10-30T13:58:06.269+0000] {taskinstance.py:3900} INFO - 0 downstream tasks scheduled from follow-on schedule check
[2024-10-30T13:58:06.286+0000] {local_task_job_runner.py:245} INFO - ::endgroup::
