[2024-10-15T15:43:03.652+0000] {local_task_job_runner.py:123} INFO - ::group::Pre task execution logs
[2024-10-15T15:43:03.686+0000] {taskinstance.py:2612} INFO - Dependencies all met for dep_context=non-requeueable deps ti=<TaskInstance: etl_update_stock_ferrimac.stock_update manual__2024-10-15T15:42:55.332043+00:00 [queued]>
[2024-10-15T15:43:03.705+0000] {taskinstance.py:2612} INFO - Dependencies all met for dep_context=requeueable deps ti=<TaskInstance: etl_update_stock_ferrimac.stock_update manual__2024-10-15T15:42:55.332043+00:00 [queued]>
[2024-10-15T15:43:03.706+0000] {taskinstance.py:2865} INFO - Starting attempt 1 of 2
[2024-10-15T15:43:03.733+0000] {taskinstance.py:2888} INFO - Executing <Task(PythonOperator): stock_update> on 2024-10-15 15:42:55.332043+00:00
[2024-10-15T15:43:03.744+0000] {warnings.py:112} WARNING - /home/***/.local/lib/python3.12/site-packages/***/task/task_runner/standard_task_runner.py:70: DeprecationWarning: This process (pid=80) is multi-threaded, use of fork() may lead to deadlocks in the child.
  pid = os.fork()

[2024-10-15T15:43:03.748+0000] {standard_task_runner.py:72} INFO - Started process 82 to run task
[2024-10-15T15:43:03.748+0000] {standard_task_runner.py:104} INFO - Running: ['***', 'tasks', 'run', 'etl_update_stock_ferrimac', 'stock_update', 'manual__2024-10-15T15:42:55.332043+00:00', '--job-id', '28', '--raw', '--subdir', 'DAGS_FOLDER/object_dag.py', '--cfg-path', '/tmp/tmpyflhslyy']
[2024-10-15T15:43:03.752+0000] {standard_task_runner.py:105} INFO - Job 28: Subtask stock_update
[2024-10-15T15:43:03.838+0000] {task_command.py:467} INFO - Running <TaskInstance: etl_update_stock_ferrimac.stock_update manual__2024-10-15T15:42:55.332043+00:00 [running]> on host 2296928c39b5
[2024-10-15T15:43:04.254+0000] {taskinstance.py:3131} INFO - Exporting env vars: AIRFLOW_CTX_DAG_OWNER='***' AIRFLOW_CTX_DAG_ID='etl_update_stock_ferrimac' AIRFLOW_CTX_TASK_ID='stock_update' AIRFLOW_CTX_EXECUTION_DATE='2024-10-15T15:42:55.332043+00:00' AIRFLOW_CTX_TRY_NUMBER='1' AIRFLOW_CTX_DAG_RUN_ID='manual__2024-10-15T15:42:55.332043+00:00'
[2024-10-15T15:43:04.256+0000] {taskinstance.py:731} INFO - ::endgroup::
[2024-10-15T15:43:04.279+0000] {logging_mixin.py:190} INFO - One or more files do not exist. Please check the names and paths.
[2024-10-15T15:43:04.281+0000] {python.py:240} INFO - Done. Returned value was: None
[2024-10-15T15:43:04.299+0000] {taskinstance.py:340} INFO - ::group::Post task execution logs
[2024-10-15T15:43:04.301+0000] {taskinstance.py:352} INFO - Marking task as SUCCESS. dag_id=etl_update_stock_ferrimac, task_id=stock_update, run_id=manual__2024-10-15T15:42:55.332043+00:00, execution_date=20241015T154255, start_date=20241015T154303, end_date=20241015T154304
[2024-10-15T15:43:04.368+0000] {local_task_job_runner.py:266} INFO - Task exited with return code 0
[2024-10-15T15:43:04.413+0000] {taskinstance.py:3900} INFO - 0 downstream tasks scheduled from follow-on schedule check
[2024-10-15T15:43:04.416+0000] {local_task_job_runner.py:245} INFO - ::endgroup::
