[2024-10-15T15:43:05.951+0000] {local_task_job_runner.py:123} INFO - ::group::Pre task execution logs
[2024-10-15T15:43:05.991+0000] {taskinstance.py:2612} INFO - Dependencies all met for dep_context=non-requeueable deps ti=<TaskInstance: etl_update_stock_ferrimac.monetized_stock manual__2024-10-15T15:42:55.332043+00:00 [queued]>
[2024-10-15T15:43:06.019+0000] {taskinstance.py:2612} INFO - Dependencies all met for dep_context=requeueable deps ti=<TaskInstance: etl_update_stock_ferrimac.monetized_stock manual__2024-10-15T15:42:55.332043+00:00 [queued]>
[2024-10-15T15:43:06.020+0000] {taskinstance.py:2865} INFO - Starting attempt 1 of 2
[2024-10-15T15:43:06.120+0000] {taskinstance.py:2888} INFO - Executing <Task(PythonOperator): monetized_stock> on 2024-10-15 15:42:55.332043+00:00
[2024-10-15T15:43:06.132+0000] {warnings.py:112} WARNING - /home/***/.local/lib/python3.12/site-packages/***/task/task_runner/standard_task_runner.py:70: DeprecationWarning: This process (pid=84) is multi-threaded, use of fork() may lead to deadlocks in the child.
  pid = os.fork()

[2024-10-15T15:43:06.135+0000] {standard_task_runner.py:72} INFO - Started process 86 to run task
[2024-10-15T15:43:06.136+0000] {standard_task_runner.py:104} INFO - Running: ['***', 'tasks', 'run', 'etl_update_stock_ferrimac', 'monetized_stock', 'manual__2024-10-15T15:42:55.332043+00:00', '--job-id', '29', '--raw', '--subdir', 'DAGS_FOLDER/object_dag.py', '--cfg-path', '/tmp/tmpfwbgemom']
[2024-10-15T15:43:06.140+0000] {standard_task_runner.py:105} INFO - Job 29: Subtask monetized_stock
[2024-10-15T15:43:06.220+0000] {task_command.py:467} INFO - Running <TaskInstance: etl_update_stock_ferrimac.monetized_stock manual__2024-10-15T15:42:55.332043+00:00 [running]> on host 2296928c39b5
[2024-10-15T15:43:06.614+0000] {taskinstance.py:3131} INFO - Exporting env vars: AIRFLOW_CTX_DAG_OWNER='***' AIRFLOW_CTX_DAG_ID='etl_update_stock_ferrimac' AIRFLOW_CTX_TASK_ID='monetized_stock' AIRFLOW_CTX_EXECUTION_DATE='2024-10-15T15:42:55.332043+00:00' AIRFLOW_CTX_TRY_NUMBER='1' AIRFLOW_CTX_DAG_RUN_ID='manual__2024-10-15T15:42:55.332043+00:00'
[2024-10-15T15:43:06.616+0000] {taskinstance.py:731} INFO - ::endgroup::
[2024-10-15T15:43:06.637+0000] {logging_mixin.py:190} INFO - One or more files do not exist. Check the names and paths.
[2024-10-15T15:43:06.638+0000] {python.py:240} INFO - Done. Returned value was: None
[2024-10-15T15:43:06.653+0000] {taskinstance.py:340} INFO - ::group::Post task execution logs
[2024-10-15T15:43:06.655+0000] {taskinstance.py:352} INFO - Marking task as SUCCESS. dag_id=etl_update_stock_ferrimac, task_id=monetized_stock, run_id=manual__2024-10-15T15:42:55.332043+00:00, execution_date=20241015T154255, start_date=20241015T154305, end_date=20241015T154306
[2024-10-15T15:43:06.714+0000] {local_task_job_runner.py:266} INFO - Task exited with return code 0
[2024-10-15T15:43:06.750+0000] {taskinstance.py:3900} INFO - 1 downstream tasks scheduled from follow-on schedule check
[2024-10-15T15:43:06.773+0000] {local_task_job_runner.py:245} INFO - ::endgroup::
