[2024-10-30T16:48:49.582+0000] {local_task_job_runner.py:123} INFO - ::group::Pre task execution logs
[2024-10-30T16:48:49.619+0000] {taskinstance.py:2612} INFO - Dependencies all met for dep_context=non-requeueable deps ti=<TaskInstance: etl_update_stock_ferrimac.extract_task_api scheduled__2024-10-28T22:00:00+00:00 [queued]>
[2024-10-30T16:48:49.636+0000] {taskinstance.py:2612} INFO - Dependencies all met for dep_context=requeueable deps ti=<TaskInstance: etl_update_stock_ferrimac.extract_task_api scheduled__2024-10-28T22:00:00+00:00 [queued]>
[2024-10-30T16:48:49.637+0000] {taskinstance.py:2865} INFO - Starting attempt 2 of 2
[2024-10-30T16:48:49.665+0000] {taskinstance.py:2888} INFO - Executing <Task(PythonOperator): extract_task_api> on 2024-10-28 22:00:00+00:00
[2024-10-30T16:48:49.681+0000] {warnings.py:112} WARNING - /home/***/.local/lib/python3.12/site-packages/***/task/task_runner/standard_task_runner.py:70: DeprecationWarning: This process (pid=180) is multi-threaded, use of fork() may lead to deadlocks in the child.
  pid = os.fork()

[2024-10-30T16:48:49.684+0000] {standard_task_runner.py:72} INFO - Started process 184 to run task
[2024-10-30T16:48:49.684+0000] {standard_task_runner.py:104} INFO - Running: ['***', 'tasks', 'run', 'etl_update_stock_ferrimac', 'extract_task_api', 'scheduled__2024-10-28T22:00:00+00:00', '--job-id', '10', '--raw', '--subdir', 'DAGS_FOLDER/object_dag.py', '--cfg-path', '/tmp/tmpyo7mjxch']
[2024-10-30T16:48:49.690+0000] {standard_task_runner.py:105} INFO - Job 10: Subtask extract_task_api
[2024-10-30T16:48:49.784+0000] {task_command.py:467} INFO - Running <TaskInstance: etl_update_stock_ferrimac.extract_task_api scheduled__2024-10-28T22:00:00+00:00 [running]> on host b789ae629a43
[2024-10-30T16:48:50.458+0000] {taskinstance.py:3131} INFO - Exporting env vars: AIRFLOW_CTX_DAG_OWNER='***' AIRFLOW_CTX_DAG_ID='etl_update_stock_ferrimac' AIRFLOW_CTX_TASK_ID='extract_task_api' AIRFLOW_CTX_EXECUTION_DATE='2024-10-28T22:00:00+00:00' AIRFLOW_CTX_TRY_NUMBER='2' AIRFLOW_CTX_DAG_RUN_ID='scheduled__2024-10-28T22:00:00+00:00'
[2024-10-30T16:48:50.460+0000] {taskinstance.py:731} INFO - ::endgroup::
[2024-10-30T16:49:39.328+0000] {obtain_currency.py:42} INFO - Current dollar rate: 988.504298 ARS
[2024-10-30T16:49:39.329+0000] {obtain_currency.py:47} INFO - Current dollar rate: 988.504298 ARS on 2024-10-30
[2024-10-30T16:49:39.332+0000] {obtain_currency.py:76} INFO - Obtained record: {'date': '2024-10-30', 'price': 988.504298}
[2024-10-30T16:49:39.359+0000] {obtain_currency.py:93} WARNING - Record for 2024-10-30 already exists. No new entry added.
[2024-10-30T16:49:39.360+0000] {python.py:240} INFO - Done. Returned value was:          date       price
0  2024-10-30  988.504298
[2024-10-30T16:49:39.572+0000] {taskinstance.py:340} INFO - ::group::Post task execution logs
[2024-10-30T16:49:39.574+0000] {taskinstance.py:352} INFO - Marking task as SUCCESS. dag_id=etl_update_stock_ferrimac, task_id=extract_task_api, run_id=scheduled__2024-10-28T22:00:00+00:00, execution_date=20241028T220000, start_date=20241030T164849, end_date=20241030T164939
[2024-10-30T16:49:39.652+0000] {local_task_job_runner.py:266} INFO - Task exited with return code 0
[2024-10-30T16:49:39.699+0000] {taskinstance.py:3900} INFO - 1 downstream tasks scheduled from follow-on schedule check
[2024-10-30T16:49:39.712+0000] {local_task_job_runner.py:245} INFO - ::endgroup::
