[2024-10-29T22:38:07.710+0000] {local_task_job_runner.py:123} INFO - ::group::Pre task execution logs
[2024-10-29T22:38:07.914+0000] {taskinstance.py:2612} INFO - Dependencies all met for dep_context=non-requeueable deps ti=<TaskInstance: etl_update_stock_ferrimac.extract_task_api scheduled__2024-10-28T22:00:00+00:00 [queued]>
[2024-10-29T22:38:07.965+0000] {taskinstance.py:2612} INFO - Dependencies all met for dep_context=requeueable deps ti=<TaskInstance: etl_update_stock_ferrimac.extract_task_api scheduled__2024-10-28T22:00:00+00:00 [queued]>
[2024-10-29T22:38:07.967+0000] {taskinstance.py:2865} INFO - Starting attempt 1 of 2
[2024-10-29T22:38:08.050+0000] {taskinstance.py:2888} INFO - Executing <Task(PythonOperator): extract_task_api> on 2024-10-28 22:00:00+00:00
[2024-10-29T22:38:08.182+0000] {warnings.py:112} WARNING - /home/***/.local/lib/python3.12/site-packages/***/task/task_runner/standard_task_runner.py:70: DeprecationWarning: This process (pid=102) is multi-threaded, use of fork() may lead to deadlocks in the child.
  pid = os.fork()

[2024-10-29T22:38:08.251+0000] {standard_task_runner.py:72} INFO - Started process 110 to run task
[2024-10-29T22:38:08.252+0000] {standard_task_runner.py:104} INFO - Running: ['***', 'tasks', 'run', 'etl_update_stock_ferrimac', 'extract_task_api', 'scheduled__2024-10-28T22:00:00+00:00', '--job-id', '4', '--raw', '--subdir', 'DAGS_FOLDER/object_dag.py', '--cfg-path', '/tmp/tmp1j2vhmbt']
[2024-10-29T22:38:08.475+0000] {standard_task_runner.py:105} INFO - Job 4: Subtask extract_task_api
[2024-10-29T22:38:10.775+0000] {task_command.py:467} INFO - Running <TaskInstance: etl_update_stock_ferrimac.extract_task_api scheduled__2024-10-28T22:00:00+00:00 [running]> on host 94e12afb2788
[2024-10-29T22:38:22.299+0000] {taskinstance.py:3131} INFO - Exporting env vars: AIRFLOW_CTX_DAG_OWNER='***' AIRFLOW_CTX_DAG_ID='etl_update_stock_ferrimac' AIRFLOW_CTX_TASK_ID='extract_task_api' AIRFLOW_CTX_EXECUTION_DATE='2024-10-28T22:00:00+00:00' AIRFLOW_CTX_TRY_NUMBER='1' AIRFLOW_CTX_DAG_RUN_ID='scheduled__2024-10-28T22:00:00+00:00'
[2024-10-29T22:38:22.307+0000] {taskinstance.py:731} INFO - ::endgroup::
[2024-10-29T22:38:23.560+0000] {obtain_currency.py:42} INFO - Current dollar rate: 987.763699 ARS
[2024-10-29T22:38:23.568+0000] {obtain_currency.py:47} INFO - Current dollar rate: 987.763699 ARS on 2024-10-29
[2024-10-29T22:38:23.578+0000] {obtain_currency.py:76} INFO - Obtained record: {'date': '2024-10-29', 'price': 987.763699}
[2024-10-29T22:38:23.658+0000] {obtain_currency.py:93} WARNING - Record for 2024-10-29 already exists. No new entry added.
[2024-10-29T22:38:23.663+0000] {python.py:240} INFO - Done. Returned value was:           date       price
0   2024-09-09  957.763020
1   2024-09-10  957.430504
2   2024-09-11  957.741278
3   2024-09-12  959.995667
4   2024-09-13  958.043112
5   2024-09-14  959.250402
6   2024-09-15  959.249945
7   2024-09-16  960.448297
8   2024-09-17  961.241401
9   2024-09-18  962.250058
10  2024-09-19  962.754297
11  2024-09-20  961.531104
12  2024-09-21  961.359012
13  2024-09-22  962.642198
14  2024-09-23  965.232700
15  2024-09-24  965.262902
16  2024-09-25  968.500099
17  2024-09-26  967.232698
18  2024-09-27  965.466231
19  2024-09-28  965.466231
20  2024-09-29  965.617504
21  2024-09-30  968.767443
22  2024-10-01  969.592296
23  2024-10-02  970.245698
24  2024-10-03  971.736897
25  2024-10-04  975.742773
26  2024-10-05  975.742773
27  2024-10-06  976.734404
28  2024-10-07  974.829898
29  2024-10-08  974.254402
30  2024-10-09  974.741097
31  2024-10-10  974.741098
32  2024-10-11  973.490388
33  2024-10-12  973.490389
34  2024-10-13  973.490390
35  2024-10-14  973.490391
36  2024-10-15  973.490391
37  2024-10-16  980.718400
38  2024-10-17  980.227502
39  2024-10-18  979.924976
40  2024-10-19  979.924976
41  2024-10-20  979.924977
42  2024-10-21  979.924977
43  2024-10-22  979.924978
44  2024-10-23  979.924980
45  2024-10-24  979.924981
46  2024-10-25  987.741168
47  2024-10-26  987.741168
48  2024-10-26  987.741168
49  2024-10-27  987.741168
50  2024-10-28  987.741169
51  2024-10-29  987.759198
[2024-10-29T22:38:24.042+0000] {taskinstance.py:340} INFO - ::group::Post task execution logs
[2024-10-29T22:38:24.045+0000] {taskinstance.py:352} INFO - Marking task as SUCCESS. dag_id=etl_update_stock_ferrimac, task_id=extract_task_api, run_id=scheduled__2024-10-28T22:00:00+00:00, execution_date=20241028T220000, start_date=20241029T223807, end_date=20241029T223824
[2024-10-29T22:38:24.274+0000] {local_task_job_runner.py:266} INFO - Task exited with return code 0
[2024-10-29T22:38:24.421+0000] {taskinstance.py:3900} INFO - 1 downstream tasks scheduled from follow-on schedule check
[2024-10-29T22:38:24.428+0000] {local_task_job_runner.py:245} INFO - ::endgroup::
[2024-10-30T04:02:52.305+0000] {local_task_job_runner.py:123} INFO - ::group::Pre task execution logs
[2024-10-30T04:02:52.331+0000] {taskinstance.py:2612} INFO - Dependencies all met for dep_context=non-requeueable deps ti=<TaskInstance: etl_update_stock_ferrimac.extract_task_api scheduled__2024-10-28T22:00:00+00:00 [queued]>
[2024-10-30T04:02:52.344+0000] {taskinstance.py:2612} INFO - Dependencies all met for dep_context=requeueable deps ti=<TaskInstance: etl_update_stock_ferrimac.extract_task_api scheduled__2024-10-28T22:00:00+00:00 [queued]>
[2024-10-30T04:02:52.345+0000] {taskinstance.py:2865} INFO - Starting attempt 1 of 2
[2024-10-30T04:02:52.366+0000] {taskinstance.py:2888} INFO - Executing <Task(PythonOperator): extract_task_api> on 2024-10-28 22:00:00+00:00
[2024-10-30T04:02:52.377+0000] {warnings.py:112} WARNING - /home/***/.local/lib/python3.12/site-packages/***/task/task_runner/standard_task_runner.py:70: DeprecationWarning: This process (pid=152) is multi-threaded, use of fork() may lead to deadlocks in the child.
  pid = os.fork()

[2024-10-30T04:02:52.381+0000] {standard_task_runner.py:72} INFO - Started process 163 to run task
[2024-10-30T04:02:52.379+0000] {standard_task_runner.py:104} INFO - Running: ['***', 'tasks', 'run', 'etl_update_stock_ferrimac', 'extract_task_api', 'scheduled__2024-10-28T22:00:00+00:00', '--job-id', '4', '--raw', '--subdir', 'DAGS_FOLDER/object_dag.py', '--cfg-path', '/tmp/tmpwcm9ocwg']
[2024-10-30T04:02:52.383+0000] {standard_task_runner.py:105} INFO - Job 4: Subtask extract_task_api
[2024-10-30T04:02:52.473+0000] {task_command.py:467} INFO - Running <TaskInstance: etl_update_stock_ferrimac.extract_task_api scheduled__2024-10-28T22:00:00+00:00 [running]> on host 7dff020afbaf
[2024-10-30T04:02:52.792+0000] {taskinstance.py:3131} INFO - Exporting env vars: AIRFLOW_CTX_DAG_OWNER='***' AIRFLOW_CTX_DAG_ID='etl_update_stock_ferrimac' AIRFLOW_CTX_TASK_ID='extract_task_api' AIRFLOW_CTX_EXECUTION_DATE='2024-10-28T22:00:00+00:00' AIRFLOW_CTX_TRY_NUMBER='1' AIRFLOW_CTX_DAG_RUN_ID='scheduled__2024-10-28T22:00:00+00:00'
[2024-10-30T04:02:52.804+0000] {taskinstance.py:731} INFO - ::endgroup::
[2024-10-30T04:02:53.877+0000] {obtain_currency.py:42} INFO - Current dollar rate: 987.759197 ARS
[2024-10-30T04:02:53.878+0000] {obtain_currency.py:47} INFO - Current dollar rate: 987.759197 ARS on 2024-10-30
[2024-10-30T04:02:53.883+0000] {obtain_currency.py:76} INFO - Obtained record: {'date': '2024-10-30', 'price': 987.759197}
[2024-10-30T04:02:53.957+0000] {obtain_currency.py:104} INFO - Record for 2024-10-30 added successfully to data_price.csv.
[2024-10-30T04:02:53.957+0000] {python.py:240} INFO - Done. Returned value was:           date       price
0   2024-09-09  957.763020
1   2024-09-10  957.430504
2   2024-09-11  957.741278
3   2024-09-12  959.995667
4   2024-09-13  958.043112
5   2024-09-14  959.250402
6   2024-09-15  959.249945
7   2024-09-16  960.448297
8   2024-09-17  961.241401
9   2024-09-18  962.250058
10  2024-09-19  962.754297
11  2024-09-20  961.531104
12  2024-09-21  961.359012
13  2024-09-22  962.642198
14  2024-09-23  965.232700
15  2024-09-24  965.262902
16  2024-09-25  968.500099
17  2024-09-26  967.232698
18  2024-09-27  965.466231
19  2024-09-28  965.466231
20  2024-09-29  965.617504
21  2024-09-30  968.767443
22  2024-10-01  969.592296
23  2024-10-02  970.245698
24  2024-10-03  971.736897
25  2024-10-04  975.742773
26  2024-10-05  975.742773
27  2024-10-06  976.734404
28  2024-10-07  974.829898
29  2024-10-08  974.254402
30  2024-10-09  974.741097
31  2024-10-10  974.741098
32  2024-10-11  973.490388
33  2024-10-12  973.490389
34  2024-10-13  973.490390
35  2024-10-14  973.490391
36  2024-10-15  973.490391
37  2024-10-16  980.718400
38  2024-10-17  980.227502
39  2024-10-18  979.924976
40  2024-10-19  979.924976
41  2024-10-20  979.924977
42  2024-10-21  979.924977
43  2024-10-22  979.924978
44  2024-10-23  979.924980
45  2024-10-24  979.924981
46  2024-10-25  987.741168
47  2024-10-26  987.741168
48  2024-10-26  987.741168
49  2024-10-27  987.741168
50  2024-10-28  987.741169
51  2024-10-29  987.759198
52  2024-10-30  987.759197
[2024-10-30T04:02:54.093+0000] {taskinstance.py:340} INFO - ::group::Post task execution logs
[2024-10-30T04:02:54.094+0000] {taskinstance.py:352} INFO - Marking task as SUCCESS. dag_id=etl_update_stock_ferrimac, task_id=extract_task_api, run_id=scheduled__2024-10-28T22:00:00+00:00, execution_date=20241028T220000, start_date=20241030T040252, end_date=20241030T040254
[2024-10-30T04:02:54.121+0000] {local_task_job_runner.py:266} INFO - Task exited with return code 0
[2024-10-30T04:02:54.148+0000] {taskinstance.py:3900} INFO - 1 downstream tasks scheduled from follow-on schedule check
[2024-10-30T04:02:54.151+0000] {local_task_job_runner.py:245} INFO - ::endgroup::
[2024-10-30T11:58:51.340+0000] {local_task_job_runner.py:123} INFO - ::group::Pre task execution logs
[2024-10-30T11:58:51.483+0000] {taskinstance.py:2612} INFO - Dependencies all met for dep_context=non-requeueable deps ti=<TaskInstance: etl_update_stock_ferrimac.extract_task_api scheduled__2024-10-28T22:00:00+00:00 [queued]>
[2024-10-30T11:58:51.528+0000] {taskinstance.py:2612} INFO - Dependencies all met for dep_context=requeueable deps ti=<TaskInstance: etl_update_stock_ferrimac.extract_task_api scheduled__2024-10-28T22:00:00+00:00 [queued]>
[2024-10-30T11:58:51.531+0000] {taskinstance.py:2865} INFO - Starting attempt 1 of 2
[2024-10-30T11:58:51.605+0000] {taskinstance.py:2888} INFO - Executing <Task(PythonOperator): extract_task_api> on 2024-10-28 22:00:00+00:00
[2024-10-30T11:58:51.641+0000] {warnings.py:112} WARNING - /home/***/.local/lib/python3.12/site-packages/***/task/task_runner/standard_task_runner.py:70: DeprecationWarning: This process (pid=135) is multi-threaded, use of fork() may lead to deadlocks in the child.
  pid = os.fork()

[2024-10-30T11:58:51.653+0000] {standard_task_runner.py:72} INFO - Started process 148 to run task
[2024-10-30T11:58:51.662+0000] {standard_task_runner.py:104} INFO - Running: ['***', 'tasks', 'run', 'etl_update_stock_ferrimac', 'extract_task_api', 'scheduled__2024-10-28T22:00:00+00:00', '--job-id', '4', '--raw', '--subdir', 'DAGS_FOLDER/object_dag.py', '--cfg-path', '/tmp/tmpwvz4mnki']
[2024-10-30T11:58:51.726+0000] {standard_task_runner.py:105} INFO - Job 4: Subtask extract_task_api
[2024-10-30T11:58:52.267+0000] {task_command.py:467} INFO - Running <TaskInstance: etl_update_stock_ferrimac.extract_task_api scheduled__2024-10-28T22:00:00+00:00 [running]> on host 0d5052666bc5
[2024-10-30T11:58:52.925+0000] {taskinstance.py:3131} INFO - Exporting env vars: AIRFLOW_CTX_DAG_OWNER='***' AIRFLOW_CTX_DAG_ID='etl_update_stock_ferrimac' AIRFLOW_CTX_TASK_ID='extract_task_api' AIRFLOW_CTX_EXECUTION_DATE='2024-10-28T22:00:00+00:00' AIRFLOW_CTX_TRY_NUMBER='1' AIRFLOW_CTX_DAG_RUN_ID='scheduled__2024-10-28T22:00:00+00:00'
[2024-10-30T11:58:52.946+0000] {taskinstance.py:731} INFO - ::endgroup::
[2024-10-30T11:58:54.836+0000] {obtain_currency.py:42} INFO - Current dollar rate: 987.740901 ARS
[2024-10-30T11:58:54.839+0000] {obtain_currency.py:47} INFO - Current dollar rate: 987.740901 ARS on 2024-10-30
[2024-10-30T11:58:54.877+0000] {obtain_currency.py:76} INFO - Obtained record: {'date': '2024-10-30', 'price': 987.740901}
[2024-10-30T11:58:55.152+0000] {obtain_currency.py:93} WARNING - Record for 2024-10-30 already exists. No new entry added.
[2024-10-30T11:58:55.155+0000] {python.py:240} INFO - Done. Returned value was:           date       price
0   2024-09-09  957.763020
1   2024-09-10  957.430504
2   2024-09-11  957.741278
3   2024-09-12  959.995667
4   2024-09-13  958.043112
5   2024-09-14  959.250402
6   2024-09-15  959.249945
7   2024-09-16  960.448297
8   2024-09-17  961.241401
9   2024-09-18  962.250058
10  2024-09-19  962.754297
11  2024-09-20  961.531104
12  2024-09-21  961.359012
13  2024-09-22  962.642198
14  2024-09-23  965.232700
15  2024-09-24  965.262902
16  2024-09-25  968.500099
17  2024-09-26  967.232698
18  2024-09-27  965.466231
19  2024-09-28  965.466231
20  2024-09-29  965.617504
21  2024-09-30  968.767443
22  2024-10-01  969.592296
23  2024-10-02  970.245698
24  2024-10-03  971.736897
25  2024-10-04  975.742773
26  2024-10-05  975.742773
27  2024-10-06  976.734404
28  2024-10-07  974.829898
29  2024-10-08  974.254402
30  2024-10-09  974.741097
31  2024-10-10  974.741098
32  2024-10-11  973.490388
33  2024-10-12  973.490389
34  2024-10-13  973.490390
35  2024-10-14  973.490391
36  2024-10-15  973.490391
37  2024-10-16  980.718400
38  2024-10-17  980.227502
39  2024-10-18  979.924976
40  2024-10-19  979.924976
41  2024-10-20  979.924977
42  2024-10-21  979.924977
43  2024-10-22  979.924978
44  2024-10-23  979.924980
45  2024-10-24  979.924981
46  2024-10-25  987.741168
47  2024-10-26  987.741168
48  2024-10-26  987.741168
49  2024-10-27  987.741168
50  2024-10-28  987.741169
51  2024-10-29  987.759198
52  2024-10-30  987.759197
[2024-10-30T11:58:55.521+0000] {taskinstance.py:340} INFO - ::group::Post task execution logs
[2024-10-30T11:58:55.523+0000] {taskinstance.py:352} INFO - Marking task as SUCCESS. dag_id=etl_update_stock_ferrimac, task_id=extract_task_api, run_id=scheduled__2024-10-28T22:00:00+00:00, execution_date=20241028T220000, start_date=20241030T115851, end_date=20241030T115855
[2024-10-30T11:58:55.639+0000] {local_task_job_runner.py:266} INFO - Task exited with return code 0
[2024-10-30T11:58:55.833+0000] {taskinstance.py:3900} INFO - 1 downstream tasks scheduled from follow-on schedule check
[2024-10-30T11:58:55.853+0000] {local_task_job_runner.py:245} INFO - ::endgroup::
[2024-10-30T12:48:46.886+0000] {local_task_job_runner.py:123} INFO - ::group::Pre task execution logs
[2024-10-30T12:48:47.192+0000] {taskinstance.py:2612} INFO - Dependencies all met for dep_context=non-requeueable deps ti=<TaskInstance: etl_update_stock_ferrimac.extract_task_api scheduled__2024-10-28T22:00:00+00:00 [queued]>
[2024-10-30T12:48:47.241+0000] {taskinstance.py:2612} INFO - Dependencies all met for dep_context=requeueable deps ti=<TaskInstance: etl_update_stock_ferrimac.extract_task_api scheduled__2024-10-28T22:00:00+00:00 [queued]>
[2024-10-30T12:48:47.242+0000] {taskinstance.py:2865} INFO - Starting attempt 1 of 2
[2024-10-30T12:48:47.492+0000] {taskinstance.py:2888} INFO - Executing <Task(PythonOperator): extract_task_api> on 2024-10-28 22:00:00+00:00
[2024-10-30T12:48:47.609+0000] {warnings.py:112} WARNING - /home/***/.local/lib/python3.12/site-packages/***/task/task_runner/standard_task_runner.py:70: DeprecationWarning: This process (pid=131) is multi-threaded, use of fork() may lead to deadlocks in the child.
  pid = os.fork()

[2024-10-30T12:48:47.690+0000] {standard_task_runner.py:72} INFO - Started process 154 to run task
[2024-10-30T12:48:47.794+0000] {standard_task_runner.py:104} INFO - Running: ['***', 'tasks', 'run', 'etl_update_stock_ferrimac', 'extract_task_api', 'scheduled__2024-10-28T22:00:00+00:00', '--job-id', '7', '--raw', '--subdir', 'DAGS_FOLDER/object_dag.py', '--cfg-path', '/tmp/tmp5m0b891d']
[2024-10-30T12:48:48.459+0000] {standard_task_runner.py:105} INFO - Job 7: Subtask extract_task_api
[2024-10-30T12:48:52.963+0000] {task_command.py:467} INFO - Running <TaskInstance: etl_update_stock_ferrimac.extract_task_api scheduled__2024-10-28T22:00:00+00:00 [running]> on host 1e26175021c2
[2024-10-30T12:48:54.531+0000] {taskinstance.py:3131} INFO - Exporting env vars: AIRFLOW_CTX_DAG_OWNER='***' AIRFLOW_CTX_DAG_ID='etl_update_stock_ferrimac' AIRFLOW_CTX_TASK_ID='extract_task_api' AIRFLOW_CTX_EXECUTION_DATE='2024-10-28T22:00:00+00:00' AIRFLOW_CTX_TRY_NUMBER='1' AIRFLOW_CTX_DAG_RUN_ID='scheduled__2024-10-28T22:00:00+00:00'
[2024-10-30T12:48:54.543+0000] {taskinstance.py:731} INFO - ::endgroup::
[2024-10-30T12:48:55.788+0000] {obtain_currency.py:42} INFO - Current dollar rate: 987.754603 ARS
[2024-10-30T12:48:55.791+0000] {obtain_currency.py:47} INFO - Current dollar rate: 987.754603 ARS on 2024-10-30
[2024-10-30T12:48:55.818+0000] {obtain_currency.py:76} INFO - Obtained record: {'date': '2024-10-30', 'price': 987.754603}
[2024-10-30T12:48:55.908+0000] {obtain_currency.py:93} WARNING - Record for 2024-10-30 already exists. No new entry added.
[2024-10-30T12:48:55.910+0000] {python.py:240} INFO - Done. Returned value was:           date       price
0   2024-09-09  957.763020
1   2024-09-10  957.430504
2   2024-09-11  957.741278
3   2024-09-12  959.995667
4   2024-09-13  958.043112
5   2024-09-14  959.250402
6   2024-09-15  959.249945
7   2024-09-16  960.448297
8   2024-09-17  961.241401
9   2024-09-18  962.250058
10  2024-09-19  962.754297
11  2024-09-20  961.531104
12  2024-09-21  961.359012
13  2024-09-22  962.642198
14  2024-09-23  965.232700
15  2024-09-24  965.262902
16  2024-09-25  968.500099
17  2024-09-26  967.232698
18  2024-09-27  965.466231
19  2024-09-28  965.466231
20  2024-09-29  965.617504
21  2024-09-30  968.767443
22  2024-10-01  969.592296
23  2024-10-02  970.245698
24  2024-10-03  971.736897
25  2024-10-04  975.742773
26  2024-10-05  975.742773
27  2024-10-06  976.734404
28  2024-10-07  974.829898
29  2024-10-08  974.254402
30  2024-10-09  974.741097
31  2024-10-10  974.741098
32  2024-10-11  973.490388
33  2024-10-12  973.490389
34  2024-10-13  973.490390
35  2024-10-14  973.490391
36  2024-10-15  973.490391
37  2024-10-16  980.718400
38  2024-10-17  980.227502
39  2024-10-18  979.924976
40  2024-10-19  979.924976
41  2024-10-20  979.924977
42  2024-10-21  979.924977
43  2024-10-22  979.924978
44  2024-10-23  979.924980
45  2024-10-24  979.924981
46  2024-10-25  987.741168
47  2024-10-26  987.741168
48  2024-10-26  987.741168
49  2024-10-27  987.741168
50  2024-10-28  987.741169
51  2024-10-29  987.759198
52  2024-10-30  987.759197
[2024-10-30T12:48:56.575+0000] {taskinstance.py:340} INFO - ::group::Post task execution logs
[2024-10-30T12:48:56.578+0000] {taskinstance.py:352} INFO - Marking task as SUCCESS. dag_id=etl_update_stock_ferrimac, task_id=extract_task_api, run_id=scheduled__2024-10-28T22:00:00+00:00, execution_date=20241028T220000, start_date=20241030T124847, end_date=20241030T124856
[2024-10-30T12:48:56.761+0000] {local_task_job_runner.py:266} INFO - Task exited with return code 0
[2024-10-30T12:48:56.973+0000] {taskinstance.py:3900} INFO - 1 downstream tasks scheduled from follow-on schedule check
[2024-10-30T12:48:56.986+0000] {local_task_job_runner.py:245} INFO - ::endgroup::
[2024-10-30T15:31:53.379+0000] {local_task_job_runner.py:123} INFO - ::group::Pre task execution logs
[2024-10-30T15:31:58.750+0000] {taskinstance.py:2612} INFO - Dependencies all met for dep_context=non-requeueable deps ti=<TaskInstance: etl_update_stock_ferrimac.extract_task_api scheduled__2024-10-28T22:00:00+00:00 [queued]>
[2024-10-30T15:31:58.836+0000] {taskinstance.py:2612} INFO - Dependencies all met for dep_context=requeueable deps ti=<TaskInstance: etl_update_stock_ferrimac.extract_task_api scheduled__2024-10-28T22:00:00+00:00 [queued]>
[2024-10-30T15:31:58.839+0000] {taskinstance.py:2865} INFO - Starting attempt 1 of 2
[2024-10-30T15:31:58.988+0000] {taskinstance.py:2888} INFO - Executing <Task(PythonOperator): extract_task_api> on 2024-10-28 22:00:00+00:00
[2024-10-30T15:31:59.047+0000] {warnings.py:112} WARNING - /home/***/.local/lib/python3.12/site-packages/***/task/task_runner/standard_task_runner.py:70: DeprecationWarning: This process (pid=98) is multi-threaded, use of fork() may lead to deadlocks in the child.
  pid = os.fork()

[2024-10-30T15:31:59.053+0000] {standard_task_runner.py:72} INFO - Started process 111 to run task
[2024-10-30T15:31:59.056+0000] {standard_task_runner.py:104} INFO - Running: ['***', 'tasks', 'run', 'etl_update_stock_ferrimac', 'extract_task_api', 'scheduled__2024-10-28T22:00:00+00:00', '--job-id', '7', '--raw', '--subdir', 'DAGS_FOLDER/object_dag.py', '--cfg-path', '/tmp/tmpeul_t444']
[2024-10-30T15:31:59.068+0000] {standard_task_runner.py:105} INFO - Job 7: Subtask extract_task_api
[2024-10-30T15:31:59.265+0000] {task_command.py:467} INFO - Running <TaskInstance: etl_update_stock_ferrimac.extract_task_api scheduled__2024-10-28T22:00:00+00:00 [running]> on host 822b30b1828a
[2024-10-30T15:31:59.877+0000] {taskinstance.py:3131} INFO - Exporting env vars: AIRFLOW_CTX_DAG_OWNER='***' AIRFLOW_CTX_DAG_ID='etl_update_stock_ferrimac' AIRFLOW_CTX_TASK_ID='extract_task_api' AIRFLOW_CTX_EXECUTION_DATE='2024-10-28T22:00:00+00:00' AIRFLOW_CTX_TRY_NUMBER='1' AIRFLOW_CTX_DAG_RUN_ID='scheduled__2024-10-28T22:00:00+00:00'
[2024-10-30T15:31:59.880+0000] {taskinstance.py:731} INFO - ::endgroup::
[2024-10-30T15:32:06.480+0000] {job.py:229} INFO - Heartbeat recovered after 13.47 seconds
[2024-10-30T15:32:18.531+0000] {obtain_currency.py:42} INFO - Current dollar rate: 989.286471 ARS
[2024-10-30T15:32:18.533+0000] {obtain_currency.py:47} INFO - Current dollar rate: 989.286471 ARS on 2024-10-30
[2024-10-30T15:32:18.536+0000] {obtain_currency.py:76} INFO - Obtained record: {'date': '2024-10-30', 'price': 989.286471}
[2024-10-30T15:32:18.594+0000] {obtain_currency.py:93} WARNING - Record for 2024-10-30 already exists. No new entry added.
[2024-10-30T15:32:18.594+0000] {python.py:240} INFO - Done. Returned value was:           date       price
0   2024-09-09  957.763020
1   2024-09-10  957.430504
2   2024-09-11  957.741278
3   2024-09-12  959.995667
4   2024-09-13  958.043112
5   2024-09-14  959.250402
6   2024-09-15  959.249945
7   2024-09-16  960.448297
8   2024-09-17  961.241401
9   2024-09-18  962.250058
10  2024-09-19  962.754297
11  2024-09-20  961.531104
12  2024-09-21  961.359012
13  2024-09-22  962.642198
14  2024-09-23  965.232700
15  2024-09-24  965.262902
16  2024-09-25  968.500099
17  2024-09-26  967.232698
18  2024-09-27  965.466231
19  2024-09-28  965.466231
20  2024-09-29  965.617504
21  2024-09-30  968.767443
22  2024-10-01  969.592296
23  2024-10-02  970.245698
24  2024-10-03  971.736897
25  2024-10-04  975.742773
26  2024-10-05  975.742773
27  2024-10-06  976.734404
28  2024-10-07  974.829898
29  2024-10-08  974.254402
30  2024-10-09  974.741097
31  2024-10-10  974.741098
32  2024-10-11  973.490388
33  2024-10-12  973.490389
34  2024-10-13  973.490390
35  2024-10-14  973.490391
36  2024-10-15  973.490391
37  2024-10-16  980.718400
38  2024-10-17  980.227502
39  2024-10-18  979.924976
40  2024-10-19  979.924976
41  2024-10-20  979.924977
42  2024-10-21  979.924977
43  2024-10-22  979.924978
44  2024-10-23  979.924980
45  2024-10-24  979.924981
46  2024-10-25  987.741168
47  2024-10-26  987.741168
48  2024-10-26  987.741168
49  2024-10-27  987.741168
50  2024-10-28  987.741169
51  2024-10-29  987.759198
52  2024-10-30  987.759197
[2024-10-30T15:32:18.753+0000] {taskinstance.py:340} INFO - ::group::Post task execution logs
[2024-10-30T15:32:18.754+0000] {taskinstance.py:352} INFO - Marking task as SUCCESS. dag_id=etl_update_stock_ferrimac, task_id=extract_task_api, run_id=scheduled__2024-10-28T22:00:00+00:00, execution_date=20241028T220000, start_date=20241030T153158, end_date=20241030T153218
[2024-10-30T15:32:18.787+0000] {local_task_job_runner.py:266} INFO - Task exited with return code 0
[2024-10-30T15:32:18.808+0000] {taskinstance.py:3900} INFO - 0 downstream tasks scheduled from follow-on schedule check
[2024-10-30T15:32:18.812+0000] {local_task_job_runner.py:245} INFO - ::endgroup::
[2024-10-30T15:49:33.002+0000] {local_task_job_runner.py:123} INFO - ::group::Pre task execution logs
[2024-10-30T15:49:33.110+0000] {taskinstance.py:2612} INFO - Dependencies all met for dep_context=non-requeueable deps ti=<TaskInstance: etl_update_stock_ferrimac.extract_task_api scheduled__2024-10-28T22:00:00+00:00 [queued]>
[2024-10-30T15:49:33.206+0000] {taskinstance.py:2612} INFO - Dependencies all met for dep_context=requeueable deps ti=<TaskInstance: etl_update_stock_ferrimac.extract_task_api scheduled__2024-10-28T22:00:00+00:00 [queued]>
[2024-10-30T15:49:33.220+0000] {taskinstance.py:2865} INFO - Starting attempt 1 of 2
[2024-10-30T15:49:33.306+0000] {taskinstance.py:2888} INFO - Executing <Task(PythonOperator): extract_task_api> on 2024-10-28 22:00:00+00:00
[2024-10-30T15:49:33.355+0000] {warnings.py:112} WARNING - /home/***/.local/lib/python3.12/site-packages/***/task/task_runner/standard_task_runner.py:70: DeprecationWarning: This process (pid=79) is multi-threaded, use of fork() may lead to deadlocks in the child.
  pid = os.fork()

[2024-10-30T15:49:33.386+0000] {standard_task_runner.py:72} INFO - Started process 104 to run task
[2024-10-30T15:49:33.443+0000] {standard_task_runner.py:104} INFO - Running: ['***', 'tasks', 'run', 'etl_update_stock_ferrimac', 'extract_task_api', 'scheduled__2024-10-28T22:00:00+00:00', '--job-id', '7', '--raw', '--subdir', 'DAGS_FOLDER/object_dag.py', '--cfg-path', '/tmp/tmpsb_zul5h']
[2024-10-30T15:49:33.515+0000] {standard_task_runner.py:105} INFO - Job 7: Subtask extract_task_api
[2024-10-30T15:49:34.200+0000] {task_command.py:467} INFO - Running <TaskInstance: etl_update_stock_ferrimac.extract_task_api scheduled__2024-10-28T22:00:00+00:00 [running]> on host 325f5d91bf4d
[2024-10-30T15:49:34.667+0000] {taskinstance.py:3131} INFO - Exporting env vars: AIRFLOW_CTX_DAG_OWNER='***' AIRFLOW_CTX_DAG_ID='etl_update_stock_ferrimac' AIRFLOW_CTX_TASK_ID='extract_task_api' AIRFLOW_CTX_EXECUTION_DATE='2024-10-28T22:00:00+00:00' AIRFLOW_CTX_TRY_NUMBER='1' AIRFLOW_CTX_DAG_RUN_ID='scheduled__2024-10-28T22:00:00+00:00'
[2024-10-30T15:49:34.675+0000] {taskinstance.py:731} INFO - ::endgroup::
[2024-10-30T15:49:35.629+0000] {obtain_currency.py:42} INFO - Current dollar rate: 988.768205 ARS
[2024-10-30T15:49:35.631+0000] {obtain_currency.py:47} INFO - Current dollar rate: 988.768205 ARS on 2024-10-30
[2024-10-30T15:49:35.635+0000] {obtain_currency.py:76} INFO - Obtained record: {'date': '2024-10-30', 'price': 988.768205}
[2024-10-30T15:49:35.682+0000] {obtain_currency.py:93} WARNING - Record for 2024-10-30 already exists. No new entry added.
[2024-10-30T15:49:35.683+0000] {python.py:240} INFO - Done. Returned value was:           date       price
0   2024-09-09  957.763020
1   2024-09-10  957.430504
2   2024-09-11  957.741278
3   2024-09-12  959.995667
4   2024-09-13  958.043112
5   2024-09-14  959.250402
6   2024-09-15  959.249945
7   2024-09-16  960.448297
8   2024-09-17  961.241401
9   2024-09-18  962.250058
10  2024-09-19  962.754297
11  2024-09-20  961.531104
12  2024-09-21  961.359012
13  2024-09-22  962.642198
14  2024-09-23  965.232700
15  2024-09-24  965.262902
16  2024-09-25  968.500099
17  2024-09-26  967.232698
18  2024-09-27  965.466231
19  2024-09-28  965.466231
20  2024-09-29  965.617504
21  2024-09-30  968.767443
22  2024-10-01  969.592296
23  2024-10-02  970.245698
24  2024-10-03  971.736897
25  2024-10-04  975.742773
26  2024-10-05  975.742773
27  2024-10-06  976.734404
28  2024-10-07  974.829898
29  2024-10-08  974.254402
30  2024-10-09  974.741097
31  2024-10-10  974.741098
32  2024-10-11  973.490388
33  2024-10-12  973.490389
34  2024-10-13  973.490390
35  2024-10-14  973.490391
36  2024-10-15  973.490391
37  2024-10-16  980.718400
38  2024-10-17  980.227502
39  2024-10-18  979.924976
40  2024-10-19  979.924976
41  2024-10-20  979.924977
42  2024-10-21  979.924977
43  2024-10-22  979.924978
44  2024-10-23  979.924980
45  2024-10-24  979.924981
46  2024-10-25  987.741168
47  2024-10-26  987.741168
48  2024-10-26  987.741168
49  2024-10-27  987.741168
50  2024-10-28  987.741169
51  2024-10-29  987.759198
52  2024-10-30  987.759197
[2024-10-30T15:49:35.949+0000] {taskinstance.py:340} INFO - ::group::Post task execution logs
[2024-10-30T15:49:35.950+0000] {taskinstance.py:352} INFO - Marking task as SUCCESS. dag_id=etl_update_stock_ferrimac, task_id=extract_task_api, run_id=scheduled__2024-10-28T22:00:00+00:00, execution_date=20241028T220000, start_date=20241030T154933, end_date=20241030T154935
[2024-10-30T15:49:36.002+0000] {local_task_job_runner.py:266} INFO - Task exited with return code 0
[2024-10-30T15:49:36.059+0000] {taskinstance.py:3900} INFO - 0 downstream tasks scheduled from follow-on schedule check
[2024-10-30T15:49:36.073+0000] {local_task_job_runner.py:245} INFO - ::endgroup::
[2024-10-30T15:59:51.874+0000] {local_task_job_runner.py:123} INFO - ::group::Pre task execution logs
[2024-10-30T15:59:52.044+0000] {taskinstance.py:2612} INFO - Dependencies all met for dep_context=non-requeueable deps ti=<TaskInstance: etl_update_stock_ferrimac.extract_task_api scheduled__2024-10-28T22:00:00+00:00 [queued]>
[2024-10-30T15:59:52.123+0000] {taskinstance.py:2612} INFO - Dependencies all met for dep_context=requeueable deps ti=<TaskInstance: etl_update_stock_ferrimac.extract_task_api scheduled__2024-10-28T22:00:00+00:00 [queued]>
[2024-10-30T15:59:52.132+0000] {taskinstance.py:2865} INFO - Starting attempt 1 of 2
[2024-10-30T15:59:52.249+0000] {taskinstance.py:2888} INFO - Executing <Task(PythonOperator): extract_task_api> on 2024-10-28 22:00:00+00:00
[2024-10-30T15:59:52.429+0000] {warnings.py:112} WARNING - /home/***/.local/lib/python3.12/site-packages/***/task/task_runner/standard_task_runner.py:70: DeprecationWarning: This process (pid=77) is multi-threaded, use of fork() may lead to deadlocks in the child.
  pid = os.fork()

[2024-10-30T15:59:52.448+0000] {standard_task_runner.py:72} INFO - Started process 91 to run task
[2024-10-30T15:59:52.471+0000] {standard_task_runner.py:104} INFO - Running: ['***', 'tasks', 'run', 'etl_update_stock_ferrimac', 'extract_task_api', 'scheduled__2024-10-28T22:00:00+00:00', '--job-id', '5', '--raw', '--subdir', 'DAGS_FOLDER/object_dag.py', '--cfg-path', '/tmp/tmpo_j19in8']
[2024-10-30T15:59:52.563+0000] {standard_task_runner.py:105} INFO - Job 5: Subtask extract_task_api
[2024-10-30T15:59:54.556+0000] {task_command.py:467} INFO - Running <TaskInstance: etl_update_stock_ferrimac.extract_task_api scheduled__2024-10-28T22:00:00+00:00 [running]> on host 83fb49d14920
[2024-10-30T15:59:55.282+0000] {taskinstance.py:3131} INFO - Exporting env vars: AIRFLOW_CTX_DAG_OWNER='***' AIRFLOW_CTX_DAG_ID='etl_update_stock_ferrimac' AIRFLOW_CTX_TASK_ID='extract_task_api' AIRFLOW_CTX_EXECUTION_DATE='2024-10-28T22:00:00+00:00' AIRFLOW_CTX_TRY_NUMBER='1' AIRFLOW_CTX_DAG_RUN_ID='scheduled__2024-10-28T22:00:00+00:00'
[2024-10-30T15:59:55.299+0000] {taskinstance.py:731} INFO - ::endgroup::
[2024-10-30T15:59:57.036+0000] {obtain_currency.py:42} INFO - Current dollar rate: 988.736382 ARS
[2024-10-30T15:59:57.039+0000] {obtain_currency.py:47} INFO - Current dollar rate: 988.736382 ARS on 2024-10-30
[2024-10-30T15:59:57.045+0000] {obtain_currency.py:76} INFO - Obtained record: {'date': '2024-10-30', 'price': 988.736382}
[2024-10-30T15:59:57.150+0000] {obtain_currency.py:93} WARNING - Record for 2024-10-30 already exists. No new entry added.
[2024-10-30T15:59:57.157+0000] {python.py:240} INFO - Done. Returned value was:           date       price
0   2024-09-09  957.763020
1   2024-09-10  957.430504
2   2024-09-11  957.741278
3   2024-09-12  959.995667
4   2024-09-13  958.043112
5   2024-09-14  959.250402
6   2024-09-15  959.249945
7   2024-09-16  960.448297
8   2024-09-17  961.241401
9   2024-09-18  962.250058
10  2024-09-19  962.754297
11  2024-09-20  961.531104
12  2024-09-21  961.359012
13  2024-09-22  962.642198
14  2024-09-23  965.232700
15  2024-09-24  965.262902
16  2024-09-25  968.500099
17  2024-09-26  967.232698
18  2024-09-27  965.466231
19  2024-09-28  965.466231
20  2024-09-29  965.617504
21  2024-09-30  968.767443
22  2024-10-01  969.592296
23  2024-10-02  970.245698
24  2024-10-03  971.736897
25  2024-10-04  975.742773
26  2024-10-05  975.742773
27  2024-10-06  976.734404
28  2024-10-07  974.829898
29  2024-10-08  974.254402
30  2024-10-09  974.741097
31  2024-10-10  974.741098
32  2024-10-11  973.490388
33  2024-10-12  973.490389
34  2024-10-13  973.490390
35  2024-10-14  973.490391
36  2024-10-15  973.490391
37  2024-10-16  980.718400
38  2024-10-17  980.227502
39  2024-10-18  979.924976
40  2024-10-19  979.924976
41  2024-10-20  979.924977
42  2024-10-21  979.924977
43  2024-10-22  979.924978
44  2024-10-23  979.924980
45  2024-10-24  979.924981
46  2024-10-25  987.741168
47  2024-10-26  987.741168
48  2024-10-26  987.741168
49  2024-10-27  987.741168
50  2024-10-28  987.741169
51  2024-10-29  987.759198
52  2024-10-30  987.759197
[2024-10-30T15:59:57.604+0000] {taskinstance.py:340} INFO - ::group::Post task execution logs
[2024-10-30T15:59:57.607+0000] {taskinstance.py:352} INFO - Marking task as SUCCESS. dag_id=etl_update_stock_ferrimac, task_id=extract_task_api, run_id=scheduled__2024-10-28T22:00:00+00:00, execution_date=20241028T220000, start_date=20241030T155952, end_date=20241030T155957
[2024-10-30T15:59:57.711+0000] {local_task_job_runner.py:266} INFO - Task exited with return code 0
[2024-10-30T15:59:57.780+0000] {taskinstance.py:3900} INFO - 0 downstream tasks scheduled from follow-on schedule check
[2024-10-30T15:59:57.787+0000] {local_task_job_runner.py:245} INFO - ::endgroup::
[2024-10-30T16:42:00.085+0000] {local_task_job_runner.py:123} INFO - ::group::Pre task execution logs
[2024-10-30T16:42:00.293+0000] {taskinstance.py:2612} INFO - Dependencies all met for dep_context=non-requeueable deps ti=<TaskInstance: etl_update_stock_ferrimac.extract_task_api scheduled__2024-10-28T22:00:00+00:00 [queued]>
[2024-10-30T16:42:00.380+0000] {taskinstance.py:2612} INFO - Dependencies all met for dep_context=requeueable deps ti=<TaskInstance: etl_update_stock_ferrimac.extract_task_api scheduled__2024-10-28T22:00:00+00:00 [queued]>
[2024-10-30T16:42:00.390+0000] {taskinstance.py:2865} INFO - Starting attempt 1 of 2
[2024-10-30T16:42:00.567+0000] {taskinstance.py:2888} INFO - Executing <Task(PythonOperator): extract_task_api> on 2024-10-28 22:00:00+00:00
[2024-10-30T16:42:00.640+0000] {warnings.py:112} WARNING - /home/***/.local/lib/python3.12/site-packages/***/task/task_runner/standard_task_runner.py:70: DeprecationWarning: This process (pid=80) is multi-threaded, use of fork() may lead to deadlocks in the child.
  pid = os.fork()

[2024-10-30T16:42:00.921+0000] {standard_task_runner.py:72} INFO - Started process 97 to run task
[2024-10-30T16:42:00.992+0000] {standard_task_runner.py:104} INFO - Running: ['***', 'tasks', 'run', 'etl_update_stock_ferrimac', 'extract_task_api', 'scheduled__2024-10-28T22:00:00+00:00', '--job-id', '9', '--raw', '--subdir', 'DAGS_FOLDER/object_dag.py', '--cfg-path', '/tmp/tmpoy_nwu8g']
[2024-10-30T16:42:01.116+0000] {standard_task_runner.py:105} INFO - Job 9: Subtask extract_task_api
[2024-10-30T16:42:02.139+0000] {task_command.py:467} INFO - Running <TaskInstance: etl_update_stock_ferrimac.extract_task_api scheduled__2024-10-28T22:00:00+00:00 [running]> on host b789ae629a43
[2024-10-30T16:42:06.377+0000] {taskinstance.py:3131} INFO - Exporting env vars: AIRFLOW_CTX_DAG_OWNER='***' AIRFLOW_CTX_DAG_ID='etl_update_stock_ferrimac' AIRFLOW_CTX_TASK_ID='extract_task_api' AIRFLOW_CTX_EXECUTION_DATE='2024-10-28T22:00:00+00:00' AIRFLOW_CTX_TRY_NUMBER='1' AIRFLOW_CTX_DAG_RUN_ID='scheduled__2024-10-28T22:00:00+00:00'
[2024-10-30T16:42:06.384+0000] {taskinstance.py:731} INFO - ::endgroup::
[2024-10-30T16:43:46.927+0000] {obtain_currency.py:51} ERROR - Error getting price: 524, <!DOCTYPE html>
<!--[if lt IE 7]> <html class="no-js ie6 oldie" lang="en-US"> <![endif]-->
<!--[if IE 7]>    <html class="no-js ie7 oldie" lang="en-US"> <![endif]-->
<!--[if IE 8]>    <html class="no-js ie8 oldie" lang="en-US"> <![endif]-->
<!--[if gt IE 8]><!--> <html class="no-js" lang="en-US"> <!--<![endif]-->
<head>


<title>api.apilayer.com | 524: A timeout occurred</title>
<meta charset="UTF-8" />
<meta http-equiv="Content-Type" content="text/html; charset=UTF-8" />
<meta http-equiv="X-UA-Compatible" content="IE=Edge" />
<meta name="robots" content="noindex, nofollow" />
<meta name="viewport" content="width=device-width,initial-scale=1" />
<link rel="stylesheet" id="cf_styles-css" href="/cdn-cgi/styles/main.css" />


</head>
<body>
<div id="cf-wrapper">
    <div id="cf-error-details" class="p-0">
        <header class="mx-auto pt-10 lg:pt-6 lg:px-8 w-240 lg:w-full mb-8">
            <h1 class="inline-block sm:block sm:mb-2 font-light text-60 lg:text-4xl text-black-dark leading-tight mr-2">
              <span class="inline-block">A timeout occurred</span>
              <span class="code-label">Error code 524</span>
            </h1>
            <div>
               Visit <a href="https://www.cloudflare.com/5xx-error-landing?utm_source=errorcode_524&utm_campaign=api.apilayer.com" target="_blank" rel="noopener noreferrer">cloudflare.com</a> for more information.
            </div>
            <div class="mt-3">2024-10-30 16:43:47 UTC</div>
        </header>
        <div class="my-8 bg-gradient-gray">
            <div class="w-240 lg:w-full mx-auto">
                <div class="clearfix md:px-8">
                  
<div id="cf-browser-status" class=" relative w-1/3 md:w-full py-15 md:p-0 md:py-8 md:text-left md:border-solid md:border-0 md:border-b md:border-gray-400 overflow-hidden float-left md:float-none text-center">
  <div class="relative mb-10 md:m-0">
    
    <span class="cf-icon-browser block md:hidden h-20 bg-center bg-no-repeat"></span>
    <span class="cf-icon-ok w-12 h-12 absolute left-1/2 md:left-auto md:right-0 md:top-0 -ml-6 -bottom-4"></span>
    
  </div>
  <span class="md:block w-full truncate">You</span>
  <h3 class="md:inline-block mt-3 md:mt-0 text-2xl text-gray-600 font-light leading-1.3">
    
    Browser
    
  </h3>
  <span class="leading-1.3 text-2xl text-green-success">Working</span>
</div>

<div id="cf-cloudflare-status" class=" relative w-1/3 md:w-full py-15 md:p-0 md:py-8 md:text-left md:border-solid md:border-0 md:border-b md:border-gray-400 overflow-hidden float-left md:float-none text-center">
  <div class="relative mb-10 md:m-0">
    <a href="https://www.cloudflare.com/5xx-error-landing?utm_source=errorcode_524&utm_campaign=api.apilayer.com" target="_blank" rel="noopener noreferrer">
    <span class="cf-icon-cloud block md:hidden h-20 bg-center bg-no-repeat"></span>
    <span class="cf-icon-ok w-12 h-12 absolute left-1/2 md:left-auto md:right-0 md:top-0 -ml-6 -bottom-4"></span>
    </a>
  </div>
  <span class="md:block w-full truncate">São Paulo</span>
  <h3 class="md:inline-block mt-3 md:mt-0 text-2xl text-gray-600 font-light leading-1.3">
    <a href="https://www.cloudflare.com/5xx-error-landing?utm_source=errorcode_524&utm_campaign=api.apilayer.com" target="_blank" rel="noopener noreferrer">
    Cloudflare
    </a>
  </h3>
  <span class="leading-1.3 text-2xl text-green-success">Working</span>
</div>

<div id="cf-host-status" class="cf-error-source relative w-1/3 md:w-full py-15 md:p-0 md:py-8 md:text-left md:border-solid md:border-0 md:border-b md:border-gray-400 overflow-hidden float-left md:float-none text-center">
  <div class="relative mb-10 md:m-0">
    
    <span class="cf-icon-server block md:hidden h-20 bg-center bg-no-repeat"></span>
    <span class="cf-icon-error w-12 h-12 absolute left-1/2 md:left-auto md:right-0 md:top-0 -ml-6 -bottom-4"></span>
    
  </div>
  <span class="md:block w-full truncate">api.apilayer.com</span>
  <h3 class="md:inline-block mt-3 md:mt-0 text-2xl text-gray-600 font-light leading-1.3">
    
    Host
    
  </h3>
  <span class="leading-1.3 text-2xl text-red-error">Error</span>
</div>

                </div>
            </div>
        </div>

        <div class="w-240 lg:w-full mx-auto mb-8 lg:px-8">
            <div class="clearfix">
                <div class="w-1/2 md:w-full float-left pr-6 md:pb-10 md:pr-0 leading-relaxed">
                    <h2 class="text-3xl font-normal leading-1.3 mb-4">What happened?</h2>
                    <p>The origin web server timed out responding to this request.</p>
                </div>
                <div class="w-1/2 md:w-full float-left leading-relaxed">
                    <h2 class="text-3xl font-normal leading-1.3 mb-4">What can I do?</h2>
                          <h3 class="text-15 font-semibold mb-2">If you're a visitor of this website:</h3>
      <p class="mb-6">Please try again in a few minutes.</p>

      <h3 class="text-15 font-semibold mb-2">If you're the owner of this website:</h3>
      <p><span>The connection to the origin web server was made, but the origin web server timed out before responding. The likely cause is an overloaded background task, database or application, stressing the resources on your web server. To resolve, please work with your hosting provider or web development team to free up resources for your database or overloaded application.</span> <a rel="noopener noreferrer" href="https://support.cloudflare.com/hc/en-us/articles/200171926-Error-524">Additional troubleshooting information here.</a></p>
                </div>
            </div>
        </div>

        <div class="cf-error-footer cf-wrapper w-240 lg:w-full py-10 sm:py-4 sm:px-8 mx-auto text-center sm:text-left border-solid border-0 border-t border-gray-300">
  <p class="text-13">
    <span class="cf-footer-item sm:block sm:mb-1">Cloudflare Ray ID: <strong class="font-semibold">8dacdb51997da421</strong></span>
    <span class="cf-footer-separator sm:hidden">&bull;</span>
    <span id="cf-footer-item-ip" class="cf-footer-item hidden sm:block sm:mb-1">
      Your IP:
      <button type="button" id="cf-footer-ip-reveal" class="cf-footer-ip-reveal-btn">Click to reveal</button>
      <span class="hidden" id="cf-footer-ip">190.188.217.114</span>
      <span class="cf-footer-separator sm:hidden">&bull;</span>
    </span>
    <span class="cf-footer-item sm:block sm:mb-1"><span>Performance &amp; security by</span> <a rel="noopener noreferrer" href="https://www.cloudflare.com/5xx-error-landing?utm_source=errorcode_524&utm_campaign=api.apilayer.com" id="brand_link" target="_blank">Cloudflare</a></span>
    
  </p>
  <script>(function(){function d(){var b=a.getElementById("cf-footer-item-ip"),c=a.getElementById("cf-footer-ip-reveal");b&&"classList"in b&&(b.classList.remove("hidden"),c.addEventListener("click",function(){c.classList.add("hidden");a.getElementById("cf-footer-ip").classList.remove("hidden")}))}var a=document;document.addEventListener&&a.addEventListener("DOMContentLoaded",d)})();</script>
</div><!-- /.error-footer -->


    </div>
</div>
</body>
</html>

[2024-10-30T16:43:46.931+0000] {obtain_currency.py:76} INFO - Obtained record: None
[2024-10-30T16:43:46.947+0000] {obtain_currency.py:88} INFO - Created new file for data_price.csv with columns 'date' and 'price'.
[2024-10-30T16:43:46.948+0000] {taskinstance.py:3310} ERROR - Task failed with exception
Traceback (most recent call last):
  File "/home/airflow/.local/lib/python3.12/site-packages/airflow/models/taskinstance.py", line 767, in _execute_task
    result = _execute_callable(context=context, **execute_callable_kwargs)
             ^^^^^^^^^^^^^^^^^^^^^^^^^^^^^^^^^^^^^^^^^^^^^^^^^^^^^^^^^^^^^
  File "/home/airflow/.local/lib/python3.12/site-packages/airflow/models/taskinstance.py", line 733, in _execute_callable
    return ExecutionCallableRunner(
           ^^^^^^^^^^^^^^^^^^^^^^^^
  File "/home/airflow/.local/lib/python3.12/site-packages/airflow/utils/operator_helpers.py", line 252, in run
    return self.func(*args, **kwargs)
           ^^^^^^^^^^^^^^^^^^^^^^^^^^
  File "/home/airflow/.local/lib/python3.12/site-packages/airflow/models/baseoperator.py", line 406, in wrapper
    return func(self, *args, **kwargs)
           ^^^^^^^^^^^^^^^^^^^^^^^^^^^
  File "/home/airflow/.local/lib/python3.12/site-packages/airflow/operators/python.py", line 238, in execute
    return_value = self.execute_callable()
                   ^^^^^^^^^^^^^^^^^^^^^^^
  File "/home/airflow/.local/lib/python3.12/site-packages/airflow/operators/python.py", line 256, in execute_callable
    return runner.run(*self.op_args, **self.op_kwargs)
           ^^^^^^^^^^^^^^^^^^^^^^^^^^^^^^^^^^^^^^^^^^^
  File "/home/airflow/.local/lib/python3.12/site-packages/airflow/utils/operator_helpers.py", line 252, in run
    return self.func(*args, **kwargs)
           ^^^^^^^^^^^^^^^^^^^^^^^^^^
  File "/opt/airflow/functions_etl/obtain_currency.py", line 92, in append_to_data_price
    if record['date'] in data_prices['date'].values:
       ~~~~~~^^^^^^^^
TypeError: 'NoneType' object is not subscriptable
[2024-10-30T16:43:46.970+0000] {taskinstance.py:1225} INFO - Marking task as UP_FOR_RETRY. dag_id=etl_update_stock_ferrimac, task_id=extract_task_api, run_id=scheduled__2024-10-28T22:00:00+00:00, execution_date=20241028T220000, start_date=20241030T164200, end_date=20241030T164346
[2024-10-30T16:43:46.988+0000] {taskinstance.py:340} INFO - ::group::Post task execution logs
[2024-10-30T16:43:46.989+0000] {standard_task_runner.py:124} ERROR - Failed to execute job 9 for task extract_task_api ('NoneType' object is not subscriptable; 97)
Traceback (most recent call last):
  File "/home/airflow/.local/lib/python3.12/site-packages/airflow/task/task_runner/standard_task_runner.py", line 117, in _start_by_fork
    ret = args.func(args, dag=self.dag)
          ^^^^^^^^^^^^^^^^^^^^^^^^^^^^^
  File "/home/airflow/.local/lib/python3.12/site-packages/airflow/cli/cli_config.py", line 49, in command
    return func(*args, **kwargs)
           ^^^^^^^^^^^^^^^^^^^^^
  File "/home/airflow/.local/lib/python3.12/site-packages/airflow/utils/cli.py", line 115, in wrapper
    return f(*args, **kwargs)
           ^^^^^^^^^^^^^^^^^^
  File "/home/airflow/.local/lib/python3.12/site-packages/airflow/cli/commands/task_command.py", line 483, in task_run
    task_return_code = _run_task_by_selected_method(args, _dag, ti)
                       ^^^^^^^^^^^^^^^^^^^^^^^^^^^^^^^^^^^^^^^^^^^^
  File "/home/airflow/.local/lib/python3.12/site-packages/airflow/cli/commands/task_command.py", line 256, in _run_task_by_selected_method
    return _run_raw_task(args, ti)
           ^^^^^^^^^^^^^^^^^^^^^^^
  File "/home/airflow/.local/lib/python3.12/site-packages/airflow/cli/commands/task_command.py", line 341, in _run_raw_task
    return ti._run_raw_task(
           ^^^^^^^^^^^^^^^^^
  File "/home/airflow/.local/lib/python3.12/site-packages/airflow/utils/session.py", line 97, in wrapper
    return func(*args, session=session, **kwargs)
           ^^^^^^^^^^^^^^^^^^^^^^^^^^^^^^^^^^^^^^
  File "/home/airflow/.local/lib/python3.12/site-packages/airflow/models/taskinstance.py", line 3004, in _run_raw_task
    return _run_raw_task(
           ^^^^^^^^^^^^^^
  File "/home/airflow/.local/lib/python3.12/site-packages/airflow/models/taskinstance.py", line 273, in _run_raw_task
    TaskInstance._execute_task_with_callbacks(
  File "/home/airflow/.local/lib/python3.12/site-packages/airflow/models/taskinstance.py", line 3158, in _execute_task_with_callbacks
    result = self._execute_task(context, task_orig)
             ^^^^^^^^^^^^^^^^^^^^^^^^^^^^^^^^^^^^^^
  File "/home/airflow/.local/lib/python3.12/site-packages/airflow/models/taskinstance.py", line 3182, in _execute_task
    return _execute_task(self, context, task_orig)
           ^^^^^^^^^^^^^^^^^^^^^^^^^^^^^^^^^^^^^^^
  File "/home/airflow/.local/lib/python3.12/site-packages/airflow/models/taskinstance.py", line 767, in _execute_task
    result = _execute_callable(context=context, **execute_callable_kwargs)
             ^^^^^^^^^^^^^^^^^^^^^^^^^^^^^^^^^^^^^^^^^^^^^^^^^^^^^^^^^^^^^
  File "/home/airflow/.local/lib/python3.12/site-packages/airflow/models/taskinstance.py", line 733, in _execute_callable
    return ExecutionCallableRunner(
           ^^^^^^^^^^^^^^^^^^^^^^^^
  File "/home/airflow/.local/lib/python3.12/site-packages/airflow/utils/operator_helpers.py", line 252, in run
    return self.func(*args, **kwargs)
           ^^^^^^^^^^^^^^^^^^^^^^^^^^
  File "/home/airflow/.local/lib/python3.12/site-packages/airflow/models/baseoperator.py", line 406, in wrapper
    return func(self, *args, **kwargs)
           ^^^^^^^^^^^^^^^^^^^^^^^^^^^
  File "/home/airflow/.local/lib/python3.12/site-packages/airflow/operators/python.py", line 238, in execute
    return_value = self.execute_callable()
                   ^^^^^^^^^^^^^^^^^^^^^^^
  File "/home/airflow/.local/lib/python3.12/site-packages/airflow/operators/python.py", line 256, in execute_callable
    return runner.run(*self.op_args, **self.op_kwargs)
           ^^^^^^^^^^^^^^^^^^^^^^^^^^^^^^^^^^^^^^^^^^^
  File "/home/airflow/.local/lib/python3.12/site-packages/airflow/utils/operator_helpers.py", line 252, in run
    return self.func(*args, **kwargs)
           ^^^^^^^^^^^^^^^^^^^^^^^^^^
  File "/opt/airflow/functions_etl/obtain_currency.py", line 92, in append_to_data_price
    if record['date'] in data_prices['date'].values:
       ~~~~~~^^^^^^^^
TypeError: 'NoneType' object is not subscriptable
[2024-10-30T16:43:47.015+0000] {local_task_job_runner.py:266} INFO - Task exited with return code 1
[2024-10-30T16:43:47.038+0000] {taskinstance.py:3900} INFO - 0 downstream tasks scheduled from follow-on schedule check
[2024-10-30T16:43:47.042+0000] {local_task_job_runner.py:245} INFO - ::endgroup::
[2024-10-30T17:19:48.578+0000] {local_task_job_runner.py:123} INFO - ::group::Pre task execution logs
[2024-10-30T17:19:48.720+0000] {taskinstance.py:2612} INFO - Dependencies all met for dep_context=non-requeueable deps ti=<TaskInstance: etl_update_stock_ferrimac.extract_task_api scheduled__2024-10-28T22:00:00+00:00 [queued]>
[2024-10-30T17:19:48.816+0000] {taskinstance.py:2612} INFO - Dependencies all met for dep_context=requeueable deps ti=<TaskInstance: etl_update_stock_ferrimac.extract_task_api scheduled__2024-10-28T22:00:00+00:00 [queued]>
[2024-10-30T17:19:48.844+0000] {taskinstance.py:2865} INFO - Starting attempt 1 of 2
[2024-10-30T17:19:48.992+0000] {taskinstance.py:2888} INFO - Executing <Task(PythonOperator): extract_task_api> on 2024-10-28 22:00:00+00:00
[2024-10-30T17:19:49.076+0000] {warnings.py:112} WARNING - /home/***/.local/lib/python3.12/site-packages/***/task/task_runner/standard_task_runner.py:70: DeprecationWarning: This process (pid=106) is multi-threaded, use of fork() may lead to deadlocks in the child.
  pid = os.fork()

[2024-10-30T17:19:49.146+0000] {standard_task_runner.py:72} INFO - Started process 123 to run task
[2024-10-30T17:19:49.142+0000] {standard_task_runner.py:104} INFO - Running: ['***', 'tasks', 'run', 'etl_update_stock_ferrimac', 'extract_task_api', 'scheduled__2024-10-28T22:00:00+00:00', '--job-id', '7', '--raw', '--subdir', 'DAGS_FOLDER/object_dag.py', '--cfg-path', '/tmp/tmpytmw4151']
[2024-10-30T17:19:49.168+0000] {standard_task_runner.py:105} INFO - Job 7: Subtask extract_task_api
[2024-10-30T17:19:49.690+0000] {task_command.py:467} INFO - Running <TaskInstance: etl_update_stock_ferrimac.extract_task_api scheduled__2024-10-28T22:00:00+00:00 [running]> on host ee74b327ac93
[2024-10-30T17:19:50.475+0000] {taskinstance.py:3131} INFO - Exporting env vars: AIRFLOW_CTX_DAG_OWNER='***' AIRFLOW_CTX_DAG_ID='etl_update_stock_ferrimac' AIRFLOW_CTX_TASK_ID='extract_task_api' AIRFLOW_CTX_EXECUTION_DATE='2024-10-28T22:00:00+00:00' AIRFLOW_CTX_TRY_NUMBER='1' AIRFLOW_CTX_DAG_RUN_ID='scheduled__2024-10-28T22:00:00+00:00'
[2024-10-30T17:19:50.506+0000] {taskinstance.py:731} INFO - ::endgroup::
[2024-10-30T17:19:51.960+0000] {obtain_currency.py:42} INFO - Current dollar rate: 988.986697 ARS
[2024-10-30T17:19:51.961+0000] {obtain_currency.py:47} INFO - Current dollar rate: 988.986697 ARS on 2024-10-30
[2024-10-30T17:19:51.968+0000] {obtain_currency.py:76} INFO - Obtained record: {'date': '2024-10-30', 'price': 988.986697}
[2024-10-30T17:19:52.028+0000] {obtain_currency.py:93} WARNING - Record for 2024-10-30 already exists. No new entry added.
[2024-10-30T17:19:52.029+0000] {python.py:240} INFO - Done. Returned value was:           date       price
0   2024-09-09  957.763020
1   2024-09-10  957.430504
2   2024-09-11  957.741278
3   2024-09-12  959.995667
4   2024-09-13  958.043112
5   2024-09-14  959.250402
6   2024-09-15  959.249945
7   2024-09-16  960.448297
8   2024-09-17  961.241401
9   2024-09-18  962.250058
10  2024-09-19  962.754297
11  2024-09-20  961.531104
12  2024-09-21  961.359012
13  2024-09-22  962.642198
14  2024-09-23  965.232700
15  2024-09-24  965.262902
16  2024-09-25  968.500099
17  2024-09-26  967.232698
18  2024-09-27  965.466231
19  2024-09-28  965.466231
20  2024-09-29  965.617504
21  2024-09-30  968.767443
22  2024-10-01  969.592296
23  2024-10-02  970.245698
24  2024-10-03  971.736897
25  2024-10-04  975.742773
26  2024-10-05  975.742773
27  2024-10-06  976.734404
28  2024-10-07  974.829898
29  2024-10-08  974.254402
30  2024-10-09  974.741097
31  2024-10-10  974.741098
32  2024-10-11  973.490388
33  2024-10-12  973.490389
34  2024-10-13  973.490390
35  2024-10-14  973.490391
36  2024-10-15  973.490391
37  2024-10-16  980.718400
38  2024-10-17  980.227502
39  2024-10-18  979.924976
40  2024-10-19  979.924976
41  2024-10-20  979.924977
42  2024-10-21  979.924977
43  2024-10-22  979.924978
44  2024-10-23  979.924980
45  2024-10-24  979.924981
46  2024-10-25  987.741168
47  2024-10-26  987.741168
48  2024-10-26  987.741168
49  2024-10-27  987.741168
50  2024-10-28  987.741169
51  2024-10-29  987.759198
52  2024-10-30  987.759197
[2024-10-30T17:19:52.476+0000] {taskinstance.py:340} INFO - ::group::Post task execution logs
[2024-10-30T17:19:52.479+0000] {taskinstance.py:352} INFO - Marking task as SUCCESS. dag_id=etl_update_stock_ferrimac, task_id=extract_task_api, run_id=scheduled__2024-10-28T22:00:00+00:00, execution_date=20241028T220000, start_date=20241030T171948, end_date=20241030T171952
[2024-10-30T17:19:52.571+0000] {local_task_job_runner.py:266} INFO - Task exited with return code 0
[2024-10-30T17:19:52.679+0000] {taskinstance.py:3900} INFO - 0 downstream tasks scheduled from follow-on schedule check
[2024-10-30T17:19:52.701+0000] {local_task_job_runner.py:245} INFO - ::endgroup::
[2024-10-30T17:41:02.966+0000] {local_task_job_runner.py:123} INFO - ::group::Pre task execution logs
[2024-10-30T17:41:03.203+0000] {taskinstance.py:2612} INFO - Dependencies all met for dep_context=non-requeueable deps ti=<TaskInstance: etl_update_stock_ferrimac.extract_task_api scheduled__2024-10-28T22:00:00+00:00 [queued]>
[2024-10-30T17:41:03.291+0000] {taskinstance.py:2612} INFO - Dependencies all met for dep_context=requeueable deps ti=<TaskInstance: etl_update_stock_ferrimac.extract_task_api scheduled__2024-10-28T22:00:00+00:00 [queued]>
[2024-10-30T17:41:03.337+0000] {taskinstance.py:2865} INFO - Starting attempt 1 of 2
[2024-10-30T17:41:03.535+0000] {taskinstance.py:2888} INFO - Executing <Task(PythonOperator): extract_task_api> on 2024-10-28 22:00:00+00:00
[2024-10-30T17:41:03.622+0000] {warnings.py:112} WARNING - /home/***/.local/lib/python3.12/site-packages/***/task/task_runner/standard_task_runner.py:70: DeprecationWarning: This process (pid=113) is multi-threaded, use of fork() may lead to deadlocks in the child.
  pid = os.fork()

[2024-10-30T17:41:03.627+0000] {standard_task_runner.py:104} INFO - Running: ['***', 'tasks', 'run', 'etl_update_stock_ferrimac', 'extract_task_api', 'scheduled__2024-10-28T22:00:00+00:00', '--job-id', '7', '--raw', '--subdir', 'DAGS_FOLDER/object_dag.py', '--cfg-path', '/tmp/tmpph6fzscc']
[2024-10-30T17:41:03.642+0000] {standard_task_runner.py:105} INFO - Job 7: Subtask extract_task_api
[2024-10-30T17:41:03.640+0000] {standard_task_runner.py:72} INFO - Started process 130 to run task
[2024-10-30T17:41:03.987+0000] {task_command.py:467} INFO - Running <TaskInstance: etl_update_stock_ferrimac.extract_task_api scheduled__2024-10-28T22:00:00+00:00 [running]> on host 996bd14352fb
[2024-10-30T17:41:04.628+0000] {taskinstance.py:3131} INFO - Exporting env vars: AIRFLOW_CTX_DAG_OWNER='***' AIRFLOW_CTX_DAG_ID='etl_update_stock_ferrimac' AIRFLOW_CTX_TASK_ID='extract_task_api' AIRFLOW_CTX_EXECUTION_DATE='2024-10-28T22:00:00+00:00' AIRFLOW_CTX_TRY_NUMBER='1' AIRFLOW_CTX_DAG_RUN_ID='scheduled__2024-10-28T22:00:00+00:00'
[2024-10-30T17:41:04.649+0000] {taskinstance.py:731} INFO - ::endgroup::
[2024-10-30T17:41:40.485+0000] {obtain_currency.py:42} INFO - Current dollar rate: 988.463403 ARS
[2024-10-30T17:41:40.486+0000] {obtain_currency.py:47} INFO - Current dollar rate: 988.463403 ARS on 2024-10-30
[2024-10-30T17:41:40.495+0000] {obtain_currency.py:76} INFO - Obtained record: {'date': '2024-10-30', 'price': 988.463403}
[2024-10-30T17:41:40.529+0000] {obtain_currency.py:93} WARNING - Record for 2024-10-30 already exists. No new entry added.
[2024-10-30T17:41:40.541+0000] {python.py:240} INFO - Done. Returned value was:           date       price
0   2024-09-09  957.763020
1   2024-09-10  957.430504
2   2024-09-11  957.741278
3   2024-09-12  959.995667
4   2024-09-13  958.043112
5   2024-09-14  959.250402
6   2024-09-15  959.249945
7   2024-09-16  960.448297
8   2024-09-17  961.241401
9   2024-09-18  962.250058
10  2024-09-19  962.754297
11  2024-09-20  961.531104
12  2024-09-21  961.359012
13  2024-09-22  962.642198
14  2024-09-23  965.232700
15  2024-09-24  965.262902
16  2024-09-25  968.500099
17  2024-09-26  967.232698
18  2024-09-27  965.466231
19  2024-09-28  965.466231
20  2024-09-29  965.617504
21  2024-09-30  968.767443
22  2024-10-01  969.592296
23  2024-10-02  970.245698
24  2024-10-03  971.736897
25  2024-10-04  975.742773
26  2024-10-05  975.742773
27  2024-10-06  976.734404
28  2024-10-07  974.829898
29  2024-10-08  974.254402
30  2024-10-09  974.741097
31  2024-10-10  974.741098
32  2024-10-11  973.490388
33  2024-10-12  973.490389
34  2024-10-13  973.490390
35  2024-10-14  973.490391
36  2024-10-15  973.490391
37  2024-10-16  980.718400
38  2024-10-17  980.227502
39  2024-10-18  979.924976
40  2024-10-19  979.924976
41  2024-10-20  979.924977
42  2024-10-21  979.924977
43  2024-10-22  979.924978
44  2024-10-23  979.924980
45  2024-10-24  979.924981
46  2024-10-25  987.741168
47  2024-10-26  987.741168
48  2024-10-26  987.741168
49  2024-10-27  987.741168
50  2024-10-28  987.741169
51  2024-10-29  987.759198
52  2024-10-30  987.759197
[2024-10-30T17:41:40.769+0000] {taskinstance.py:340} INFO - ::group::Post task execution logs
[2024-10-30T17:41:40.771+0000] {taskinstance.py:352} INFO - Marking task as SUCCESS. dag_id=etl_update_stock_ferrimac, task_id=extract_task_api, run_id=scheduled__2024-10-28T22:00:00+00:00, execution_date=20241028T220000, start_date=20241030T174103, end_date=20241030T174140
[2024-10-30T17:41:40.853+0000] {local_task_job_runner.py:266} INFO - Task exited with return code 0
[2024-10-30T17:41:40.949+0000] {taskinstance.py:3900} INFO - 0 downstream tasks scheduled from follow-on schedule check
[2024-10-30T17:41:40.954+0000] {local_task_job_runner.py:245} INFO - ::endgroup::
[2024-10-30T19:17:56.646+0000] {local_task_job_runner.py:123} INFO - ::group::Pre task execution logs
[2024-10-30T19:17:56.748+0000] {taskinstance.py:2612} INFO - Dependencies all met for dep_context=non-requeueable deps ti=<TaskInstance: etl_update_stock_ferrimac.extract_task_api scheduled__2024-10-28T22:00:00+00:00 [queued]>
[2024-10-30T19:17:56.796+0000] {taskinstance.py:2612} INFO - Dependencies all met for dep_context=requeueable deps ti=<TaskInstance: etl_update_stock_ferrimac.extract_task_api scheduled__2024-10-28T22:00:00+00:00 [queued]>
[2024-10-30T19:17:56.799+0000] {taskinstance.py:2865} INFO - Starting attempt 1 of 2
[2024-10-30T19:17:56.900+0000] {taskinstance.py:2888} INFO - Executing <Task(PythonOperator): extract_task_api> on 2024-10-28 22:00:00+00:00
[2024-10-30T19:17:57.002+0000] {warnings.py:112} WARNING - /home/***/.local/lib/python3.12/site-packages/***/task/task_runner/standard_task_runner.py:70: DeprecationWarning: This process (pid=109) is multi-threaded, use of fork() may lead to deadlocks in the child.
  pid = os.fork()

[2024-10-30T19:17:57.012+0000] {standard_task_runner.py:72} INFO - Started process 123 to run task
[2024-10-30T19:17:57.016+0000] {standard_task_runner.py:104} INFO - Running: ['***', 'tasks', 'run', 'etl_update_stock_ferrimac', 'extract_task_api', 'scheduled__2024-10-28T22:00:00+00:00', '--job-id', '3', '--raw', '--subdir', 'DAGS_FOLDER/object_dag.py', '--cfg-path', '/tmp/tmpfif_tgzv']
[2024-10-30T19:17:57.085+0000] {standard_task_runner.py:105} INFO - Job 3: Subtask extract_task_api
[2024-10-30T19:17:57.832+0000] {task_command.py:467} INFO - Running <TaskInstance: etl_update_stock_ferrimac.extract_task_api scheduled__2024-10-28T22:00:00+00:00 [running]> on host 2b65cc0e065c
[2024-10-30T19:17:58.654+0000] {taskinstance.py:3131} INFO - Exporting env vars: AIRFLOW_CTX_DAG_OWNER='***' AIRFLOW_CTX_DAG_ID='etl_update_stock_ferrimac' AIRFLOW_CTX_TASK_ID='extract_task_api' AIRFLOW_CTX_EXECUTION_DATE='2024-10-28T22:00:00+00:00' AIRFLOW_CTX_TRY_NUMBER='1' AIRFLOW_CTX_DAG_RUN_ID='scheduled__2024-10-28T22:00:00+00:00'
[2024-10-30T19:17:58.670+0000] {taskinstance.py:731} INFO - ::endgroup::
[2024-10-30T19:18:24.049+0000] {obtain_currency.py:42} INFO - Current dollar rate: 988.763695 ARS
[2024-10-30T19:18:24.050+0000] {obtain_currency.py:47} INFO - Current dollar rate: 988.763695 ARS on 2024-10-30
[2024-10-30T19:18:24.052+0000] {obtain_currency.py:76} INFO - Obtained record: {'date': '2024-10-30', 'price': 988.763695}
[2024-10-30T19:18:24.087+0000] {obtain_currency.py:93} WARNING - Record for 2024-10-30 already exists. No new entry added.
[2024-10-30T19:18:24.088+0000] {python.py:240} INFO - Done. Returned value was:           date       price
0   2024-09-09  957.763020
1   2024-09-10  957.430504
2   2024-09-11  957.741278
3   2024-09-12  959.995667
4   2024-09-13  958.043112
5   2024-09-14  959.250402
6   2024-09-15  959.249945
7   2024-09-16  960.448297
8   2024-09-17  961.241401
9   2024-09-18  962.250058
10  2024-09-19  962.754297
11  2024-09-20  961.531104
12  2024-09-21  961.359012
13  2024-09-22  962.642198
14  2024-09-23  965.232700
15  2024-09-24  965.262902
16  2024-09-25  968.500099
17  2024-09-26  967.232698
18  2024-09-27  965.466231
19  2024-09-28  965.466231
20  2024-09-29  965.617504
21  2024-09-30  968.767443
22  2024-10-01  969.592296
23  2024-10-02  970.245698
24  2024-10-03  971.736897
25  2024-10-04  975.742773
26  2024-10-05  975.742773
27  2024-10-06  976.734404
28  2024-10-07  974.829898
29  2024-10-08  974.254402
30  2024-10-09  974.741097
31  2024-10-10  974.741098
32  2024-10-11  973.490388
33  2024-10-12  973.490389
34  2024-10-13  973.490390
35  2024-10-14  973.490391
36  2024-10-15  973.490391
37  2024-10-16  980.718400
38  2024-10-17  980.227502
39  2024-10-18  979.924976
40  2024-10-19  979.924976
41  2024-10-20  979.924977
42  2024-10-21  979.924977
43  2024-10-22  979.924978
44  2024-10-23  979.924980
45  2024-10-24  979.924981
46  2024-10-25  987.741168
47  2024-10-26  987.741168
48  2024-10-26  987.741168
49  2024-10-27  987.741168
50  2024-10-28  987.741169
51  2024-10-29  987.759198
52  2024-10-30  987.759197
[2024-10-30T19:18:24.247+0000] {taskinstance.py:340} INFO - ::group::Post task execution logs
[2024-10-30T19:18:24.248+0000] {taskinstance.py:352} INFO - Marking task as SUCCESS. dag_id=etl_update_stock_ferrimac, task_id=extract_task_api, run_id=scheduled__2024-10-28T22:00:00+00:00, execution_date=20241028T220000, start_date=20241030T191756, end_date=20241030T191824
[2024-10-30T19:18:24.304+0000] {local_task_job_runner.py:266} INFO - Task exited with return code 0
[2024-10-30T19:18:24.333+0000] {taskinstance.py:3900} INFO - 0 downstream tasks scheduled from follow-on schedule check
[2024-10-30T19:18:24.347+0000] {local_task_job_runner.py:245} INFO - ::endgroup::
[2024-10-30T20:09:03.319+0000] {local_task_job_runner.py:123} INFO - ::group::Pre task execution logs
[2024-10-30T20:09:03.508+0000] {taskinstance.py:2612} INFO - Dependencies all met for dep_context=non-requeueable deps ti=<TaskInstance: etl_update_stock_ferrimac.extract_task_api scheduled__2024-10-28T22:00:00+00:00 [queued]>
[2024-10-30T20:09:03.594+0000] {taskinstance.py:2612} INFO - Dependencies all met for dep_context=requeueable deps ti=<TaskInstance: etl_update_stock_ferrimac.extract_task_api scheduled__2024-10-28T22:00:00+00:00 [queued]>
[2024-10-30T20:09:03.610+0000] {taskinstance.py:2865} INFO - Starting attempt 1 of 2
[2024-10-30T20:09:03.778+0000] {taskinstance.py:2888} INFO - Executing <Task(PythonOperator): extract_task_api> on 2024-10-28 22:00:00+00:00
[2024-10-30T20:09:03.888+0000] {warnings.py:112} WARNING - /home/***/.local/lib/python3.12/site-packages/***/task/task_runner/standard_task_runner.py:70: DeprecationWarning: This process (pid=86) is multi-threaded, use of fork() may lead to deadlocks in the child.
  pid = os.fork()

[2024-10-30T20:09:03.894+0000] {standard_task_runner.py:104} INFO - Running: ['***', 'tasks', 'run', 'etl_update_stock_ferrimac', 'extract_task_api', 'scheduled__2024-10-28T22:00:00+00:00', '--job-id', '8', '--raw', '--subdir', 'DAGS_FOLDER/object_dag.py', '--cfg-path', '/tmp/tmptvhus0q6']
[2024-10-30T20:09:03.922+0000] {standard_task_runner.py:72} INFO - Started process 113 to run task
[2024-10-30T20:09:03.925+0000] {standard_task_runner.py:105} INFO - Job 8: Subtask extract_task_api
[2024-10-30T20:09:04.337+0000] {task_command.py:467} INFO - Running <TaskInstance: etl_update_stock_ferrimac.extract_task_api scheduled__2024-10-28T22:00:00+00:00 [running]> on host 4a163f5efd4a
[2024-10-30T20:09:04.710+0000] {taskinstance.py:3131} INFO - Exporting env vars: AIRFLOW_CTX_DAG_OWNER='***' AIRFLOW_CTX_DAG_ID='etl_update_stock_ferrimac' AIRFLOW_CTX_TASK_ID='extract_task_api' AIRFLOW_CTX_EXECUTION_DATE='2024-10-28T22:00:00+00:00' AIRFLOW_CTX_TRY_NUMBER='1' AIRFLOW_CTX_DAG_RUN_ID='scheduled__2024-10-28T22:00:00+00:00'
[2024-10-30T20:09:04.713+0000] {taskinstance.py:731} INFO - ::endgroup::
[2024-10-30T20:09:05.498+0000] {obtain_currency.py:42} INFO - Current dollar rate: 988.7501 ARS
[2024-10-30T20:09:05.500+0000] {obtain_currency.py:47} INFO - Current dollar rate: 988.7501 ARS on 2024-10-30
[2024-10-30T20:09:05.506+0000] {obtain_currency.py:76} INFO - Obtained record: {'date': '2024-10-30', 'price': 988.7501}
[2024-10-30T20:09:05.531+0000] {obtain_currency.py:93} WARNING - Record for 2024-10-30 already exists. No new entry added.
[2024-10-30T20:09:05.533+0000] {python.py:240} INFO - Done. Returned value was:           date       price
0   2024-09-09  957.763020
1   2024-09-10  957.430504
2   2024-09-11  957.741278
3   2024-09-12  959.995667
4   2024-09-13  958.043112
5   2024-09-14  959.250402
6   2024-09-15  959.249945
7   2024-09-16  960.448297
8   2024-09-17  961.241401
9   2024-09-18  962.250058
10  2024-09-19  962.754297
11  2024-09-20  961.531104
12  2024-09-21  961.359012
13  2024-09-22  962.642198
14  2024-09-23  965.232700
15  2024-09-24  965.262902
16  2024-09-25  968.500099
17  2024-09-26  967.232698
18  2024-09-27  965.466231
19  2024-09-28  965.466231
20  2024-09-29  965.617504
21  2024-09-30  968.767443
22  2024-10-01  969.592296
23  2024-10-02  970.245698
24  2024-10-03  971.736897
25  2024-10-04  975.742773
26  2024-10-05  975.742773
27  2024-10-06  976.734404
28  2024-10-07  974.829898
29  2024-10-08  974.254402
30  2024-10-09  974.741097
31  2024-10-10  974.741098
32  2024-10-11  973.490388
33  2024-10-12  973.490389
34  2024-10-13  973.490390
35  2024-10-14  973.490391
36  2024-10-15  973.490391
37  2024-10-16  980.718400
38  2024-10-17  980.227502
39  2024-10-18  979.924976
40  2024-10-19  979.924976
41  2024-10-20  979.924977
42  2024-10-21  979.924977
43  2024-10-22  979.924978
44  2024-10-23  979.924980
45  2024-10-24  979.924981
46  2024-10-25  987.741168
47  2024-10-26  987.741168
48  2024-10-26  987.741168
49  2024-10-27  987.741168
50  2024-10-28  987.741169
51  2024-10-29  987.759198
52  2024-10-30  987.759197
[2024-10-30T20:09:05.661+0000] {taskinstance.py:340} INFO - ::group::Post task execution logs
[2024-10-30T20:09:05.663+0000] {taskinstance.py:352} INFO - Marking task as SUCCESS. dag_id=etl_update_stock_ferrimac, task_id=extract_task_api, run_id=scheduled__2024-10-28T22:00:00+00:00, execution_date=20241028T220000, start_date=20241030T200903, end_date=20241030T200905
[2024-10-30T20:09:05.708+0000] {local_task_job_runner.py:266} INFO - Task exited with return code 0
[2024-10-30T20:09:05.747+0000] {taskinstance.py:3900} INFO - 0 downstream tasks scheduled from follow-on schedule check
[2024-10-30T20:09:05.751+0000] {local_task_job_runner.py:245} INFO - ::endgroup::
[2024-10-30T20:22:14.269+0000] {local_task_job_runner.py:123} INFO - ::group::Pre task execution logs
[2024-10-30T20:22:14.457+0000] {taskinstance.py:2612} INFO - Dependencies all met for dep_context=non-requeueable deps ti=<TaskInstance: etl_update_stock_ferrimac.extract_task_api scheduled__2024-10-28T22:00:00+00:00 [queued]>
[2024-10-30T20:22:14.600+0000] {taskinstance.py:2612} INFO - Dependencies all met for dep_context=requeueable deps ti=<TaskInstance: etl_update_stock_ferrimac.extract_task_api scheduled__2024-10-28T22:00:00+00:00 [queued]>
[2024-10-30T20:22:14.637+0000] {taskinstance.py:2865} INFO - Starting attempt 1 of 2
[2024-10-30T20:22:14.833+0000] {taskinstance.py:2888} INFO - Executing <Task(PythonOperator): extract_task_api> on 2024-10-28 22:00:00+00:00
[2024-10-30T20:22:15.071+0000] {warnings.py:112} WARNING - /home/***/.local/lib/python3.12/site-packages/***/task/task_runner/standard_task_runner.py:70: DeprecationWarning: This process (pid=77) is multi-threaded, use of fork() may lead to deadlocks in the child.
  pid = os.fork()

[2024-10-30T20:22:15.080+0000] {standard_task_runner.py:104} INFO - Running: ['***', 'tasks', 'run', 'etl_update_stock_ferrimac', 'extract_task_api', 'scheduled__2024-10-28T22:00:00+00:00', '--job-id', '5', '--raw', '--subdir', 'DAGS_FOLDER/object_dag.py', '--cfg-path', '/tmp/tmpcusfxp7i']
[2024-10-30T20:22:15.109+0000] {standard_task_runner.py:72} INFO - Started process 99 to run task
[2024-10-30T20:22:15.120+0000] {standard_task_runner.py:105} INFO - Job 5: Subtask extract_task_api
[2024-10-30T20:22:15.972+0000] {task_command.py:467} INFO - Running <TaskInstance: etl_update_stock_ferrimac.extract_task_api scheduled__2024-10-28T22:00:00+00:00 [running]> on host 3d662aa9977b
[2024-10-30T20:22:18.082+0000] {taskinstance.py:3131} INFO - Exporting env vars: AIRFLOW_CTX_DAG_OWNER='***' AIRFLOW_CTX_DAG_ID='etl_update_stock_ferrimac' AIRFLOW_CTX_TASK_ID='extract_task_api' AIRFLOW_CTX_EXECUTION_DATE='2024-10-28T22:00:00+00:00' AIRFLOW_CTX_TRY_NUMBER='1' AIRFLOW_CTX_DAG_RUN_ID='scheduled__2024-10-28T22:00:00+00:00'
[2024-10-30T20:22:19.940+0000] {taskinstance.py:731} INFO - ::endgroup::
[2024-10-30T20:22:22.025+0000] {obtain_currency.py:42} INFO - Current dollar rate: 988.636299 ARS
[2024-10-30T20:22:22.078+0000] {obtain_currency.py:47} INFO - Current dollar rate: 988.636299 ARS on 2024-10-30
[2024-10-30T20:22:22.116+0000] {obtain_currency.py:76} INFO - Obtained record: {'date': '2024-10-30', 'price': 988.636299}
[2024-10-30T20:22:22.495+0000] {obtain_currency.py:93} WARNING - Record for 2024-10-30 already exists. No new entry added.
[2024-10-30T20:22:22.501+0000] {python.py:240} INFO - Done. Returned value was:           date       price
0   2024-09-09  957.763020
1   2024-09-10  957.430504
2   2024-09-11  957.741278
3   2024-09-12  959.995667
4   2024-09-13  958.043112
5   2024-09-14  959.250402
6   2024-09-15  959.249945
7   2024-09-16  960.448297
8   2024-09-17  961.241401
9   2024-09-18  962.250058
10  2024-09-19  962.754297
11  2024-09-20  961.531104
12  2024-09-21  961.359012
13  2024-09-22  962.642198
14  2024-09-23  965.232700
15  2024-09-24  965.262902
16  2024-09-25  968.500099
17  2024-09-26  967.232698
18  2024-09-27  965.466231
19  2024-09-28  965.466231
20  2024-09-29  965.617504
21  2024-09-30  968.767443
22  2024-10-01  969.592296
23  2024-10-02  970.245698
24  2024-10-03  971.736897
25  2024-10-04  975.742773
26  2024-10-05  975.742773
27  2024-10-06  976.734404
28  2024-10-07  974.829898
29  2024-10-08  974.254402
30  2024-10-09  974.741097
31  2024-10-10  974.741098
32  2024-10-11  973.490388
33  2024-10-12  973.490389
34  2024-10-13  973.490390
35  2024-10-14  973.490391
36  2024-10-15  973.490391
37  2024-10-16  980.718400
38  2024-10-17  980.227502
39  2024-10-18  979.924976
40  2024-10-19  979.924976
41  2024-10-20  979.924977
42  2024-10-21  979.924977
43  2024-10-22  979.924978
44  2024-10-23  979.924980
45  2024-10-24  979.924981
46  2024-10-25  987.741168
47  2024-10-26  987.741168
48  2024-10-26  987.741168
49  2024-10-27  987.741168
50  2024-10-28  987.741169
51  2024-10-29  987.759198
52  2024-10-30  987.759197
[2024-10-30T20:22:23.824+0000] {taskinstance.py:340} INFO - ::group::Post task execution logs
[2024-10-30T20:22:23.827+0000] {taskinstance.py:352} INFO - Marking task as SUCCESS. dag_id=etl_update_stock_ferrimac, task_id=extract_task_api, run_id=scheduled__2024-10-28T22:00:00+00:00, execution_date=20241028T220000, start_date=20241030T202214, end_date=20241030T202223
[2024-10-30T20:22:24.000+0000] {local_task_job_runner.py:266} INFO - Task exited with return code 0
[2024-10-30T20:22:24.182+0000] {taskinstance.py:3900} INFO - 0 downstream tasks scheduled from follow-on schedule check
[2024-10-30T20:22:24.202+0000] {local_task_job_runner.py:245} INFO - ::endgroup::
[2024-10-30T21:21:36.145+0000] {local_task_job_runner.py:123} INFO - ::group::Pre task execution logs
[2024-10-30T21:21:36.265+0000] {taskinstance.py:2612} INFO - Dependencies all met for dep_context=non-requeueable deps ti=<TaskInstance: etl_update_stock_ferrimac.extract_task_api scheduled__2024-10-28T22:00:00+00:00 [queued]>
[2024-10-30T21:21:36.306+0000] {taskinstance.py:2612} INFO - Dependencies all met for dep_context=requeueable deps ti=<TaskInstance: etl_update_stock_ferrimac.extract_task_api scheduled__2024-10-28T22:00:00+00:00 [queued]>
[2024-10-30T21:21:36.307+0000] {taskinstance.py:2865} INFO - Starting attempt 1 of 2
[2024-10-30T21:21:36.375+0000] {taskinstance.py:2888} INFO - Executing <Task(PythonOperator): extract_task_api> on 2024-10-28 22:00:00+00:00
[2024-10-30T21:21:36.424+0000] {warnings.py:112} WARNING - /home/***/.local/lib/python3.12/site-packages/***/task/task_runner/standard_task_runner.py:70: DeprecationWarning: This process (pid=92) is multi-threaded, use of fork() may lead to deadlocks in the child.
  pid = os.fork()

[2024-10-30T21:21:36.437+0000] {standard_task_runner.py:72} INFO - Started process 103 to run task
[2024-10-30T21:21:36.462+0000] {standard_task_runner.py:104} INFO - Running: ['***', 'tasks', 'run', 'etl_update_stock_ferrimac', 'extract_task_api', 'scheduled__2024-10-28T22:00:00+00:00', '--job-id', '5', '--raw', '--subdir', 'DAGS_FOLDER/object_dag.py', '--cfg-path', '/tmp/tmptf7gnf2u']
[2024-10-30T21:21:36.483+0000] {standard_task_runner.py:105} INFO - Job 5: Subtask extract_task_api
[2024-10-30T21:21:36.921+0000] {task_command.py:467} INFO - Running <TaskInstance: etl_update_stock_ferrimac.extract_task_api scheduled__2024-10-28T22:00:00+00:00 [running]> on host 9424ba7af359
[2024-10-30T21:21:37.304+0000] {taskinstance.py:3131} INFO - Exporting env vars: AIRFLOW_CTX_DAG_OWNER='***' AIRFLOW_CTX_DAG_ID='etl_update_stock_ferrimac' AIRFLOW_CTX_TASK_ID='extract_task_api' AIRFLOW_CTX_EXECUTION_DATE='2024-10-28T22:00:00+00:00' AIRFLOW_CTX_TRY_NUMBER='1' AIRFLOW_CTX_DAG_RUN_ID='scheduled__2024-10-28T22:00:00+00:00'
[2024-10-30T21:21:37.307+0000] {taskinstance.py:731} INFO - ::endgroup::
[2024-10-30T21:21:38.468+0000] {obtain_currency.py:42} INFO - Current dollar rate: 988.3769 ARS
[2024-10-30T21:21:38.470+0000] {obtain_currency.py:47} INFO - Current dollar rate: 988.3769 ARS on 2024-10-30
[2024-10-30T21:21:38.475+0000] {obtain_currency.py:76} INFO - Obtained record: {'date': '2024-10-30', 'price': 988.3769}
[2024-10-30T21:21:38.502+0000] {obtain_currency.py:93} WARNING - Record for 2024-10-30 already exists. No new entry added.
[2024-10-30T21:21:38.503+0000] {python.py:240} INFO - Done. Returned value was:           date       price
0   2024-09-09  957.763020
1   2024-09-10  957.430504
2   2024-09-11  957.741278
3   2024-09-12  959.995667
4   2024-09-13  958.043112
5   2024-09-14  959.250402
6   2024-09-15  959.249945
7   2024-09-16  960.448297
8   2024-09-17  961.241401
9   2024-09-18  962.250058
10  2024-09-19  962.754297
11  2024-09-20  961.531104
12  2024-09-21  961.359012
13  2024-09-22  962.642198
14  2024-09-23  965.232700
15  2024-09-24  965.262902
16  2024-09-25  968.500099
17  2024-09-26  967.232698
18  2024-09-27  965.466231
19  2024-09-28  965.466231
20  2024-09-29  965.617504
21  2024-09-30  968.767443
22  2024-10-01  969.592296
23  2024-10-02  970.245698
24  2024-10-03  971.736897
25  2024-10-04  975.742773
26  2024-10-05  975.742773
27  2024-10-06  976.734404
28  2024-10-07  974.829898
29  2024-10-08  974.254402
30  2024-10-09  974.741097
31  2024-10-10  974.741098
32  2024-10-11  973.490388
33  2024-10-12  973.490389
34  2024-10-13  973.490390
35  2024-10-14  973.490391
36  2024-10-15  973.490391
37  2024-10-16  980.718400
38  2024-10-17  980.227502
39  2024-10-18  979.924976
40  2024-10-19  979.924976
41  2024-10-20  979.924977
42  2024-10-21  979.924977
43  2024-10-22  979.924978
44  2024-10-23  979.924980
45  2024-10-24  979.924981
46  2024-10-25  987.741168
47  2024-10-26  987.741168
48  2024-10-26  987.741168
49  2024-10-27  987.741168
50  2024-10-28  987.741169
51  2024-10-29  987.759198
52  2024-10-30  987.759197
[2024-10-30T21:21:38.661+0000] {taskinstance.py:340} INFO - ::group::Post task execution logs
[2024-10-30T21:21:38.662+0000] {taskinstance.py:352} INFO - Marking task as SUCCESS. dag_id=etl_update_stock_ferrimac, task_id=extract_task_api, run_id=scheduled__2024-10-28T22:00:00+00:00, execution_date=20241028T220000, start_date=20241030T212136, end_date=20241030T212138
[2024-10-30T21:21:38.742+0000] {local_task_job_runner.py:266} INFO - Task exited with return code 0
[2024-10-30T21:21:38.795+0000] {taskinstance.py:3900} INFO - 0 downstream tasks scheduled from follow-on schedule check
[2024-10-30T21:21:38.800+0000] {local_task_job_runner.py:245} INFO - ::endgroup::
