[2024-10-17T17:47:57.571+0000] {local_task_job_runner.py:123} INFO - ::group::Pre task execution logs
[2024-10-17T17:47:57.667+0000] {taskinstance.py:2612} INFO - Dependencies all met for dep_context=non-requeueable deps ti=<TaskInstance: etl_update_stock_ferrimac.extract_data_purchases_directory manual__2024-10-17T17:42:35.125960+00:00 [queued]>
[2024-10-17T17:47:57.720+0000] {taskinstance.py:2612} INFO - Dependencies all met for dep_context=requeueable deps ti=<TaskInstance: etl_update_stock_ferrimac.extract_data_purchases_directory manual__2024-10-17T17:42:35.125960+00:00 [queued]>
[2024-10-17T17:47:57.728+0000] {taskinstance.py:2865} INFO - Starting attempt 2 of 2
[2024-10-17T17:47:57.823+0000] {taskinstance.py:2888} INFO - Executing <Task(PythonOperator): extract_data_purchases_directory> on 2024-10-17 17:42:35.125960+00:00
[2024-10-17T17:47:57.860+0000] {warnings.py:112} WARNING - /home/***/.local/lib/python3.12/site-packages/***/task/task_runner/standard_task_runner.py:70: DeprecationWarning: This process (pid=296) is multi-threaded, use of fork() may lead to deadlocks in the child.
  pid = os.fork()

[2024-10-17T17:47:57.869+0000] {standard_task_runner.py:72} INFO - Started process 298 to run task
[2024-10-17T17:47:57.866+0000] {standard_task_runner.py:104} INFO - Running: ['***', 'tasks', 'run', 'etl_update_stock_ferrimac', 'extract_data_purchases_directory', 'manual__2024-10-17T17:42:35.125960+00:00', '--job-id', '26', '--raw', '--subdir', 'DAGS_FOLDER/object_dag.py', '--cfg-path', '/tmp/tmpc8xm36w7']
[2024-10-17T17:47:57.877+0000] {standard_task_runner.py:105} INFO - Job 26: Subtask extract_data_purchases_directory
[2024-10-17T17:47:58.177+0000] {task_command.py:467} INFO - Running <TaskInstance: etl_update_stock_ferrimac.extract_data_purchases_directory manual__2024-10-17T17:42:35.125960+00:00 [running]> on host 1652cc614667
[2024-10-17T17:47:58.567+0000] {taskinstance.py:3131} INFO - Exporting env vars: AIRFLOW_CTX_DAG_OWNER='***' AIRFLOW_CTX_DAG_ID='etl_update_stock_ferrimac' AIRFLOW_CTX_TASK_ID='extract_data_purchases_directory' AIRFLOW_CTX_EXECUTION_DATE='2024-10-17T17:42:35.125960+00:00' AIRFLOW_CTX_TRY_NUMBER='2' AIRFLOW_CTX_DAG_RUN_ID='manual__2024-10-17T17:42:35.125960+00:00'
[2024-10-17T17:47:58.570+0000] {taskinstance.py:731} INFO - ::endgroup::
[2024-10-17T17:47:59.603+0000] {logging_mixin.py:190} INFO - File 'compras_stock.xlsx' moved to stock folder correctly.
[2024-10-17T17:47:59.605+0000] {python.py:240} INFO - Done. Returned value was: None
[2024-10-17T17:47:59.633+0000] {taskinstance.py:340} INFO - ::group::Post task execution logs
[2024-10-17T17:47:59.635+0000] {taskinstance.py:352} INFO - Marking task as SUCCESS. dag_id=etl_update_stock_ferrimac, task_id=extract_data_purchases_directory, run_id=manual__2024-10-17T17:42:35.125960+00:00, execution_date=20241017T174235, start_date=20241017T174757, end_date=20241017T174759
[2024-10-17T17:47:59.731+0000] {local_task_job_runner.py:266} INFO - Task exited with return code 0
[2024-10-17T17:47:59.813+0000] {taskinstance.py:3900} INFO - 1 downstream tasks scheduled from follow-on schedule check
[2024-10-17T17:47:59.825+0000] {local_task_job_runner.py:245} INFO - ::endgroup::
